ARM GAS  C:\Users\aditi\AppData\Local\Temp\ccrtScUp.s 			page 1


   1              		.syntax unified
   2              		.cpu cortex-m3
   3              		.fpu softvfp
   4              		.eabi_attribute 20, 1
   5              		.eabi_attribute 21, 1
   6              		.eabi_attribute 23, 3
   7              		.eabi_attribute 24, 1
   8              		.eabi_attribute 25, 1
   9              		.eabi_attribute 26, 1
  10              		.eabi_attribute 30, 1
  11              		.eabi_attribute 34, 1
  12              		.eabi_attribute 18, 4
  13              		.thumb
  14              		.syntax unified
  15              		.file	"cymetadata.c"
  16              		.text
  17              	.Ltext0:
  18              		.cfi_sections	.debug_frame
  19              		.global	cy_metadata
  20              		.global	cy_meta_flashprotect
  21              		.global	cy_meta_wonvl
  22              		.global	cy_meta_custnvl
  23              		.global	cy_meta_configecc
  24              		.section	.cyconfigecc,"a",%progbits
  25              		.align	2
  26              		.type	cy_meta_configecc, %object
  27              		.size	cy_meta_configecc, 1172
  28              	cy_meta_configecc:
  29 0000 01       		.byte	1
  30 0001 52       		.byte	82
  31 0002 00       		.byte	0
  32 0003 40       		.byte	64
  33 0004 01       		.byte	1
  34 0005 5B       		.byte	91
  35 0006 00       		.byte	0
  36 0007 40       		.byte	64
  37 0008 01       		.byte	1
  38 0009 64       		.byte	100
  39 000a 00       		.byte	0
  40 000b 40       		.byte	64
  41 000c 03       		.byte	3
  42 000d 65       		.byte	101
  43 000e 00       		.byte	0
  44 000f 40       		.byte	64
  45 0010 01       		.byte	1
  46 0011 07       		.byte	7
  47 0012 01       		.byte	1
  48 0013 40       		.byte	64
  49 0014 50       		.byte	80
  50 0015 08       		.byte	8
  51 0016 01       		.byte	1
  52 0017 40       		.byte	64
  53 0018 34       		.byte	52
  54 0019 09       		.byte	9
  55 001a 01       		.byte	1
  56 001b 40       		.byte	64
  57 001c 02       		.byte	2
ARM GAS  C:\Users\aditi\AppData\Local\Temp\ccrtScUp.s 			page 2


  58 001d 0B       		.byte	11
  59 001e 01       		.byte	1
  60 001f 40       		.byte	64
  61 0020 01       		.byte	1
  62 0021 15       		.byte	21
  63 0022 01       		.byte	1
  64 0023 40       		.byte	64
  65 0024 58       		.byte	88
  66 0025 18       		.byte	24
  67 0026 01       		.byte	1
  68 0027 40       		.byte	64
  69 0028 4A       		.byte	74
  70 0029 19       		.byte	25
  71 002a 01       		.byte	1
  72 002b 40       		.byte	64
  73 002c 5A       		.byte	90
  74 002d 1A       		.byte	26
  75 002e 01       		.byte	1
  76 002f 40       		.byte	64
  77 0030 4E       		.byte	78
  78 0031 1B       		.byte	27
  79 0032 01       		.byte	1
  80 0033 40       		.byte	64
  81 0034 03       		.byte	3
  82 0035 40       		.byte	64
  83 0036 01       		.byte	1
  84 0037 40       		.byte	64
  85 0038 02       		.byte	2
  86 0039 41       		.byte	65
  87 003a 01       		.byte	1
  88 003b 40       		.byte	64
  89 003c 02       		.byte	2
  90 003d 42       		.byte	66
  91 003e 01       		.byte	1
  92 003f 40       		.byte	64
  93 0040 03       		.byte	3
  94 0041 43       		.byte	67
  95 0042 01       		.byte	1
  96 0043 40       		.byte	64
  97 0044 02       		.byte	2
  98 0045 45       		.byte	69
  99 0046 01       		.byte	1
 100 0047 40       		.byte	64
 101 0048 04       		.byte	4
 102 0049 46       		.byte	70
 103 004a 01       		.byte	1
 104 004b 40       		.byte	64
 105 004c 01       		.byte	1
 106 004d 47       		.byte	71
 107 004e 01       		.byte	1
 108 004f 40       		.byte	64
 109 0050 01       		.byte	1
 110 0051 48       		.byte	72
 111 0052 01       		.byte	1
 112 0053 40       		.byte	64
 113 0054 02       		.byte	2
 114 0055 49       		.byte	73
ARM GAS  C:\Users\aditi\AppData\Local\Temp\ccrtScUp.s 			page 3


 115 0056 01       		.byte	1
 116 0057 40       		.byte	64
 117 0058 02       		.byte	2
 118 0059 4C       		.byte	76
 119 005a 01       		.byte	1
 120 005b 40       		.byte	64
 121 005c 08       		.byte	8
 122 005d 4D       		.byte	77
 123 005e 01       		.byte	1
 124 005f 40       		.byte	64
 125 0060 04       		.byte	4
 126 0061 50       		.byte	80
 127 0062 01       		.byte	1
 128 0063 40       		.byte	64
 129 0064 01       		.byte	1
 130 0065 51       		.byte	81
 131 0066 01       		.byte	1
 132 0067 40       		.byte	64
 133 0068 11       		.byte	17
 134 0069 10       		.byte	16
 135 006a 27       		.byte	39
 136 006b 21       		.byte	33
 137 006c 89       		.byte	-119
 138 006d 72       		.byte	114
 139 006e 89       		.byte	-119
 140 006f 0D       		.byte	13
 141 0070 8A       		.byte	-118
 142 0071 38       		.byte	56
 143 0072 8B       		.byte	-117
 144 0073 0F       		.byte	15
 145 0074 EE       		.byte	-18
 146 0075 04       		.byte	4
 147 0076 03       		.byte	3
 148 0077 08       		.byte	8
 149 0078 05       		.byte	5
 150 0079 AC       		.byte	-84
 151 007a 06       		.byte	6
 152 007b 01       		.byte	1
 153 007c 07       		.byte	7
 154 007d 43       		.byte	67
 155 007e 09       		.byte	9
 156 007f 31       		.byte	49
 157 0080 0B       		.byte	11
 158 0081 4E       		.byte	78
 159 0082 13       		.byte	19
 160 0083 8C       		.byte	-116
 161 0084 15       		.byte	21
 162 0085 31       		.byte	49
 163 0086 17       		.byte	23
 164 0087 C6       		.byte	-58
 165 0088 19       		.byte	25
 166 0089 30       		.byte	48
 167 008a 1B       		.byte	27
 168 008b 40       		.byte	64
 169 008c 1F       		.byte	31
 170 008d 53       		.byte	83
 171 008e 32       		.byte	50
ARM GAS  C:\Users\aditi\AppData\Local\Temp\ccrtScUp.s 			page 4


 172 008f 01       		.byte	1
 173 0090 33       		.byte	51
 174 0091 0F       		.byte	15
 175 0092 35       		.byte	53
 176 0093 F0       		.byte	-16
 177 0094 3B       		.byte	59
 178 0095 28       		.byte	40
 179 0096 40       		.byte	64
 180 0097 24       		.byte	36
 181 0098 41       		.byte	65
 182 0099 06       		.byte	6
 183 009a 45       		.byte	69
 184 009b 0C       		.byte	12
 185 009c 46       		.byte	70
 186 009d B0       		.byte	-80
 187 009e 47       		.byte	71
 188 009f E0       		.byte	-32
 189 00a0 48       		.byte	72
 190 00a1 29       		.byte	41
 191 00a2 49       		.byte	73
 192 00a3 FF       		.byte	-1
 193 00a4 4A       		.byte	74
 194 00a5 FF       		.byte	-1
 195 00a6 4B       		.byte	75
 196 00a7 FF       		.byte	-1
 197 00a8 4E       		.byte	78
 198 00a9 F0       		.byte	-16
 199 00aa 4F       		.byte	79
 200 00ab 44       		.byte	68
 201 00ac 50       		.byte	80
 202 00ad 0C       		.byte	12
 203 00ae 58       		.byte	88
 204 00af 04       		.byte	4
 205 00b0 59       		.byte	89
 206 00b1 04       		.byte	4
 207 00b2 5A       		.byte	90
 208 00b3 04       		.byte	4
 209 00b4 5C       		.byte	92
 210 00b5 10       		.byte	16
 211 00b6 5D       		.byte	93
 212 00b7 01       		.byte	1
 213 00b8 5F       		.byte	95
 214 00b9 01       		.byte	1
 215 00ba 66       		.byte	102
 216 00bb C0       		.byte	-64
 217 00bc 6A       		.byte	106
 218 00bd 40       		.byte	64
 219 00be 6B       		.byte	107
 220 00bf 02       		.byte	2
 221 00c0 81       		.byte	-127
 222 00c1 10       		.byte	16
 223 00c2 84       		.byte	-124
 224 00c3 07       		.byte	7
 225 00c4 85       		.byte	-123
 226 00c5 18       		.byte	24
 227 00c6 86       		.byte	-122
 228 00c7 18       		.byte	24
ARM GAS  C:\Users\aditi\AppData\Local\Temp\ccrtScUp.s 			page 5


 229 00c8 88       		.byte	-120
 230 00c9 19       		.byte	25
 231 00ca 89       		.byte	-119
 232 00cb 08       		.byte	8
 233 00cc 8A       		.byte	-118
 234 00cd 06       		.byte	6
 235 00ce 8F       		.byte	-113
 236 00cf 04       		.byte	4
 237 00d0 94       		.byte	-108
 238 00d1 19       		.byte	25
 239 00d2 95       		.byte	-107
 240 00d3 3C       		.byte	60
 241 00d4 96       		.byte	-106
 242 00d5 06       		.byte	6
 243 00d6 97       		.byte	-105
 244 00d7 02       		.byte	2
 245 00d8 9A       		.byte	-102
 246 00d9 04       		.byte	4
 247 00da 9B       		.byte	-101
 248 00db 23       		.byte	35
 249 00dc 9C       		.byte	-100
 250 00dd 1F       		.byte	31
 251 00de 9D       		.byte	-99
 252 00df 04       		.byte	4
 253 00e0 9F       		.byte	-97
 254 00e1 40       		.byte	64
 255 00e2 A0       		.byte	-96
 256 00e3 10       		.byte	16
 257 00e4 A1       		.byte	-95
 258 00e5 3F       		.byte	63
 259 00e6 A4       		.byte	-92
 260 00e7 08       		.byte	8
 261 00e8 A8       		.byte	-88
 262 00e9 18       		.byte	24
 263 00ea A9       		.byte	-87
 264 00eb 1C       		.byte	28
 265 00ec AB       		.byte	-85
 266 00ed 21       		.byte	33
 267 00ee AD       		.byte	-83
 268 00ef 27       		.byte	39
 269 00f0 AF       		.byte	-81
 270 00f1 18       		.byte	24
 271 00f2 B0       		.byte	-80
 272 00f3 01       		.byte	1
 273 00f4 B1       		.byte	-79
 274 00f5 40       		.byte	64
 275 00f6 B2       		.byte	-78
 276 00f7 02       		.byte	2
 277 00f8 B3       		.byte	-77
 278 00f9 1F       		.byte	31
 279 00fa B4       		.byte	-76
 280 00fb 1C       		.byte	28
 281 00fc B7       		.byte	-73
 282 00fd 38       		.byte	56
 283 00fe B8       		.byte	-72
 284 00ff 08       		.byte	8
 285 0100 BA       		.byte	-70
ARM GAS  C:\Users\aditi\AppData\Local\Temp\ccrtScUp.s 			page 6


 286 0101 A0       		.byte	-96
 287 0102 BB       		.byte	-69
 288 0103 08       		.byte	8
 289 0104 BE       		.byte	-66
 290 0105 01       		.byte	1
 291 0106 D6       		.byte	-42
 292 0107 02       		.byte	2
 293 0108 D7       		.byte	-41
 294 0109 13       		.byte	19
 295 010a D8       		.byte	-40
 296 010b 04       		.byte	4
 297 010c D9       		.byte	-39
 298 010d 04       		.byte	4
 299 010e DB       		.byte	-37
 300 010f 04       		.byte	4
 301 0110 DC       		.byte	-36
 302 0111 11       		.byte	17
 303 0112 DD       		.byte	-35
 304 0113 10       		.byte	16
 305 0114 DF       		.byte	-33
 306 0115 01       		.byte	1
 307 0116 00       		.byte	0
 308 0117 04       		.byte	4
 309 0118 01       		.byte	1
 310 0119 20       		.byte	32
 311 011a 05       		.byte	5
 312 011b 04       		.byte	4
 313 011c 08       		.byte	8
 314 011d 80       		.byte	-128
 315 011e 09       		.byte	9
 316 011f 28       		.byte	40
 317 0120 0A       		.byte	10
 318 0121 01       		.byte	1
 319 0122 10       		.byte	16
 320 0123 A0       		.byte	-96
 321 0124 13       		.byte	19
 322 0125 20       		.byte	32
 323 0126 19       		.byte	25
 324 0127 21       		.byte	33
 325 0128 1A       		.byte	26
 326 0129 01       		.byte	1
 327 012a 1B       		.byte	27
 328 012b 08       		.byte	8
 329 012c 1F       		.byte	31
 330 012d 04       		.byte	4
 331 012e 20       		.byte	32
 332 012f 40       		.byte	64
 333 0130 21       		.byte	33
 334 0131 08       		.byte	8
 335 0132 22       		.byte	34
 336 0133 80       		.byte	-128
 337 0134 25       		.byte	37
 338 0135 14       		.byte	20
 339 0136 27       		.byte	39
 340 0137 14       		.byte	20
 341 0138 28       		.byte	40
 342 0139 80       		.byte	-128
ARM GAS  C:\Users\aditi\AppData\Local\Temp\ccrtScUp.s 			page 7


 343 013a 29       		.byte	41
 344 013b 20       		.byte	32
 345 013c 2B       		.byte	43
 346 013d 02       		.byte	2
 347 013e 31       		.byte	49
 348 013f 28       		.byte	40
 349 0140 33       		.byte	51
 350 0141 80       		.byte	-128
 351 0142 34       		.byte	52
 352 0143 40       		.byte	64
 353 0144 36       		.byte	54
 354 0145 21       		.byte	33
 355 0146 37       		.byte	55
 356 0147 04       		.byte	4
 357 0148 38       		.byte	56
 358 0149 68       		.byte	104
 359 014a 3A       		.byte	58
 360 014b 02       		.byte	2
 361 014c 3D       		.byte	61
 362 014d 0A       		.byte	10
 363 014e 3F       		.byte	63
 364 014f 10       		.byte	16
 365 0150 44       		.byte	68
 366 0151 40       		.byte	64
 367 0152 45       		.byte	69
 368 0153 10       		.byte	16
 369 0154 4E       		.byte	78
 370 0155 20       		.byte	32
 371 0156 4F       		.byte	79
 372 0157 14       		.byte	20
 373 0158 54       		.byte	84
 374 0159 02       		.byte	2
 375 015a 56       		.byte	86
 376 015b 20       		.byte	32
 377 015c 59       		.byte	89
 378 015d 01       		.byte	1
 379 015e 69       		.byte	105
 380 015f 14       		.byte	20
 381 0160 6B       		.byte	107
 382 0161 01       		.byte	1
 383 0162 70       		.byte	112
 384 0163 B4       		.byte	-76
 385 0164 72       		.byte	114
 386 0165 02       		.byte	2
 387 0166 73       		.byte	115
 388 0167 20       		.byte	32
 389 0168 95       		.byte	-107
 390 0169 08       		.byte	8
 391 016a C0       		.byte	-64
 392 016b 26       		.byte	38
 393 016c C2       		.byte	-62
 394 016d 07       		.byte	7
 395 016e C4       		.byte	-60
 396 016f 0E       		.byte	14
 397 0170 CA       		.byte	-54
 398 0171 0D       		.byte	13
 399 0172 CC       		.byte	-52
ARM GAS  C:\Users\aditi\AppData\Local\Temp\ccrtScUp.s 			page 8


 400 0173 FE       		.byte	-2
 401 0174 CE       		.byte	-50
 402 0175 EF       		.byte	-17
 403 0176 D0       		.byte	-48
 404 0177 A0       		.byte	-96
 405 0178 D2       		.byte	-46
 406 0179 20       		.byte	32
 407 017a D6       		.byte	-42
 408 017b 01       		.byte	1
 409 017c EE       		.byte	-18
 410 017d 04       		.byte	4
 411 017e 85       		.byte	-123
 412 017f 04       		.byte	4
 413 0180 E0       		.byte	-32
 414 0181 08       		.byte	8
 415 0182 EE       		.byte	-18
 416 0183 08       		.byte	8
 417 0184 01       		.byte	1
 418 0185 10       		.byte	16
 419 0186 05       		.byte	5
 420 0187 1C       		.byte	28
 421 0188 07       		.byte	7
 422 0189 02       		.byte	2
 423 018a 09       		.byte	9
 424 018b 0C       		.byte	12
 425 018c 0B       		.byte	11
 426 018d 11       		.byte	17
 427 018e 0E       		.byte	14
 428 018f 30       		.byte	48
 429 0190 11       		.byte	17
 430 0191 09       		.byte	9
 431 0192 13       		.byte	19
 432 0193 10       		.byte	16
 433 0194 14       		.byte	20
 434 0195 05       		.byte	5
 435 0196 15       		.byte	21
 436 0197 10       		.byte	16
 437 0198 16       		.byte	22
 438 0199 18       		.byte	24
 439 019a 17       		.byte	23
 440 019b 0C       		.byte	12
 441 019c 1A       		.byte	26
 442 019d 04       		.byte	4
 443 019e 1C       		.byte	28
 444 019f 02       		.byte	2
 445 01a0 1E       		.byte	30
 446 01a1 0C       		.byte	12
 447 01a2 1F       		.byte	31
 448 01a3 03       		.byte	3
 449 01a4 22       		.byte	34
 450 01a5 10       		.byte	16
 451 01a6 24       		.byte	36
 452 01a7 05       		.byte	5
 453 01a8 26       		.byte	38
 454 01a9 28       		.byte	40
 455 01aa 28       		.byte	40
 456 01ab 30       		.byte	48
ARM GAS  C:\Users\aditi\AppData\Local\Temp\ccrtScUp.s 			page 9


 457 01ac 29       		.byte	41
 458 01ad 14       		.byte	20
 459 01ae 2A       		.byte	42
 460 01af 0D       		.byte	13
 461 01b0 2D       		.byte	45
 462 01b1 20       		.byte	32
 463 01b2 31       		.byte	49
 464 01b3 1F       		.byte	31
 465 01b4 32       		.byte	50
 466 01b5 38       		.byte	56
 467 01b6 34       		.byte	52
 468 01b7 04       		.byte	4
 469 01b8 35       		.byte	53
 470 01b9 20       		.byte	32
 471 01ba 36       		.byte	54
 472 01bb 03       		.byte	3
 473 01bc 38       		.byte	56
 474 01bd 80       		.byte	-128
 475 01be 3A       		.byte	58
 476 01bf 08       		.byte	8
 477 01c0 3E       		.byte	62
 478 01c1 10       		.byte	16
 479 01c2 3F       		.byte	63
 480 01c3 10       		.byte	16
 481 01c4 58       		.byte	88
 482 01c5 04       		.byte	4
 483 01c6 59       		.byte	89
 484 01c7 04       		.byte	4
 485 01c8 5C       		.byte	92
 486 01c9 11       		.byte	17
 487 01ca 5F       		.byte	95
 488 01cb 01       		.byte	1
 489 01cc 80       		.byte	-128
 490 01cd 05       		.byte	5
 491 01ce 85       		.byte	-123
 492 01cf 04       		.byte	4
 493 01d0 86       		.byte	-122
 494 01d1 0F       		.byte	15
 495 01d2 88       		.byte	-120
 496 01d3 3C       		.byte	60
 497 01d4 8A       		.byte	-118
 498 01d5 03       		.byte	3
 499 01d6 8C       		.byte	-116
 500 01d7 0F       		.byte	15
 501 01d8 8E       		.byte	-114
 502 01d9 30       		.byte	48
 503 01da 8F       		.byte	-113
 504 01db 01       		.byte	1
 505 01dc 90       		.byte	-112
 506 01dd 0A       		.byte	10
 507 01de 93       		.byte	-109
 508 01df 02       		.byte	2
 509 01e0 94       		.byte	-108
 510 01e1 30       		.byte	48
 511 01e2 96       		.byte	-106
 512 01e3 0F       		.byte	15
 513 01e4 97       		.byte	-105
ARM GAS  C:\Users\aditi\AppData\Local\Temp\ccrtScUp.s 			page 10


 514 01e5 06       		.byte	6
 515 01e6 98       		.byte	-104
 516 01e7 0F       		.byte	15
 517 01e8 9C       		.byte	-100
 518 01e9 3F       		.byte	63
 519 01ea A0       		.byte	-96
 520 01eb 20       		.byte	32
 521 01ec A4       		.byte	-92
 522 01ed 10       		.byte	16
 523 01ee A8       		.byte	-88
 524 01ef 30       		.byte	48
 525 01f0 B1       		.byte	-79
 526 01f1 01       		.byte	1
 527 01f2 B3       		.byte	-77
 528 01f3 02       		.byte	2
 529 01f4 B4       		.byte	-76
 530 01f5 3C       		.byte	60
 531 01f6 B6       		.byte	-74
 532 01f7 03       		.byte	3
 533 01f8 B7       		.byte	-73
 534 01f9 04       		.byte	4
 535 01fa BA       		.byte	-70
 536 01fb 20       		.byte	32
 537 01fc C0       		.byte	-64
 538 01fd 40       		.byte	64
 539 01fe C1       		.byte	-63
 540 01ff 05       		.byte	5
 541 0200 C5       		.byte	-59
 542 0201 D1       		.byte	-47
 543 0202 C6       		.byte	-58
 544 0203 02       		.byte	2
 545 0204 C8       		.byte	-56
 546 0205 07       		.byte	7
 547 0206 C9       		.byte	-55
 548 0207 FF       		.byte	-1
 549 0208 CA       		.byte	-54
 550 0209 FF       		.byte	-1
 551 020a CB       		.byte	-53
 552 020b FF       		.byte	-1
 553 020c CD       		.byte	-51
 554 020d A0       		.byte	-96
 555 020e CF       		.byte	-49
 556 020f 04       		.byte	4
 557 0210 D0       		.byte	-48
 558 0211 18       		.byte	24
 559 0212 D2       		.byte	-46
 560 0213 80       		.byte	-128
 561 0214 D4       		.byte	-44
 562 0215 05       		.byte	5
 563 0216 D8       		.byte	-40
 564 0217 04       		.byte	4
 565 0218 D9       		.byte	-39
 566 0219 04       		.byte	4
 567 021a DA       		.byte	-38
 568 021b 04       		.byte	4
 569 021c DB       		.byte	-37
 570 021d 04       		.byte	4
ARM GAS  C:\Users\aditi\AppData\Local\Temp\ccrtScUp.s 			page 11


 571 021e DC       		.byte	-36
 572 021f 01       		.byte	1
 573 0220 DF       		.byte	-33
 574 0221 01       		.byte	1
 575 0222 E0       		.byte	-32
 576 0223 40       		.byte	64
 577 0224 E2       		.byte	-30
 578 0225 C0       		.byte	-64
 579 0226 E4       		.byte	-28
 580 0227 40       		.byte	64
 581 0228 E5       		.byte	-27
 582 0229 40       		.byte	64
 583 022a E6       		.byte	-26
 584 022b C0       		.byte	-64
 585 022c E8       		.byte	-24
 586 022d C0       		.byte	-64
 587 022e EA       		.byte	-22
 588 022f C0       		.byte	-64
 589 0230 EC       		.byte	-20
 590 0231 C0       		.byte	-64
 591 0232 EE       		.byte	-18
 592 0233 C0       		.byte	-64
 593 0234 00       		.byte	0
 594 0235 08       		.byte	8
 595 0236 01       		.byte	1
 596 0237 20       		.byte	32
 597 0238 03       		.byte	3
 598 0239 82       		.byte	-126
 599 023a 05       		.byte	5
 600 023b 40       		.byte	64
 601 023c 08       		.byte	8
 602 023d A1       		.byte	-95
 603 023e 09       		.byte	9
 604 023f 08       		.byte	8
 605 0240 0C       		.byte	12
 606 0241 40       		.byte	64
 607 0242 0E       		.byte	14
 608 0243 10       		.byte	16
 609 0244 0F       		.byte	15
 610 0245 06       		.byte	6
 611 0246 10       		.byte	16
 612 0247 A0       		.byte	-96
 613 0248 13       		.byte	19
 614 0249 20       		.byte	32
 615 024a 15       		.byte	21
 616 024b 01       		.byte	1
 617 024c 17       		.byte	23
 618 024d 14       		.byte	20
 619 024e 18       		.byte	24
 620 024f 04       		.byte	4
 621 0250 1A       		.byte	26
 622 0251 01       		.byte	1
 623 0252 1D       		.byte	29
 624 0253 40       		.byte	64
 625 0254 1E       		.byte	30
 626 0255 12       		.byte	18
 627 0256 1F       		.byte	31
ARM GAS  C:\Users\aditi\AppData\Local\Temp\ccrtScUp.s 			page 12


 628 0257 10       		.byte	16
 629 0258 20       		.byte	32
 630 0259 80       		.byte	-128
 631 025a 21       		.byte	33
 632 025b 05       		.byte	5
 633 025c 22       		.byte	34
 634 025d 42       		.byte	66
 635 025e 27       		.byte	39
 636 025f 48       		.byte	72
 637 0260 2C       		.byte	44
 638 0261 02       		.byte	2
 639 0262 2D       		.byte	45
 640 0263 80       		.byte	-128
 641 0264 2E       		.byte	46
 642 0265 20       		.byte	32
 643 0266 31       		.byte	49
 644 0267 04       		.byte	4
 645 0268 32       		.byte	50
 646 0269 02       		.byte	2
 647 026a 36       		.byte	54
 648 026b 01       		.byte	1
 649 026c 37       		.byte	55
 650 026d 44       		.byte	68
 651 026e 3B       		.byte	59
 652 026f 48       		.byte	72
 653 0270 3D       		.byte	61
 654 0271 0B       		.byte	11
 655 0272 3E       		.byte	62
 656 0273 10       		.byte	16
 657 0274 41       		.byte	65
 658 0275 01       		.byte	1
 659 0276 49       		.byte	73
 660 0277 06       		.byte	6
 661 0278 4B       		.byte	75
 662 0279 80       		.byte	-128
 663 027a 51       		.byte	81
 664 027b 80       		.byte	-128
 665 027c 53       		.byte	83
 666 027d 40       		.byte	64
 667 027e 58       		.byte	88
 668 027f 08       		.byte	8
 669 0280 59       		.byte	89
 670 0281 02       		.byte	2
 671 0282 5A       		.byte	90
 672 0283 80       		.byte	-128
 673 0284 5E       		.byte	94
 674 0285 10       		.byte	16
 675 0286 5F       		.byte	95
 676 0287 10       		.byte	16
 677 0288 64       		.byte	100
 678 0289 02       		.byte	2
 679 028a 65       		.byte	101
 680 028b 80       		.byte	-128
 681 028c 73       		.byte	115
 682 028d 40       		.byte	64
 683 028e 8C       		.byte	-116
 684 028f 04       		.byte	4
ARM GAS  C:\Users\aditi\AppData\Local\Temp\ccrtScUp.s 			page 13


 685 0290 8F       		.byte	-113
 686 0291 02       		.byte	2
 687 0292 91       		.byte	-111
 688 0293 14       		.byte	20
 689 0294 93       		.byte	-109
 690 0295 0C       		.byte	12
 691 0296 94       		.byte	-108
 692 0297 04       		.byte	4
 693 0298 95       		.byte	-107
 694 0299 08       		.byte	8
 695 029a 97       		.byte	-105
 696 029b 10       		.byte	16
 697 029c 98       		.byte	-104
 698 029d 80       		.byte	-128
 699 029e 99       		.byte	-103
 700 029f 20       		.byte	32
 701 02a0 9A       		.byte	-102
 702 02a1 20       		.byte	32
 703 02a2 9B       		.byte	-101
 704 02a3 35       		.byte	53
 705 02a4 9C       		.byte	-100
 706 02a5 40       		.byte	64
 707 02a6 9D       		.byte	-99
 708 02a7 04       		.byte	4
 709 02a8 A0       		.byte	-96
 710 02a9 A2       		.byte	-94
 711 02aa A1       		.byte	-95
 712 02ab 0C       		.byte	12
 713 02ac A2       		.byte	-94
 714 02ad 80       		.byte	-128
 715 02ae A3       		.byte	-93
 716 02af 08       		.byte	8
 717 02b0 A5       		.byte	-91
 718 02b1 21       		.byte	33
 719 02b2 A6       		.byte	-90
 720 02b3 01       		.byte	1
 721 02b4 A7       		.byte	-89
 722 02b5 82       		.byte	-126
 723 02b6 C0       		.byte	-64
 724 02b7 8F       		.byte	-113
 725 02b8 C2       		.byte	-62
 726 02b9 EF       		.byte	-17
 727 02ba C4       		.byte	-60
 728 02bb 7E       		.byte	126
 729 02bc CA       		.byte	-54
 730 02bd 30       		.byte	48
 731 02be CC       		.byte	-52
 732 02bf D3       		.byte	-45
 733 02c0 CE       		.byte	-50
 734 02c1 EA       		.byte	-22
 735 02c2 D0       		.byte	-48
 736 02c3 01       		.byte	1
 737 02c4 D2       		.byte	-46
 738 02c5 08       		.byte	8
 739 02c6 D6       		.byte	-42
 740 02c7 0B       		.byte	11
 741 02c8 01       		.byte	1
ARM GAS  C:\Users\aditi\AppData\Local\Temp\ccrtScUp.s 			page 14


 742 02c9 01       		.byte	1
 743 02ca 02       		.byte	2
 744 02cb 01       		.byte	1
 745 02cc 03       		.byte	3
 746 02cd 0A       		.byte	10
 747 02ce 04       		.byte	4
 748 02cf 04       		.byte	4
 749 02d0 05       		.byte	5
 750 02d1 13       		.byte	19
 751 02d2 06       		.byte	6
 752 02d3 18       		.byte	24
 753 02d4 09       		.byte	9
 754 02d5 13       		.byte	19
 755 02d6 0A       		.byte	10
 756 02d7 02       		.byte	2
 757 02d8 0E       		.byte	14
 758 02d9 20       		.byte	32
 759 02da 10       		.byte	16
 760 02db 10       		.byte	16
 761 02dc 11       		.byte	17
 762 02dd 10       		.byte	16
 763 02de 12       		.byte	18
 764 02df 04       		.byte	4
 765 02e0 14       		.byte	20
 766 02e1 08       		.byte	8
 767 02e2 15       		.byte	21
 768 02e3 02       		.byte	2
 769 02e4 16       		.byte	22
 770 02e5 04       		.byte	4
 771 02e6 17       		.byte	23
 772 02e7 09       		.byte	9
 773 02e8 1A       		.byte	26
 774 02e9 02       		.byte	2
 775 02ea 1D       		.byte	29
 776 02eb 20       		.byte	32
 777 02ec 1E       		.byte	30
 778 02ed 20       		.byte	32
 779 02ee 22       		.byte	34
 780 02ef 01       		.byte	1
 781 02f0 24       		.byte	36
 782 02f1 1C       		.byte	28
 783 02f2 27       		.byte	39
 784 02f3 04       		.byte	4
 785 02f4 28       		.byte	40
 786 02f5 1C       		.byte	28
 787 02f6 30       		.byte	48
 788 02f7 20       		.byte	32
 789 02f8 31       		.byte	49
 790 02f9 20       		.byte	32
 791 02fa 32       		.byte	50
 792 02fb 1C       		.byte	28
 793 02fc 33       		.byte	51
 794 02fd 03       		.byte	3
 795 02fe 34       		.byte	52
 796 02ff 02       		.byte	2
 797 0300 35       		.byte	53
 798 0301 10       		.byte	16
ARM GAS  C:\Users\aditi\AppData\Local\Temp\ccrtScUp.s 			page 15


 799 0302 36       		.byte	54
 800 0303 01       		.byte	1
 801 0304 37       		.byte	55
 802 0305 0C       		.byte	12
 803 0306 3E       		.byte	62
 804 0307 51       		.byte	81
 805 0308 3F       		.byte	63
 806 0309 41       		.byte	65
 807 030a 40       		.byte	64
 808 030b 26       		.byte	38
 809 030c 41       		.byte	65
 810 030d 04       		.byte	4
 811 030e 42       		.byte	66
 812 030f 05       		.byte	5
 813 0310 44       		.byte	68
 814 0311 01       		.byte	1
 815 0312 45       		.byte	69
 816 0313 CE       		.byte	-50
 817 0314 48       		.byte	72
 818 0315 03       		.byte	3
 819 0316 49       		.byte	73
 820 0317 FF       		.byte	-1
 821 0318 4A       		.byte	74
 822 0319 FF       		.byte	-1
 823 031a 4B       		.byte	75
 824 031b FF       		.byte	-1
 825 031c 4C       		.byte	76
 826 031d 62       		.byte	98
 827 031e 4D       		.byte	77
 828 031f A0       		.byte	-96
 829 0320 4E       		.byte	78
 830 0321 F0       		.byte	-16
 831 0322 4F       		.byte	79
 832 0323 41       		.byte	65
 833 0324 50       		.byte	80
 834 0325 0C       		.byte	12
 835 0326 54       		.byte	84
 836 0327 18       		.byte	24
 837 0328 58       		.byte	88
 838 0329 04       		.byte	4
 839 032a 59       		.byte	89
 840 032b 04       		.byte	4
 841 032c 5A       		.byte	90
 842 032d 04       		.byte	4
 843 032e 5B       		.byte	91
 844 032f 04       		.byte	4
 845 0330 5C       		.byte	92
 846 0331 11       		.byte	17
 847 0332 5D       		.byte	93
 848 0333 11       		.byte	17
 849 0334 5F       		.byte	95
 850 0335 01       		.byte	1
 851 0336 66       		.byte	102
 852 0337 40       		.byte	64
 853 0338 67       		.byte	103
 854 0339 02       		.byte	2
 855 033a 69       		.byte	105
ARM GAS  C:\Users\aditi\AppData\Local\Temp\ccrtScUp.s 			page 16


 856 033b 10       		.byte	16
 857 033c 6A       		.byte	106
 858 033d 30       		.byte	48
 859 033e 6B       		.byte	107
 860 033f 10       		.byte	16
 861 0340 6D       		.byte	109
 862 0341 10       		.byte	16
 863 0342 6E       		.byte	110
 864 0343 10       		.byte	16
 865 0344 6F       		.byte	111
 866 0345 12       		.byte	18
 867 0346 83       		.byte	-125
 868 0347 01       		.byte	1
 869 0348 85       		.byte	-123
 870 0349 02       		.byte	2
 871 034a 89       		.byte	-119
 872 034b 03       		.byte	3
 873 034c 95       		.byte	-107
 874 034d 03       		.byte	3
 875 034e B1       		.byte	-79
 876 034f 03       		.byte	3
 877 0350 B9       		.byte	-71
 878 0351 02       		.byte	2
 879 0352 BF       		.byte	-65
 880 0353 01       		.byte	1
 881 0354 C0       		.byte	-64
 882 0355 01       		.byte	1
 883 0356 C7       		.byte	-57
 884 0357 40       		.byte	64
 885 0358 C9       		.byte	-55
 886 0359 FF       		.byte	-1
 887 035a CA       		.byte	-54
 888 035b 07       		.byte	7
 889 035c CB       		.byte	-53
 890 035d FF       		.byte	-1
 891 035e CC       		.byte	-52
 892 035f 40       		.byte	64
 893 0360 CD       		.byte	-51
 894 0361 20       		.byte	32
 895 0362 CE       		.byte	-50
 896 0363 F0       		.byte	-16
 897 0364 CF       		.byte	-49
 898 0365 05       		.byte	5
 899 0366 D0       		.byte	-48
 900 0367 08       		.byte	8
 901 0368 D4       		.byte	-44
 902 0369 01       		.byte	1
 903 036a D9       		.byte	-39
 904 036b 04       		.byte	4
 905 036c DA       		.byte	-38
 906 036d 04       		.byte	4
 907 036e DB       		.byte	-37
 908 036f 04       		.byte	4
 909 0370 DD       		.byte	-35
 910 0371 11       		.byte	17
 911 0372 DF       		.byte	-33
 912 0373 01       		.byte	1
ARM GAS  C:\Users\aditi\AppData\Local\Temp\ccrtScUp.s 			page 17


 913 0374 E0       		.byte	-32
 914 0375 40       		.byte	64
 915 0376 E1       		.byte	-31
 916 0377 A8       		.byte	-88
 917 0378 E2       		.byte	-30
 918 0379 40       		.byte	64
 919 037a E3       		.byte	-29
 920 037b 20       		.byte	32
 921 037c 00       		.byte	0
 922 037d 80       		.byte	-128
 923 037e 01       		.byte	1
 924 037f 08       		.byte	8
 925 0380 02       		.byte	2
 926 0381 80       		.byte	-128
 927 0382 03       		.byte	3
 928 0383 08       		.byte	8
 929 0384 08       		.byte	8
 930 0385 01       		.byte	1
 931 0386 09       		.byte	9
 932 0387 80       		.byte	-128
 933 0388 0A       		.byte	10
 934 0389 20       		.byte	32
 935 038a 0B       		.byte	11
 936 038b 08       		.byte	8
 937 038c 10       		.byte	16
 938 038d 80       		.byte	-128
 939 038e 11       		.byte	17
 940 038f 14       		.byte	20
 941 0390 19       		.byte	25
 942 0391 5E       		.byte	94
 943 0392 20       		.byte	32
 944 0393 09       		.byte	9
 945 0394 21       		.byte	33
 946 0395 28       		.byte	40
 947 0396 22       		.byte	34
 948 0397 01       		.byte	1
 949 0398 27       		.byte	39
 950 0399 80       		.byte	-128
 951 039a 28       		.byte	40
 952 039b 20       		.byte	32
 953 039c 29       		.byte	41
 954 039d 04       		.byte	4
 955 039e 31       		.byte	49
 956 039f 08       		.byte	8
 957 03a0 33       		.byte	51
 958 03a1 41       		.byte	65
 959 03a2 35       		.byte	53
 960 03a3 80       		.byte	-128
 961 03a4 36       		.byte	54
 962 03a5 80       		.byte	-128
 963 03a6 37       		.byte	55
 964 03a7 04       		.byte	4
 965 03a8 38       		.byte	56
 966 03a9 02       		.byte	2
 967 03aa 39       		.byte	57
 968 03ab 14       		.byte	20
 969 03ac 3D       		.byte	61
ARM GAS  C:\Users\aditi\AppData\Local\Temp\ccrtScUp.s 			page 18


 970 03ad 08       		.byte	8
 971 03ae 3E       		.byte	62
 972 03af 10       		.byte	16
 973 03b0 3F       		.byte	63
 974 03b1 02       		.byte	2
 975 03b2 40       		.byte	64
 976 03b3 85       		.byte	-123
 977 03b4 47       		.byte	71
 978 03b5 80       		.byte	-128
 979 03b6 48       		.byte	72
 980 03b7 84       		.byte	-124
 981 03b8 49       		.byte	73
 982 03b9 80       		.byte	-128
 983 03ba 4B       		.byte	75
 984 03bb 08       		.byte	8
 985 03bc 4F       		.byte	79
 986 03bd 02       		.byte	2
 987 03be 55       		.byte	85
 988 03bf 01       		.byte	1
 989 03c0 5A       		.byte	90
 990 03c1 01       		.byte	1
 991 03c2 5C       		.byte	92
 992 03c3 02       		.byte	2
 993 03c4 5D       		.byte	93
 994 03c5 20       		.byte	32
 995 03c6 5E       		.byte	94
 996 03c7 80       		.byte	-128
 997 03c8 5F       		.byte	95
 998 03c9 08       		.byte	8
 999 03ca 61       		.byte	97
 1000 03cb 50       		.byte	80
 1001 03cc 65       		.byte	101
 1002 03cd 20       		.byte	32
 1003 03ce 67       		.byte	103
 1004 03cf 04       		.byte	4
 1005 03d0 80       		.byte	-128
 1006 03d1 08       		.byte	8
 1007 03d2 81       		.byte	-127
 1008 03d3 02       		.byte	2
 1009 03d4 84       		.byte	-124
 1010 03d5 01       		.byte	1
 1011 03d6 85       		.byte	-123
 1012 03d7 08       		.byte	8
 1013 03d8 86       		.byte	-122
 1014 03d9 01       		.byte	1
 1015 03da 8A       		.byte	-118
 1016 03db 40       		.byte	64
 1017 03dc 8B       		.byte	-117
 1018 03dd 10       		.byte	16
 1019 03de 8C       		.byte	-116
 1020 03df 01       		.byte	1
 1021 03e0 8E       		.byte	-114
 1022 03e1 10       		.byte	16
 1023 03e2 8F       		.byte	-113
 1024 03e3 80       		.byte	-128
 1025 03e4 90       		.byte	-112
 1026 03e5 04       		.byte	4
ARM GAS  C:\Users\aditi\AppData\Local\Temp\ccrtScUp.s 			page 19


 1027 03e6 91       		.byte	-111
 1028 03e7 14       		.byte	20
 1029 03e8 92       		.byte	-110
 1030 03e9 11       		.byte	17
 1031 03ea 93       		.byte	-109
 1032 03eb 24       		.byte	36
 1033 03ec 98       		.byte	-104
 1034 03ed 82       		.byte	-126
 1035 03ee 9B       		.byte	-101
 1036 03ef 4D       		.byte	77
 1037 03f0 9C       		.byte	-100
 1038 03f1 29       		.byte	41
 1039 03f2 A0       		.byte	-96
 1040 03f3 40       		.byte	64
 1041 03f4 A1       		.byte	-95
 1042 03f5 84       		.byte	-124
 1043 03f6 A2       		.byte	-94
 1044 03f7 80       		.byte	-128
 1045 03f8 A3       		.byte	-93
 1046 03f9 08       		.byte	8
 1047 03fa A4       		.byte	-92
 1048 03fb 04       		.byte	4
 1049 03fc A5       		.byte	-91
 1050 03fd 21       		.byte	33
 1051 03fe A7       		.byte	-89
 1052 03ff 81       		.byte	-127
 1053 0400 C0       		.byte	-64
 1054 0401 0F       		.byte	15
 1055 0402 C2       		.byte	-62
 1056 0403 0F       		.byte	15
 1057 0404 C4       		.byte	-60
 1058 0405 0E       		.byte	14
 1059 0406 CA       		.byte	-54
 1060 0407 02       		.byte	2
 1061 0408 CC       		.byte	-52
 1062 0409 4B       		.byte	75
 1063 040a CE       		.byte	-50
 1064 040b E7       		.byte	-25
 1065 040c D0       		.byte	-48
 1066 040d 1D       		.byte	29
 1067 040e D2       		.byte	-46
 1068 040f 0C       		.byte	12
 1069 0410 D6       		.byte	-42
 1070 0411 F1       		.byte	-15
 1071 0412 D8       		.byte	-40
 1072 0413 0C       		.byte	12
 1073 0414 E4       		.byte	-28
 1074 0415 02       		.byte	2
 1075 0416 EE       		.byte	-18
 1076 0417 08       		.byte	8
 1077 0418 33       		.byte	51
 1078 0419 20       		.byte	32
 1079 041a 36       		.byte	54
 1080 041b 80       		.byte	-128
 1081 041c CC       		.byte	-52
 1082 041d 30       		.byte	48
 1083 041e A6       		.byte	-90
ARM GAS  C:\Users\aditi\AppData\Local\Temp\ccrtScUp.s 			page 20


 1084 041f 80       		.byte	-128
 1085 0420 A7       		.byte	-89
 1086 0421 20       		.byte	32
 1087 0422 A6       		.byte	-90
 1088 0423 80       		.byte	-128
 1089 0424 A7       		.byte	-89
 1090 0425 20       		.byte	32
 1091 0426 A6       		.byte	-90
 1092 0427 80       		.byte	-128
 1093 0428 AB       		.byte	-85
 1094 0429 20       		.byte	32
 1095 042a EE       		.byte	-18
 1096 042b 20       		.byte	32
 1097 042c 62       		.byte	98
 1098 042d 08       		.byte	8
 1099 042e D8       		.byte	-40
 1100 042f 02       		.byte	2
 1101 0430 1B       		.byte	27
 1102 0431 04       		.byte	4
 1103 0432 86       		.byte	-122
 1104 0433 08       		.byte	8
 1105 0434 A6       		.byte	-90
 1106 0435 08       		.byte	8
 1107 0436 C6       		.byte	-58
 1108 0437 08       		.byte	8
 1109 0438 AB       		.byte	-85
 1110 0439 04       		.byte	4
 1111 043a A6       		.byte	-90
 1112 043b 80       		.byte	-128
 1113 043c AE       		.byte	-82
 1114 043d 80       		.byte	-128
 1115 043e EE       		.byte	-18
 1116 043f 10       		.byte	16
 1117 0440 1F       		.byte	31
 1118 0441 80       		.byte	-128
 1119 0442 C6       		.byte	-58
 1120 0443 01       		.byte	1
 1121 0444 12       		.byte	18
 1122 0445 80       		.byte	-128
 1123 0446 74       		.byte	116
 1124 0447 04       		.byte	4
 1125 0448 84       		.byte	-124
 1126 0449 04       		.byte	4
 1127 044a 8E       		.byte	-114
 1128 044b 80       		.byte	-128
 1129 044c AF       		.byte	-81
 1130 044d 80       		.byte	-128
 1131 044e C4       		.byte	-60
 1132 044f 08       		.byte	8
 1133 0450 DE       		.byte	-34
 1134 0451 04       		.byte	4
 1135 0452 E2       		.byte	-30
 1136 0453 02       		.byte	2
 1137 0454 00       		.byte	0
 1138 0455 03       		.byte	3
 1139 0456 0C       		.byte	12
 1140 0457 03       		.byte	3
ARM GAS  C:\Users\aditi\AppData\Local\Temp\ccrtScUp.s 			page 21


 1141 0458 10       		.byte	16
 1142 0459 03       		.byte	3
 1143 045a 1C       		.byte	28
 1144 045b 03       		.byte	3
 1145 045c 00       		.byte	0
 1146 045d 0F       		.byte	15
 1147 045e 00       		.byte	0
 1148 045f 00       		.byte	0
 1149 0460 80       		.byte	-128
 1150 0461 80       		.byte	-128
 1151 0462 00       		.byte	0
 1152 0463 00       		.byte	0
 1153 0464 40       		.byte	64
 1154 0465 00       		.byte	0
 1155 0466 00       		.byte	0
 1156 0467 00       		.byte	0
 1157 0468 00       		.byte	0
 1158 0469 00       		.byte	0
 1159 046a 00       		.byte	0
 1160 046b 00       		.byte	0
 1161 046c 00       		.byte	0
 1162 046d 00       		.byte	0
 1163 046e 13       		.byte	19
 1164 046f 00       		.byte	0
 1165 0470 80       		.byte	-128
 1166 0471 00       		.byte	0
 1167 0472 40       		.byte	64
 1168 0473 80       		.byte	-128
 1169 0474 80       		.byte	-128
 1170 0475 00       		.byte	0
 1171 0476 80       		.byte	-128
 1172 0477 00       		.byte	0
 1173 0478 00       		.byte	0
 1174 0479 00       		.byte	0
 1175 047a 00       		.byte	0
 1176 047b 00       		.byte	0
 1177 047c 00       		.byte	0
 1178 047d 0B       		.byte	11
 1179 047e 0B       		.byte	11
 1180 047f 00       		.byte	0
 1181 0480 00       		.byte	0
 1182 0481 00       		.byte	0
 1183 0482 00       		.byte	0
 1184 0483 00       		.byte	0
 1185 0484 00       		.byte	0
 1186 0485 10       		.byte	16
 1187 0486 10       		.byte	16
 1188 0487 00       		.byte	0
 1189 0488 10       		.byte	16
 1190 0489 00       		.byte	0
 1191 048a 00       		.byte	0
 1192 048b 00       		.byte	0
 1193 048c 0E       		.byte	14
 1194 048d 00       		.byte	0
 1195 048e 18       		.byte	24
 1196 048f 01       		.byte	1
 1197 0490 12       		.byte	18
ARM GAS  C:\Users\aditi\AppData\Local\Temp\ccrtScUp.s 			page 22


 1198 0491 00       		.byte	0
 1199 0492 18       		.byte	24
 1200 0493 01       		.byte	1
 1201              		.section	.cywolatch,"a",%progbits
 1202              		.align	2
 1203              		.type	cy_meta_wonvl, %object
 1204              		.size	cy_meta_wonvl, 4
 1205              	cy_meta_wonvl:
 1206 0000 BC       		.byte	-68
 1207 0001 90       		.byte	-112
 1208 0002 AC       		.byte	-84
 1209 0003 AF       		.byte	-81
 1210              		.section	.cycustnvl,"a",%progbits
 1211              		.align	2
 1212              		.type	cy_meta_custnvl, %object
 1213              		.size	cy_meta_custnvl, 4
 1214              	cy_meta_custnvl:
 1215 0000 00       		.byte	0
 1216 0001 00       		.byte	0
 1217 0002 40       		.byte	64
 1218 0003 05       		.byte	5
 1219              		.section	.cymeta,"a",%progbits
 1220              		.align	2
 1221              		.type	cy_metadata, %object
 1222              		.size	cy_metadata, 12
 1223              	cy_metadata:
 1224 0000 00       		.byte	0
 1225 0001 01       		.byte	1
 1226 0002 2E       		.byte	46
 1227 0003 16       		.byte	22
 1228 0004 10       		.byte	16
 1229 0005 69       		.byte	105
 1230 0006 00       		.byte	0
 1231 0007 01       		.byte	1
 1232 0008 00       		.byte	0
 1233 0009 00       		.byte	0
 1234 000a 00       		.byte	0
 1235 000b 00       		.byte	0
 1236              		.section	.cyflashprotect,"a",%progbits
 1237              		.align	2
 1238              		.type	cy_meta_flashprotect, %object
 1239              		.size	cy_meta_flashprotect, 256
 1240              	cy_meta_flashprotect:
 1241 0000 00000000 		.space	256
 1241      00000000 
 1241      00000000 
 1241      00000000 
 1241      00000000 
 1242              		.text
 1243              	.Letext0:
 1244              		.file 1 "c:\\program files (x86)\\cypress\\psoc creator\\4.4\\psoc creator\\import\\gnu\\arm\\5.4.
 1245              		.file 2 "c:\\program files (x86)\\cypress\\psoc creator\\4.4\\psoc creator\\import\\gnu\\arm\\5.4.
 1246              		.file 3 "Generated_Source\\PSoC5\\cymetadata.c"
 1247              		.section	.debug_info,"",%progbits
 1248              	.Ldebug_info0:
 1249 0000 32010000 		.4byte	0x132
 1250 0004 0400     		.2byte	0x4
ARM GAS  C:\Users\aditi\AppData\Local\Temp\ccrtScUp.s 			page 23


 1251 0006 00000000 		.4byte	.Ldebug_abbrev0
 1252 000a 04       		.byte	0x4
 1253 000b 01       		.uleb128 0x1
 1254 000c 24000000 		.4byte	.LASF17
 1255 0010 0C       		.byte	0xc
 1256 0011 C0010000 		.4byte	.LASF18
 1257 0015 7E010000 		.4byte	.LASF19
 1258 0019 00000000 		.4byte	.Ldebug_line0
 1259 001d 02       		.uleb128 0x2
 1260 001e 01       		.byte	0x1
 1261 001f 06       		.byte	0x6
 1262 0020 72010000 		.4byte	.LASF0
 1263 0024 03       		.uleb128 0x3
 1264 0025 00000000 		.4byte	.LASF9
 1265 0029 01       		.byte	0x1
 1266 002a 1D       		.byte	0x1d
 1267 002b 2F000000 		.4byte	0x2f
 1268 002f 02       		.uleb128 0x2
 1269 0030 01       		.byte	0x1
 1270 0031 08       		.byte	0x8
 1271 0032 16000000 		.4byte	.LASF1
 1272 0036 02       		.uleb128 0x2
 1273 0037 02       		.byte	0x2
 1274 0038 05       		.byte	0x5
 1275 0039 5F010000 		.4byte	.LASF2
 1276 003d 02       		.uleb128 0x2
 1277 003e 02       		.byte	0x2
 1278 003f 07       		.byte	0x7
 1279 0040 C4000000 		.4byte	.LASF3
 1280 0044 02       		.uleb128 0x2
 1281 0045 04       		.byte	0x4
 1282 0046 05       		.byte	0x5
 1283 0047 69010000 		.4byte	.LASF4
 1284 004b 02       		.uleb128 0x2
 1285 004c 04       		.byte	0x4
 1286 004d 07       		.byte	0x7
 1287 004e B2000000 		.4byte	.LASF5
 1288 0052 02       		.uleb128 0x2
 1289 0053 08       		.byte	0x8
 1290 0054 05       		.byte	0x5
 1291 0055 51010000 		.4byte	.LASF6
 1292 0059 02       		.uleb128 0x2
 1293 005a 08       		.byte	0x8
 1294 005b 07       		.byte	0x7
 1295 005c 06010000 		.4byte	.LASF7
 1296 0060 04       		.uleb128 0x4
 1297 0061 04       		.byte	0x4
 1298 0062 05       		.byte	0x5
 1299 0063 696E7400 		.ascii	"int\000"
 1300 0067 02       		.uleb128 0x2
 1301 0068 04       		.byte	0x4
 1302 0069 07       		.byte	0x7
 1303 006a F9000000 		.4byte	.LASF8
 1304 006e 03       		.uleb128 0x3
 1305 006f 1D010000 		.4byte	.LASF10
 1306 0073 02       		.byte	0x2
 1307 0074 18       		.byte	0x18
ARM GAS  C:\Users\aditi\AppData\Local\Temp\ccrtScUp.s 			page 24


 1308 0075 24000000 		.4byte	0x24
 1309 0079 05       		.uleb128 0x5
 1310 007a 91000000 		.4byte	0x91
 1311 007e 8A000000 		.4byte	0x8a
 1312 0082 06       		.uleb128 0x6
 1313 0083 8A000000 		.4byte	0x8a
 1314 0087 9304     		.2byte	0x493
 1315 0089 00       		.byte	0
 1316 008a 02       		.uleb128 0x2
 1317 008b 04       		.byte	0x4
 1318 008c 07       		.byte	0x7
 1319 008d 48010000 		.4byte	.LASF11
 1320 0091 07       		.uleb128 0x7
 1321 0092 6E000000 		.4byte	0x6e
 1322 0096 08       		.uleb128 0x8
 1323 0097 E7000000 		.4byte	.LASF12
 1324 009b 03       		.byte	0x3
 1325 009c 1F       		.byte	0x1f
 1326 009d A7000000 		.4byte	0xa7
 1327 00a1 05       		.uleb128 0x5
 1328 00a2 03       		.byte	0x3
 1329 00a3 00000000 		.4byte	cy_meta_configecc
 1330 00a7 07       		.uleb128 0x7
 1331 00a8 79000000 		.4byte	0x79
 1332 00ac 05       		.uleb128 0x5
 1333 00ad 91000000 		.4byte	0x91
 1334 00b1 BC000000 		.4byte	0xbc
 1335 00b5 09       		.uleb128 0x9
 1336 00b6 8A000000 		.4byte	0x8a
 1337 00ba 03       		.byte	0x3
 1338 00bb 00       		.byte	0
 1339 00bc 08       		.uleb128 0x8
 1340 00bd D7000000 		.4byte	.LASF13
 1341 00c1 03       		.byte	0x3
 1342 00c2 BF       		.byte	0xbf
 1343 00c3 CD000000 		.4byte	0xcd
 1344 00c7 05       		.uleb128 0x5
 1345 00c8 03       		.byte	0x3
 1346 00c9 00000000 		.4byte	cy_meta_custnvl
 1347 00cd 07       		.uleb128 0x7
 1348 00ce AC000000 		.4byte	0xac
 1349 00d2 08       		.uleb128 0x8
 1350 00d3 3A010000 		.4byte	.LASF14
 1351 00d7 03       		.byte	0x3
 1352 00d8 CD       		.byte	0xcd
 1353 00d9 E3000000 		.4byte	0xe3
 1354 00dd 05       		.uleb128 0x5
 1355 00de 03       		.byte	0x3
 1356 00df 00000000 		.4byte	cy_meta_wonvl
 1357 00e3 07       		.uleb128 0x7
 1358 00e4 AC000000 		.4byte	0xac
 1359 00e8 05       		.uleb128 0x5
 1360 00e9 91000000 		.4byte	0x91
 1361 00ed F8000000 		.4byte	0xf8
 1362 00f1 09       		.uleb128 0x9
 1363 00f2 8A000000 		.4byte	0x8a
 1364 00f6 FF       		.byte	0xff
ARM GAS  C:\Users\aditi\AppData\Local\Temp\ccrtScUp.s 			page 25


 1365 00f7 00       		.byte	0
 1366 00f8 08       		.uleb128 0x8
 1367 00f9 25010000 		.4byte	.LASF15
 1368 00fd 03       		.byte	0x3
 1369 00fe DB       		.byte	0xdb
 1370 00ff 09010000 		.4byte	0x109
 1371 0103 05       		.uleb128 0x5
 1372 0104 03       		.byte	0x3
 1373 0105 00000000 		.4byte	cy_meta_flashprotect
 1374 0109 07       		.uleb128 0x7
 1375 010a E8000000 		.4byte	0xe8
 1376 010e 05       		.uleb128 0x5
 1377 010f 91000000 		.4byte	0x91
 1378 0113 1E010000 		.4byte	0x11e
 1379 0117 09       		.uleb128 0x9
 1380 0118 8A000000 		.4byte	0x8a
 1381 011c 0B       		.byte	0xb
 1382 011d 00       		.byte	0
 1383 011e 0A       		.uleb128 0xa
 1384 011f 0A000000 		.4byte	.LASF16
 1385 0123 03       		.byte	0x3
 1386 0124 0801     		.2byte	0x108
 1387 0126 30010000 		.4byte	0x130
 1388 012a 05       		.uleb128 0x5
 1389 012b 03       		.byte	0x3
 1390 012c 00000000 		.4byte	cy_metadata
 1391 0130 07       		.uleb128 0x7
 1392 0131 0E010000 		.4byte	0x10e
 1393 0135 00       		.byte	0
 1394              		.section	.debug_abbrev,"",%progbits
 1395              	.Ldebug_abbrev0:
 1396 0000 01       		.uleb128 0x1
 1397 0001 11       		.uleb128 0x11
 1398 0002 01       		.byte	0x1
 1399 0003 25       		.uleb128 0x25
 1400 0004 0E       		.uleb128 0xe
 1401 0005 13       		.uleb128 0x13
 1402 0006 0B       		.uleb128 0xb
 1403 0007 03       		.uleb128 0x3
 1404 0008 0E       		.uleb128 0xe
 1405 0009 1B       		.uleb128 0x1b
 1406 000a 0E       		.uleb128 0xe
 1407 000b 10       		.uleb128 0x10
 1408 000c 17       		.uleb128 0x17
 1409 000d 00       		.byte	0
 1410 000e 00       		.byte	0
 1411 000f 02       		.uleb128 0x2
 1412 0010 24       		.uleb128 0x24
 1413 0011 00       		.byte	0
 1414 0012 0B       		.uleb128 0xb
 1415 0013 0B       		.uleb128 0xb
 1416 0014 3E       		.uleb128 0x3e
 1417 0015 0B       		.uleb128 0xb
 1418 0016 03       		.uleb128 0x3
 1419 0017 0E       		.uleb128 0xe
 1420 0018 00       		.byte	0
 1421 0019 00       		.byte	0
ARM GAS  C:\Users\aditi\AppData\Local\Temp\ccrtScUp.s 			page 26


 1422 001a 03       		.uleb128 0x3
 1423 001b 16       		.uleb128 0x16
 1424 001c 00       		.byte	0
 1425 001d 03       		.uleb128 0x3
 1426 001e 0E       		.uleb128 0xe
 1427 001f 3A       		.uleb128 0x3a
 1428 0020 0B       		.uleb128 0xb
 1429 0021 3B       		.uleb128 0x3b
 1430 0022 0B       		.uleb128 0xb
 1431 0023 49       		.uleb128 0x49
 1432 0024 13       		.uleb128 0x13
 1433 0025 00       		.byte	0
 1434 0026 00       		.byte	0
 1435 0027 04       		.uleb128 0x4
 1436 0028 24       		.uleb128 0x24
 1437 0029 00       		.byte	0
 1438 002a 0B       		.uleb128 0xb
 1439 002b 0B       		.uleb128 0xb
 1440 002c 3E       		.uleb128 0x3e
 1441 002d 0B       		.uleb128 0xb
 1442 002e 03       		.uleb128 0x3
 1443 002f 08       		.uleb128 0x8
 1444 0030 00       		.byte	0
 1445 0031 00       		.byte	0
 1446 0032 05       		.uleb128 0x5
 1447 0033 01       		.uleb128 0x1
 1448 0034 01       		.byte	0x1
 1449 0035 49       		.uleb128 0x49
 1450 0036 13       		.uleb128 0x13
 1451 0037 01       		.uleb128 0x1
 1452 0038 13       		.uleb128 0x13
 1453 0039 00       		.byte	0
 1454 003a 00       		.byte	0
 1455 003b 06       		.uleb128 0x6
 1456 003c 21       		.uleb128 0x21
 1457 003d 00       		.byte	0
 1458 003e 49       		.uleb128 0x49
 1459 003f 13       		.uleb128 0x13
 1460 0040 2F       		.uleb128 0x2f
 1461 0041 05       		.uleb128 0x5
 1462 0042 00       		.byte	0
 1463 0043 00       		.byte	0
 1464 0044 07       		.uleb128 0x7
 1465 0045 26       		.uleb128 0x26
 1466 0046 00       		.byte	0
 1467 0047 49       		.uleb128 0x49
 1468 0048 13       		.uleb128 0x13
 1469 0049 00       		.byte	0
 1470 004a 00       		.byte	0
 1471 004b 08       		.uleb128 0x8
 1472 004c 34       		.uleb128 0x34
 1473 004d 00       		.byte	0
 1474 004e 03       		.uleb128 0x3
 1475 004f 0E       		.uleb128 0xe
 1476 0050 3A       		.uleb128 0x3a
 1477 0051 0B       		.uleb128 0xb
 1478 0052 3B       		.uleb128 0x3b
ARM GAS  C:\Users\aditi\AppData\Local\Temp\ccrtScUp.s 			page 27


 1479 0053 0B       		.uleb128 0xb
 1480 0054 49       		.uleb128 0x49
 1481 0055 13       		.uleb128 0x13
 1482 0056 3F       		.uleb128 0x3f
 1483 0057 19       		.uleb128 0x19
 1484 0058 02       		.uleb128 0x2
 1485 0059 18       		.uleb128 0x18
 1486 005a 00       		.byte	0
 1487 005b 00       		.byte	0
 1488 005c 09       		.uleb128 0x9
 1489 005d 21       		.uleb128 0x21
 1490 005e 00       		.byte	0
 1491 005f 49       		.uleb128 0x49
 1492 0060 13       		.uleb128 0x13
 1493 0061 2F       		.uleb128 0x2f
 1494 0062 0B       		.uleb128 0xb
 1495 0063 00       		.byte	0
 1496 0064 00       		.byte	0
 1497 0065 0A       		.uleb128 0xa
 1498 0066 34       		.uleb128 0x34
 1499 0067 00       		.byte	0
 1500 0068 03       		.uleb128 0x3
 1501 0069 0E       		.uleb128 0xe
 1502 006a 3A       		.uleb128 0x3a
 1503 006b 0B       		.uleb128 0xb
 1504 006c 3B       		.uleb128 0x3b
 1505 006d 05       		.uleb128 0x5
 1506 006e 49       		.uleb128 0x49
 1507 006f 13       		.uleb128 0x13
 1508 0070 3F       		.uleb128 0x3f
 1509 0071 19       		.uleb128 0x19
 1510 0072 02       		.uleb128 0x2
 1511 0073 18       		.uleb128 0x18
 1512 0074 00       		.byte	0
 1513 0075 00       		.byte	0
 1514 0076 00       		.byte	0
 1515              		.section	.debug_aranges,"",%progbits
 1516 0000 14000000 		.4byte	0x14
 1517 0004 0200     		.2byte	0x2
 1518 0006 00000000 		.4byte	.Ldebug_info0
 1519 000a 04       		.byte	0x4
 1520 000b 00       		.byte	0
 1521 000c 0000     		.2byte	0
 1522 000e 0000     		.2byte	0
 1523 0010 00000000 		.4byte	0
 1524 0014 00000000 		.4byte	0
 1525              		.section	.debug_line,"",%progbits
 1526              	.Ldebug_line0:
 1527 0000 3D010000 		.section	.debug_str,"MS",%progbits,1
 1527      02003701 
 1527      00000201 
 1527      FB0E0D00 
 1527      01010101 
 1528              	.LASF9:
 1529 0000 5F5F7569 		.ascii	"__uint8_t\000"
 1529      6E74385F 
 1529      7400
ARM GAS  C:\Users\aditi\AppData\Local\Temp\ccrtScUp.s 			page 28


 1530              	.LASF16:
 1531 000a 63795F6D 		.ascii	"cy_metadata\000"
 1531      65746164 
 1531      61746100 
 1532              	.LASF1:
 1533 0016 756E7369 		.ascii	"unsigned char\000"
 1533      676E6564 
 1533      20636861 
 1533      7200
 1534              	.LASF17:
 1535 0024 474E5520 		.ascii	"GNU C11 5.4.1 20160609 (release) [ARM/embedded-5-br"
 1535      43313120 
 1535      352E342E 
 1535      31203230 
 1535      31363036 
 1536 0057 616E6368 		.ascii	"anch revision 237715] -mcpu=cortex-m3 -mthumb -g -O"
 1536      20726576 
 1536      6973696F 
 1536      6E203233 
 1536      37373135 
 1537 008a 67202D66 		.ascii	"g -ffunction-sections -ffat-lto-objects\000"
 1537      66756E63 
 1537      74696F6E 
 1537      2D736563 
 1537      74696F6E 
 1538              	.LASF5:
 1539 00b2 6C6F6E67 		.ascii	"long unsigned int\000"
 1539      20756E73 
 1539      69676E65 
 1539      6420696E 
 1539      7400
 1540              	.LASF3:
 1541 00c4 73686F72 		.ascii	"short unsigned int\000"
 1541      7420756E 
 1541      7369676E 
 1541      65642069 
 1541      6E7400
 1542              	.LASF13:
 1543 00d7 63795F6D 		.ascii	"cy_meta_custnvl\000"
 1543      6574615F 
 1543      63757374 
 1543      6E766C00 
 1544              	.LASF12:
 1545 00e7 63795F6D 		.ascii	"cy_meta_configecc\000"
 1545      6574615F 
 1545      636F6E66 
 1545      69676563 
 1545      6300
 1546              	.LASF8:
 1547 00f9 756E7369 		.ascii	"unsigned int\000"
 1547      676E6564 
 1547      20696E74 
 1547      00
 1548              	.LASF7:
 1549 0106 6C6F6E67 		.ascii	"long long unsigned int\000"
 1549      206C6F6E 
 1549      6720756E 
ARM GAS  C:\Users\aditi\AppData\Local\Temp\ccrtScUp.s 			page 29


 1549      7369676E 
 1549      65642069 
 1550              	.LASF10:
 1551 011d 75696E74 		.ascii	"uint8_t\000"
 1551      385F7400 
 1552              	.LASF15:
 1553 0125 63795F6D 		.ascii	"cy_meta_flashprotect\000"
 1553      6574615F 
 1553      666C6173 
 1553      6870726F 
 1553      74656374 
 1554              	.LASF14:
 1555 013a 63795F6D 		.ascii	"cy_meta_wonvl\000"
 1555      6574615F 
 1555      776F6E76 
 1555      6C00
 1556              	.LASF11:
 1557 0148 73697A65 		.ascii	"sizetype\000"
 1557      74797065 
 1557      00
 1558              	.LASF6:
 1559 0151 6C6F6E67 		.ascii	"long long int\000"
 1559      206C6F6E 
 1559      6720696E 
 1559      7400
 1560              	.LASF2:
 1561 015f 73686F72 		.ascii	"short int\000"
 1561      7420696E 
 1561      7400
 1562              	.LASF4:
 1563 0169 6C6F6E67 		.ascii	"long int\000"
 1563      20696E74 
 1563      00
 1564              	.LASF0:
 1565 0172 7369676E 		.ascii	"signed char\000"
 1565      65642063 
 1565      68617200 
 1566              	.LASF19:
 1567 017e 433A5C44 		.ascii	"C:\\Darmstadt\\SecondSem\\EAA\\Lab1\\GasPedal\\Elec"
 1567      61726D73 
 1567      74616474 
 1567      5C536563 
 1567      6F6E6453 
 1568 01ab 74726F6E 		.ascii	"tronicGasPedal.cydsn\000"
 1568      69634761 
 1568      73506564 
 1568      616C2E63 
 1568      7964736E 
 1569              	.LASF18:
 1570 01c0 47656E65 		.ascii	"Generated_Source\\PSoC5\\cymetadata.c\000"
 1570      72617465 
 1570      645F536F 
 1570      75726365 
 1570      5C50536F 
 1571              		.ident	"GCC: (GNU Tools for ARM Embedded Processors) 5.4.1 20160609 (release) [ARM/embedded-5-bran
