ARM GAS  C:\Users\aditi\AppData\Local\Temp\ccZF381S.s 			page 1


   1              		.syntax unified
   2              		.cpu cortex-m3
   3              		.fpu softvfp
   4              		.eabi_attribute 20, 1
   5              		.eabi_attribute 21, 1
   6              		.eabi_attribute 23, 3
   7              		.eabi_attribute 24, 1
   8              		.eabi_attribute 25, 1
   9              		.eabi_attribute 26, 1
  10              		.eabi_attribute 30, 1
  11              		.eabi_attribute 34, 1
  12              		.eabi_attribute 18, 4
  13              		.thumb
  14              		.syntax unified
  15              		.file	"ErikaOS_1_eecfg.c"
  16              		.text
  17              	.Ltext0:
  18              		.cfi_sections	.debug_frame
  19              		.global	EE_oo_autostart_task_data
  20              		.comm	EE_ApplicationMode,4,4
  21              		.global	EE_oo_action_ROM
  22              		.comm	EE_oo_counter_object_RAM,16,4
  23              		.global	EE_oo_counter_object_ROM
  24              		.global	EE_ALARM_ID
  25              		.global	EE_ALARM_NAME
  26              		.global	EE_alarm_ROM
  27              		.global	EE_counter_RAM
  28              		.global	EE_counter_ROM
  29              		.global	EE_th_is_extended
  30              		.global	EE_th_waswaiting
  31              		.global	EE_th_event_waitmask
  32              		.global	EE_th_event_active
  33              		.global	EE_th_terminate_nextask
  34              		.global	EE_rq_free
  35              		.comm	EE_rq_pairs_tid,16,4
  36              		.global	EE_rq_pairs_next
  37              		.global	EE_rq_link
  38              		.global	EE_th_rnact_max
  39              		.global	EE_th_rnact
  40              		.global	EE_rq_bitmask
  41              		.global	EE_rq_queues_tail
  42              		.global	EE_rq_queues_head
  43              		.global	EE_sys_ceiling
  44              		.global	EE_stkfirst
  45              		.global	EE_th_next
  46              		.global	EE_th_status
  47              		.global	EE_th_dispatch_prio
  48              		.global	EE_EVENT_ID
  49              		.global	EE_EVENT_NAME
  50              		.global	EE_TASK_NAME
  51              		.global	EE_th_ready_prio
  52              		.global	EE_terminate_real_th_body
  53              		.comm	EE_terminate_data,16,4
  54              		.global	EE_hal_thread_body
  55              		.global	EE_cortex_mx_IRQ_tos
  56              		.global	EE_cortex_mx_active_tos
  57              		.global	EE_cortex_mx_system_tos
ARM GAS  C:\Users\aditi\AppData\Local\Temp\ccZF381S.s 			page 2


  58              		.global	EE_std_thread_tos
  59              		.comm	EE_cortex_mx_stack_9,512,4
  60              		.comm	EE_cortex_mx_stack_4,1000,4
  61              		.comm	EE_cortex_mx_stack_3,1000,4
  62              		.section	.rodata
  63              		.align	2
  64              		.type	EE_oo_autostart_task_data, %object
  65              		.size	EE_oo_autostart_task_data, 8
  66              	EE_oo_autostart_task_data:
  67 0000 01000000 		.word	1
  68 0004 08000000 		.word	EE_oo_autostart_task_mode_OSDEFAULTAPPMODE
  69              		.type	EE_oo_autostart_task_mode_OSDEFAULTAPPMODE, %object
  70              		.size	EE_oo_autostart_task_mode_OSDEFAULTAPPMODE, 4
  71              	EE_oo_autostart_task_mode_OSDEFAULTAPPMODE:
  72 0008 00000000 		.space	4
  73              		.type	EE_oo_action_ROM, %object
  74              		.size	EE_oo_action_ROM, 20
  75              	EE_oo_action_ROM:
  76 000c 01       		.byte	1
  77 000d 000000   		.space	3
  78 0010 02000000 		.word	2
  79 0014 04000000 		.word	4
  80 0018 00000000 		.word	0
  81 001c FFFFFFFF 		.word	-1
  82              		.type	EE_oo_counter_object_ROM, %object
  83              		.size	EE_oo_counter_object_ROM, 12
  84              	EE_oo_counter_object_ROM:
  85 0020 00000000 		.space	12
  85      00000000 
  85      00000000 
  86              		.type	EE_ALARM_ID, %object
  87              		.size	EE_ALARM_ID, 4
  88              	EE_ALARM_ID:
  89 002c 00000000 		.space	4
  90              		.type	EE_alarm_ROM, %object
  91              		.size	EE_alarm_ROM, 4
  92              	EE_alarm_ROM:
  93 0030 00000000 		.space	4
  94              		.type	EE_counter_ROM, %object
  95              		.size	EE_counter_ROM, 12
  96              	EE_counter_ROM:
  97 0034 10270000 		.word	10000
  98 0038 01000000 		.word	1
  99 003c 00000000 		.word	0
 100              		.type	EE_th_is_extended, %object
 101              		.size	EE_th_is_extended, 16
 102              	EE_th_is_extended:
 103 0040 00000000 		.word	0
 104 0044 00000000 		.word	0
 105 0048 01000000 		.word	1
 106 004c 01000000 		.word	1
 107              		.type	EE_th_rnact_max, %object
 108              		.size	EE_th_rnact_max, 16
 109              	EE_th_rnact_max:
 110 0050 01000000 		.word	1
 111 0054 01000000 		.word	1
 112 0058 01000000 		.word	1
ARM GAS  C:\Users\aditi\AppData\Local\Temp\ccZF381S.s 			page 3


 113 005c 01000000 		.word	1
 114              		.type	EE_th_dispatch_prio, %object
 115              		.size	EE_th_dispatch_prio, 16
 116              	EE_th_dispatch_prio:
 117 0060 80000000 		.word	128
 118 0064 01000000 		.word	1
 119 0068 04000000 		.word	4
 120 006c 08000000 		.word	8
 121              		.type	EE_EVENT_ID, %object
 122              		.size	EE_EVENT_ID, 12
 123              	EE_EVENT_ID:
 124 0070 01000000 		.word	1
 125 0074 02000000 		.word	2
 126 0078 04000000 		.word	4
 127              		.type	EE_th_ready_prio, %object
 128              		.size	EE_th_ready_prio, 16
 129              	EE_th_ready_prio:
 130 007c 01000000 		.word	1
 131 0080 01000000 		.word	1
 132 0084 04000000 		.word	4
 133 0088 08000000 		.word	8
 134              		.type	EE_terminate_real_th_body, %object
 135              		.size	EE_terminate_real_th_body, 16
 136              	EE_terminate_real_th_body:
 137 008c 00000000 		.word	Functsk_init
 138 0090 00000000 		.word	Functsk_background
 139 0094 00000000 		.word	Functsk_io
 140 0098 00000000 		.word	Functsk_control
 141              		.type	EE_hal_thread_body, %object
 142              		.size	EE_hal_thread_body, 16
 143              	EE_hal_thread_body:
 144 009c 00000000 		.word	EE_oo_thread_stub
 145 00a0 00000000 		.word	EE_oo_thread_stub
 146 00a4 00000000 		.word	EE_oo_thread_stub
 147 00a8 00000000 		.word	EE_oo_thread_stub
 148              		.type	EE_std_thread_tos, %object
 149              		.size	EE_std_thread_tos, 20
 150              	EE_std_thread_tos:
 151 00ac 00000000 		.word	0
 152 00b0 00000000 		.word	0
 153 00b4 00000000 		.word	0
 154 00b8 01000000 		.word	1
 155 00bc 02000000 		.word	2
 156              		.data
 157              		.align	2
 158              		.type	EE_ALARM_NAME, %object
 159              		.size	EE_ALARM_NAME, 4
 160              	EE_ALARM_NAME:
 161 0000 00000000 		.word	.LC0
 162              		.type	EE_counter_RAM, %object
 163              		.size	EE_counter_RAM, 8
 164              	EE_counter_RAM:
 165 0004 00000000 		.word	0
 166 0008 FFFFFFFF 		.word	-1
 167              		.type	EE_th_terminate_nextask, %object
 168              		.size	EE_th_terminate_nextask, 16
 169              	EE_th_terminate_nextask:
ARM GAS  C:\Users\aditi\AppData\Local\Temp\ccZF381S.s 			page 4


 170 000c FFFFFFFF 		.word	-1
 171 0010 FFFFFFFF 		.word	-1
 172 0014 FFFFFFFF 		.word	-1
 173 0018 FFFFFFFF 		.word	-1
 174              		.type	EE_rq_pairs_next, %object
 175              		.size	EE_rq_pairs_next, 16
 176              	EE_rq_pairs_next:
 177 001c 01000000 		.word	1
 178 0020 02000000 		.word	2
 179 0024 03000000 		.word	3
 180 0028 FFFFFFFF 		.word	-1
 181              		.type	EE_rq_link, %object
 182              		.size	EE_rq_link, 16
 183              	EE_rq_link:
 184 002c 00000000 		.word	0
 185 0030 00000000 		.word	0
 186 0034 02000000 		.word	2
 187 0038 03000000 		.word	3
 188              		.type	EE_th_rnact, %object
 189              		.size	EE_th_rnact, 16
 190              	EE_th_rnact:
 191 003c 01000000 		.word	1
 192 0040 01000000 		.word	1
 193 0044 01000000 		.word	1
 194 0048 01000000 		.word	1
 195              		.type	EE_rq_queues_tail, %object
 196              		.size	EE_rq_queues_tail, 64
 197              	EE_rq_queues_tail:
 198 004c FFFFFFFF 		.word	-1
 199 0050 FFFFFFFF 		.word	-1
 200 0054 FFFFFFFF 		.word	-1
 201 0058 FFFFFFFF 		.word	-1
 202 005c FFFFFFFF 		.word	-1
 203 0060 FFFFFFFF 		.word	-1
 204 0064 FFFFFFFF 		.word	-1
 205 0068 FFFFFFFF 		.word	-1
 206 006c FFFFFFFF 		.word	-1
 207 0070 FFFFFFFF 		.word	-1
 208 0074 FFFFFFFF 		.word	-1
 209 0078 FFFFFFFF 		.word	-1
 210 007c FFFFFFFF 		.word	-1
 211 0080 FFFFFFFF 		.word	-1
 212 0084 FFFFFFFF 		.word	-1
 213 0088 FFFFFFFF 		.word	-1
 214              		.type	EE_rq_queues_head, %object
 215              		.size	EE_rq_queues_head, 64
 216              	EE_rq_queues_head:
 217 008c FFFFFFFF 		.word	-1
 218 0090 FFFFFFFF 		.word	-1
 219 0094 FFFFFFFF 		.word	-1
 220 0098 FFFFFFFF 		.word	-1
 221 009c FFFFFFFF 		.word	-1
 222 00a0 FFFFFFFF 		.word	-1
 223 00a4 FFFFFFFF 		.word	-1
 224 00a8 FFFFFFFF 		.word	-1
 225 00ac FFFFFFFF 		.word	-1
 226 00b0 FFFFFFFF 		.word	-1
ARM GAS  C:\Users\aditi\AppData\Local\Temp\ccZF381S.s 			page 5


 227 00b4 FFFFFFFF 		.word	-1
 228 00b8 FFFFFFFF 		.word	-1
 229 00bc FFFFFFFF 		.word	-1
 230 00c0 FFFFFFFF 		.word	-1
 231 00c4 FFFFFFFF 		.word	-1
 232 00c8 FFFFFFFF 		.word	-1
 233              		.type	EE_stkfirst, %object
 234              		.size	EE_stkfirst, 4
 235              	EE_stkfirst:
 236 00cc FFFFFFFF 		.word	-1
 237              		.type	EE_th_next, %object
 238              		.size	EE_th_next, 16
 239              	EE_th_next:
 240 00d0 FFFFFFFF 		.word	-1
 241 00d4 FFFFFFFF 		.word	-1
 242 00d8 FFFFFFFF 		.word	-1
 243 00dc FFFFFFFF 		.word	-1
 244              		.type	EE_th_status, %object
 245              		.size	EE_th_status, 16
 246              	EE_th_status:
 247 00e0 03000000 		.word	3
 248 00e4 03000000 		.word	3
 249 00e8 03000000 		.word	3
 250 00ec 03000000 		.word	3
 251              		.type	EE_EVENT_NAME, %object
 252              		.size	EE_EVENT_NAME, 12
 253              	EE_EVENT_NAME:
 254 00f0 0C000000 		.word	.LC1
 255 00f4 20000000 		.word	.LC2
 256 00f8 30000000 		.word	.LC3
 257              		.type	EE_TASK_NAME, %object
 258              		.size	EE_TASK_NAME, 16
 259              	EE_TASK_NAME:
 260 00fc 3C000000 		.word	.LC4
 261 0100 48000000 		.word	.LC5
 262 0104 58000000 		.word	.LC6
 263 0108 60000000 		.word	.LC7
 264              		.type	EE_cortex_mx_IRQ_tos, %object
 265              		.size	EE_cortex_mx_IRQ_tos, 4
 266              	EE_cortex_mx_IRQ_tos:
 267 010c 00020000 		.word	EE_cortex_mx_stack_9+512
 268              		.type	EE_cortex_mx_system_tos, %object
 269              		.size	EE_cortex_mx_system_tos, 12
 270              	EE_cortex_mx_system_tos:
 271 0110 00000000 		.word	0
 272 0114 C0030000 		.word	EE_cortex_mx_stack_3+960
 273 0118 C0030000 		.word	EE_cortex_mx_stack_4+960
 274              		.section	.rodata.str1.4,"aMS",%progbits,1
 275              		.align	2
 276              	.LC0:
 277 0000 616C726D 		.ascii	"alrm_1ms\000"
 277      5F316D73 
 277      00
 278 0009 000000   		.space	3
 279              	.LC1:
 280 000c 65765F6A 		.ascii	"ev_joystick_onData\000"
 280      6F797374 
ARM GAS  C:\Users\aditi\AppData\Local\Temp\ccZF381S.s 			page 6


 280      69636B5F 
 280      6F6E4461 
 280      746100
 281 001f 00       		.space	1
 282              	.LC2:
 283 0020 65765F73 		.ascii	"ev_speed_onData\000"
 283      70656564 
 283      5F6F6E44 
 283      61746100 
 284              	.LC3:
 285 0030 65765F74 		.ascii	"ev_tick_1ms\000"
 285      69636B5F 
 285      316D7300 
 286              	.LC4:
 287 003c 74736B5F 		.ascii	"tsk_init\000"
 287      696E6974 
 287      00
 288 0045 000000   		.space	3
 289              	.LC5:
 290 0048 74736B5F 		.ascii	"tsk_background\000"
 290      6261636B 
 290      67726F75 
 290      6E6400
 291 0057 00       		.space	1
 292              	.LC6:
 293 0058 74736B5F 		.ascii	"tsk_io\000"
 293      696F00
 294 005f 00       		.space	1
 295              	.LC7:
 296 0060 74736B5F 		.ascii	"tsk_control\000"
 296      636F6E74 
 296      726F6C00 
 297              		.bss
 298              		.align	2
 299              		.type	EE_th_waswaiting, %object
 300              		.size	EE_th_waswaiting, 16
 301              	EE_th_waswaiting:
 302 0000 00000000 		.space	16
 302      00000000 
 302      00000000 
 302      00000000 
 303              		.type	EE_th_event_waitmask, %object
 304              		.size	EE_th_event_waitmask, 16
 305              	EE_th_event_waitmask:
 306 0010 00000000 		.space	16
 306      00000000 
 306      00000000 
 306      00000000 
 307              		.type	EE_th_event_active, %object
 308              		.size	EE_th_event_active, 16
 309              	EE_th_event_active:
 310 0020 00000000 		.space	16
 310      00000000 
 310      00000000 
 310      00000000 
 311              		.type	EE_rq_free, %object
 312              		.size	EE_rq_free, 4
ARM GAS  C:\Users\aditi\AppData\Local\Temp\ccZF381S.s 			page 7


 313              	EE_rq_free:
 314 0030 00000000 		.space	4
 315              		.type	EE_rq_bitmask, %object
 316              		.size	EE_rq_bitmask, 2
 317              	EE_rq_bitmask:
 318 0034 0000     		.space	2
 319 0036 0000     		.space	2
 320              		.type	EE_sys_ceiling, %object
 321              		.size	EE_sys_ceiling, 4
 322              	EE_sys_ceiling:
 323 0038 00000000 		.space	4
 324              		.type	EE_cortex_mx_active_tos, %object
 325              		.size	EE_cortex_mx_active_tos, 4
 326              	EE_cortex_mx_active_tos:
 327 003c 00000000 		.space	4
 328              		.text
 329              	.Letext0:
 330              		.file 1 "Generated_Source\\PSoC5\\ErikaOS_1_common_ee_types.inc"
 331              		.file 2 "Generated_Source\\PSoC5\\ErikaOS_1_cortex_mx_ee_cpu.inc"
 332              		.file 3 "Generated_Source\\PSoC5\\ErikaOS_1_ee_oo_common.inc"
 333              		.file 4 "Generated_Source\\PSoC5\\ErikaOS_1_common_ee_hal_structs.inc"
 334              		.file 5 "Generated_Source\\PSoC5\\ErikaOS_1_eecfg.c"
 335              		.file 6 "Generated_Source\\PSoC5\\ErikaOS_1_ee_oo_intfunc.inc"
 336              		.file 7 "Generated_Source\\PSoC5\\ErikaOS_1_cortex_mx_ee_context.inc"
 337              		.file 8 "Generated_Source\\PSoC5\\ErikaOS_1_common_ee_primitives.inc"
 338              		.section	.debug_info,"",%progbits
 339              	.Ldebug_info0:
 340 0000 C3080000 		.4byte	0x8c3
 341 0004 0400     		.2byte	0x4
 342 0006 00000000 		.4byte	.Ldebug_abbrev0
 343 000a 04       		.byte	0x4
 344 000b 01       		.uleb128 0x1
 345 000c 2C050000 		.4byte	.LASF113
 346 0010 0C       		.byte	0xc
 347 0011 50070000 		.4byte	.LASF114
 348 0015 85020000 		.4byte	.LASF115
 349 0019 00000000 		.4byte	.Ldebug_line0
 350 001d 02       		.uleb128 0x2
 351 001e 01       		.byte	0x1
 352 001f 06       		.byte	0x6
 353 0020 0F010000 		.4byte	.LASF0
 354 0024 02       		.uleb128 0x2
 355 0025 01       		.byte	0x1
 356 0026 08       		.byte	0x8
 357 0027 8F040000 		.4byte	.LASF1
 358 002b 02       		.uleb128 0x2
 359 002c 02       		.byte	0x2
 360 002d 05       		.byte	0x5
 361 002e D4040000 		.4byte	.LASF2
 362 0032 02       		.uleb128 0x2
 363 0033 02       		.byte	0x2
 364 0034 07       		.byte	0x7
 365 0035 72020000 		.4byte	.LASF3
 366 0039 02       		.uleb128 0x2
 367 003a 04       		.byte	0x4
 368 003b 05       		.byte	0x5
 369 003c 96010000 		.4byte	.LASF4
ARM GAS  C:\Users\aditi\AppData\Local\Temp\ccZF381S.s 			page 8


 370 0040 02       		.uleb128 0x2
 371 0041 04       		.byte	0x4
 372 0042 07       		.byte	0x7
 373 0043 30020000 		.4byte	.LASF5
 374 0047 02       		.uleb128 0x2
 375 0048 08       		.byte	0x8
 376 0049 05       		.byte	0x5
 377 004a 01010000 		.4byte	.LASF6
 378 004e 02       		.uleb128 0x2
 379 004f 08       		.byte	0x8
 380 0050 07       		.byte	0x7
 381 0051 5E000000 		.4byte	.LASF7
 382 0055 03       		.uleb128 0x3
 383 0056 04       		.byte	0x4
 384 0057 05       		.byte	0x5
 385 0058 696E7400 		.ascii	"int\000"
 386 005c 02       		.uleb128 0x2
 387 005d 04       		.byte	0x4
 388 005e 07       		.byte	0x7
 389 005f F8010000 		.4byte	.LASF8
 390 0063 02       		.uleb128 0x2
 391 0064 08       		.byte	0x8
 392 0065 04       		.byte	0x4
 393 0066 C4030000 		.4byte	.LASF9
 394 006a 04       		.uleb128 0x4
 395 006b 5C040000 		.4byte	.LASF10
 396 006f 01       		.byte	0x1
 397 0070 52       		.byte	0x52
 398 0071 32000000 		.4byte	0x32
 399 0075 04       		.uleb128 0x4
 400 0076 35070000 		.4byte	.LASF11
 401 007a 01       		.byte	0x1
 402 007b 53       		.byte	0x53
 403 007c 55000000 		.4byte	0x55
 404 0080 04       		.uleb128 0x4
 405 0081 2B070000 		.4byte	.LASF12
 406 0085 01       		.byte	0x1
 407 0086 54       		.byte	0x54
 408 0087 5C000000 		.4byte	0x5c
 409 008b 04       		.uleb128 0x4
 410 008c A9070000 		.4byte	.LASF13
 411 0090 01       		.byte	0x1
 412 0091 64       		.byte	0x64
 413 0092 96000000 		.4byte	0x96
 414 0096 05       		.uleb128 0x5
 415 0097 04       		.byte	0x4
 416 0098 06       		.uleb128 0x6
 417 0099 04       		.byte	0x4
 418 009a 9E000000 		.4byte	0x9e
 419 009e 07       		.uleb128 0x7
 420 009f 04       		.uleb128 0x4
 421 00a0 47030000 		.4byte	.LASF14
 422 00a4 01       		.byte	0x1
 423 00a5 70       		.byte	0x70
 424 00a6 98000000 		.4byte	0x98
 425 00aa 04       		.uleb128 0x4
 426 00ab C6050000 		.4byte	.LASF15
ARM GAS  C:\Users\aditi\AppData\Local\Temp\ccZF381S.s 			page 9


 427 00af 01       		.byte	0x1
 428 00b0 73       		.byte	0x73
 429 00b1 98000000 		.4byte	0x98
 430 00b5 04       		.uleb128 0x4
 431 00b6 05020000 		.4byte	.LASF16
 432 00ba 02       		.byte	0x2
 433 00bb 4D       		.byte	0x4d
 434 00bc 80000000 		.4byte	0x80
 435 00c0 04       		.uleb128 0x4
 436 00c1 FF030000 		.4byte	.LASF17
 437 00c5 02       		.byte	0x2
 438 00c6 4E       		.byte	0x4e
 439 00c7 75000000 		.4byte	0x75
 440 00cb 04       		.uleb128 0x4
 441 00cc C3070000 		.4byte	.LASF18
 442 00d0 02       		.byte	0x2
 443 00d1 4F       		.byte	0x4f
 444 00d2 80000000 		.4byte	0x80
 445 00d6 04       		.uleb128 0x4
 446 00d7 3D000000 		.4byte	.LASF19
 447 00db 02       		.byte	0x2
 448 00dc 54       		.byte	0x54
 449 00dd B5000000 		.4byte	0xb5
 450 00e1 04       		.uleb128 0x4
 451 00e2 EB010000 		.4byte	.LASF20
 452 00e6 02       		.byte	0x2
 453 00e7 78       		.byte	0x78
 454 00e8 75000000 		.4byte	0x75
 455 00ec 08       		.uleb128 0x8
 456 00ed B3000000 		.4byte	.LASF61
 457 00f1 04       		.byte	0x4
 458 00f2 04       		.byte	0x4
 459 00f3 4D       		.byte	0x4d
 460 00f4 05010000 		.4byte	0x105
 461 00f8 09       		.uleb128 0x9
 462 00f9 95070000 		.4byte	.LASF28
 463 00fd 04       		.byte	0x4
 464 00fe 4E       		.byte	0x4e
 465 00ff 8B000000 		.4byte	0x8b
 466 0103 00       		.byte	0
 467 0104 00       		.byte	0
 468 0105 0A       		.uleb128 0xa
 469 0106 AB030000 		.4byte	.LASF21
 470 010a 03       		.byte	0x3
 471 010b 1101     		.2byte	0x111
 472 010d 6A000000 		.4byte	0x6a
 473 0111 0A       		.uleb128 0xa
 474 0112 AA000000 		.4byte	.LASF22
 475 0116 03       		.byte	0x3
 476 0117 F701     		.2byte	0x1f7
 477 0119 E1000000 		.4byte	0xe1
 478 011d 0A       		.uleb128 0xa
 479 011e 32010000 		.4byte	.LASF23
 480 0122 03       		.byte	0x3
 481 0123 2C02     		.2byte	0x22c
 482 0125 B5000000 		.4byte	0xb5
 483 0129 0A       		.uleb128 0xa
ARM GAS  C:\Users\aditi\AppData\Local\Temp\ccZF381S.s 			page 10


 484 012a 1D000000 		.4byte	.LASF24
 485 012e 03       		.byte	0x3
 486 012f 3502     		.2byte	0x235
 487 0131 B5000000 		.4byte	0xb5
 488 0135 0A       		.uleb128 0xa
 489 0136 1F060000 		.4byte	.LASF25
 490 013a 03       		.byte	0x3
 491 013b 5D02     		.2byte	0x25d
 492 013d B5000000 		.4byte	0xb5
 493 0141 0A       		.uleb128 0xa
 494 0142 32000000 		.4byte	.LASF26
 495 0146 03       		.byte	0x3
 496 0147 6302     		.2byte	0x263
 497 0149 B5000000 		.4byte	0xb5
 498 014d 0A       		.uleb128 0xa
 499 014e 58030000 		.4byte	.LASF27
 500 0152 03       		.byte	0x3
 501 0153 6C02     		.2byte	0x26c
 502 0155 B5000000 		.4byte	0xb5
 503 0159 0B       		.uleb128 0xb
 504 015a 0C       		.byte	0xc
 505 015b 03       		.byte	0x3
 506 015c 7202     		.2byte	0x272
 507 015e 8A010000 		.4byte	0x18a
 508 0162 0C       		.uleb128 0xc
 509 0163 BA000000 		.4byte	.LASF29
 510 0167 03       		.byte	0x3
 511 0168 7302     		.2byte	0x273
 512 016a 29010000 		.4byte	0x129
 513 016e 00       		.byte	0
 514 016f 0C       		.uleb128 0xc
 515 0170 07040000 		.4byte	.LASF30
 516 0174 03       		.byte	0x3
 517 0175 7402     		.2byte	0x274
 518 0177 29010000 		.4byte	0x129
 519 017b 04       		.byte	0x4
 520 017c 0C       		.uleb128 0xc
 521 017d E2010000 		.4byte	.LASF31
 522 0181 03       		.byte	0x3
 523 0182 7502     		.2byte	0x275
 524 0184 29010000 		.4byte	0x129
 525 0188 08       		.byte	0x8
 526 0189 00       		.byte	0
 527 018a 0A       		.uleb128 0xa
 528 018b 15050000 		.4byte	.LASF32
 529 018f 03       		.byte	0x3
 530 0190 7A02     		.2byte	0x27a
 531 0192 59010000 		.4byte	0x159
 532 0196 0B       		.uleb128 0xb
 533 0197 08       		.byte	0x8
 534 0198 03       		.byte	0x3
 535 0199 7D02     		.2byte	0x27d
 536 019b BA010000 		.4byte	0x1ba
 537 019f 0C       		.uleb128 0xc
 538 01a0 F2010000 		.4byte	.LASF33
 539 01a4 03       		.byte	0x3
 540 01a5 7E02     		.2byte	0x27e
ARM GAS  C:\Users\aditi\AppData\Local\Temp\ccZF381S.s 			page 11


 541 01a7 29010000 		.4byte	0x129
 542 01ab 00       		.byte	0
 543 01ac 0C       		.uleb128 0xc
 544 01ad 19060000 		.4byte	.LASF34
 545 01b1 03       		.byte	0x3
 546 01b2 7F02     		.2byte	0x27f
 547 01b4 35010000 		.4byte	0x135
 548 01b8 04       		.byte	0x4
 549 01b9 00       		.byte	0
 550 01ba 0A       		.uleb128 0xa
 551 01bb 73010000 		.4byte	.LASF35
 552 01bf 03       		.byte	0x3
 553 01c0 8002     		.2byte	0x280
 554 01c2 96010000 		.4byte	0x196
 555 01c6 0D       		.uleb128 0xd
 556 01c7 01       		.byte	0x1
 557 01c8 24000000 		.4byte	0x24
 558 01cc 03       		.byte	0x3
 559 01cd 8A02     		.2byte	0x28a
 560 01cf E0010000 		.4byte	0x1e0
 561 01d3 0E       		.uleb128 0xe
 562 01d4 9D040000 		.4byte	.LASF36
 563 01d8 00       		.byte	0
 564 01d9 0E       		.uleb128 0xe
 565 01da 66040000 		.4byte	.LASF37
 566 01de 01       		.byte	0x1
 567 01df 00       		.byte	0
 568 01e0 0A       		.uleb128 0xa
 569 01e1 C7020000 		.4byte	.LASF38
 570 01e5 03       		.byte	0x3
 571 01e6 8D02     		.2byte	0x28d
 572 01e8 C6010000 		.4byte	0x1c6
 573 01ec 0A       		.uleb128 0xa
 574 01ed F3020000 		.4byte	.LASF39
 575 01f1 03       		.byte	0x3
 576 01f2 9002     		.2byte	0x290
 577 01f4 E0010000 		.4byte	0x1e0
 578 01f8 0B       		.uleb128 0xb
 579 01f9 0C       		.byte	0xc
 580 01fa 03       		.byte	0x3
 581 01fb 9402     		.2byte	0x294
 582 01fd 27020000 		.4byte	0x227
 583 0201 0F       		.uleb128 0xf
 584 0202 6300     		.ascii	"c\000"
 585 0204 03       		.byte	0x3
 586 0205 9602     		.2byte	0x296
 587 0207 4D010000 		.4byte	0x14d
 588 020b 00       		.byte	0
 589 020c 0C       		.uleb128 0xc
 590 020d 76060000 		.4byte	.LASF40
 591 0211 03       		.byte	0x3
 592 0212 9802     		.2byte	0x298
 593 0214 35010000 		.4byte	0x135
 594 0218 04       		.byte	0x4
 595 0219 0C       		.uleb128 0xc
 596 021a 6D020000 		.4byte	.LASF41
 597 021e 03       		.byte	0x3
ARM GAS  C:\Users\aditi\AppData\Local\Temp\ccZF381S.s 			page 12


 598 021f 9A02     		.2byte	0x29a
 599 0221 EC010000 		.4byte	0x1ec
 600 0225 08       		.byte	0x8
 601 0226 00       		.byte	0
 602 0227 0A       		.uleb128 0xa
 603 0228 7B000000 		.4byte	.LASF42
 604 022c 03       		.byte	0x3
 605 022d 9B02     		.2byte	0x29b
 606 022f F8010000 		.4byte	0x1f8
 607 0233 0B       		.uleb128 0xb
 608 0234 10       		.byte	0x10
 609 0235 03       		.byte	0x3
 610 0236 9F02     		.2byte	0x29f
 611 0238 71020000 		.4byte	0x271
 612 023c 0C       		.uleb128 0xc
 613 023d 14040000 		.4byte	.LASF43
 614 0241 03       		.byte	0x3
 615 0242 A002     		.2byte	0x2a0
 616 0244 D6000000 		.4byte	0xd6
 617 0248 00       		.byte	0
 618 0249 0C       		.uleb128 0xc
 619 024a 8C070000 		.4byte	.LASF44
 620 024e 03       		.byte	0x3
 621 024f A102     		.2byte	0x2a1
 622 0251 29010000 		.4byte	0x129
 623 0255 04       		.byte	0x4
 624 0256 0C       		.uleb128 0xc
 625 0257 75000000 		.4byte	.LASF45
 626 025b 03       		.byte	0x3
 627 025c A202     		.2byte	0x2a2
 628 025e 29010000 		.4byte	0x129
 629 0262 08       		.byte	0x8
 630 0263 0C       		.uleb128 0xc
 631 0264 00000000 		.4byte	.LASF46
 632 0268 03       		.byte	0x3
 633 0269 A302     		.2byte	0x2a3
 634 026b 35010000 		.4byte	0x135
 635 026f 0C       		.byte	0xc
 636 0270 00       		.byte	0
 637 0271 0A       		.uleb128 0xa
 638 0272 19040000 		.4byte	.LASF47
 639 0276 03       		.byte	0x3
 640 0277 A402     		.2byte	0x2a4
 641 0279 33020000 		.4byte	0x233
 642 027d 0D       		.uleb128 0xd
 643 027e 01       		.byte	0x1
 644 027f 24000000 		.4byte	0x24
 645 0283 03       		.byte	0x3
 646 0284 A702     		.2byte	0x2a7
 647 0286 A3020000 		.4byte	0x2a3
 648 028a 0E       		.uleb128 0xe
 649 028b 36060000 		.4byte	.LASF48
 650 028f 00       		.byte	0
 651 0290 0E       		.uleb128 0xe
 652 0291 7E060000 		.4byte	.LASF49
 653 0295 01       		.byte	0x1
 654 0296 0E       		.uleb128 0xe
ARM GAS  C:\Users\aditi\AppData\Local\Temp\ccZF381S.s 			page 13


 655 0297 55060000 		.4byte	.LASF50
 656 029b 02       		.byte	0x2
 657 029c 0E       		.uleb128 0xe
 658 029d F8050000 		.4byte	.LASF51
 659 02a1 03       		.byte	0x3
 660 02a2 00       		.byte	0
 661 02a3 0A       		.uleb128 0xa
 662 02a4 1B010000 		.4byte	.LASF52
 663 02a8 03       		.byte	0x3
 664 02a9 AC02     		.2byte	0x2ac
 665 02ab 7D020000 		.4byte	0x27d
 666 02af 0A       		.uleb128 0xa
 667 02b0 DA060000 		.4byte	.LASF53
 668 02b4 03       		.byte	0x3
 669 02b5 AF02     		.2byte	0x2af
 670 02b7 A3020000 		.4byte	0x2a3
 671 02bb 0B       		.uleb128 0xb
 672 02bc 14       		.byte	0x14
 673 02bd 03       		.byte	0x3
 674 02be B202     		.2byte	0x2b2
 675 02c0 04030000 		.4byte	0x304
 676 02c4 0C       		.uleb128 0xc
 677 02c5 B0060000 		.4byte	.LASF54
 678 02c9 03       		.byte	0x3
 679 02ca B302     		.2byte	0x2b3
 680 02cc AF020000 		.4byte	0x2af
 681 02d0 00       		.byte	0
 682 02d1 0C       		.uleb128 0xc
 683 02d2 9D070000 		.4byte	.LASF55
 684 02d6 03       		.byte	0x3
 685 02d7 B402     		.2byte	0x2b4
 686 02d9 11010000 		.4byte	0x111
 687 02dd 04       		.byte	0x4
 688 02de 0C       		.uleb128 0xc
 689 02df BA050000 		.4byte	.LASF56
 690 02e3 03       		.byte	0x3
 691 02e4 B602     		.2byte	0x2b6
 692 02e6 1D010000 		.4byte	0x11d
 693 02ea 08       		.byte	0x8
 694 02eb 0F       		.uleb128 0xf
 695 02ec 6600     		.ascii	"f\000"
 696 02ee 03       		.byte	0x3
 697 02ef B802     		.2byte	0x2b8
 698 02f1 9F000000 		.4byte	0x9f
 699 02f5 0C       		.byte	0xc
 700 02f6 0C       		.uleb128 0xc
 701 02f7 CB040000 		.4byte	.LASF57
 702 02fb 03       		.byte	0x3
 703 02fc BA02     		.2byte	0x2ba
 704 02fe 4D010000 		.4byte	0x14d
 705 0302 10       		.byte	0x10
 706 0303 00       		.byte	0
 707 0304 0A       		.uleb128 0xa
 708 0305 46040000 		.4byte	.LASF58
 709 0309 03       		.byte	0x3
 710 030a BB02     		.2byte	0x2bb
 711 030c BB020000 		.4byte	0x2bb
ARM GAS  C:\Users\aditi\AppData\Local\Temp\ccZF381S.s 			page 14


 712 0310 0B       		.uleb128 0xb
 713 0311 04       		.byte	0x4
 714 0312 03       		.byte	0x3
 715 0313 BD02     		.2byte	0x2bd
 716 0315 27030000 		.4byte	0x327
 717 0319 0C       		.uleb128 0xc
 718 031a 7D030000 		.4byte	.LASF59
 719 031e 03       		.byte	0x3
 720 031f BF02     		.2byte	0x2bf
 721 0321 41010000 		.4byte	0x141
 722 0325 00       		.byte	0
 723 0326 00       		.byte	0
 724 0327 0A       		.uleb128 0xa
 725 0328 0D020000 		.4byte	.LASF60
 726 032c 03       		.byte	0x3
 727 032d C402     		.2byte	0x2c4
 728 032f 10030000 		.4byte	0x310
 729 0333 10       		.uleb128 0x10
 730 0334 53020000 		.4byte	.LASF62
 731 0338 08       		.byte	0x8
 732 0339 03       		.byte	0x3
 733 033a 0E04     		.2byte	0x40e
 734 033c 5A030000 		.4byte	0x35a
 735 0340 0F       		.uleb128 0xf
 736 0341 6E7400   		.ascii	"nt\000"
 737 0344 03       		.byte	0x3
 738 0345 0F04     		.2byte	0x40f
 739 0347 B5000000 		.4byte	0xb5
 740 034b 00       		.byte	0
 741 034c 0C       		.uleb128 0xc
 742 034d BC060000 		.4byte	.LASF63
 743 0351 03       		.byte	0x3
 744 0352 1004     		.2byte	0x410
 745 0354 6A030000 		.4byte	0x36a
 746 0358 04       		.byte	0x4
 747 0359 00       		.byte	0
 748 035a 11       		.uleb128 0x11
 749 035b 65030000 		.4byte	0x365
 750 035f 65030000 		.4byte	0x365
 751 0363 12       		.uleb128 0x12
 752 0364 00       		.byte	0
 753 0365 13       		.uleb128 0x13
 754 0366 E1000000 		.4byte	0xe1
 755 036a 06       		.uleb128 0x6
 756 036b 04       		.byte	0x4
 757 036c 5A030000 		.4byte	0x35a
 758 0370 11       		.uleb128 0x11
 759 0371 65030000 		.4byte	0x365
 760 0375 80030000 		.4byte	0x380
 761 0379 14       		.uleb128 0x14
 762 037a 80030000 		.4byte	0x380
 763 037e 00       		.byte	0
 764 037f 00       		.byte	0
 765 0380 02       		.uleb128 0x2
 766 0381 04       		.byte	0x4
 767 0382 07       		.byte	0x7
 768 0383 BB030000 		.4byte	.LASF64
ARM GAS  C:\Users\aditi\AppData\Local\Temp\ccZF381S.s 			page 15


 769 0387 15       		.uleb128 0x15
 770 0388 CA000000 		.4byte	.LASF116
 771 038c 05       		.byte	0x5
 772 038d 6507     		.2byte	0x765
 773 038f 99030000 		.4byte	0x399
 774 0393 05       		.uleb128 0x5
 775 0394 03       		.byte	0x3
 776 0395 08000000 		.4byte	EE_oo_autostart_task_mode_OSDEFAULTAPPMODE
 777 0399 13       		.uleb128 0x13
 778 039a 70030000 		.4byte	0x370
 779 039e 11       		.uleb128 0x11
 780 039f AE030000 		.4byte	0x3ae
 781 03a3 AE030000 		.4byte	0x3ae
 782 03a7 14       		.uleb128 0x14
 783 03a8 80030000 		.4byte	0x380
 784 03ac 03       		.byte	0x3
 785 03ad 00       		.byte	0
 786 03ae 13       		.uleb128 0x13
 787 03af AA000000 		.4byte	0xaa
 788 03b3 16       		.uleb128 0x16
 789 03b4 8E060000 		.4byte	.LASF65
 790 03b8 05       		.byte	0x5
 791 03b9 D2       		.byte	0xd2
 792 03ba C4030000 		.4byte	0x3c4
 793 03be 05       		.uleb128 0x5
 794 03bf 03       		.byte	0x3
 795 03c0 00000000 		.4byte	EE_hal_thread_body
 796 03c4 13       		.uleb128 0x13
 797 03c5 9E030000 		.4byte	0x39e
 798 03c9 11       		.uleb128 0x11
 799 03ca D9030000 		.4byte	0x3d9
 800 03ce D9030000 		.4byte	0x3d9
 801 03d2 14       		.uleb128 0x14
 802 03d3 80030000 		.4byte	0x380
 803 03d7 04       		.byte	0x4
 804 03d8 00       		.byte	0
 805 03d9 13       		.uleb128 0x13
 806 03da B5000000 		.4byte	0xb5
 807 03de 16       		.uleb128 0x16
 808 03df E6050000 		.4byte	.LASF66
 809 03e3 05       		.byte	0x5
 810 03e4 71       		.byte	0x71
 811 03e5 EF030000 		.4byte	0x3ef
 812 03e9 05       		.uleb128 0x5
 813 03ea 03       		.byte	0x3
 814 03eb 00000000 		.4byte	EE_std_thread_tos
 815 03ef 13       		.uleb128 0x13
 816 03f0 C9030000 		.4byte	0x3c9
 817 03f4 11       		.uleb128 0x11
 818 03f5 80000000 		.4byte	0x80
 819 03f9 04040000 		.4byte	0x404
 820 03fd 14       		.uleb128 0x14
 821 03fe 80030000 		.4byte	0x380
 822 0402 03       		.byte	0x3
 823 0403 00       		.byte	0
 824 0404 16       		.uleb128 0x16
 825 0405 3E070000 		.4byte	.LASF67
ARM GAS  C:\Users\aditi\AppData\Local\Temp\ccZF381S.s 			page 16


 826 0409 05       		.byte	0x5
 827 040a ED       		.byte	0xed
 828 040b F4030000 		.4byte	0x3f4
 829 040f 05       		.uleb128 0x5
 830 0410 03       		.byte	0x3
 831 0411 00000000 		.4byte	EE_terminate_data
 832 0415 16       		.uleb128 0x16
 833 0416 B1040000 		.4byte	.LASF68
 834 041a 05       		.byte	0x5
 835 041b F0       		.byte	0xf0
 836 041c 26040000 		.4byte	0x426
 837 0420 05       		.uleb128 0x5
 838 0421 03       		.byte	0x3
 839 0422 00000000 		.4byte	EE_terminate_real_th_body
 840 0426 13       		.uleb128 0x13
 841 0427 9E030000 		.4byte	0x39e
 842 042b 11       		.uleb128 0x11
 843 042c EC000000 		.4byte	0xec
 844 0430 3B040000 		.4byte	0x43b
 845 0434 14       		.uleb128 0x14
 846 0435 80030000 		.4byte	0x380
 847 0439 02       		.byte	0x2
 848 043a 00       		.byte	0
 849 043b 16       		.uleb128 0x16
 850 043c 77040000 		.4byte	.LASF69
 851 0440 05       		.byte	0x5
 852 0441 8D       		.byte	0x8d
 853 0442 2B040000 		.4byte	0x42b
 854 0446 05       		.uleb128 0x5
 855 0447 03       		.byte	0x3
 856 0448 00000000 		.4byte	EE_cortex_mx_system_tos
 857 044c 16       		.uleb128 0x16
 858 044d 5B010000 		.4byte	.LASF70
 859 0451 05       		.byte	0x5
 860 0452 A9       		.byte	0xa9
 861 0453 B5000000 		.4byte	0xb5
 862 0457 05       		.uleb128 0x5
 863 0458 03       		.byte	0x3
 864 0459 00000000 		.4byte	EE_cortex_mx_active_tos
 865 045d 11       		.uleb128 0x11
 866 045e D9030000 		.4byte	0x3d9
 867 0462 6D040000 		.4byte	0x46d
 868 0466 14       		.uleb128 0x14
 869 0467 80030000 		.4byte	0x380
 870 046b 03       		.byte	0x3
 871 046c 00       		.byte	0
 872 046d 17       		.uleb128 0x17
 873 046e 45060000 		.4byte	.LASF71
 874 0472 05       		.byte	0x5
 875 0473 E202     		.2byte	0x2e2
 876 0475 7F040000 		.4byte	0x47f
 877 0479 05       		.uleb128 0x5
 878 047a 03       		.byte	0x3
 879 047b 00000000 		.4byte	EE_th_rnact_max
 880 047f 13       		.uleb128 0x13
 881 0480 5D040000 		.4byte	0x45d
 882 0484 17       		.uleb128 0x17
ARM GAS  C:\Users\aditi\AppData\Local\Temp\ccZF381S.s 			page 17


 883 0485 E9060000 		.4byte	.LASF72
 884 0489 05       		.byte	0x5
 885 048a 0C01     		.2byte	0x10c
 886 048c 96040000 		.4byte	0x496
 887 0490 05       		.uleb128 0x5
 888 0491 03       		.byte	0x3
 889 0492 00000000 		.4byte	EE_th_ready_prio
 890 0496 13       		.uleb128 0x13
 891 0497 5D040000 		.4byte	0x45d
 892 049b 17       		.uleb128 0x17
 893 049c 09030000 		.4byte	.LASF73
 894 04a0 05       		.byte	0x5
 895 04a1 4502     		.2byte	0x245
 896 04a3 AD040000 		.4byte	0x4ad
 897 04a7 05       		.uleb128 0x5
 898 04a8 03       		.byte	0x3
 899 04a9 00000000 		.4byte	EE_th_dispatch_prio
 900 04ad 13       		.uleb128 0x13
 901 04ae 5D040000 		.4byte	0x45d
 902 04b2 11       		.uleb128 0x11
 903 04b3 C2040000 		.4byte	0x4c2
 904 04b7 C2040000 		.4byte	0x4c2
 905 04bb 14       		.uleb128 0x14
 906 04bc 80030000 		.4byte	0x380
 907 04c0 03       		.byte	0x3
 908 04c1 00       		.byte	0
 909 04c2 06       		.uleb128 0x6
 910 04c3 04       		.byte	0x4
 911 04c4 CF040000 		.4byte	0x4cf
 912 04c8 02       		.uleb128 0x2
 913 04c9 01       		.byte	0x1
 914 04ca 08       		.byte	0x8
 915 04cb 31060000 		.4byte	.LASF74
 916 04cf 13       		.uleb128 0x13
 917 04d0 C8040000 		.4byte	0x4c8
 918 04d4 17       		.uleb128 0x17
 919 04d5 08050000 		.4byte	.LASF75
 920 04d9 05       		.byte	0x5
 921 04da 2801     		.2byte	0x128
 922 04dc B2040000 		.4byte	0x4b2
 923 04e0 05       		.uleb128 0x5
 924 04e1 03       		.byte	0x3
 925 04e2 00000000 		.4byte	EE_TASK_NAME
 926 04e6 11       		.uleb128 0x11
 927 04e7 C2040000 		.4byte	0x4c2
 928 04eb F6040000 		.4byte	0x4f6
 929 04ef 14       		.uleb128 0x14
 930 04f0 80030000 		.4byte	0x380
 931 04f4 02       		.byte	0x2
 932 04f5 00       		.byte	0
 933 04f6 17       		.uleb128 0x17
 934 04f7 40010000 		.4byte	.LASF76
 935 04fb 05       		.byte	0x5
 936 04fc 8101     		.2byte	0x181
 937 04fe E6040000 		.4byte	0x4e6
 938 0502 05       		.uleb128 0x5
 939 0503 03       		.byte	0x3
ARM GAS  C:\Users\aditi\AppData\Local\Temp\ccZF381S.s 			page 18


 940 0504 00000000 		.4byte	EE_EVENT_NAME
 941 0508 11       		.uleb128 0x11
 942 0509 C2040000 		.4byte	0x4c2
 943 050d 18050000 		.4byte	0x518
 944 0511 14       		.uleb128 0x14
 945 0512 80030000 		.4byte	0x380
 946 0516 00       		.byte	0
 947 0517 00       		.byte	0
 948 0518 17       		.uleb128 0x17
 949 0519 22020000 		.4byte	.LASF77
 950 051d 05       		.byte	0x5
 951 051e 3D06     		.2byte	0x63d
 952 0520 08050000 		.4byte	0x508
 953 0524 05       		.uleb128 0x5
 954 0525 03       		.byte	0x3
 955 0526 00000000 		.4byte	EE_ALARM_NAME
 956 052a 11       		.uleb128 0x11
 957 052b 3A050000 		.4byte	0x53a
 958 052f 3A050000 		.4byte	0x53a
 959 0533 14       		.uleb128 0x14
 960 0534 80030000 		.4byte	0x380
 961 0538 02       		.byte	0x2
 962 0539 00       		.byte	0
 963 053a 13       		.uleb128 0x13
 964 053b 40000000 		.4byte	0x40
 965 053f 17       		.uleb128 0x17
 966 0540 8A010000 		.4byte	.LASF78
 967 0544 05       		.byte	0x5
 968 0545 E201     		.2byte	0x1e2
 969 0547 51050000 		.4byte	0x551
 970 054b 05       		.uleb128 0x5
 971 054c 03       		.byte	0x3
 972 054d 00000000 		.4byte	EE_EVENT_ID
 973 0551 13       		.uleb128 0x13
 974 0552 2A050000 		.4byte	0x52a
 975 0556 11       		.uleb128 0x11
 976 0557 3A050000 		.4byte	0x53a
 977 055b 66050000 		.4byte	0x566
 978 055f 14       		.uleb128 0x14
 979 0560 80030000 		.4byte	0x380
 980 0564 00       		.byte	0
 981 0565 00       		.byte	0
 982 0566 17       		.uleb128 0x17
 983 0567 F5000000 		.4byte	.LASF79
 984 056b 05       		.byte	0x5
 985 056c 5906     		.2byte	0x659
 986 056e 78050000 		.4byte	0x578
 987 0572 05       		.uleb128 0x5
 988 0573 03       		.byte	0x3
 989 0574 00000000 		.4byte	EE_ALARM_ID
 990 0578 13       		.uleb128 0x13
 991 0579 56050000 		.4byte	0x556
 992 057d 11       		.uleb128 0x11
 993 057e B5000000 		.4byte	0xb5
 994 0582 8D050000 		.4byte	0x58d
 995 0586 14       		.uleb128 0x14
 996 0587 80030000 		.4byte	0x380
ARM GAS  C:\Users\aditi\AppData\Local\Temp\ccZF381S.s 			page 19


 997 058b 03       		.byte	0x3
 998 058c 00       		.byte	0
 999 058d 17       		.uleb128 0x17
 1000 058e E6020000 		.4byte	.LASF80
 1001 0592 05       		.byte	0x5
 1002 0593 8102     		.2byte	0x281
 1003 0595 7D050000 		.4byte	0x57d
 1004 0599 05       		.uleb128 0x5
 1005 059a 03       		.byte	0x3
 1006 059b 00000000 		.4byte	EE_th_status
 1007 059f 11       		.uleb128 0x11
 1008 05a0 E1000000 		.4byte	0xe1
 1009 05a4 AF050000 		.4byte	0x5af
 1010 05a8 14       		.uleb128 0x14
 1011 05a9 80030000 		.4byte	0x380
 1012 05ad 03       		.byte	0x3
 1013 05ae 00       		.byte	0
 1014 05af 17       		.uleb128 0x17
 1015 05b0 A6040000 		.4byte	.LASF81
 1016 05b4 05       		.byte	0x5
 1017 05b5 9D02     		.2byte	0x29d
 1018 05b7 9F050000 		.4byte	0x59f
 1019 05bb 05       		.uleb128 0x5
 1020 05bc 03       		.byte	0x3
 1021 05bd 00000000 		.4byte	EE_th_next
 1022 05c1 17       		.uleb128 0x17
 1023 05c2 FA060000 		.4byte	.LASF82
 1024 05c6 05       		.byte	0x5
 1025 05c7 C702     		.2byte	0x2c7
 1026 05c9 7D050000 		.4byte	0x57d
 1027 05cd 05       		.uleb128 0x5
 1028 05ce 03       		.byte	0x3
 1029 05cf 00000000 		.4byte	EE_th_rnact
 1030 05d3 17       		.uleb128 0x17
 1031 05d4 05000000 		.4byte	.LASF83
 1032 05d8 05       		.byte	0x5
 1033 05d9 7703     		.2byte	0x377
 1034 05db 9F050000 		.4byte	0x59f
 1035 05df 05       		.uleb128 0x5
 1036 05e0 03       		.byte	0x3
 1037 05e1 00000000 		.4byte	EE_th_terminate_nextask
 1038 05e5 17       		.uleb128 0x17
 1039 05e6 26000000 		.4byte	.LASF84
 1040 05ea 05       		.byte	0x5
 1041 05eb B902     		.2byte	0x2b9
 1042 05ed E1000000 		.4byte	0xe1
 1043 05f1 05       		.uleb128 0x5
 1044 05f2 03       		.byte	0x3
 1045 05f3 00000000 		.4byte	EE_stkfirst
 1046 05f7 17       		.uleb128 0x17
 1047 05f8 A1060000 		.4byte	.LASF85
 1048 05fc 05       		.byte	0x5
 1049 05fd BC02     		.2byte	0x2bc
 1050 05ff B5000000 		.4byte	0xb5
 1051 0603 05       		.uleb128 0x5
 1052 0604 03       		.byte	0x3
 1053 0605 00000000 		.4byte	EE_sys_ceiling
ARM GAS  C:\Users\aditi\AppData\Local\Temp\ccZF381S.s 			page 20


 1054 0609 17       		.uleb128 0x17
 1055 060a F4030000 		.4byte	.LASF86
 1056 060e 05       		.byte	0x5
 1057 060f FD02     		.2byte	0x2fd
 1058 0611 7D050000 		.4byte	0x57d
 1059 0615 05       		.uleb128 0x5
 1060 0616 03       		.byte	0x3
 1061 0617 00000000 		.4byte	EE_rq_link
 1062 061b 11       		.uleb128 0x11
 1063 061c C0000000 		.4byte	0xc0
 1064 0620 2B060000 		.4byte	0x62b
 1065 0624 14       		.uleb128 0x14
 1066 0625 80030000 		.4byte	0x380
 1067 0629 0F       		.byte	0xf
 1068 062a 00       		.byte	0
 1069 062b 17       		.uleb128 0x17
 1070 062c 9F010000 		.4byte	.LASF87
 1071 0630 05       		.byte	0x5
 1072 0631 BF02     		.2byte	0x2bf
 1073 0633 1B060000 		.4byte	0x61b
 1074 0637 05       		.uleb128 0x5
 1075 0638 03       		.byte	0x3
 1076 0639 00000000 		.4byte	EE_rq_queues_head
 1077 063d 17       		.uleb128 0x17
 1078 063e D4050000 		.4byte	.LASF88
 1079 0642 05       		.byte	0x5
 1080 0643 C102     		.2byte	0x2c1
 1081 0645 1B060000 		.4byte	0x61b
 1082 0649 05       		.uleb128 0x5
 1083 064a 03       		.byte	0x3
 1084 064b 00000000 		.4byte	EE_rq_queues_tail
 1085 064f 11       		.uleb128 0x11
 1086 0650 C0000000 		.4byte	0xc0
 1087 0654 5F060000 		.4byte	0x65f
 1088 0658 14       		.uleb128 0x14
 1089 0659 80030000 		.4byte	0x380
 1090 065d 03       		.byte	0x3
 1091 065e 00       		.byte	0
 1092 065f 17       		.uleb128 0x17
 1093 0660 99000000 		.4byte	.LASF89
 1094 0664 05       		.byte	0x5
 1095 0665 1B03     		.2byte	0x31b
 1096 0667 4F060000 		.4byte	0x64f
 1097 066b 05       		.uleb128 0x5
 1098 066c 03       		.byte	0x3
 1099 066d 00000000 		.4byte	EE_rq_pairs_next
 1100 0671 17       		.uleb128 0x17
 1101 0672 06070000 		.4byte	.LASF90
 1102 0676 05       		.byte	0x5
 1103 0677 7003     		.2byte	0x370
 1104 0679 9F050000 		.4byte	0x59f
 1105 067d 05       		.uleb128 0x5
 1106 067e 03       		.byte	0x3
 1107 067f 00000000 		.4byte	EE_rq_pairs_tid
 1108 0683 17       		.uleb128 0x17
 1109 0684 0B060000 		.4byte	.LASF91
 1110 0688 05       		.byte	0x5
ARM GAS  C:\Users\aditi\AppData\Local\Temp\ccZF381S.s 			page 21


 1111 0689 C402     		.2byte	0x2c4
 1112 068b 05010000 		.4byte	0x105
 1113 068f 05       		.uleb128 0x5
 1114 0690 03       		.byte	0x3
 1115 0691 00000000 		.4byte	EE_rq_bitmask
 1116 0695 17       		.uleb128 0x17
 1117 0696 E9030000 		.4byte	.LASF92
 1118 069a 05       		.byte	0x5
 1119 069b 7303     		.2byte	0x373
 1120 069d C0000000 		.4byte	0xc0
 1121 06a1 05       		.uleb128 0x5
 1122 06a2 03       		.byte	0x3
 1123 06a3 00000000 		.4byte	EE_rq_free
 1124 06a7 17       		.uleb128 0x17
 1125 06a8 79070000 		.4byte	.LASF93
 1126 06ac 05       		.byte	0x5
 1127 06ad 9A03     		.2byte	0x39a
 1128 06af 7D050000 		.4byte	0x57d
 1129 06b3 05       		.uleb128 0x5
 1130 06b4 03       		.byte	0x3
 1131 06b5 00000000 		.4byte	EE_th_event_active
 1132 06b9 17       		.uleb128 0x17
 1133 06ba DE040000 		.4byte	.LASF94
 1134 06be 05       		.byte	0x5
 1135 06bf B603     		.2byte	0x3b6
 1136 06c1 7D050000 		.4byte	0x57d
 1137 06c5 05       		.uleb128 0x5
 1138 06c6 03       		.byte	0x3
 1139 06c7 00000000 		.4byte	EE_th_event_waitmask
 1140 06cb 11       		.uleb128 0x11
 1141 06cc D6000000 		.4byte	0xd6
 1142 06d0 DB060000 		.4byte	0x6db
 1143 06d4 14       		.uleb128 0x14
 1144 06d5 80030000 		.4byte	0x380
 1145 06d9 03       		.byte	0x3
 1146 06da 00       		.byte	0
 1147 06db 17       		.uleb128 0x17
 1148 06dc 42020000 		.4byte	.LASF95
 1149 06e0 05       		.byte	0x5
 1150 06e1 D203     		.2byte	0x3d2
 1151 06e3 CB060000 		.4byte	0x6cb
 1152 06e7 05       		.uleb128 0x5
 1153 06e8 03       		.byte	0x3
 1154 06e9 00000000 		.4byte	EE_th_waswaiting
 1155 06ed 17       		.uleb128 0x17
 1156 06ee B1070000 		.4byte	.LASF96
 1157 06f2 05       		.byte	0x5
 1158 06f3 EE03     		.2byte	0x3ee
 1159 06f5 FF060000 		.4byte	0x6ff
 1160 06f9 05       		.uleb128 0x5
 1161 06fa 03       		.byte	0x3
 1162 06fb 00000000 		.4byte	EE_th_is_extended
 1163 06ff 13       		.uleb128 0x13
 1164 0700 5D040000 		.4byte	0x45d
 1165 0704 11       		.uleb128 0x11
 1166 0705 14070000 		.4byte	0x714
 1167 0709 14070000 		.4byte	0x714
ARM GAS  C:\Users\aditi\AppData\Local\Temp\ccZF381S.s 			page 22


 1168 070d 14       		.uleb128 0x14
 1169 070e 80030000 		.4byte	0x380
 1170 0712 00       		.byte	0
 1171 0713 00       		.byte	0
 1172 0714 13       		.uleb128 0x13
 1173 0715 8A010000 		.4byte	0x18a
 1174 0719 17       		.uleb128 0x17
 1175 071a 37040000 		.4byte	.LASF97
 1176 071e 05       		.byte	0x5
 1177 071f FF05     		.2byte	0x5ff
 1178 0721 2B070000 		.4byte	0x72b
 1179 0725 05       		.uleb128 0x5
 1180 0726 03       		.byte	0x3
 1181 0727 00000000 		.4byte	EE_counter_ROM
 1182 072b 13       		.uleb128 0x13
 1183 072c 04070000 		.4byte	0x704
 1184 0730 11       		.uleb128 0x11
 1185 0731 40070000 		.4byte	0x740
 1186 0735 40070000 		.4byte	0x740
 1187 0739 14       		.uleb128 0x14
 1188 073a 80030000 		.4byte	0x380
 1189 073e 00       		.byte	0
 1190 073f 00       		.byte	0
 1191 0740 13       		.uleb128 0x13
 1192 0741 27020000 		.4byte	0x227
 1193 0745 17       		.uleb128 0x17
 1194 0746 64030000 		.4byte	.LASF98
 1195 074a 05       		.byte	0x5
 1196 074b 9606     		.2byte	0x696
 1197 074d 57070000 		.4byte	0x757
 1198 0751 05       		.uleb128 0x5
 1199 0752 03       		.byte	0x3
 1200 0753 00000000 		.4byte	EE_oo_counter_object_ROM
 1201 0757 13       		.uleb128 0x13
 1202 0758 30070000 		.4byte	0x730
 1203 075c 11       		.uleb128 0x11
 1204 075d 6C070000 		.4byte	0x76c
 1205 0761 6C070000 		.4byte	0x76c
 1206 0765 14       		.uleb128 0x14
 1207 0766 80030000 		.4byte	0x380
 1208 076a 00       		.byte	0
 1209 076b 00       		.byte	0
 1210 076c 13       		.uleb128 0x13
 1211 076d 04030000 		.4byte	0x304
 1212 0771 17       		.uleb128 0x17
 1213 0772 9A030000 		.4byte	.LASF99
 1214 0776 05       		.byte	0x5
 1215 0777 BA06     		.2byte	0x6ba
 1216 0779 83070000 		.4byte	0x783
 1217 077d 05       		.uleb128 0x5
 1218 077e 03       		.byte	0x3
 1219 077f 00000000 		.4byte	EE_oo_action_ROM
 1220 0783 13       		.uleb128 0x13
 1221 0784 5C070000 		.4byte	0x75c
 1222 0788 11       		.uleb128 0x11
 1223 0789 98070000 		.4byte	0x798
 1224 078d 98070000 		.4byte	0x798
ARM GAS  C:\Users\aditi\AppData\Local\Temp\ccZF381S.s 			page 23


 1225 0791 14       		.uleb128 0x14
 1226 0792 80030000 		.4byte	0x380
 1227 0796 00       		.byte	0
 1228 0797 00       		.byte	0
 1229 0798 13       		.uleb128 0x13
 1230 0799 27030000 		.4byte	0x327
 1231 079d 17       		.uleb128 0x17
 1232 079e 4E010000 		.4byte	.LASF100
 1233 07a2 05       		.byte	0x5
 1234 07a3 2006     		.2byte	0x620
 1235 07a5 AF070000 		.4byte	0x7af
 1236 07a9 05       		.uleb128 0x5
 1237 07aa 03       		.byte	0x3
 1238 07ab 00000000 		.4byte	EE_alarm_ROM
 1239 07af 13       		.uleb128 0x13
 1240 07b0 88070000 		.4byte	0x788
 1241 07b4 11       		.uleb128 0x11
 1242 07b5 BA010000 		.4byte	0x1ba
 1243 07b9 C4070000 		.4byte	0x7c4
 1244 07bd 14       		.uleb128 0x14
 1245 07be 80030000 		.4byte	0x380
 1246 07c2 00       		.byte	0
 1247 07c3 00       		.byte	0
 1248 07c4 17       		.uleb128 0x17
 1249 07c5 67060000 		.4byte	.LASF101
 1250 07c9 05       		.byte	0x5
 1251 07ca 0C06     		.2byte	0x60c
 1252 07cc B4070000 		.4byte	0x7b4
 1253 07d0 05       		.uleb128 0x5
 1254 07d1 03       		.byte	0x3
 1255 07d2 00000000 		.4byte	EE_counter_RAM
 1256 07d6 11       		.uleb128 0x11
 1257 07d7 71020000 		.4byte	0x271
 1258 07db E6070000 		.4byte	0x7e6
 1259 07df 14       		.uleb128 0x14
 1260 07e0 80030000 		.4byte	0x380
 1261 07e4 00       		.byte	0
 1262 07e5 00       		.byte	0
 1263 07e6 17       		.uleb128 0x17
 1264 07e7 C1060000 		.4byte	.LASF102
 1265 07eb 05       		.byte	0x5
 1266 07ec B106     		.2byte	0x6b1
 1267 07ee D6070000 		.4byte	0x7d6
 1268 07f2 05       		.uleb128 0x5
 1269 07f3 03       		.byte	0x3
 1270 07f4 00000000 		.4byte	EE_oo_counter_object_RAM
 1271 07f8 11       		.uleb128 0x11
 1272 07f9 08080000 		.4byte	0x808
 1273 07fd 08080000 		.4byte	0x808
 1274 0801 14       		.uleb128 0x14
 1275 0802 80030000 		.4byte	0x380
 1276 0806 00       		.byte	0
 1277 0807 00       		.byte	0
 1278 0808 13       		.uleb128 0x13
 1279 0809 33030000 		.4byte	0x333
 1280 080d 17       		.uleb128 0x17
 1281 080e CB070000 		.4byte	.LASF103
ARM GAS  C:\Users\aditi\AppData\Local\Temp\ccZF381S.s 			page 24


 1282 0812 05       		.byte	0x5
 1283 0813 9607     		.2byte	0x796
 1284 0815 1F080000 		.4byte	0x81f
 1285 0819 05       		.uleb128 0x5
 1286 081a 03       		.byte	0x3
 1287 081b 00000000 		.4byte	EE_oo_autostart_task_data
 1288 081f 13       		.uleb128 0x13
 1289 0820 F8070000 		.4byte	0x7f8
 1290 0824 18       		.uleb128 0x18
 1291 0825 B1010000 		.4byte	.LASF104
 1292 0829 06       		.byte	0x6
 1293 082a 40       		.byte	0x40
 1294 082b B5000000 		.4byte	0xb5
 1295 082f 18       		.uleb128 0x18
 1296 0830 D0030000 		.4byte	.LASF105
 1297 0834 06       		.byte	0x6
 1298 0835 47       		.byte	0x47
 1299 0836 CB000000 		.4byte	0xcb
 1300 083a 17       		.uleb128 0x17
 1301 083b 87030000 		.4byte	.LASF106
 1302 083f 05       		.byte	0x5
 1303 0840 5C07     		.2byte	0x75c
 1304 0842 B5000000 		.4byte	0xb5
 1305 0846 05       		.uleb128 0x5
 1306 0847 03       		.byte	0x3
 1307 0848 00000000 		.4byte	EE_ApplicationMode
 1308 084c 18       		.uleb128 0x18
 1309 084d C9010000 		.4byte	.LASF107
 1310 0851 07       		.byte	0x7
 1311 0852 48       		.byte	0x48
 1312 0853 E1000000 		.4byte	0xe1
 1313 0857 18       		.uleb128 0x18
 1314 0858 16070000 		.4byte	.LASF108
 1315 085c 08       		.byte	0x8
 1316 085d 44       		.byte	0x44
 1317 085e B5000000 		.4byte	0xb5
 1318 0862 16       		.uleb128 0x16
 1319 0863 49000000 		.4byte	.LASF109
 1320 0867 05       		.byte	0x5
 1321 0868 AD       		.byte	0xad
 1322 0869 EC000000 		.4byte	0xec
 1323 086d 05       		.uleb128 0x5
 1324 086e 03       		.byte	0x3
 1325 086f 00000000 		.4byte	EE_cortex_mx_IRQ_tos
 1326 0873 11       		.uleb128 0x11
 1327 0874 55000000 		.4byte	0x55
 1328 0878 83080000 		.4byte	0x883
 1329 087c 14       		.uleb128 0x14
 1330 087d 80030000 		.4byte	0x380
 1331 0881 F9       		.byte	0xf9
 1332 0882 00       		.byte	0
 1333 0883 16       		.uleb128 0x16
 1334 0884 F3040000 		.4byte	.LASF110
 1335 0888 05       		.byte	0x5
 1336 0889 19       		.byte	0x19
 1337 088a 73080000 		.4byte	0x873
 1338 088e 05       		.uleb128 0x5
ARM GAS  C:\Users\aditi\AppData\Local\Temp\ccZF381S.s 			page 25


 1339 088f 03       		.byte	0x3
 1340 0890 00000000 		.4byte	EE_cortex_mx_stack_3
 1341 0894 16       		.uleb128 0x16
 1342 0895 1D030000 		.4byte	.LASF111
 1343 0899 05       		.byte	0x5
 1344 089a 1D       		.byte	0x1d
 1345 089b 73080000 		.4byte	0x873
 1346 089f 05       		.uleb128 0x5
 1347 08a0 03       		.byte	0x3
 1348 08a1 00000000 		.4byte	EE_cortex_mx_stack_4
 1349 08a5 11       		.uleb128 0x11
 1350 08a6 55000000 		.4byte	0x55
 1351 08aa B5080000 		.4byte	0x8b5
 1352 08ae 14       		.uleb128 0x14
 1353 08af 80030000 		.4byte	0x380
 1354 08b3 7F       		.byte	0x7f
 1355 08b4 00       		.byte	0
 1356 08b5 16       		.uleb128 0x16
 1357 08b6 32030000 		.4byte	.LASF112
 1358 08ba 05       		.byte	0x5
 1359 08bb 32       		.byte	0x32
 1360 08bc A5080000 		.4byte	0x8a5
 1361 08c0 05       		.uleb128 0x5
 1362 08c1 03       		.byte	0x3
 1363 08c2 00000000 		.4byte	EE_cortex_mx_stack_9
 1364 08c6 00       		.byte	0
 1365              		.section	.debug_abbrev,"",%progbits
 1366              	.Ldebug_abbrev0:
 1367 0000 01       		.uleb128 0x1
 1368 0001 11       		.uleb128 0x11
 1369 0002 01       		.byte	0x1
 1370 0003 25       		.uleb128 0x25
 1371 0004 0E       		.uleb128 0xe
 1372 0005 13       		.uleb128 0x13
 1373 0006 0B       		.uleb128 0xb
 1374 0007 03       		.uleb128 0x3
 1375 0008 0E       		.uleb128 0xe
 1376 0009 1B       		.uleb128 0x1b
 1377 000a 0E       		.uleb128 0xe
 1378 000b 10       		.uleb128 0x10
 1379 000c 17       		.uleb128 0x17
 1380 000d 00       		.byte	0
 1381 000e 00       		.byte	0
 1382 000f 02       		.uleb128 0x2
 1383 0010 24       		.uleb128 0x24
 1384 0011 00       		.byte	0
 1385 0012 0B       		.uleb128 0xb
 1386 0013 0B       		.uleb128 0xb
 1387 0014 3E       		.uleb128 0x3e
 1388 0015 0B       		.uleb128 0xb
 1389 0016 03       		.uleb128 0x3
 1390 0017 0E       		.uleb128 0xe
 1391 0018 00       		.byte	0
 1392 0019 00       		.byte	0
 1393 001a 03       		.uleb128 0x3
 1394 001b 24       		.uleb128 0x24
 1395 001c 00       		.byte	0
ARM GAS  C:\Users\aditi\AppData\Local\Temp\ccZF381S.s 			page 26


 1396 001d 0B       		.uleb128 0xb
 1397 001e 0B       		.uleb128 0xb
 1398 001f 3E       		.uleb128 0x3e
 1399 0020 0B       		.uleb128 0xb
 1400 0021 03       		.uleb128 0x3
 1401 0022 08       		.uleb128 0x8
 1402 0023 00       		.byte	0
 1403 0024 00       		.byte	0
 1404 0025 04       		.uleb128 0x4
 1405 0026 16       		.uleb128 0x16
 1406 0027 00       		.byte	0
 1407 0028 03       		.uleb128 0x3
 1408 0029 0E       		.uleb128 0xe
 1409 002a 3A       		.uleb128 0x3a
 1410 002b 0B       		.uleb128 0xb
 1411 002c 3B       		.uleb128 0x3b
 1412 002d 0B       		.uleb128 0xb
 1413 002e 49       		.uleb128 0x49
 1414 002f 13       		.uleb128 0x13
 1415 0030 00       		.byte	0
 1416 0031 00       		.byte	0
 1417 0032 05       		.uleb128 0x5
 1418 0033 0F       		.uleb128 0xf
 1419 0034 00       		.byte	0
 1420 0035 0B       		.uleb128 0xb
 1421 0036 0B       		.uleb128 0xb
 1422 0037 00       		.byte	0
 1423 0038 00       		.byte	0
 1424 0039 06       		.uleb128 0x6
 1425 003a 0F       		.uleb128 0xf
 1426 003b 00       		.byte	0
 1427 003c 0B       		.uleb128 0xb
 1428 003d 0B       		.uleb128 0xb
 1429 003e 49       		.uleb128 0x49
 1430 003f 13       		.uleb128 0x13
 1431 0040 00       		.byte	0
 1432 0041 00       		.byte	0
 1433 0042 07       		.uleb128 0x7
 1434 0043 15       		.uleb128 0x15
 1435 0044 00       		.byte	0
 1436 0045 27       		.uleb128 0x27
 1437 0046 19       		.uleb128 0x19
 1438 0047 00       		.byte	0
 1439 0048 00       		.byte	0
 1440 0049 08       		.uleb128 0x8
 1441 004a 13       		.uleb128 0x13
 1442 004b 01       		.byte	0x1
 1443 004c 03       		.uleb128 0x3
 1444 004d 0E       		.uleb128 0xe
 1445 004e 0B       		.uleb128 0xb
 1446 004f 0B       		.uleb128 0xb
 1447 0050 3A       		.uleb128 0x3a
 1448 0051 0B       		.uleb128 0xb
 1449 0052 3B       		.uleb128 0x3b
 1450 0053 0B       		.uleb128 0xb
 1451 0054 01       		.uleb128 0x1
 1452 0055 13       		.uleb128 0x13
ARM GAS  C:\Users\aditi\AppData\Local\Temp\ccZF381S.s 			page 27


 1453 0056 00       		.byte	0
 1454 0057 00       		.byte	0
 1455 0058 09       		.uleb128 0x9
 1456 0059 0D       		.uleb128 0xd
 1457 005a 00       		.byte	0
 1458 005b 03       		.uleb128 0x3
 1459 005c 0E       		.uleb128 0xe
 1460 005d 3A       		.uleb128 0x3a
 1461 005e 0B       		.uleb128 0xb
 1462 005f 3B       		.uleb128 0x3b
 1463 0060 0B       		.uleb128 0xb
 1464 0061 49       		.uleb128 0x49
 1465 0062 13       		.uleb128 0x13
 1466 0063 38       		.uleb128 0x38
 1467 0064 0B       		.uleb128 0xb
 1468 0065 00       		.byte	0
 1469 0066 00       		.byte	0
 1470 0067 0A       		.uleb128 0xa
 1471 0068 16       		.uleb128 0x16
 1472 0069 00       		.byte	0
 1473 006a 03       		.uleb128 0x3
 1474 006b 0E       		.uleb128 0xe
 1475 006c 3A       		.uleb128 0x3a
 1476 006d 0B       		.uleb128 0xb
 1477 006e 3B       		.uleb128 0x3b
 1478 006f 05       		.uleb128 0x5
 1479 0070 49       		.uleb128 0x49
 1480 0071 13       		.uleb128 0x13
 1481 0072 00       		.byte	0
 1482 0073 00       		.byte	0
 1483 0074 0B       		.uleb128 0xb
 1484 0075 13       		.uleb128 0x13
 1485 0076 01       		.byte	0x1
 1486 0077 0B       		.uleb128 0xb
 1487 0078 0B       		.uleb128 0xb
 1488 0079 3A       		.uleb128 0x3a
 1489 007a 0B       		.uleb128 0xb
 1490 007b 3B       		.uleb128 0x3b
 1491 007c 05       		.uleb128 0x5
 1492 007d 01       		.uleb128 0x1
 1493 007e 13       		.uleb128 0x13
 1494 007f 00       		.byte	0
 1495 0080 00       		.byte	0
 1496 0081 0C       		.uleb128 0xc
 1497 0082 0D       		.uleb128 0xd
 1498 0083 00       		.byte	0
 1499 0084 03       		.uleb128 0x3
 1500 0085 0E       		.uleb128 0xe
 1501 0086 3A       		.uleb128 0x3a
 1502 0087 0B       		.uleb128 0xb
 1503 0088 3B       		.uleb128 0x3b
 1504 0089 05       		.uleb128 0x5
 1505 008a 49       		.uleb128 0x49
 1506 008b 13       		.uleb128 0x13
 1507 008c 38       		.uleb128 0x38
 1508 008d 0B       		.uleb128 0xb
 1509 008e 00       		.byte	0
ARM GAS  C:\Users\aditi\AppData\Local\Temp\ccZF381S.s 			page 28


 1510 008f 00       		.byte	0
 1511 0090 0D       		.uleb128 0xd
 1512 0091 04       		.uleb128 0x4
 1513 0092 01       		.byte	0x1
 1514 0093 0B       		.uleb128 0xb
 1515 0094 0B       		.uleb128 0xb
 1516 0095 49       		.uleb128 0x49
 1517 0096 13       		.uleb128 0x13
 1518 0097 3A       		.uleb128 0x3a
 1519 0098 0B       		.uleb128 0xb
 1520 0099 3B       		.uleb128 0x3b
 1521 009a 05       		.uleb128 0x5
 1522 009b 01       		.uleb128 0x1
 1523 009c 13       		.uleb128 0x13
 1524 009d 00       		.byte	0
 1525 009e 00       		.byte	0
 1526 009f 0E       		.uleb128 0xe
 1527 00a0 28       		.uleb128 0x28
 1528 00a1 00       		.byte	0
 1529 00a2 03       		.uleb128 0x3
 1530 00a3 0E       		.uleb128 0xe
 1531 00a4 1C       		.uleb128 0x1c
 1532 00a5 0B       		.uleb128 0xb
 1533 00a6 00       		.byte	0
 1534 00a7 00       		.byte	0
 1535 00a8 0F       		.uleb128 0xf
 1536 00a9 0D       		.uleb128 0xd
 1537 00aa 00       		.byte	0
 1538 00ab 03       		.uleb128 0x3
 1539 00ac 08       		.uleb128 0x8
 1540 00ad 3A       		.uleb128 0x3a
 1541 00ae 0B       		.uleb128 0xb
 1542 00af 3B       		.uleb128 0x3b
 1543 00b0 05       		.uleb128 0x5
 1544 00b1 49       		.uleb128 0x49
 1545 00b2 13       		.uleb128 0x13
 1546 00b3 38       		.uleb128 0x38
 1547 00b4 0B       		.uleb128 0xb
 1548 00b5 00       		.byte	0
 1549 00b6 00       		.byte	0
 1550 00b7 10       		.uleb128 0x10
 1551 00b8 13       		.uleb128 0x13
 1552 00b9 01       		.byte	0x1
 1553 00ba 03       		.uleb128 0x3
 1554 00bb 0E       		.uleb128 0xe
 1555 00bc 0B       		.uleb128 0xb
 1556 00bd 0B       		.uleb128 0xb
 1557 00be 3A       		.uleb128 0x3a
 1558 00bf 0B       		.uleb128 0xb
 1559 00c0 3B       		.uleb128 0x3b
 1560 00c1 05       		.uleb128 0x5
 1561 00c2 01       		.uleb128 0x1
 1562 00c3 13       		.uleb128 0x13
 1563 00c4 00       		.byte	0
 1564 00c5 00       		.byte	0
 1565 00c6 11       		.uleb128 0x11
 1566 00c7 01       		.uleb128 0x1
ARM GAS  C:\Users\aditi\AppData\Local\Temp\ccZF381S.s 			page 29


 1567 00c8 01       		.byte	0x1
 1568 00c9 49       		.uleb128 0x49
 1569 00ca 13       		.uleb128 0x13
 1570 00cb 01       		.uleb128 0x1
 1571 00cc 13       		.uleb128 0x13
 1572 00cd 00       		.byte	0
 1573 00ce 00       		.byte	0
 1574 00cf 12       		.uleb128 0x12
 1575 00d0 21       		.uleb128 0x21
 1576 00d1 00       		.byte	0
 1577 00d2 00       		.byte	0
 1578 00d3 00       		.byte	0
 1579 00d4 13       		.uleb128 0x13
 1580 00d5 26       		.uleb128 0x26
 1581 00d6 00       		.byte	0
 1582 00d7 49       		.uleb128 0x49
 1583 00d8 13       		.uleb128 0x13
 1584 00d9 00       		.byte	0
 1585 00da 00       		.byte	0
 1586 00db 14       		.uleb128 0x14
 1587 00dc 21       		.uleb128 0x21
 1588 00dd 00       		.byte	0
 1589 00de 49       		.uleb128 0x49
 1590 00df 13       		.uleb128 0x13
 1591 00e0 2F       		.uleb128 0x2f
 1592 00e1 0B       		.uleb128 0xb
 1593 00e2 00       		.byte	0
 1594 00e3 00       		.byte	0
 1595 00e4 15       		.uleb128 0x15
 1596 00e5 34       		.uleb128 0x34
 1597 00e6 00       		.byte	0
 1598 00e7 03       		.uleb128 0x3
 1599 00e8 0E       		.uleb128 0xe
 1600 00e9 3A       		.uleb128 0x3a
 1601 00ea 0B       		.uleb128 0xb
 1602 00eb 3B       		.uleb128 0x3b
 1603 00ec 05       		.uleb128 0x5
 1604 00ed 49       		.uleb128 0x49
 1605 00ee 13       		.uleb128 0x13
 1606 00ef 02       		.uleb128 0x2
 1607 00f0 18       		.uleb128 0x18
 1608 00f1 00       		.byte	0
 1609 00f2 00       		.byte	0
 1610 00f3 16       		.uleb128 0x16
 1611 00f4 34       		.uleb128 0x34
 1612 00f5 00       		.byte	0
 1613 00f6 03       		.uleb128 0x3
 1614 00f7 0E       		.uleb128 0xe
 1615 00f8 3A       		.uleb128 0x3a
 1616 00f9 0B       		.uleb128 0xb
 1617 00fa 3B       		.uleb128 0x3b
 1618 00fb 0B       		.uleb128 0xb
 1619 00fc 49       		.uleb128 0x49
 1620 00fd 13       		.uleb128 0x13
 1621 00fe 3F       		.uleb128 0x3f
 1622 00ff 19       		.uleb128 0x19
 1623 0100 02       		.uleb128 0x2
ARM GAS  C:\Users\aditi\AppData\Local\Temp\ccZF381S.s 			page 30


 1624 0101 18       		.uleb128 0x18
 1625 0102 00       		.byte	0
 1626 0103 00       		.byte	0
 1627 0104 17       		.uleb128 0x17
 1628 0105 34       		.uleb128 0x34
 1629 0106 00       		.byte	0
 1630 0107 03       		.uleb128 0x3
 1631 0108 0E       		.uleb128 0xe
 1632 0109 3A       		.uleb128 0x3a
 1633 010a 0B       		.uleb128 0xb
 1634 010b 3B       		.uleb128 0x3b
 1635 010c 05       		.uleb128 0x5
 1636 010d 49       		.uleb128 0x49
 1637 010e 13       		.uleb128 0x13
 1638 010f 3F       		.uleb128 0x3f
 1639 0110 19       		.uleb128 0x19
 1640 0111 02       		.uleb128 0x2
 1641 0112 18       		.uleb128 0x18
 1642 0113 00       		.byte	0
 1643 0114 00       		.byte	0
 1644 0115 18       		.uleb128 0x18
 1645 0116 34       		.uleb128 0x34
 1646 0117 00       		.byte	0
 1647 0118 03       		.uleb128 0x3
 1648 0119 0E       		.uleb128 0xe
 1649 011a 3A       		.uleb128 0x3a
 1650 011b 0B       		.uleb128 0xb
 1651 011c 3B       		.uleb128 0x3b
 1652 011d 0B       		.uleb128 0xb
 1653 011e 49       		.uleb128 0x49
 1654 011f 13       		.uleb128 0x13
 1655 0120 3F       		.uleb128 0x3f
 1656 0121 19       		.uleb128 0x19
 1657 0122 3C       		.uleb128 0x3c
 1658 0123 19       		.uleb128 0x19
 1659 0124 00       		.byte	0
 1660 0125 00       		.byte	0
 1661 0126 00       		.byte	0
 1662              		.section	.debug_aranges,"",%progbits
 1663 0000 14000000 		.4byte	0x14
 1664 0004 0200     		.2byte	0x2
 1665 0006 00000000 		.4byte	.Ldebug_info0
 1666 000a 04       		.byte	0x4
 1667 000b 00       		.byte	0
 1668 000c 0000     		.2byte	0
 1669 000e 0000     		.2byte	0
 1670 0010 00000000 		.4byte	0
 1671 0014 00000000 		.4byte	0
 1672              		.section	.debug_line,"",%progbits
 1673              	.Ldebug_line0:
 1674 0000 38010000 		.section	.debug_str,"MS",%progbits,1
 1674      02003201 
 1674      00000201 
 1674      FB0E0D00 
 1674      01010101 
 1675              	.LASF46:
 1676 0000 6E657874 		.ascii	"next\000"
ARM GAS  C:\Users\aditi\AppData\Local\Temp\ccZF381S.s 			page 31


 1676      00
 1677              	.LASF83:
 1678 0005 45455F74 		.ascii	"EE_th_terminate_nextask\000"
 1678      685F7465 
 1678      726D696E 
 1678      6174655F 
 1678      6E657874 
 1679              	.LASF24:
 1680 001d 5469636B 		.ascii	"TickType\000"
 1680      54797065 
 1680      00
 1681              	.LASF84:
 1682 0026 45455F73 		.ascii	"EE_stkfirst\000"
 1682      746B6669 
 1682      72737400 
 1683              	.LASF26:
 1684 0032 41637469 		.ascii	"ActionType\000"
 1684      6F6E5479 
 1684      706500
 1685              	.LASF19:
 1686 003d 45455F54 		.ascii	"EE_TYPEBOOL\000"
 1686      59504542 
 1686      4F4F4C00 
 1687              	.LASF109:
 1688 0049 45455F63 		.ascii	"EE_cortex_mx_IRQ_tos\000"
 1688      6F727465 
 1688      785F6D78 
 1688      5F495251 
 1688      5F746F73 
 1689              	.LASF7:
 1690 005e 6C6F6E67 		.ascii	"long long unsigned int\000"
 1690      206C6F6E 
 1690      6720756E 
 1690      7369676E 
 1690      65642069 
 1691              	.LASF45:
 1692 0075 64656C74 		.ascii	"delta\000"
 1692      6100
 1693              	.LASF42:
 1694 007b 45455F6F 		.ascii	"EE_oo_counter_object_ROM_type\000"
 1694      6F5F636F 
 1694      756E7465 
 1694      725F6F62 
 1694      6A656374 
 1695              	.LASF89:
 1696 0099 45455F72 		.ascii	"EE_rq_pairs_next\000"
 1696      715F7061 
 1696      6972735F 
 1696      6E657874 
 1696      00
 1697              	.LASF22:
 1698 00aa 5461736B 		.ascii	"TaskType\000"
 1698      54797065 
 1698      00
 1699              	.LASF61:
 1700 00b3 45455F54 		.ascii	"EE_TOS\000"
 1700      4F5300
ARM GAS  C:\Users\aditi\AppData\Local\Temp\ccZF381S.s 			page 32


 1701              	.LASF29:
 1702 00ba 6D617861 		.ascii	"maxallowedvalue\000"
 1702      6C6C6F77 
 1702      65647661 
 1702      6C756500 
 1703              	.LASF116:
 1704 00ca 45455F6F 		.ascii	"EE_oo_autostart_task_mode_OSDEFAULTAPPMODE\000"
 1704      6F5F6175 
 1704      746F7374 
 1704      6172745F 
 1704      7461736B 
 1705              	.LASF79:
 1706 00f5 45455F41 		.ascii	"EE_ALARM_ID\000"
 1706      4C41524D 
 1706      5F494400 
 1707              	.LASF6:
 1708 0101 6C6F6E67 		.ascii	"long long int\000"
 1708      206C6F6E 
 1708      6720696E 
 1708      7400
 1709              	.LASF0:
 1710 010f 7369676E 		.ascii	"signed char\000"
 1710      65642063 
 1710      68617200 
 1711              	.LASF52:
 1712 011b 45455F6F 		.ascii	"EE_oo_action_kind_type\000"
 1712      6F5F6163 
 1712      74696F6E 
 1712      5F6B696E 
 1712      645F7479 
 1713              	.LASF23:
 1714 0132 4576656E 		.ascii	"EventMaskType\000"
 1714      744D6173 
 1714      6B547970 
 1714      6500
 1715              	.LASF76:
 1716 0140 45455F45 		.ascii	"EE_EVENT_NAME\000"
 1716      56454E54 
 1716      5F4E414D 
 1716      4500
 1717              	.LASF100:
 1718 014e 45455F61 		.ascii	"EE_alarm_ROM\000"
 1718      6C61726D 
 1718      5F524F4D 
 1718      00
 1719              	.LASF70:
 1720 015b 45455F63 		.ascii	"EE_cortex_mx_active_tos\000"
 1720      6F727465 
 1720      785F6D78 
 1720      5F616374 
 1720      6976655F 
 1721              	.LASF35:
 1722 0173 45455F6F 		.ascii	"EE_oo_counter_RAM_type\000"
 1722      6F5F636F 
 1722      756E7465 
 1722      725F5241 
 1722      4D5F7479 
ARM GAS  C:\Users\aditi\AppData\Local\Temp\ccZF381S.s 			page 33


 1723              	.LASF78:
 1724 018a 45455F45 		.ascii	"EE_EVENT_ID\000"
 1724      56454E54 
 1724      5F494400 
 1725              	.LASF4:
 1726 0196 6C6F6E67 		.ascii	"long int\000"
 1726      20696E74 
 1726      00
 1727              	.LASF87:
 1728 019f 45455F72 		.ascii	"EE_rq_queues_head\000"
 1728      715F7175 
 1728      65756573 
 1728      5F686561 
 1728      6400
 1729              	.LASF104:
 1730 01b1 45455F6F 		.ascii	"EE_oo_IRQ_disable_count\000"
 1730      6F5F4952 
 1730      515F6469 
 1730      7361626C 
 1730      655F636F 
 1731              	.LASF107:
 1732 01c9 45455F73 		.ascii	"EE_std_endcycle_next_tid\000"
 1732      74645F65 
 1732      6E646379 
 1732      636C655F 
 1732      6E657874 
 1733              	.LASF31:
 1734 01e2 6D696E63 		.ascii	"mincycle\000"
 1734      79636C65 
 1734      00
 1735              	.LASF20:
 1736 01eb 45455F54 		.ascii	"EE_TID\000"
 1736      494400
 1737              	.LASF33:
 1738 01f2 76616C75 		.ascii	"value\000"
 1738      6500
 1739              	.LASF8:
 1740 01f8 756E7369 		.ascii	"unsigned int\000"
 1740      676E6564 
 1740      20696E74 
 1740      00
 1741              	.LASF16:
 1742 0205 45455F55 		.ascii	"EE_UREG\000"
 1742      52454700 
 1743              	.LASF60:
 1744 020d 45455F6F 		.ascii	"EE_oo_alarm_ROM_type\000"
 1744      6F5F616C 
 1744      61726D5F 
 1744      524F4D5F 
 1744      74797065 
 1745              	.LASF77:
 1746 0222 45455F41 		.ascii	"EE_ALARM_NAME\000"
 1746      4C41524D 
 1746      5F4E414D 
 1746      4500
 1747              	.LASF5:
 1748 0230 6C6F6E67 		.ascii	"long unsigned int\000"
ARM GAS  C:\Users\aditi\AppData\Local\Temp\ccZF381S.s 			page 34


 1748      20756E73 
 1748      69676E65 
 1748      6420696E 
 1748      7400
 1749              	.LASF95:
 1750 0242 45455F74 		.ascii	"EE_th_waswaiting\000"
 1750      685F7761 
 1750      73776169 
 1750      74696E67 
 1750      00
 1751              	.LASF62:
 1752 0253 45455F6F 		.ascii	"EE_oo_autostart_task_type\000"
 1752      6F5F6175 
 1752      746F7374 
 1752      6172745F 
 1752      7461736B 
 1753              	.LASF41:
 1754 026d 6B696E64 		.ascii	"kind\000"
 1754      00
 1755              	.LASF3:
 1756 0272 73686F72 		.ascii	"short unsigned int\000"
 1756      7420756E 
 1756      7369676E 
 1756      65642069 
 1756      6E7400
 1757              	.LASF115:
 1758 0285 433A5C44 		.ascii	"C:\\Darmstadt\\SecondSem\\EAA\\Lab1\\GasPedal\\Elec"
 1758      61726D73 
 1758      74616474 
 1758      5C536563 
 1758      6F6E6453 
 1759 02b2 74726F6E 		.ascii	"tronicGasPedal.cydsn\000"
 1759      69634761 
 1759      73506564 
 1759      616C2E63 
 1759      7964736E 
 1760              	.LASF38:
 1761 02c7 45455F6F 		.ascii	"EE_oo_counter_object_kind_type\000"
 1761      6F5F636F 
 1761      756E7465 
 1761      725F6F62 
 1761      6A656374 
 1762              	.LASF80:
 1763 02e6 45455F74 		.ascii	"EE_th_status\000"
 1763      685F7374 
 1763      61747573 
 1763      00
 1764              	.LASF39:
 1765 02f3 436F756E 		.ascii	"CounterObjectKindType\000"
 1765      7465724F 
 1765      626A6563 
 1765      744B696E 
 1765      64547970 
 1766              	.LASF73:
 1767 0309 45455F74 		.ascii	"EE_th_dispatch_prio\000"
 1767      685F6469 
 1767      73706174 
ARM GAS  C:\Users\aditi\AppData\Local\Temp\ccZF381S.s 			page 35


 1767      63685F70 
 1767      72696F00 
 1768              	.LASF111:
 1769 031d 45455F63 		.ascii	"EE_cortex_mx_stack_4\000"
 1769      6F727465 
 1769      785F6D78 
 1769      5F737461 
 1769      636B5F34 
 1770              	.LASF112:
 1771 0332 45455F63 		.ascii	"EE_cortex_mx_stack_9\000"
 1771      6F727465 
 1771      785F6D78 
 1771      5F737461 
 1771      636B5F39 
 1772              	.LASF14:
 1773 0347 45455F56 		.ascii	"EE_VOID_CALLBACK\000"
 1773      4F49445F 
 1773      43414C4C 
 1773      4241434B 
 1773      00
 1774              	.LASF27:
 1775 0358 436F756E 		.ascii	"CounterType\000"
 1775      74657254 
 1775      79706500 
 1776              	.LASF98:
 1777 0364 45455F6F 		.ascii	"EE_oo_counter_object_ROM\000"
 1777      6F5F636F 
 1777      756E7465 
 1777      725F6F62 
 1777      6A656374 
 1778              	.LASF59:
 1779 037d 61637469 		.ascii	"action_id\000"
 1779      6F6E5F69 
 1779      6400
 1780              	.LASF106:
 1781 0387 45455F41 		.ascii	"EE_ApplicationMode\000"
 1781      70706C69 
 1781      63617469 
 1781      6F6E4D6F 
 1781      646500
 1782              	.LASF99:
 1783 039a 45455F6F 		.ascii	"EE_oo_action_ROM\000"
 1783      6F5F6163 
 1783      74696F6E 
 1783      5F524F4D 
 1783      00
 1784              	.LASF21:
 1785 03ab 45455F54 		.ascii	"EE_TYPE_RQ_MASK\000"
 1785      5950455F 
 1785      52515F4D 
 1785      41534B00 
 1786              	.LASF64:
 1787 03bb 73697A65 		.ascii	"sizetype\000"
 1787      74797065 
 1787      00
 1788              	.LASF9:
 1789 03c4 6C6F6E67 		.ascii	"long double\000"
ARM GAS  C:\Users\aditi\AppData\Local\Temp\ccZF381S.s 			page 36


 1789      20646F75 
 1789      626C6500 
 1790              	.LASF105:
 1791 03d0 45455F6F 		.ascii	"EE_oo_IRQ_suspend_status\000"
 1791      6F5F4952 
 1791      515F7375 
 1791      7370656E 
 1791      645F7374 
 1792              	.LASF92:
 1793 03e9 45455F72 		.ascii	"EE_rq_free\000"
 1793      715F6672 
 1793      656500
 1794              	.LASF86:
 1795 03f4 45455F72 		.ascii	"EE_rq_link\000"
 1795      715F6C69 
 1795      6E6B00
 1796              	.LASF17:
 1797 03ff 45455F53 		.ascii	"EE_SREG\000"
 1797      52454700 
 1798              	.LASF30:
 1799 0407 7469636B 		.ascii	"ticksperbase\000"
 1799      73706572 
 1799      62617365 
 1799      00
 1800              	.LASF43:
 1801 0414 75736564 		.ascii	"used\000"
 1801      00
 1802              	.LASF47:
 1803 0419 45455F6F 		.ascii	"EE_oo_counter_object_RAM_type\000"
 1803      6F5F636F 
 1803      756E7465 
 1803      725F6F62 
 1803      6A656374 
 1804              	.LASF97:
 1805 0437 45455F63 		.ascii	"EE_counter_ROM\000"
 1805      6F756E74 
 1805      65725F52 
 1805      4F4D00
 1806              	.LASF58:
 1807 0446 45455F6F 		.ascii	"EE_oo_action_ROM_type\000"
 1807      6F5F6163 
 1807      74696F6E 
 1807      5F524F4D 
 1807      5F747970 
 1808              	.LASF10:
 1809 045c 45455F55 		.ascii	"EE_UINT16\000"
 1809      494E5431 
 1809      3600
 1810              	.LASF37:
 1811 0466 45455F53 		.ascii	"EE_SCHEDULETABLE\000"
 1811      43484544 
 1811      554C4554 
 1811      41424C45 
 1811      00
 1812              	.LASF69:
 1813 0477 45455F63 		.ascii	"EE_cortex_mx_system_tos\000"
 1813      6F727465 
ARM GAS  C:\Users\aditi\AppData\Local\Temp\ccZF381S.s 			page 37


 1813      785F6D78 
 1813      5F737973 
 1813      74656D5F 
 1814              	.LASF1:
 1815 048f 756E7369 		.ascii	"unsigned char\000"
 1815      676E6564 
 1815      20636861 
 1815      7200
 1816              	.LASF36:
 1817 049d 45455F41 		.ascii	"EE_ALARM\000"
 1817      4C41524D 
 1817      00
 1818              	.LASF81:
 1819 04a6 45455F74 		.ascii	"EE_th_next\000"
 1819      685F6E65 
 1819      787400
 1820              	.LASF68:
 1821 04b1 45455F74 		.ascii	"EE_terminate_real_th_body\000"
 1821      65726D69 
 1821      6E617465 
 1821      5F726561 
 1821      6C5F7468 
 1822              	.LASF57:
 1823 04cb 696E6363 		.ascii	"inccount\000"
 1823      6F756E74 
 1823      00
 1824              	.LASF2:
 1825 04d4 73686F72 		.ascii	"short int\000"
 1825      7420696E 
 1825      7400
 1826              	.LASF94:
 1827 04de 45455F74 		.ascii	"EE_th_event_waitmask\000"
 1827      685F6576 
 1827      656E745F 
 1827      77616974 
 1827      6D61736B 
 1828              	.LASF110:
 1829 04f3 45455F63 		.ascii	"EE_cortex_mx_stack_3\000"
 1829      6F727465 
 1829      785F6D78 
 1829      5F737461 
 1829      636B5F33 
 1830              	.LASF75:
 1831 0508 45455F54 		.ascii	"EE_TASK_NAME\000"
 1831      41534B5F 
 1831      4E414D45 
 1831      00
 1832              	.LASF32:
 1833 0515 45455F6F 		.ascii	"EE_oo_counter_ROM_type\000"
 1833      6F5F636F 
 1833      756E7465 
 1833      725F524F 
 1833      4D5F7479 
 1834              	.LASF113:
 1835 052c 474E5520 		.ascii	"GNU C11 5.4.1 20160609 (release) [ARM/embedded-5-br"
 1835      43313120 
 1835      352E342E 
ARM GAS  C:\Users\aditi\AppData\Local\Temp\ccZF381S.s 			page 38


 1835      31203230 
 1835      31363036 
 1836 055f 616E6368 		.ascii	"anch revision 237715] -mcpu=cortex-m3 -mthumb -g -O"
 1836      20726576 
 1836      6973696F 
 1836      6E203233 
 1836      37373135 
 1837 0592 67202D66 		.ascii	"g -ffunction-sections -ffat-lto-objects\000"
 1837      66756E63 
 1837      74696F6E 
 1837      2D736563 
 1837      74696F6E 
 1838              	.LASF56:
 1839 05ba 61637469 		.ascii	"action_mask\000"
 1839      6F6E5F6D 
 1839      61736B00 
 1840              	.LASF15:
 1841 05c6 45455F54 		.ascii	"EE_THREAD_PTR\000"
 1841      48524541 
 1841      445F5054 
 1841      5200
 1842              	.LASF88:
 1843 05d4 45455F72 		.ascii	"EE_rq_queues_tail\000"
 1843      715F7175 
 1843      65756573 
 1843      5F746169 
 1843      6C00
 1844              	.LASF66:
 1845 05e6 45455F73 		.ascii	"EE_std_thread_tos\000"
 1845      74645F74 
 1845      68726561 
 1845      645F746F 
 1845      7300
 1846              	.LASF51:
 1847 05f8 45455F41 		.ascii	"EE_ACTION_CALLBACK\000"
 1847      4354494F 
 1847      4E5F4341 
 1847      4C4C4241 
 1847      434B00
 1848              	.LASF91:
 1849 060b 45455F72 		.ascii	"EE_rq_bitmask\000"
 1849      715F6269 
 1849      746D6173 
 1849      6B00
 1850              	.LASF34:
 1851 0619 66697273 		.ascii	"first\000"
 1851      7400
 1852              	.LASF25:
 1853 061f 436F756E 		.ascii	"CounterObjectType\000"
 1853      7465724F 
 1853      626A6563 
 1853      74547970 
 1853      6500
 1854              	.LASF74:
 1855 0631 63686172 		.ascii	"char\000"
 1855      00
 1856              	.LASF48:
ARM GAS  C:\Users\aditi\AppData\Local\Temp\ccZF381S.s 			page 39


 1857 0636 45455F41 		.ascii	"EE_ACTION_TASK\000"
 1857      4354494F 
 1857      4E5F5441 
 1857      534B00
 1858              	.LASF71:
 1859 0645 45455F74 		.ascii	"EE_th_rnact_max\000"
 1859      685F726E 
 1859      6163745F 
 1859      6D617800 
 1860              	.LASF50:
 1861 0655 45455F41 		.ascii	"EE_ACTION_COUNTER\000"
 1861      4354494F 
 1861      4E5F434F 
 1861      554E5445 
 1861      5200
 1862              	.LASF101:
 1863 0667 45455F63 		.ascii	"EE_counter_RAM\000"
 1863      6F756E74 
 1863      65725F52 
 1863      414D00
 1864              	.LASF40:
 1865 0676 73706563 		.ascii	"spec_id\000"
 1865      5F696400 
 1866              	.LASF49:
 1867 067e 45455F41 		.ascii	"EE_ACTION_EVENT\000"
 1867      4354494F 
 1867      4E5F4556 
 1867      454E5400 
 1868              	.LASF65:
 1869 068e 45455F68 		.ascii	"EE_hal_thread_body\000"
 1869      616C5F74 
 1869      68726561 
 1869      645F626F 
 1869      647900
 1870              	.LASF85:
 1871 06a1 45455F73 		.ascii	"EE_sys_ceiling\000"
 1871      79735F63 
 1871      65696C69 
 1871      6E6700
 1872              	.LASF54:
 1873 06b0 61637469 		.ascii	"action_kind\000"
 1873      6F6E5F6B 
 1873      696E6400 
 1874              	.LASF63:
 1875 06bc 7461736B 		.ascii	"task\000"
 1875      00
 1876              	.LASF102:
 1877 06c1 45455F6F 		.ascii	"EE_oo_counter_object_RAM\000"
 1877      6F5F636F 
 1877      756E7465 
 1877      725F6F62 
 1877      6A656374 
 1878              	.LASF53:
 1879 06da 41637469 		.ascii	"ActionKindType\000"
 1879      6F6E4B69 
 1879      6E645479 
 1879      706500
ARM GAS  C:\Users\aditi\AppData\Local\Temp\ccZF381S.s 			page 40


 1880              	.LASF72:
 1881 06e9 45455F74 		.ascii	"EE_th_ready_prio\000"
 1881      685F7265 
 1881      6164795F 
 1881      7072696F 
 1881      00
 1882              	.LASF82:
 1883 06fa 45455F74 		.ascii	"EE_th_rnact\000"
 1883      685F726E 
 1883      61637400 
 1884              	.LASF90:
 1885 0706 45455F72 		.ascii	"EE_rq_pairs_tid\000"
 1885      715F7061 
 1885      6972735F 
 1885      74696400 
 1886              	.LASF108:
 1887 0716 45455F49 		.ascii	"EE_IRQ_nesting_level\000"
 1887      52515F6E 
 1887      65737469 
 1887      6E675F6C 
 1887      6576656C 
 1888              	.LASF12:
 1889 072b 45455F55 		.ascii	"EE_UINT32\000"
 1889      494E5433 
 1889      3200
 1890              	.LASF11:
 1891 0735 45455F49 		.ascii	"EE_INT32\000"
 1891      4E543332 
 1891      00
 1892              	.LASF67:
 1893 073e 45455F74 		.ascii	"EE_terminate_data\000"
 1893      65726D69 
 1893      6E617465 
 1893      5F646174 
 1893      6100
 1894              	.LASF114:
 1895 0750 47656E65 		.ascii	"Generated_Source\\PSoC5\\ErikaOS_1_eecfg.c\000"
 1895      72617465 
 1895      645F536F 
 1895      75726365 
 1895      5C50536F 
 1896              	.LASF93:
 1897 0779 45455F74 		.ascii	"EE_th_event_active\000"
 1897      685F6576 
 1897      656E745F 
 1897      61637469 
 1897      766500
 1898              	.LASF44:
 1899 078c 636E7463 		.ascii	"cntcycle\000"
 1899      79636C65 
 1899      00
 1900              	.LASF28:
 1901 0795 5359535F 		.ascii	"SYS_tos\000"
 1901      746F7300 
 1902              	.LASF55:
 1903 079d 61637469 		.ascii	"action_task\000"
 1903      6F6E5F74 
ARM GAS  C:\Users\aditi\AppData\Local\Temp\ccZF381S.s 			page 41


 1903      61736B00 
 1904              	.LASF13:
 1905 07a9 45455F41 		.ascii	"EE_ADDR\000"
 1905      44445200 
 1906              	.LASF96:
 1907 07b1 45455F74 		.ascii	"EE_th_is_extended\000"
 1907      685F6973 
 1907      5F657874 
 1907      656E6465 
 1907      6400
 1908              	.LASF18:
 1909 07c3 45455F46 		.ascii	"EE_FREG\000"
 1909      52454700 
 1910              	.LASF103:
 1911 07cb 45455F6F 		.ascii	"EE_oo_autostart_task_data\000"
 1911      6F5F6175 
 1911      746F7374 
 1911      6172745F 
 1911      7461736B 
 1912              		.ident	"GCC: (GNU Tools for ARM Embedded Processors) 5.4.1 20160609 (release) [ARM/embedded-5-bran
