ARM GAS  C:\Users\aditi\AppData\Local\Temp\cc97kchY.s 			page 1


   1              		.syntax unified
   2              		.cpu cortex-m3
   3              		.fpu softvfp
   4              		.eabi_attribute 20, 1
   5              		.eabi_attribute 21, 1
   6              		.eabi_attribute 23, 3
   7              		.eabi_attribute 24, 1
   8              		.eabi_attribute 25, 1
   9              		.eabi_attribute 26, 1
  10              		.eabi_attribute 30, 1
  11              		.eabi_attribute 34, 1
  12              		.eabi_attribute 18, 4
  13              		.thumb
  14              		.syntax unified
  15              		.file	"ErikaOS_eecfg.c"
  16              		.text
  17              	.Ltext0:
  18              		.cfi_sections	.debug_frame
  19              		.global	EE_oo_autostart_task_data
  20              		.comm	EE_ApplicationMode,4,4
  21              		.global	EE_oo_action_ROM
  22              		.comm	EE_oo_counter_object_RAM,16,4
  23              		.global	EE_oo_counter_object_ROM
  24              		.global	EE_ALARM_ID
  25              		.global	EE_ALARM_NAME
  26              		.global	EE_alarm_ROM
  27              		.global	EE_counter_RAM
  28              		.global	EE_counter_ROM
  29              		.global	EE_th_is_extended
  30              		.global	EE_th_waswaiting
  31              		.global	EE_th_event_waitmask
  32              		.global	EE_th_event_active
  33              		.global	EE_th_terminate_nextask
  34              		.global	EE_rq_free
  35              		.comm	EE_rq_pairs_tid,20,4
  36              		.global	EE_rq_pairs_next
  37              		.global	EE_rq_link
  38              		.global	EE_th_rnact_max
  39              		.global	EE_th_rnact
  40              		.global	EE_rq_bitmask
  41              		.global	EE_rq_queues_tail
  42              		.global	EE_rq_queues_head
  43              		.global	EE_sys_ceiling
  44              		.global	EE_stkfirst
  45              		.global	EE_th_next
  46              		.global	EE_th_status
  47              		.global	EE_th_dispatch_prio
  48              		.global	EE_EVENT_ID
  49              		.global	EE_EVENT_NAME
  50              		.global	EE_TASK_NAME
  51              		.global	EE_th_ready_prio
  52              		.global	EE_terminate_real_th_body
  53              		.comm	EE_terminate_data,20,4
  54              		.global	EE_hal_thread_body
  55              		.global	EE_cortex_mx_IRQ_tos
  56              		.global	EE_cortex_mx_active_tos
  57              		.global	EE_cortex_mx_system_tos
ARM GAS  C:\Users\aditi\AppData\Local\Temp\cc97kchY.s 			page 2


  58              		.global	EE_std_thread_tos
  59              		.comm	EE_cortex_mx_stack_9,512,4
  60              		.comm	EE_cortex_mx_stack_4,1000,4
  61              		.comm	EE_cortex_mx_stack_3,1000,4
  62              		.section	.rodata
  63              		.align	2
  64              		.type	EE_oo_autostart_task_data, %object
  65              		.size	EE_oo_autostart_task_data, 8
  66              	EE_oo_autostart_task_data:
  67 0000 01000000 		.word	1
  68 0004 08000000 		.word	EE_oo_autostart_task_mode_OSDEFAULTAPPMODE
  69              		.type	EE_oo_autostart_task_mode_OSDEFAULTAPPMODE, %object
  70              		.size	EE_oo_autostart_task_mode_OSDEFAULTAPPMODE, 4
  71              	EE_oo_autostart_task_mode_OSDEFAULTAPPMODE:
  72 0008 00000000 		.space	4
  73              		.type	EE_oo_action_ROM, %object
  74              		.size	EE_oo_action_ROM, 20
  75              	EE_oo_action_ROM:
  76 000c 01       		.byte	1
  77 000d 000000   		.space	3
  78 0010 02000000 		.word	2
  79 0014 04000000 		.word	4
  80 0018 00000000 		.word	0
  81 001c FFFFFFFF 		.word	-1
  82              		.type	EE_oo_counter_object_ROM, %object
  83              		.size	EE_oo_counter_object_ROM, 12
  84              	EE_oo_counter_object_ROM:
  85 0020 00000000 		.space	12
  85      00000000 
  85      00000000 
  86              		.type	EE_ALARM_ID, %object
  87              		.size	EE_ALARM_ID, 4
  88              	EE_ALARM_ID:
  89 002c 00000000 		.space	4
  90              		.type	EE_alarm_ROM, %object
  91              		.size	EE_alarm_ROM, 4
  92              	EE_alarm_ROM:
  93 0030 00000000 		.space	4
  94              		.type	EE_counter_ROM, %object
  95              		.size	EE_counter_ROM, 12
  96              	EE_counter_ROM:
  97 0034 10270000 		.word	10000
  98 0038 01000000 		.word	1
  99 003c 00000000 		.word	0
 100              		.type	EE_th_is_extended, %object
 101              		.size	EE_th_is_extended, 20
 102              	EE_th_is_extended:
 103 0040 00000000 		.word	0
 104 0044 00000000 		.word	0
 105 0048 01000000 		.word	1
 106 004c 01000000 		.word	1
 107 0050 00000000 		.word	0
 108              		.type	EE_th_rnact_max, %object
 109              		.size	EE_th_rnact_max, 20
 110              	EE_th_rnact_max:
 111 0054 01000000 		.word	1
 112 0058 01000000 		.word	1
ARM GAS  C:\Users\aditi\AppData\Local\Temp\cc97kchY.s 			page 3


 113 005c 01000000 		.word	1
 114 0060 01000000 		.word	1
 115 0064 01000000 		.word	1
 116              		.type	EE_th_dispatch_prio, %object
 117              		.size	EE_th_dispatch_prio, 20
 118              	EE_th_dispatch_prio:
 119 0068 80000000 		.word	128
 120 006c 01000000 		.word	1
 121 0070 04000000 		.word	4
 122 0074 08000000 		.word	8
 123 0078 10000000 		.word	16
 124              		.type	EE_EVENT_ID, %object
 125              		.size	EE_EVENT_ID, 12
 126              	EE_EVENT_ID:
 127 007c 01000000 		.word	1
 128 0080 02000000 		.word	2
 129 0084 04000000 		.word	4
 130              		.type	EE_th_ready_prio, %object
 131              		.size	EE_th_ready_prio, 20
 132              	EE_th_ready_prio:
 133 0088 01000000 		.word	1
 134 008c 01000000 		.word	1
 135 0090 04000000 		.word	4
 136 0094 08000000 		.word	8
 137 0098 10000000 		.word	16
 138              		.type	EE_terminate_real_th_body, %object
 139              		.size	EE_terminate_real_th_body, 20
 140              	EE_terminate_real_th_body:
 141 009c 00000000 		.word	Functsk_init
 142 00a0 00000000 		.word	Functsk_background
 143 00a4 00000000 		.word	Functsk_io
 144 00a8 00000000 		.word	Functsk_control
 145 00ac 00000000 		.word	Functsk_system
 146              		.type	EE_hal_thread_body, %object
 147              		.size	EE_hal_thread_body, 20
 148              	EE_hal_thread_body:
 149 00b0 00000000 		.word	EE_oo_thread_stub
 150 00b4 00000000 		.word	EE_oo_thread_stub
 151 00b8 00000000 		.word	EE_oo_thread_stub
 152 00bc 00000000 		.word	EE_oo_thread_stub
 153 00c0 00000000 		.word	EE_oo_thread_stub
 154              		.type	EE_std_thread_tos, %object
 155              		.size	EE_std_thread_tos, 24
 156              	EE_std_thread_tos:
 157 00c4 00000000 		.word	0
 158 00c8 00000000 		.word	0
 159 00cc 00000000 		.word	0
 160 00d0 01000000 		.word	1
 161 00d4 02000000 		.word	2
 162 00d8 00000000 		.word	0
 163              		.data
 164              		.align	2
 165              		.type	EE_ALARM_NAME, %object
 166              		.size	EE_ALARM_NAME, 4
 167              	EE_ALARM_NAME:
 168 0000 00000000 		.word	.LC0
 169              		.type	EE_counter_RAM, %object
ARM GAS  C:\Users\aditi\AppData\Local\Temp\cc97kchY.s 			page 4


 170              		.size	EE_counter_RAM, 8
 171              	EE_counter_RAM:
 172 0004 00000000 		.word	0
 173 0008 FFFFFFFF 		.word	-1
 174              		.type	EE_th_terminate_nextask, %object
 175              		.size	EE_th_terminate_nextask, 20
 176              	EE_th_terminate_nextask:
 177 000c FFFFFFFF 		.word	-1
 178 0010 FFFFFFFF 		.word	-1
 179 0014 FFFFFFFF 		.word	-1
 180 0018 FFFFFFFF 		.word	-1
 181 001c FFFFFFFF 		.word	-1
 182              		.type	EE_rq_pairs_next, %object
 183              		.size	EE_rq_pairs_next, 20
 184              	EE_rq_pairs_next:
 185 0020 01000000 		.word	1
 186 0024 02000000 		.word	2
 187 0028 03000000 		.word	3
 188 002c 04000000 		.word	4
 189 0030 FFFFFFFF 		.word	-1
 190              		.type	EE_rq_link, %object
 191              		.size	EE_rq_link, 20
 192              	EE_rq_link:
 193 0034 00000000 		.word	0
 194 0038 00000000 		.word	0
 195 003c 02000000 		.word	2
 196 0040 03000000 		.word	3
 197 0044 04000000 		.word	4
 198              		.type	EE_th_rnact, %object
 199              		.size	EE_th_rnact, 20
 200              	EE_th_rnact:
 201 0048 01000000 		.word	1
 202 004c 01000000 		.word	1
 203 0050 01000000 		.word	1
 204 0054 01000000 		.word	1
 205 0058 01000000 		.word	1
 206              		.type	EE_rq_queues_tail, %object
 207              		.size	EE_rq_queues_tail, 64
 208              	EE_rq_queues_tail:
 209 005c FFFFFFFF 		.word	-1
 210 0060 FFFFFFFF 		.word	-1
 211 0064 FFFFFFFF 		.word	-1
 212 0068 FFFFFFFF 		.word	-1
 213 006c FFFFFFFF 		.word	-1
 214 0070 FFFFFFFF 		.word	-1
 215 0074 FFFFFFFF 		.word	-1
 216 0078 FFFFFFFF 		.word	-1
 217 007c FFFFFFFF 		.word	-1
 218 0080 FFFFFFFF 		.word	-1
 219 0084 FFFFFFFF 		.word	-1
 220 0088 FFFFFFFF 		.word	-1
 221 008c FFFFFFFF 		.word	-1
 222 0090 FFFFFFFF 		.word	-1
 223 0094 FFFFFFFF 		.word	-1
 224 0098 FFFFFFFF 		.word	-1
 225              		.type	EE_rq_queues_head, %object
 226              		.size	EE_rq_queues_head, 64
ARM GAS  C:\Users\aditi\AppData\Local\Temp\cc97kchY.s 			page 5


 227              	EE_rq_queues_head:
 228 009c FFFFFFFF 		.word	-1
 229 00a0 FFFFFFFF 		.word	-1
 230 00a4 FFFFFFFF 		.word	-1
 231 00a8 FFFFFFFF 		.word	-1
 232 00ac FFFFFFFF 		.word	-1
 233 00b0 FFFFFFFF 		.word	-1
 234 00b4 FFFFFFFF 		.word	-1
 235 00b8 FFFFFFFF 		.word	-1
 236 00bc FFFFFFFF 		.word	-1
 237 00c0 FFFFFFFF 		.word	-1
 238 00c4 FFFFFFFF 		.word	-1
 239 00c8 FFFFFFFF 		.word	-1
 240 00cc FFFFFFFF 		.word	-1
 241 00d0 FFFFFFFF 		.word	-1
 242 00d4 FFFFFFFF 		.word	-1
 243 00d8 FFFFFFFF 		.word	-1
 244              		.type	EE_stkfirst, %object
 245              		.size	EE_stkfirst, 4
 246              	EE_stkfirst:
 247 00dc FFFFFFFF 		.word	-1
 248              		.type	EE_th_next, %object
 249              		.size	EE_th_next, 20
 250              	EE_th_next:
 251 00e0 FFFFFFFF 		.word	-1
 252 00e4 FFFFFFFF 		.word	-1
 253 00e8 FFFFFFFF 		.word	-1
 254 00ec FFFFFFFF 		.word	-1
 255 00f0 FFFFFFFF 		.word	-1
 256              		.type	EE_th_status, %object
 257              		.size	EE_th_status, 20
 258              	EE_th_status:
 259 00f4 03000000 		.word	3
 260 00f8 03000000 		.word	3
 261 00fc 03000000 		.word	3
 262 0100 03000000 		.word	3
 263 0104 03000000 		.word	3
 264              		.type	EE_EVENT_NAME, %object
 265              		.size	EE_EVENT_NAME, 12
 266              	EE_EVENT_NAME:
 267 0108 0C000000 		.word	.LC1
 268 010c 20000000 		.word	.LC2
 269 0110 30000000 		.word	.LC3
 270              		.type	EE_TASK_NAME, %object
 271              		.size	EE_TASK_NAME, 20
 272              	EE_TASK_NAME:
 273 0114 3C000000 		.word	.LC4
 274 0118 48000000 		.word	.LC5
 275 011c 58000000 		.word	.LC6
 276 0120 60000000 		.word	.LC7
 277 0124 6C000000 		.word	.LC8
 278              		.type	EE_cortex_mx_IRQ_tos, %object
 279              		.size	EE_cortex_mx_IRQ_tos, 4
 280              	EE_cortex_mx_IRQ_tos:
 281 0128 00020000 		.word	EE_cortex_mx_stack_9+512
 282              		.type	EE_cortex_mx_system_tos, %object
 283              		.size	EE_cortex_mx_system_tos, 12
ARM GAS  C:\Users\aditi\AppData\Local\Temp\cc97kchY.s 			page 6


 284              	EE_cortex_mx_system_tos:
 285 012c 00000000 		.word	0
 286 0130 C0030000 		.word	EE_cortex_mx_stack_3+960
 287 0134 C0030000 		.word	EE_cortex_mx_stack_4+960
 288              		.section	.rodata.str1.4,"aMS",%progbits,1
 289              		.align	2
 290              	.LC0:
 291 0000 616C726D 		.ascii	"alrm_1ms\000"
 291      5F316D73 
 291      00
 292 0009 000000   		.space	3
 293              	.LC1:
 294 000c 65765F6A 		.ascii	"ev_joystick_onData\000"
 294      6F797374 
 294      69636B5F 
 294      6F6E4461 
 294      746100
 295 001f 00       		.space	1
 296              	.LC2:
 297 0020 65765F73 		.ascii	"ev_speed_onData\000"
 297      70656564 
 297      5F6F6E44 
 297      61746100 
 298              	.LC3:
 299 0030 65765F74 		.ascii	"ev_tick_1ms\000"
 299      69636B5F 
 299      316D7300 
 300              	.LC4:
 301 003c 74736B5F 		.ascii	"tsk_init\000"
 301      696E6974 
 301      00
 302 0045 000000   		.space	3
 303              	.LC5:
 304 0048 74736B5F 		.ascii	"tsk_background\000"
 304      6261636B 
 304      67726F75 
 304      6E6400
 305 0057 00       		.space	1
 306              	.LC6:
 307 0058 74736B5F 		.ascii	"tsk_io\000"
 307      696F00
 308 005f 00       		.space	1
 309              	.LC7:
 310 0060 74736B5F 		.ascii	"tsk_control\000"
 310      636F6E74 
 310      726F6C00 
 311              	.LC8:
 312 006c 74736B5F 		.ascii	"tsk_system\000"
 312      73797374 
 312      656D00
 313              		.bss
 314              		.align	2
 315              		.type	EE_th_waswaiting, %object
 316              		.size	EE_th_waswaiting, 20
 317              	EE_th_waswaiting:
 318 0000 00000000 		.space	20
 318      00000000 
ARM GAS  C:\Users\aditi\AppData\Local\Temp\cc97kchY.s 			page 7


 318      00000000 
 318      00000000 
 318      00000000 
 319              		.type	EE_th_event_waitmask, %object
 320              		.size	EE_th_event_waitmask, 20
 321              	EE_th_event_waitmask:
 322 0014 00000000 		.space	20
 322      00000000 
 322      00000000 
 322      00000000 
 322      00000000 
 323              		.type	EE_th_event_active, %object
 324              		.size	EE_th_event_active, 20
 325              	EE_th_event_active:
 326 0028 00000000 		.space	20
 326      00000000 
 326      00000000 
 326      00000000 
 326      00000000 
 327              		.type	EE_rq_free, %object
 328              		.size	EE_rq_free, 4
 329              	EE_rq_free:
 330 003c 00000000 		.space	4
 331              		.type	EE_rq_bitmask, %object
 332              		.size	EE_rq_bitmask, 2
 333              	EE_rq_bitmask:
 334 0040 0000     		.space	2
 335 0042 0000     		.space	2
 336              		.type	EE_sys_ceiling, %object
 337              		.size	EE_sys_ceiling, 4
 338              	EE_sys_ceiling:
 339 0044 00000000 		.space	4
 340              		.type	EE_cortex_mx_active_tos, %object
 341              		.size	EE_cortex_mx_active_tos, 4
 342              	EE_cortex_mx_active_tos:
 343 0048 00000000 		.space	4
 344              		.text
 345              	.Letext0:
 346              		.file 1 "Generated_Source\\PSoC5\\ErikaOS_common_ee_types.inc"
 347              		.file 2 "Generated_Source\\PSoC5\\ErikaOS_cortex_mx_ee_cpu.inc"
 348              		.file 3 "Generated_Source\\PSoC5\\ErikaOS_ee_oo_common.inc"
 349              		.file 4 "Generated_Source\\PSoC5\\ErikaOS_common_ee_hal_structs.inc"
 350              		.file 5 "Generated_Source\\PSoC5\\ErikaOS_eecfg.c"
 351              		.file 6 "Generated_Source\\PSoC5\\ErikaOS_ee_oo_intfunc.inc"
 352              		.file 7 "Generated_Source\\PSoC5\\ErikaOS_cortex_mx_ee_context.inc"
 353              		.file 8 "Generated_Source\\PSoC5\\ErikaOS_common_ee_primitives.inc"
 354              		.section	.debug_info,"",%progbits
 355              	.Ldebug_info0:
 356 0000 C3080000 		.4byte	0x8c3
 357 0004 0400     		.2byte	0x4
 358 0006 00000000 		.4byte	.Ldebug_abbrev0
 359 000a 04       		.byte	0x4
 360 000b 01       		.uleb128 0x1
 361 000c 53050000 		.4byte	.LASF113
 362 0010 0C       		.byte	0xc
 363 0011 7B000000 		.4byte	.LASF114
 364 0015 AC020000 		.4byte	.LASF115
ARM GAS  C:\Users\aditi\AppData\Local\Temp\cc97kchY.s 			page 8


 365 0019 00000000 		.4byte	.Ldebug_line0
 366 001d 02       		.uleb128 0x2
 367 001e 01       		.byte	0x1
 368 001f 06       		.byte	0x6
 369 0020 36010000 		.4byte	.LASF0
 370 0024 02       		.uleb128 0x2
 371 0025 01       		.byte	0x1
 372 0026 08       		.byte	0x8
 373 0027 B6040000 		.4byte	.LASF1
 374 002b 02       		.uleb128 0x2
 375 002c 02       		.byte	0x2
 376 002d 05       		.byte	0x5
 377 002e FB040000 		.4byte	.LASF2
 378 0032 02       		.uleb128 0x2
 379 0033 02       		.byte	0x2
 380 0034 07       		.byte	0x7
 381 0035 99020000 		.4byte	.LASF3
 382 0039 02       		.uleb128 0x2
 383 003a 04       		.byte	0x4
 384 003b 05       		.byte	0x5
 385 003c BD010000 		.4byte	.LASF4
 386 0040 02       		.uleb128 0x2
 387 0041 04       		.byte	0x4
 388 0042 07       		.byte	0x7
 389 0043 57020000 		.4byte	.LASF5
 390 0047 02       		.uleb128 0x2
 391 0048 08       		.byte	0x8
 392 0049 05       		.byte	0x5
 393 004a 28010000 		.4byte	.LASF6
 394 004e 02       		.uleb128 0x2
 395 004f 08       		.byte	0x8
 396 0050 07       		.byte	0x7
 397 0051 5E000000 		.4byte	.LASF7
 398 0055 03       		.uleb128 0x3
 399 0056 04       		.byte	0x4
 400 0057 05       		.byte	0x5
 401 0058 696E7400 		.ascii	"int\000"
 402 005c 02       		.uleb128 0x2
 403 005d 04       		.byte	0x4
 404 005e 07       		.byte	0x7
 405 005f 1F020000 		.4byte	.LASF8
 406 0063 02       		.uleb128 0x2
 407 0064 08       		.byte	0x8
 408 0065 04       		.byte	0x4
 409 0066 EB030000 		.4byte	.LASF9
 410 006a 04       		.uleb128 0x4
 411 006b 83040000 		.4byte	.LASF10
 412 006f 01       		.byte	0x1
 413 0070 52       		.byte	0x52
 414 0071 32000000 		.4byte	0x32
 415 0075 04       		.uleb128 0x4
 416 0076 5C070000 		.4byte	.LASF11
 417 007a 01       		.byte	0x1
 418 007b 53       		.byte	0x53
 419 007c 55000000 		.4byte	0x55
 420 0080 04       		.uleb128 0x4
 421 0081 52070000 		.4byte	.LASF12
ARM GAS  C:\Users\aditi\AppData\Local\Temp\cc97kchY.s 			page 9


 422 0085 01       		.byte	0x1
 423 0086 54       		.byte	0x54
 424 0087 5C000000 		.4byte	0x5c
 425 008b 04       		.uleb128 0x4
 426 008c A7070000 		.4byte	.LASF13
 427 0090 01       		.byte	0x1
 428 0091 64       		.byte	0x64
 429 0092 96000000 		.4byte	0x96
 430 0096 05       		.uleb128 0x5
 431 0097 04       		.byte	0x4
 432 0098 06       		.uleb128 0x6
 433 0099 04       		.byte	0x4
 434 009a 9E000000 		.4byte	0x9e
 435 009e 07       		.uleb128 0x7
 436 009f 04       		.uleb128 0x4
 437 00a0 6E030000 		.4byte	.LASF14
 438 00a4 01       		.byte	0x1
 439 00a5 70       		.byte	0x70
 440 00a6 98000000 		.4byte	0x98
 441 00aa 04       		.uleb128 0x4
 442 00ab ED050000 		.4byte	.LASF15
 443 00af 01       		.byte	0x1
 444 00b0 73       		.byte	0x73
 445 00b1 98000000 		.4byte	0x98
 446 00b5 04       		.uleb128 0x4
 447 00b6 2C020000 		.4byte	.LASF16
 448 00ba 02       		.byte	0x2
 449 00bb 4D       		.byte	0x4d
 450 00bc 80000000 		.4byte	0x80
 451 00c0 04       		.uleb128 0x4
 452 00c1 26040000 		.4byte	.LASF17
 453 00c5 02       		.byte	0x2
 454 00c6 4E       		.byte	0x4e
 455 00c7 75000000 		.4byte	0x75
 456 00cb 04       		.uleb128 0x4
 457 00cc C1070000 		.4byte	.LASF18
 458 00d0 02       		.byte	0x2
 459 00d1 4F       		.byte	0x4f
 460 00d2 80000000 		.4byte	0x80
 461 00d6 04       		.uleb128 0x4
 462 00d7 3D000000 		.4byte	.LASF19
 463 00db 02       		.byte	0x2
 464 00dc 54       		.byte	0x54
 465 00dd B5000000 		.4byte	0xb5
 466 00e1 04       		.uleb128 0x4
 467 00e2 12020000 		.4byte	.LASF20
 468 00e6 02       		.byte	0x2
 469 00e7 78       		.byte	0x78
 470 00e8 75000000 		.4byte	0x75
 471 00ec 08       		.uleb128 0x8
 472 00ed DA000000 		.4byte	.LASF61
 473 00f1 04       		.byte	0x4
 474 00f2 04       		.byte	0x4
 475 00f3 4D       		.byte	0x4d
 476 00f4 05010000 		.4byte	0x105
 477 00f8 09       		.uleb128 0x9
 478 00f9 93070000 		.4byte	.LASF28
ARM GAS  C:\Users\aditi\AppData\Local\Temp\cc97kchY.s 			page 10


 479 00fd 04       		.byte	0x4
 480 00fe 4E       		.byte	0x4e
 481 00ff 8B000000 		.4byte	0x8b
 482 0103 00       		.byte	0
 483 0104 00       		.byte	0
 484 0105 0A       		.uleb128 0xa
 485 0106 D2030000 		.4byte	.LASF21
 486 010a 03       		.byte	0x3
 487 010b 1101     		.2byte	0x111
 488 010d 6A000000 		.4byte	0x6a
 489 0111 0A       		.uleb128 0xa
 490 0112 D1000000 		.4byte	.LASF22
 491 0116 03       		.byte	0x3
 492 0117 F701     		.2byte	0x1f7
 493 0119 E1000000 		.4byte	0xe1
 494 011d 0A       		.uleb128 0xa
 495 011e 59010000 		.4byte	.LASF23
 496 0122 03       		.byte	0x3
 497 0123 2C02     		.2byte	0x22c
 498 0125 B5000000 		.4byte	0xb5
 499 0129 0A       		.uleb128 0xa
 500 012a 1D000000 		.4byte	.LASF24
 501 012e 03       		.byte	0x3
 502 012f 3502     		.2byte	0x235
 503 0131 B5000000 		.4byte	0xb5
 504 0135 0A       		.uleb128 0xa
 505 0136 46060000 		.4byte	.LASF25
 506 013a 03       		.byte	0x3
 507 013b 5D02     		.2byte	0x25d
 508 013d B5000000 		.4byte	0xb5
 509 0141 0A       		.uleb128 0xa
 510 0142 32000000 		.4byte	.LASF26
 511 0146 03       		.byte	0x3
 512 0147 6302     		.2byte	0x263
 513 0149 B5000000 		.4byte	0xb5
 514 014d 0A       		.uleb128 0xa
 515 014e 7F030000 		.4byte	.LASF27
 516 0152 03       		.byte	0x3
 517 0153 6C02     		.2byte	0x26c
 518 0155 B5000000 		.4byte	0xb5
 519 0159 0B       		.uleb128 0xb
 520 015a 0C       		.byte	0xc
 521 015b 03       		.byte	0x3
 522 015c 7202     		.2byte	0x272
 523 015e 8A010000 		.4byte	0x18a
 524 0162 0C       		.uleb128 0xc
 525 0163 E1000000 		.4byte	.LASF29
 526 0167 03       		.byte	0x3
 527 0168 7302     		.2byte	0x273
 528 016a 29010000 		.4byte	0x129
 529 016e 00       		.byte	0
 530 016f 0C       		.uleb128 0xc
 531 0170 2E040000 		.4byte	.LASF30
 532 0174 03       		.byte	0x3
 533 0175 7402     		.2byte	0x274
 534 0177 29010000 		.4byte	0x129
 535 017b 04       		.byte	0x4
ARM GAS  C:\Users\aditi\AppData\Local\Temp\cc97kchY.s 			page 11


 536 017c 0C       		.uleb128 0xc
 537 017d 09020000 		.4byte	.LASF31
 538 0181 03       		.byte	0x3
 539 0182 7502     		.2byte	0x275
 540 0184 29010000 		.4byte	0x129
 541 0188 08       		.byte	0x8
 542 0189 00       		.byte	0
 543 018a 0A       		.uleb128 0xa
 544 018b 3C050000 		.4byte	.LASF32
 545 018f 03       		.byte	0x3
 546 0190 7A02     		.2byte	0x27a
 547 0192 59010000 		.4byte	0x159
 548 0196 0B       		.uleb128 0xb
 549 0197 08       		.byte	0x8
 550 0198 03       		.byte	0x3
 551 0199 7D02     		.2byte	0x27d
 552 019b BA010000 		.4byte	0x1ba
 553 019f 0C       		.uleb128 0xc
 554 01a0 19020000 		.4byte	.LASF33
 555 01a4 03       		.byte	0x3
 556 01a5 7E02     		.2byte	0x27e
 557 01a7 29010000 		.4byte	0x129
 558 01ab 00       		.byte	0
 559 01ac 0C       		.uleb128 0xc
 560 01ad 40060000 		.4byte	.LASF34
 561 01b1 03       		.byte	0x3
 562 01b2 7F02     		.2byte	0x27f
 563 01b4 35010000 		.4byte	0x135
 564 01b8 04       		.byte	0x4
 565 01b9 00       		.byte	0
 566 01ba 0A       		.uleb128 0xa
 567 01bb 9A010000 		.4byte	.LASF35
 568 01bf 03       		.byte	0x3
 569 01c0 8002     		.2byte	0x280
 570 01c2 96010000 		.4byte	0x196
 571 01c6 0D       		.uleb128 0xd
 572 01c7 01       		.byte	0x1
 573 01c8 24000000 		.4byte	0x24
 574 01cc 03       		.byte	0x3
 575 01cd 8A02     		.2byte	0x28a
 576 01cf E0010000 		.4byte	0x1e0
 577 01d3 0E       		.uleb128 0xe
 578 01d4 C4040000 		.4byte	.LASF36
 579 01d8 00       		.byte	0
 580 01d9 0E       		.uleb128 0xe
 581 01da 8D040000 		.4byte	.LASF37
 582 01de 01       		.byte	0x1
 583 01df 00       		.byte	0
 584 01e0 0A       		.uleb128 0xa
 585 01e1 EE020000 		.4byte	.LASF38
 586 01e5 03       		.byte	0x3
 587 01e6 8D02     		.2byte	0x28d
 588 01e8 C6010000 		.4byte	0x1c6
 589 01ec 0A       		.uleb128 0xa
 590 01ed 1A030000 		.4byte	.LASF39
 591 01f1 03       		.byte	0x3
 592 01f2 9002     		.2byte	0x290
ARM GAS  C:\Users\aditi\AppData\Local\Temp\cc97kchY.s 			page 12


 593 01f4 E0010000 		.4byte	0x1e0
 594 01f8 0B       		.uleb128 0xb
 595 01f9 0C       		.byte	0xc
 596 01fa 03       		.byte	0x3
 597 01fb 9402     		.2byte	0x294
 598 01fd 27020000 		.4byte	0x227
 599 0201 0F       		.uleb128 0xf
 600 0202 6300     		.ascii	"c\000"
 601 0204 03       		.byte	0x3
 602 0205 9602     		.2byte	0x296
 603 0207 4D010000 		.4byte	0x14d
 604 020b 00       		.byte	0
 605 020c 0C       		.uleb128 0xc
 606 020d 9D060000 		.4byte	.LASF40
 607 0211 03       		.byte	0x3
 608 0212 9802     		.2byte	0x298
 609 0214 35010000 		.4byte	0x135
 610 0218 04       		.byte	0x4
 611 0219 0C       		.uleb128 0xc
 612 021a 94020000 		.4byte	.LASF41
 613 021e 03       		.byte	0x3
 614 021f 9A02     		.2byte	0x29a
 615 0221 EC010000 		.4byte	0x1ec
 616 0225 08       		.byte	0x8
 617 0226 00       		.byte	0
 618 0227 0A       		.uleb128 0xa
 619 0228 A2000000 		.4byte	.LASF42
 620 022c 03       		.byte	0x3
 621 022d 9B02     		.2byte	0x29b
 622 022f F8010000 		.4byte	0x1f8
 623 0233 0B       		.uleb128 0xb
 624 0234 10       		.byte	0x10
 625 0235 03       		.byte	0x3
 626 0236 9F02     		.2byte	0x29f
 627 0238 71020000 		.4byte	0x271
 628 023c 0C       		.uleb128 0xc
 629 023d 3B040000 		.4byte	.LASF43
 630 0241 03       		.byte	0x3
 631 0242 A002     		.2byte	0x2a0
 632 0244 D6000000 		.4byte	0xd6
 633 0248 00       		.byte	0
 634 0249 0C       		.uleb128 0xc
 635 024a 8A070000 		.4byte	.LASF44
 636 024e 03       		.byte	0x3
 637 024f A102     		.2byte	0x2a1
 638 0251 29010000 		.4byte	0x129
 639 0255 04       		.byte	0x4
 640 0256 0C       		.uleb128 0xc
 641 0257 75000000 		.4byte	.LASF45
 642 025b 03       		.byte	0x3
 643 025c A202     		.2byte	0x2a2
 644 025e 29010000 		.4byte	0x129
 645 0262 08       		.byte	0x8
 646 0263 0C       		.uleb128 0xc
 647 0264 00000000 		.4byte	.LASF46
 648 0268 03       		.byte	0x3
 649 0269 A302     		.2byte	0x2a3
ARM GAS  C:\Users\aditi\AppData\Local\Temp\cc97kchY.s 			page 13


 650 026b 35010000 		.4byte	0x135
 651 026f 0C       		.byte	0xc
 652 0270 00       		.byte	0
 653 0271 0A       		.uleb128 0xa
 654 0272 40040000 		.4byte	.LASF47
 655 0276 03       		.byte	0x3
 656 0277 A402     		.2byte	0x2a4
 657 0279 33020000 		.4byte	0x233
 658 027d 0D       		.uleb128 0xd
 659 027e 01       		.byte	0x1
 660 027f 24000000 		.4byte	0x24
 661 0283 03       		.byte	0x3
 662 0284 A702     		.2byte	0x2a7
 663 0286 A3020000 		.4byte	0x2a3
 664 028a 0E       		.uleb128 0xe
 665 028b 5D060000 		.4byte	.LASF48
 666 028f 00       		.byte	0
 667 0290 0E       		.uleb128 0xe
 668 0291 A5060000 		.4byte	.LASF49
 669 0295 01       		.byte	0x1
 670 0296 0E       		.uleb128 0xe
 671 0297 7C060000 		.4byte	.LASF50
 672 029b 02       		.byte	0x2
 673 029c 0E       		.uleb128 0xe
 674 029d 1F060000 		.4byte	.LASF51
 675 02a1 03       		.byte	0x3
 676 02a2 00       		.byte	0
 677 02a3 0A       		.uleb128 0xa
 678 02a4 42010000 		.4byte	.LASF52
 679 02a8 03       		.byte	0x3
 680 02a9 AC02     		.2byte	0x2ac
 681 02ab 7D020000 		.4byte	0x27d
 682 02af 0A       		.uleb128 0xa
 683 02b0 01070000 		.4byte	.LASF53
 684 02b4 03       		.byte	0x3
 685 02b5 AF02     		.2byte	0x2af
 686 02b7 A3020000 		.4byte	0x2a3
 687 02bb 0B       		.uleb128 0xb
 688 02bc 14       		.byte	0x14
 689 02bd 03       		.byte	0x3
 690 02be B202     		.2byte	0x2b2
 691 02c0 04030000 		.4byte	0x304
 692 02c4 0C       		.uleb128 0xc
 693 02c5 D7060000 		.4byte	.LASF54
 694 02c9 03       		.byte	0x3
 695 02ca B302     		.2byte	0x2b3
 696 02cc AF020000 		.4byte	0x2af
 697 02d0 00       		.byte	0
 698 02d1 0C       		.uleb128 0xc
 699 02d2 9B070000 		.4byte	.LASF55
 700 02d6 03       		.byte	0x3
 701 02d7 B402     		.2byte	0x2b4
 702 02d9 11010000 		.4byte	0x111
 703 02dd 04       		.byte	0x4
 704 02de 0C       		.uleb128 0xc
 705 02df E1050000 		.4byte	.LASF56
 706 02e3 03       		.byte	0x3
ARM GAS  C:\Users\aditi\AppData\Local\Temp\cc97kchY.s 			page 14


 707 02e4 B602     		.2byte	0x2b6
 708 02e6 1D010000 		.4byte	0x11d
 709 02ea 08       		.byte	0x8
 710 02eb 0F       		.uleb128 0xf
 711 02ec 6600     		.ascii	"f\000"
 712 02ee 03       		.byte	0x3
 713 02ef B802     		.2byte	0x2b8
 714 02f1 9F000000 		.4byte	0x9f
 715 02f5 0C       		.byte	0xc
 716 02f6 0C       		.uleb128 0xc
 717 02f7 F2040000 		.4byte	.LASF57
 718 02fb 03       		.byte	0x3
 719 02fc BA02     		.2byte	0x2ba
 720 02fe 4D010000 		.4byte	0x14d
 721 0302 10       		.byte	0x10
 722 0303 00       		.byte	0
 723 0304 0A       		.uleb128 0xa
 724 0305 6D040000 		.4byte	.LASF58
 725 0309 03       		.byte	0x3
 726 030a BB02     		.2byte	0x2bb
 727 030c BB020000 		.4byte	0x2bb
 728 0310 0B       		.uleb128 0xb
 729 0311 04       		.byte	0x4
 730 0312 03       		.byte	0x3
 731 0313 BD02     		.2byte	0x2bd
 732 0315 27030000 		.4byte	0x327
 733 0319 0C       		.uleb128 0xc
 734 031a A4030000 		.4byte	.LASF59
 735 031e 03       		.byte	0x3
 736 031f BF02     		.2byte	0x2bf
 737 0321 41010000 		.4byte	0x141
 738 0325 00       		.byte	0
 739 0326 00       		.byte	0
 740 0327 0A       		.uleb128 0xa
 741 0328 34020000 		.4byte	.LASF60
 742 032c 03       		.byte	0x3
 743 032d C402     		.2byte	0x2c4
 744 032f 10030000 		.4byte	0x310
 745 0333 10       		.uleb128 0x10
 746 0334 7A020000 		.4byte	.LASF62
 747 0338 08       		.byte	0x8
 748 0339 03       		.byte	0x3
 749 033a 0E04     		.2byte	0x40e
 750 033c 5A030000 		.4byte	0x35a
 751 0340 0F       		.uleb128 0xf
 752 0341 6E7400   		.ascii	"nt\000"
 753 0344 03       		.byte	0x3
 754 0345 0F04     		.2byte	0x40f
 755 0347 B5000000 		.4byte	0xb5
 756 034b 00       		.byte	0
 757 034c 0C       		.uleb128 0xc
 758 034d E3060000 		.4byte	.LASF63
 759 0351 03       		.byte	0x3
 760 0352 1004     		.2byte	0x410
 761 0354 6A030000 		.4byte	0x36a
 762 0358 04       		.byte	0x4
 763 0359 00       		.byte	0
ARM GAS  C:\Users\aditi\AppData\Local\Temp\cc97kchY.s 			page 15


 764 035a 11       		.uleb128 0x11
 765 035b 65030000 		.4byte	0x365
 766 035f 65030000 		.4byte	0x365
 767 0363 12       		.uleb128 0x12
 768 0364 00       		.byte	0
 769 0365 13       		.uleb128 0x13
 770 0366 E1000000 		.4byte	0xe1
 771 036a 06       		.uleb128 0x6
 772 036b 04       		.byte	0x4
 773 036c 5A030000 		.4byte	0x35a
 774 0370 11       		.uleb128 0x11
 775 0371 65030000 		.4byte	0x365
 776 0375 80030000 		.4byte	0x380
 777 0379 14       		.uleb128 0x14
 778 037a 80030000 		.4byte	0x380
 779 037e 00       		.byte	0
 780 037f 00       		.byte	0
 781 0380 02       		.uleb128 0x2
 782 0381 04       		.byte	0x4
 783 0382 07       		.byte	0x7
 784 0383 E2030000 		.4byte	.LASF64
 785 0387 15       		.uleb128 0x15
 786 0388 F1000000 		.4byte	.LASF116
 787 038c 05       		.byte	0x5
 788 038d 6507     		.2byte	0x765
 789 038f 99030000 		.4byte	0x399
 790 0393 05       		.uleb128 0x5
 791 0394 03       		.byte	0x3
 792 0395 08000000 		.4byte	EE_oo_autostart_task_mode_OSDEFAULTAPPMODE
 793 0399 13       		.uleb128 0x13
 794 039a 70030000 		.4byte	0x370
 795 039e 11       		.uleb128 0x11
 796 039f AE030000 		.4byte	0x3ae
 797 03a3 AE030000 		.4byte	0x3ae
 798 03a7 14       		.uleb128 0x14
 799 03a8 80030000 		.4byte	0x380
 800 03ac 04       		.byte	0x4
 801 03ad 00       		.byte	0
 802 03ae 13       		.uleb128 0x13
 803 03af AA000000 		.4byte	0xaa
 804 03b3 16       		.uleb128 0x16
 805 03b4 B5060000 		.4byte	.LASF65
 806 03b8 05       		.byte	0x5
 807 03b9 D2       		.byte	0xd2
 808 03ba C4030000 		.4byte	0x3c4
 809 03be 05       		.uleb128 0x5
 810 03bf 03       		.byte	0x3
 811 03c0 00000000 		.4byte	EE_hal_thread_body
 812 03c4 13       		.uleb128 0x13
 813 03c5 9E030000 		.4byte	0x39e
 814 03c9 11       		.uleb128 0x11
 815 03ca D9030000 		.4byte	0x3d9
 816 03ce D9030000 		.4byte	0x3d9
 817 03d2 14       		.uleb128 0x14
 818 03d3 80030000 		.4byte	0x380
 819 03d7 05       		.byte	0x5
 820 03d8 00       		.byte	0
ARM GAS  C:\Users\aditi\AppData\Local\Temp\cc97kchY.s 			page 16


 821 03d9 13       		.uleb128 0x13
 822 03da B5000000 		.4byte	0xb5
 823 03de 16       		.uleb128 0x16
 824 03df 0D060000 		.4byte	.LASF66
 825 03e3 05       		.byte	0x5
 826 03e4 71       		.byte	0x71
 827 03e5 EF030000 		.4byte	0x3ef
 828 03e9 05       		.uleb128 0x5
 829 03ea 03       		.byte	0x3
 830 03eb 00000000 		.4byte	EE_std_thread_tos
 831 03ef 13       		.uleb128 0x13
 832 03f0 C9030000 		.4byte	0x3c9
 833 03f4 11       		.uleb128 0x11
 834 03f5 80000000 		.4byte	0x80
 835 03f9 04040000 		.4byte	0x404
 836 03fd 14       		.uleb128 0x14
 837 03fe 80030000 		.4byte	0x380
 838 0402 04       		.byte	0x4
 839 0403 00       		.byte	0
 840 0404 16       		.uleb128 0x16
 841 0405 65070000 		.4byte	.LASF67
 842 0409 05       		.byte	0x5
 843 040a ED       		.byte	0xed
 844 040b F4030000 		.4byte	0x3f4
 845 040f 05       		.uleb128 0x5
 846 0410 03       		.byte	0x3
 847 0411 00000000 		.4byte	EE_terminate_data
 848 0415 16       		.uleb128 0x16
 849 0416 D8040000 		.4byte	.LASF68
 850 041a 05       		.byte	0x5
 851 041b F0       		.byte	0xf0
 852 041c 26040000 		.4byte	0x426
 853 0420 05       		.uleb128 0x5
 854 0421 03       		.byte	0x3
 855 0422 00000000 		.4byte	EE_terminate_real_th_body
 856 0426 13       		.uleb128 0x13
 857 0427 9E030000 		.4byte	0x39e
 858 042b 11       		.uleb128 0x11
 859 042c EC000000 		.4byte	0xec
 860 0430 3B040000 		.4byte	0x43b
 861 0434 14       		.uleb128 0x14
 862 0435 80030000 		.4byte	0x380
 863 0439 02       		.byte	0x2
 864 043a 00       		.byte	0
 865 043b 16       		.uleb128 0x16
 866 043c 9E040000 		.4byte	.LASF69
 867 0440 05       		.byte	0x5
 868 0441 8D       		.byte	0x8d
 869 0442 2B040000 		.4byte	0x42b
 870 0446 05       		.uleb128 0x5
 871 0447 03       		.byte	0x3
 872 0448 00000000 		.4byte	EE_cortex_mx_system_tos
 873 044c 16       		.uleb128 0x16
 874 044d 82010000 		.4byte	.LASF70
 875 0451 05       		.byte	0x5
 876 0452 A9       		.byte	0xa9
 877 0453 B5000000 		.4byte	0xb5
ARM GAS  C:\Users\aditi\AppData\Local\Temp\cc97kchY.s 			page 17


 878 0457 05       		.uleb128 0x5
 879 0458 03       		.byte	0x3
 880 0459 00000000 		.4byte	EE_cortex_mx_active_tos
 881 045d 11       		.uleb128 0x11
 882 045e D9030000 		.4byte	0x3d9
 883 0462 6D040000 		.4byte	0x46d
 884 0466 14       		.uleb128 0x14
 885 0467 80030000 		.4byte	0x380
 886 046b 04       		.byte	0x4
 887 046c 00       		.byte	0
 888 046d 17       		.uleb128 0x17
 889 046e 6C060000 		.4byte	.LASF71
 890 0472 05       		.byte	0x5
 891 0473 E202     		.2byte	0x2e2
 892 0475 7F040000 		.4byte	0x47f
 893 0479 05       		.uleb128 0x5
 894 047a 03       		.byte	0x3
 895 047b 00000000 		.4byte	EE_th_rnact_max
 896 047f 13       		.uleb128 0x13
 897 0480 5D040000 		.4byte	0x45d
 898 0484 17       		.uleb128 0x17
 899 0485 10070000 		.4byte	.LASF72
 900 0489 05       		.byte	0x5
 901 048a 0C01     		.2byte	0x10c
 902 048c 96040000 		.4byte	0x496
 903 0490 05       		.uleb128 0x5
 904 0491 03       		.byte	0x3
 905 0492 00000000 		.4byte	EE_th_ready_prio
 906 0496 13       		.uleb128 0x13
 907 0497 5D040000 		.4byte	0x45d
 908 049b 17       		.uleb128 0x17
 909 049c 30030000 		.4byte	.LASF73
 910 04a0 05       		.byte	0x5
 911 04a1 4502     		.2byte	0x245
 912 04a3 AD040000 		.4byte	0x4ad
 913 04a7 05       		.uleb128 0x5
 914 04a8 03       		.byte	0x3
 915 04a9 00000000 		.4byte	EE_th_dispatch_prio
 916 04ad 13       		.uleb128 0x13
 917 04ae 5D040000 		.4byte	0x45d
 918 04b2 11       		.uleb128 0x11
 919 04b3 C2040000 		.4byte	0x4c2
 920 04b7 C2040000 		.4byte	0x4c2
 921 04bb 14       		.uleb128 0x14
 922 04bc 80030000 		.4byte	0x380
 923 04c0 04       		.byte	0x4
 924 04c1 00       		.byte	0
 925 04c2 06       		.uleb128 0x6
 926 04c3 04       		.byte	0x4
 927 04c4 CF040000 		.4byte	0x4cf
 928 04c8 02       		.uleb128 0x2
 929 04c9 01       		.byte	0x1
 930 04ca 08       		.byte	0x8
 931 04cb 58060000 		.4byte	.LASF74
 932 04cf 13       		.uleb128 0x13
 933 04d0 C8040000 		.4byte	0x4c8
 934 04d4 17       		.uleb128 0x17
ARM GAS  C:\Users\aditi\AppData\Local\Temp\cc97kchY.s 			page 18


 935 04d5 2F050000 		.4byte	.LASF75
 936 04d9 05       		.byte	0x5
 937 04da 2801     		.2byte	0x128
 938 04dc B2040000 		.4byte	0x4b2
 939 04e0 05       		.uleb128 0x5
 940 04e1 03       		.byte	0x3
 941 04e2 00000000 		.4byte	EE_TASK_NAME
 942 04e6 11       		.uleb128 0x11
 943 04e7 C2040000 		.4byte	0x4c2
 944 04eb F6040000 		.4byte	0x4f6
 945 04ef 14       		.uleb128 0x14
 946 04f0 80030000 		.4byte	0x380
 947 04f4 02       		.byte	0x2
 948 04f5 00       		.byte	0
 949 04f6 17       		.uleb128 0x17
 950 04f7 67010000 		.4byte	.LASF76
 951 04fb 05       		.byte	0x5
 952 04fc 8101     		.2byte	0x181
 953 04fe E6040000 		.4byte	0x4e6
 954 0502 05       		.uleb128 0x5
 955 0503 03       		.byte	0x3
 956 0504 00000000 		.4byte	EE_EVENT_NAME
 957 0508 11       		.uleb128 0x11
 958 0509 C2040000 		.4byte	0x4c2
 959 050d 18050000 		.4byte	0x518
 960 0511 14       		.uleb128 0x14
 961 0512 80030000 		.4byte	0x380
 962 0516 00       		.byte	0
 963 0517 00       		.byte	0
 964 0518 17       		.uleb128 0x17
 965 0519 49020000 		.4byte	.LASF77
 966 051d 05       		.byte	0x5
 967 051e 3D06     		.2byte	0x63d
 968 0520 08050000 		.4byte	0x508
 969 0524 05       		.uleb128 0x5
 970 0525 03       		.byte	0x3
 971 0526 00000000 		.4byte	EE_ALARM_NAME
 972 052a 11       		.uleb128 0x11
 973 052b 3A050000 		.4byte	0x53a
 974 052f 3A050000 		.4byte	0x53a
 975 0533 14       		.uleb128 0x14
 976 0534 80030000 		.4byte	0x380
 977 0538 02       		.byte	0x2
 978 0539 00       		.byte	0
 979 053a 13       		.uleb128 0x13
 980 053b 40000000 		.4byte	0x40
 981 053f 17       		.uleb128 0x17
 982 0540 B1010000 		.4byte	.LASF78
 983 0544 05       		.byte	0x5
 984 0545 E201     		.2byte	0x1e2
 985 0547 51050000 		.4byte	0x551
 986 054b 05       		.uleb128 0x5
 987 054c 03       		.byte	0x3
 988 054d 00000000 		.4byte	EE_EVENT_ID
 989 0551 13       		.uleb128 0x13
 990 0552 2A050000 		.4byte	0x52a
 991 0556 11       		.uleb128 0x11
ARM GAS  C:\Users\aditi\AppData\Local\Temp\cc97kchY.s 			page 19


 992 0557 3A050000 		.4byte	0x53a
 993 055b 66050000 		.4byte	0x566
 994 055f 14       		.uleb128 0x14
 995 0560 80030000 		.4byte	0x380
 996 0564 00       		.byte	0
 997 0565 00       		.byte	0
 998 0566 17       		.uleb128 0x17
 999 0567 1C010000 		.4byte	.LASF79
 1000 056b 05       		.byte	0x5
 1001 056c 5906     		.2byte	0x659
 1002 056e 78050000 		.4byte	0x578
 1003 0572 05       		.uleb128 0x5
 1004 0573 03       		.byte	0x3
 1005 0574 00000000 		.4byte	EE_ALARM_ID
 1006 0578 13       		.uleb128 0x13
 1007 0579 56050000 		.4byte	0x556
 1008 057d 11       		.uleb128 0x11
 1009 057e B5000000 		.4byte	0xb5
 1010 0582 8D050000 		.4byte	0x58d
 1011 0586 14       		.uleb128 0x14
 1012 0587 80030000 		.4byte	0x380
 1013 058b 04       		.byte	0x4
 1014 058c 00       		.byte	0
 1015 058d 17       		.uleb128 0x17
 1016 058e 0D030000 		.4byte	.LASF80
 1017 0592 05       		.byte	0x5
 1018 0593 8102     		.2byte	0x281
 1019 0595 7D050000 		.4byte	0x57d
 1020 0599 05       		.uleb128 0x5
 1021 059a 03       		.byte	0x3
 1022 059b 00000000 		.4byte	EE_th_status
 1023 059f 11       		.uleb128 0x11
 1024 05a0 E1000000 		.4byte	0xe1
 1025 05a4 AF050000 		.4byte	0x5af
 1026 05a8 14       		.uleb128 0x14
 1027 05a9 80030000 		.4byte	0x380
 1028 05ad 04       		.byte	0x4
 1029 05ae 00       		.byte	0
 1030 05af 17       		.uleb128 0x17
 1031 05b0 CD040000 		.4byte	.LASF81
 1032 05b4 05       		.byte	0x5
 1033 05b5 9D02     		.2byte	0x29d
 1034 05b7 9F050000 		.4byte	0x59f
 1035 05bb 05       		.uleb128 0x5
 1036 05bc 03       		.byte	0x3
 1037 05bd 00000000 		.4byte	EE_th_next
 1038 05c1 17       		.uleb128 0x17
 1039 05c2 21070000 		.4byte	.LASF82
 1040 05c6 05       		.byte	0x5
 1041 05c7 C702     		.2byte	0x2c7
 1042 05c9 7D050000 		.4byte	0x57d
 1043 05cd 05       		.uleb128 0x5
 1044 05ce 03       		.byte	0x3
 1045 05cf 00000000 		.4byte	EE_th_rnact
 1046 05d3 17       		.uleb128 0x17
 1047 05d4 05000000 		.4byte	.LASF83
 1048 05d8 05       		.byte	0x5
ARM GAS  C:\Users\aditi\AppData\Local\Temp\cc97kchY.s 			page 20


 1049 05d9 7703     		.2byte	0x377
 1050 05db 9F050000 		.4byte	0x59f
 1051 05df 05       		.uleb128 0x5
 1052 05e0 03       		.byte	0x3
 1053 05e1 00000000 		.4byte	EE_th_terminate_nextask
 1054 05e5 17       		.uleb128 0x17
 1055 05e6 26000000 		.4byte	.LASF84
 1056 05ea 05       		.byte	0x5
 1057 05eb B902     		.2byte	0x2b9
 1058 05ed E1000000 		.4byte	0xe1
 1059 05f1 05       		.uleb128 0x5
 1060 05f2 03       		.byte	0x3
 1061 05f3 00000000 		.4byte	EE_stkfirst
 1062 05f7 17       		.uleb128 0x17
 1063 05f8 C8060000 		.4byte	.LASF85
 1064 05fc 05       		.byte	0x5
 1065 05fd BC02     		.2byte	0x2bc
 1066 05ff B5000000 		.4byte	0xb5
 1067 0603 05       		.uleb128 0x5
 1068 0604 03       		.byte	0x3
 1069 0605 00000000 		.4byte	EE_sys_ceiling
 1070 0609 17       		.uleb128 0x17
 1071 060a 1B040000 		.4byte	.LASF86
 1072 060e 05       		.byte	0x5
 1073 060f FD02     		.2byte	0x2fd
 1074 0611 7D050000 		.4byte	0x57d
 1075 0615 05       		.uleb128 0x5
 1076 0616 03       		.byte	0x3
 1077 0617 00000000 		.4byte	EE_rq_link
 1078 061b 11       		.uleb128 0x11
 1079 061c C0000000 		.4byte	0xc0
 1080 0620 2B060000 		.4byte	0x62b
 1081 0624 14       		.uleb128 0x14
 1082 0625 80030000 		.4byte	0x380
 1083 0629 0F       		.byte	0xf
 1084 062a 00       		.byte	0
 1085 062b 17       		.uleb128 0x17
 1086 062c C6010000 		.4byte	.LASF87
 1087 0630 05       		.byte	0x5
 1088 0631 BF02     		.2byte	0x2bf
 1089 0633 1B060000 		.4byte	0x61b
 1090 0637 05       		.uleb128 0x5
 1091 0638 03       		.byte	0x3
 1092 0639 00000000 		.4byte	EE_rq_queues_head
 1093 063d 17       		.uleb128 0x17
 1094 063e FB050000 		.4byte	.LASF88
 1095 0642 05       		.byte	0x5
 1096 0643 C102     		.2byte	0x2c1
 1097 0645 1B060000 		.4byte	0x61b
 1098 0649 05       		.uleb128 0x5
 1099 064a 03       		.byte	0x3
 1100 064b 00000000 		.4byte	EE_rq_queues_tail
 1101 064f 11       		.uleb128 0x11
 1102 0650 C0000000 		.4byte	0xc0
 1103 0654 5F060000 		.4byte	0x65f
 1104 0658 14       		.uleb128 0x14
 1105 0659 80030000 		.4byte	0x380
ARM GAS  C:\Users\aditi\AppData\Local\Temp\cc97kchY.s 			page 21


 1106 065d 04       		.byte	0x4
 1107 065e 00       		.byte	0
 1108 065f 17       		.uleb128 0x17
 1109 0660 C0000000 		.4byte	.LASF89
 1110 0664 05       		.byte	0x5
 1111 0665 1B03     		.2byte	0x31b
 1112 0667 4F060000 		.4byte	0x64f
 1113 066b 05       		.uleb128 0x5
 1114 066c 03       		.byte	0x3
 1115 066d 00000000 		.4byte	EE_rq_pairs_next
 1116 0671 17       		.uleb128 0x17
 1117 0672 2D070000 		.4byte	.LASF90
 1118 0676 05       		.byte	0x5
 1119 0677 7003     		.2byte	0x370
 1120 0679 9F050000 		.4byte	0x59f
 1121 067d 05       		.uleb128 0x5
 1122 067e 03       		.byte	0x3
 1123 067f 00000000 		.4byte	EE_rq_pairs_tid
 1124 0683 17       		.uleb128 0x17
 1125 0684 32060000 		.4byte	.LASF91
 1126 0688 05       		.byte	0x5
 1127 0689 C402     		.2byte	0x2c4
 1128 068b 05010000 		.4byte	0x105
 1129 068f 05       		.uleb128 0x5
 1130 0690 03       		.byte	0x3
 1131 0691 00000000 		.4byte	EE_rq_bitmask
 1132 0695 17       		.uleb128 0x17
 1133 0696 10040000 		.4byte	.LASF92
 1134 069a 05       		.byte	0x5
 1135 069b 7303     		.2byte	0x373
 1136 069d C0000000 		.4byte	0xc0
 1137 06a1 05       		.uleb128 0x5
 1138 06a2 03       		.byte	0x3
 1139 06a3 00000000 		.4byte	EE_rq_free
 1140 06a7 17       		.uleb128 0x17
 1141 06a8 77070000 		.4byte	.LASF93
 1142 06ac 05       		.byte	0x5
 1143 06ad 9A03     		.2byte	0x39a
 1144 06af 7D050000 		.4byte	0x57d
 1145 06b3 05       		.uleb128 0x5
 1146 06b4 03       		.byte	0x3
 1147 06b5 00000000 		.4byte	EE_th_event_active
 1148 06b9 17       		.uleb128 0x17
 1149 06ba 05050000 		.4byte	.LASF94
 1150 06be 05       		.byte	0x5
 1151 06bf B603     		.2byte	0x3b6
 1152 06c1 7D050000 		.4byte	0x57d
 1153 06c5 05       		.uleb128 0x5
 1154 06c6 03       		.byte	0x3
 1155 06c7 00000000 		.4byte	EE_th_event_waitmask
 1156 06cb 11       		.uleb128 0x11
 1157 06cc D6000000 		.4byte	0xd6
 1158 06d0 DB060000 		.4byte	0x6db
 1159 06d4 14       		.uleb128 0x14
 1160 06d5 80030000 		.4byte	0x380
 1161 06d9 04       		.byte	0x4
 1162 06da 00       		.byte	0
ARM GAS  C:\Users\aditi\AppData\Local\Temp\cc97kchY.s 			page 22


 1163 06db 17       		.uleb128 0x17
 1164 06dc 69020000 		.4byte	.LASF95
 1165 06e0 05       		.byte	0x5
 1166 06e1 D203     		.2byte	0x3d2
 1167 06e3 CB060000 		.4byte	0x6cb
 1168 06e7 05       		.uleb128 0x5
 1169 06e8 03       		.byte	0x3
 1170 06e9 00000000 		.4byte	EE_th_waswaiting
 1171 06ed 17       		.uleb128 0x17
 1172 06ee AF070000 		.4byte	.LASF96
 1173 06f2 05       		.byte	0x5
 1174 06f3 EE03     		.2byte	0x3ee
 1175 06f5 FF060000 		.4byte	0x6ff
 1176 06f9 05       		.uleb128 0x5
 1177 06fa 03       		.byte	0x3
 1178 06fb 00000000 		.4byte	EE_th_is_extended
 1179 06ff 13       		.uleb128 0x13
 1180 0700 5D040000 		.4byte	0x45d
 1181 0704 11       		.uleb128 0x11
 1182 0705 14070000 		.4byte	0x714
 1183 0709 14070000 		.4byte	0x714
 1184 070d 14       		.uleb128 0x14
 1185 070e 80030000 		.4byte	0x380
 1186 0712 00       		.byte	0
 1187 0713 00       		.byte	0
 1188 0714 13       		.uleb128 0x13
 1189 0715 8A010000 		.4byte	0x18a
 1190 0719 17       		.uleb128 0x17
 1191 071a 5E040000 		.4byte	.LASF97
 1192 071e 05       		.byte	0x5
 1193 071f FF05     		.2byte	0x5ff
 1194 0721 2B070000 		.4byte	0x72b
 1195 0725 05       		.uleb128 0x5
 1196 0726 03       		.byte	0x3
 1197 0727 00000000 		.4byte	EE_counter_ROM
 1198 072b 13       		.uleb128 0x13
 1199 072c 04070000 		.4byte	0x704
 1200 0730 11       		.uleb128 0x11
 1201 0731 40070000 		.4byte	0x740
 1202 0735 40070000 		.4byte	0x740
 1203 0739 14       		.uleb128 0x14
 1204 073a 80030000 		.4byte	0x380
 1205 073e 00       		.byte	0
 1206 073f 00       		.byte	0
 1207 0740 13       		.uleb128 0x13
 1208 0741 27020000 		.4byte	0x227
 1209 0745 17       		.uleb128 0x17
 1210 0746 8B030000 		.4byte	.LASF98
 1211 074a 05       		.byte	0x5
 1212 074b 9606     		.2byte	0x696
 1213 074d 57070000 		.4byte	0x757
 1214 0751 05       		.uleb128 0x5
 1215 0752 03       		.byte	0x3
 1216 0753 00000000 		.4byte	EE_oo_counter_object_ROM
 1217 0757 13       		.uleb128 0x13
 1218 0758 30070000 		.4byte	0x730
 1219 075c 11       		.uleb128 0x11
ARM GAS  C:\Users\aditi\AppData\Local\Temp\cc97kchY.s 			page 23


 1220 075d 6C070000 		.4byte	0x76c
 1221 0761 6C070000 		.4byte	0x76c
 1222 0765 14       		.uleb128 0x14
 1223 0766 80030000 		.4byte	0x380
 1224 076a 00       		.byte	0
 1225 076b 00       		.byte	0
 1226 076c 13       		.uleb128 0x13
 1227 076d 04030000 		.4byte	0x304
 1228 0771 17       		.uleb128 0x17
 1229 0772 C1030000 		.4byte	.LASF99
 1230 0776 05       		.byte	0x5
 1231 0777 BA06     		.2byte	0x6ba
 1232 0779 83070000 		.4byte	0x783
 1233 077d 05       		.uleb128 0x5
 1234 077e 03       		.byte	0x3
 1235 077f 00000000 		.4byte	EE_oo_action_ROM
 1236 0783 13       		.uleb128 0x13
 1237 0784 5C070000 		.4byte	0x75c
 1238 0788 11       		.uleb128 0x11
 1239 0789 98070000 		.4byte	0x798
 1240 078d 98070000 		.4byte	0x798
 1241 0791 14       		.uleb128 0x14
 1242 0792 80030000 		.4byte	0x380
 1243 0796 00       		.byte	0
 1244 0797 00       		.byte	0
 1245 0798 13       		.uleb128 0x13
 1246 0799 27030000 		.4byte	0x327
 1247 079d 17       		.uleb128 0x17
 1248 079e 75010000 		.4byte	.LASF100
 1249 07a2 05       		.byte	0x5
 1250 07a3 2006     		.2byte	0x620
 1251 07a5 AF070000 		.4byte	0x7af
 1252 07a9 05       		.uleb128 0x5
 1253 07aa 03       		.byte	0x3
 1254 07ab 00000000 		.4byte	EE_alarm_ROM
 1255 07af 13       		.uleb128 0x13
 1256 07b0 88070000 		.4byte	0x788
 1257 07b4 11       		.uleb128 0x11
 1258 07b5 BA010000 		.4byte	0x1ba
 1259 07b9 C4070000 		.4byte	0x7c4
 1260 07bd 14       		.uleb128 0x14
 1261 07be 80030000 		.4byte	0x380
 1262 07c2 00       		.byte	0
 1263 07c3 00       		.byte	0
 1264 07c4 17       		.uleb128 0x17
 1265 07c5 8E060000 		.4byte	.LASF101
 1266 07c9 05       		.byte	0x5
 1267 07ca 0C06     		.2byte	0x60c
 1268 07cc B4070000 		.4byte	0x7b4
 1269 07d0 05       		.uleb128 0x5
 1270 07d1 03       		.byte	0x3
 1271 07d2 00000000 		.4byte	EE_counter_RAM
 1272 07d6 11       		.uleb128 0x11
 1273 07d7 71020000 		.4byte	0x271
 1274 07db E6070000 		.4byte	0x7e6
 1275 07df 14       		.uleb128 0x14
 1276 07e0 80030000 		.4byte	0x380
ARM GAS  C:\Users\aditi\AppData\Local\Temp\cc97kchY.s 			page 24


 1277 07e4 00       		.byte	0
 1278 07e5 00       		.byte	0
 1279 07e6 17       		.uleb128 0x17
 1280 07e7 E8060000 		.4byte	.LASF102
 1281 07eb 05       		.byte	0x5
 1282 07ec B106     		.2byte	0x6b1
 1283 07ee D6070000 		.4byte	0x7d6
 1284 07f2 05       		.uleb128 0x5
 1285 07f3 03       		.byte	0x3
 1286 07f4 00000000 		.4byte	EE_oo_counter_object_RAM
 1287 07f8 11       		.uleb128 0x11
 1288 07f9 08080000 		.4byte	0x808
 1289 07fd 08080000 		.4byte	0x808
 1290 0801 14       		.uleb128 0x14
 1291 0802 80030000 		.4byte	0x380
 1292 0806 00       		.byte	0
 1293 0807 00       		.byte	0
 1294 0808 13       		.uleb128 0x13
 1295 0809 33030000 		.4byte	0x333
 1296 080d 17       		.uleb128 0x17
 1297 080e C9070000 		.4byte	.LASF103
 1298 0812 05       		.byte	0x5
 1299 0813 9607     		.2byte	0x796
 1300 0815 1F080000 		.4byte	0x81f
 1301 0819 05       		.uleb128 0x5
 1302 081a 03       		.byte	0x3
 1303 081b 00000000 		.4byte	EE_oo_autostart_task_data
 1304 081f 13       		.uleb128 0x13
 1305 0820 F8070000 		.4byte	0x7f8
 1306 0824 18       		.uleb128 0x18
 1307 0825 D8010000 		.4byte	.LASF104
 1308 0829 06       		.byte	0x6
 1309 082a 40       		.byte	0x40
 1310 082b B5000000 		.4byte	0xb5
 1311 082f 18       		.uleb128 0x18
 1312 0830 F7030000 		.4byte	.LASF105
 1313 0834 06       		.byte	0x6
 1314 0835 47       		.byte	0x47
 1315 0836 CB000000 		.4byte	0xcb
 1316 083a 17       		.uleb128 0x17
 1317 083b AE030000 		.4byte	.LASF106
 1318 083f 05       		.byte	0x5
 1319 0840 5C07     		.2byte	0x75c
 1320 0842 B5000000 		.4byte	0xb5
 1321 0846 05       		.uleb128 0x5
 1322 0847 03       		.byte	0x3
 1323 0848 00000000 		.4byte	EE_ApplicationMode
 1324 084c 18       		.uleb128 0x18
 1325 084d F0010000 		.4byte	.LASF107
 1326 0851 07       		.byte	0x7
 1327 0852 48       		.byte	0x48
 1328 0853 E1000000 		.4byte	0xe1
 1329 0857 18       		.uleb128 0x18
 1330 0858 3D070000 		.4byte	.LASF108
 1331 085c 08       		.byte	0x8
 1332 085d 44       		.byte	0x44
 1333 085e B5000000 		.4byte	0xb5
ARM GAS  C:\Users\aditi\AppData\Local\Temp\cc97kchY.s 			page 25


 1334 0862 16       		.uleb128 0x16
 1335 0863 49000000 		.4byte	.LASF109
 1336 0867 05       		.byte	0x5
 1337 0868 AD       		.byte	0xad
 1338 0869 EC000000 		.4byte	0xec
 1339 086d 05       		.uleb128 0x5
 1340 086e 03       		.byte	0x3
 1341 086f 00000000 		.4byte	EE_cortex_mx_IRQ_tos
 1342 0873 11       		.uleb128 0x11
 1343 0874 55000000 		.4byte	0x55
 1344 0878 83080000 		.4byte	0x883
 1345 087c 14       		.uleb128 0x14
 1346 087d 80030000 		.4byte	0x380
 1347 0881 F9       		.byte	0xf9
 1348 0882 00       		.byte	0
 1349 0883 16       		.uleb128 0x16
 1350 0884 1A050000 		.4byte	.LASF110
 1351 0888 05       		.byte	0x5
 1352 0889 19       		.byte	0x19
 1353 088a 73080000 		.4byte	0x873
 1354 088e 05       		.uleb128 0x5
 1355 088f 03       		.byte	0x3
 1356 0890 00000000 		.4byte	EE_cortex_mx_stack_3
 1357 0894 16       		.uleb128 0x16
 1358 0895 44030000 		.4byte	.LASF111
 1359 0899 05       		.byte	0x5
 1360 089a 1D       		.byte	0x1d
 1361 089b 73080000 		.4byte	0x873
 1362 089f 05       		.uleb128 0x5
 1363 08a0 03       		.byte	0x3
 1364 08a1 00000000 		.4byte	EE_cortex_mx_stack_4
 1365 08a5 11       		.uleb128 0x11
 1366 08a6 55000000 		.4byte	0x55
 1367 08aa B5080000 		.4byte	0x8b5
 1368 08ae 14       		.uleb128 0x14
 1369 08af 80030000 		.4byte	0x380
 1370 08b3 7F       		.byte	0x7f
 1371 08b4 00       		.byte	0
 1372 08b5 16       		.uleb128 0x16
 1373 08b6 59030000 		.4byte	.LASF112
 1374 08ba 05       		.byte	0x5
 1375 08bb 32       		.byte	0x32
 1376 08bc A5080000 		.4byte	0x8a5
 1377 08c0 05       		.uleb128 0x5
 1378 08c1 03       		.byte	0x3
 1379 08c2 00000000 		.4byte	EE_cortex_mx_stack_9
 1380 08c6 00       		.byte	0
 1381              		.section	.debug_abbrev,"",%progbits
 1382              	.Ldebug_abbrev0:
 1383 0000 01       		.uleb128 0x1
 1384 0001 11       		.uleb128 0x11
 1385 0002 01       		.byte	0x1
 1386 0003 25       		.uleb128 0x25
 1387 0004 0E       		.uleb128 0xe
 1388 0005 13       		.uleb128 0x13
 1389 0006 0B       		.uleb128 0xb
 1390 0007 03       		.uleb128 0x3
ARM GAS  C:\Users\aditi\AppData\Local\Temp\cc97kchY.s 			page 26


 1391 0008 0E       		.uleb128 0xe
 1392 0009 1B       		.uleb128 0x1b
 1393 000a 0E       		.uleb128 0xe
 1394 000b 10       		.uleb128 0x10
 1395 000c 17       		.uleb128 0x17
 1396 000d 00       		.byte	0
 1397 000e 00       		.byte	0
 1398 000f 02       		.uleb128 0x2
 1399 0010 24       		.uleb128 0x24
 1400 0011 00       		.byte	0
 1401 0012 0B       		.uleb128 0xb
 1402 0013 0B       		.uleb128 0xb
 1403 0014 3E       		.uleb128 0x3e
 1404 0015 0B       		.uleb128 0xb
 1405 0016 03       		.uleb128 0x3
 1406 0017 0E       		.uleb128 0xe
 1407 0018 00       		.byte	0
 1408 0019 00       		.byte	0
 1409 001a 03       		.uleb128 0x3
 1410 001b 24       		.uleb128 0x24
 1411 001c 00       		.byte	0
 1412 001d 0B       		.uleb128 0xb
 1413 001e 0B       		.uleb128 0xb
 1414 001f 3E       		.uleb128 0x3e
 1415 0020 0B       		.uleb128 0xb
 1416 0021 03       		.uleb128 0x3
 1417 0022 08       		.uleb128 0x8
 1418 0023 00       		.byte	0
 1419 0024 00       		.byte	0
 1420 0025 04       		.uleb128 0x4
 1421 0026 16       		.uleb128 0x16
 1422 0027 00       		.byte	0
 1423 0028 03       		.uleb128 0x3
 1424 0029 0E       		.uleb128 0xe
 1425 002a 3A       		.uleb128 0x3a
 1426 002b 0B       		.uleb128 0xb
 1427 002c 3B       		.uleb128 0x3b
 1428 002d 0B       		.uleb128 0xb
 1429 002e 49       		.uleb128 0x49
 1430 002f 13       		.uleb128 0x13
 1431 0030 00       		.byte	0
 1432 0031 00       		.byte	0
 1433 0032 05       		.uleb128 0x5
 1434 0033 0F       		.uleb128 0xf
 1435 0034 00       		.byte	0
 1436 0035 0B       		.uleb128 0xb
 1437 0036 0B       		.uleb128 0xb
 1438 0037 00       		.byte	0
 1439 0038 00       		.byte	0
 1440 0039 06       		.uleb128 0x6
 1441 003a 0F       		.uleb128 0xf
 1442 003b 00       		.byte	0
 1443 003c 0B       		.uleb128 0xb
 1444 003d 0B       		.uleb128 0xb
 1445 003e 49       		.uleb128 0x49
 1446 003f 13       		.uleb128 0x13
 1447 0040 00       		.byte	0
ARM GAS  C:\Users\aditi\AppData\Local\Temp\cc97kchY.s 			page 27


 1448 0041 00       		.byte	0
 1449 0042 07       		.uleb128 0x7
 1450 0043 15       		.uleb128 0x15
 1451 0044 00       		.byte	0
 1452 0045 27       		.uleb128 0x27
 1453 0046 19       		.uleb128 0x19
 1454 0047 00       		.byte	0
 1455 0048 00       		.byte	0
 1456 0049 08       		.uleb128 0x8
 1457 004a 13       		.uleb128 0x13
 1458 004b 01       		.byte	0x1
 1459 004c 03       		.uleb128 0x3
 1460 004d 0E       		.uleb128 0xe
 1461 004e 0B       		.uleb128 0xb
 1462 004f 0B       		.uleb128 0xb
 1463 0050 3A       		.uleb128 0x3a
 1464 0051 0B       		.uleb128 0xb
 1465 0052 3B       		.uleb128 0x3b
 1466 0053 0B       		.uleb128 0xb
 1467 0054 01       		.uleb128 0x1
 1468 0055 13       		.uleb128 0x13
 1469 0056 00       		.byte	0
 1470 0057 00       		.byte	0
 1471 0058 09       		.uleb128 0x9
 1472 0059 0D       		.uleb128 0xd
 1473 005a 00       		.byte	0
 1474 005b 03       		.uleb128 0x3
 1475 005c 0E       		.uleb128 0xe
 1476 005d 3A       		.uleb128 0x3a
 1477 005e 0B       		.uleb128 0xb
 1478 005f 3B       		.uleb128 0x3b
 1479 0060 0B       		.uleb128 0xb
 1480 0061 49       		.uleb128 0x49
 1481 0062 13       		.uleb128 0x13
 1482 0063 38       		.uleb128 0x38
 1483 0064 0B       		.uleb128 0xb
 1484 0065 00       		.byte	0
 1485 0066 00       		.byte	0
 1486 0067 0A       		.uleb128 0xa
 1487 0068 16       		.uleb128 0x16
 1488 0069 00       		.byte	0
 1489 006a 03       		.uleb128 0x3
 1490 006b 0E       		.uleb128 0xe
 1491 006c 3A       		.uleb128 0x3a
 1492 006d 0B       		.uleb128 0xb
 1493 006e 3B       		.uleb128 0x3b
 1494 006f 05       		.uleb128 0x5
 1495 0070 49       		.uleb128 0x49
 1496 0071 13       		.uleb128 0x13
 1497 0072 00       		.byte	0
 1498 0073 00       		.byte	0
 1499 0074 0B       		.uleb128 0xb
 1500 0075 13       		.uleb128 0x13
 1501 0076 01       		.byte	0x1
 1502 0077 0B       		.uleb128 0xb
 1503 0078 0B       		.uleb128 0xb
 1504 0079 3A       		.uleb128 0x3a
ARM GAS  C:\Users\aditi\AppData\Local\Temp\cc97kchY.s 			page 28


 1505 007a 0B       		.uleb128 0xb
 1506 007b 3B       		.uleb128 0x3b
 1507 007c 05       		.uleb128 0x5
 1508 007d 01       		.uleb128 0x1
 1509 007e 13       		.uleb128 0x13
 1510 007f 00       		.byte	0
 1511 0080 00       		.byte	0
 1512 0081 0C       		.uleb128 0xc
 1513 0082 0D       		.uleb128 0xd
 1514 0083 00       		.byte	0
 1515 0084 03       		.uleb128 0x3
 1516 0085 0E       		.uleb128 0xe
 1517 0086 3A       		.uleb128 0x3a
 1518 0087 0B       		.uleb128 0xb
 1519 0088 3B       		.uleb128 0x3b
 1520 0089 05       		.uleb128 0x5
 1521 008a 49       		.uleb128 0x49
 1522 008b 13       		.uleb128 0x13
 1523 008c 38       		.uleb128 0x38
 1524 008d 0B       		.uleb128 0xb
 1525 008e 00       		.byte	0
 1526 008f 00       		.byte	0
 1527 0090 0D       		.uleb128 0xd
 1528 0091 04       		.uleb128 0x4
 1529 0092 01       		.byte	0x1
 1530 0093 0B       		.uleb128 0xb
 1531 0094 0B       		.uleb128 0xb
 1532 0095 49       		.uleb128 0x49
 1533 0096 13       		.uleb128 0x13
 1534 0097 3A       		.uleb128 0x3a
 1535 0098 0B       		.uleb128 0xb
 1536 0099 3B       		.uleb128 0x3b
 1537 009a 05       		.uleb128 0x5
 1538 009b 01       		.uleb128 0x1
 1539 009c 13       		.uleb128 0x13
 1540 009d 00       		.byte	0
 1541 009e 00       		.byte	0
 1542 009f 0E       		.uleb128 0xe
 1543 00a0 28       		.uleb128 0x28
 1544 00a1 00       		.byte	0
 1545 00a2 03       		.uleb128 0x3
 1546 00a3 0E       		.uleb128 0xe
 1547 00a4 1C       		.uleb128 0x1c
 1548 00a5 0B       		.uleb128 0xb
 1549 00a6 00       		.byte	0
 1550 00a7 00       		.byte	0
 1551 00a8 0F       		.uleb128 0xf
 1552 00a9 0D       		.uleb128 0xd
 1553 00aa 00       		.byte	0
 1554 00ab 03       		.uleb128 0x3
 1555 00ac 08       		.uleb128 0x8
 1556 00ad 3A       		.uleb128 0x3a
 1557 00ae 0B       		.uleb128 0xb
 1558 00af 3B       		.uleb128 0x3b
 1559 00b0 05       		.uleb128 0x5
 1560 00b1 49       		.uleb128 0x49
 1561 00b2 13       		.uleb128 0x13
ARM GAS  C:\Users\aditi\AppData\Local\Temp\cc97kchY.s 			page 29


 1562 00b3 38       		.uleb128 0x38
 1563 00b4 0B       		.uleb128 0xb
 1564 00b5 00       		.byte	0
 1565 00b6 00       		.byte	0
 1566 00b7 10       		.uleb128 0x10
 1567 00b8 13       		.uleb128 0x13
 1568 00b9 01       		.byte	0x1
 1569 00ba 03       		.uleb128 0x3
 1570 00bb 0E       		.uleb128 0xe
 1571 00bc 0B       		.uleb128 0xb
 1572 00bd 0B       		.uleb128 0xb
 1573 00be 3A       		.uleb128 0x3a
 1574 00bf 0B       		.uleb128 0xb
 1575 00c0 3B       		.uleb128 0x3b
 1576 00c1 05       		.uleb128 0x5
 1577 00c2 01       		.uleb128 0x1
 1578 00c3 13       		.uleb128 0x13
 1579 00c4 00       		.byte	0
 1580 00c5 00       		.byte	0
 1581 00c6 11       		.uleb128 0x11
 1582 00c7 01       		.uleb128 0x1
 1583 00c8 01       		.byte	0x1
 1584 00c9 49       		.uleb128 0x49
 1585 00ca 13       		.uleb128 0x13
 1586 00cb 01       		.uleb128 0x1
 1587 00cc 13       		.uleb128 0x13
 1588 00cd 00       		.byte	0
 1589 00ce 00       		.byte	0
 1590 00cf 12       		.uleb128 0x12
 1591 00d0 21       		.uleb128 0x21
 1592 00d1 00       		.byte	0
 1593 00d2 00       		.byte	0
 1594 00d3 00       		.byte	0
 1595 00d4 13       		.uleb128 0x13
 1596 00d5 26       		.uleb128 0x26
 1597 00d6 00       		.byte	0
 1598 00d7 49       		.uleb128 0x49
 1599 00d8 13       		.uleb128 0x13
 1600 00d9 00       		.byte	0
 1601 00da 00       		.byte	0
 1602 00db 14       		.uleb128 0x14
 1603 00dc 21       		.uleb128 0x21
 1604 00dd 00       		.byte	0
 1605 00de 49       		.uleb128 0x49
 1606 00df 13       		.uleb128 0x13
 1607 00e0 2F       		.uleb128 0x2f
 1608 00e1 0B       		.uleb128 0xb
 1609 00e2 00       		.byte	0
 1610 00e3 00       		.byte	0
 1611 00e4 15       		.uleb128 0x15
 1612 00e5 34       		.uleb128 0x34
 1613 00e6 00       		.byte	0
 1614 00e7 03       		.uleb128 0x3
 1615 00e8 0E       		.uleb128 0xe
 1616 00e9 3A       		.uleb128 0x3a
 1617 00ea 0B       		.uleb128 0xb
 1618 00eb 3B       		.uleb128 0x3b
ARM GAS  C:\Users\aditi\AppData\Local\Temp\cc97kchY.s 			page 30


 1619 00ec 05       		.uleb128 0x5
 1620 00ed 49       		.uleb128 0x49
 1621 00ee 13       		.uleb128 0x13
 1622 00ef 02       		.uleb128 0x2
 1623 00f0 18       		.uleb128 0x18
 1624 00f1 00       		.byte	0
 1625 00f2 00       		.byte	0
 1626 00f3 16       		.uleb128 0x16
 1627 00f4 34       		.uleb128 0x34
 1628 00f5 00       		.byte	0
 1629 00f6 03       		.uleb128 0x3
 1630 00f7 0E       		.uleb128 0xe
 1631 00f8 3A       		.uleb128 0x3a
 1632 00f9 0B       		.uleb128 0xb
 1633 00fa 3B       		.uleb128 0x3b
 1634 00fb 0B       		.uleb128 0xb
 1635 00fc 49       		.uleb128 0x49
 1636 00fd 13       		.uleb128 0x13
 1637 00fe 3F       		.uleb128 0x3f
 1638 00ff 19       		.uleb128 0x19
 1639 0100 02       		.uleb128 0x2
 1640 0101 18       		.uleb128 0x18
 1641 0102 00       		.byte	0
 1642 0103 00       		.byte	0
 1643 0104 17       		.uleb128 0x17
 1644 0105 34       		.uleb128 0x34
 1645 0106 00       		.byte	0
 1646 0107 03       		.uleb128 0x3
 1647 0108 0E       		.uleb128 0xe
 1648 0109 3A       		.uleb128 0x3a
 1649 010a 0B       		.uleb128 0xb
 1650 010b 3B       		.uleb128 0x3b
 1651 010c 05       		.uleb128 0x5
 1652 010d 49       		.uleb128 0x49
 1653 010e 13       		.uleb128 0x13
 1654 010f 3F       		.uleb128 0x3f
 1655 0110 19       		.uleb128 0x19
 1656 0111 02       		.uleb128 0x2
 1657 0112 18       		.uleb128 0x18
 1658 0113 00       		.byte	0
 1659 0114 00       		.byte	0
 1660 0115 18       		.uleb128 0x18
 1661 0116 34       		.uleb128 0x34
 1662 0117 00       		.byte	0
 1663 0118 03       		.uleb128 0x3
 1664 0119 0E       		.uleb128 0xe
 1665 011a 3A       		.uleb128 0x3a
 1666 011b 0B       		.uleb128 0xb
 1667 011c 3B       		.uleb128 0x3b
 1668 011d 0B       		.uleb128 0xb
 1669 011e 49       		.uleb128 0x49
 1670 011f 13       		.uleb128 0x13
 1671 0120 3F       		.uleb128 0x3f
 1672 0121 19       		.uleb128 0x19
 1673 0122 3C       		.uleb128 0x3c
 1674 0123 19       		.uleb128 0x19
 1675 0124 00       		.byte	0
ARM GAS  C:\Users\aditi\AppData\Local\Temp\cc97kchY.s 			page 31


 1676 0125 00       		.byte	0
 1677 0126 00       		.byte	0
 1678              		.section	.debug_aranges,"",%progbits
 1679 0000 14000000 		.4byte	0x14
 1680 0004 0200     		.2byte	0x2
 1681 0006 00000000 		.4byte	.Ldebug_info0
 1682 000a 04       		.byte	0x4
 1683 000b 00       		.byte	0
 1684 000c 0000     		.2byte	0
 1685 000e 0000     		.2byte	0
 1686 0010 00000000 		.4byte	0
 1687 0014 00000000 		.4byte	0
 1688              		.section	.debug_line,"",%progbits
 1689              	.Ldebug_line0:
 1690 0000 28010000 		.section	.debug_str,"MS",%progbits,1
 1690      02002201 
 1690      00000201 
 1690      FB0E0D00 
 1690      01010101 
 1691              	.LASF46:
 1692 0000 6E657874 		.ascii	"next\000"
 1692      00
 1693              	.LASF83:
 1694 0005 45455F74 		.ascii	"EE_th_terminate_nextask\000"
 1694      685F7465 
 1694      726D696E 
 1694      6174655F 
 1694      6E657874 
 1695              	.LASF24:
 1696 001d 5469636B 		.ascii	"TickType\000"
 1696      54797065 
 1696      00
 1697              	.LASF84:
 1698 0026 45455F73 		.ascii	"EE_stkfirst\000"
 1698      746B6669 
 1698      72737400 
 1699              	.LASF26:
 1700 0032 41637469 		.ascii	"ActionType\000"
 1700      6F6E5479 
 1700      706500
 1701              	.LASF19:
 1702 003d 45455F54 		.ascii	"EE_TYPEBOOL\000"
 1702      59504542 
 1702      4F4F4C00 
 1703              	.LASF109:
 1704 0049 45455F63 		.ascii	"EE_cortex_mx_IRQ_tos\000"
 1704      6F727465 
 1704      785F6D78 
 1704      5F495251 
 1704      5F746F73 
 1705              	.LASF7:
 1706 005e 6C6F6E67 		.ascii	"long long unsigned int\000"
 1706      206C6F6E 
 1706      6720756E 
 1706      7369676E 
 1706      65642069 
 1707              	.LASF45:
ARM GAS  C:\Users\aditi\AppData\Local\Temp\cc97kchY.s 			page 32


 1708 0075 64656C74 		.ascii	"delta\000"
 1708      6100
 1709              	.LASF114:
 1710 007b 47656E65 		.ascii	"Generated_Source\\PSoC5\\ErikaOS_eecfg.c\000"
 1710      72617465 
 1710      645F536F 
 1710      75726365 
 1710      5C50536F 
 1711              	.LASF42:
 1712 00a2 45455F6F 		.ascii	"EE_oo_counter_object_ROM_type\000"
 1712      6F5F636F 
 1712      756E7465 
 1712      725F6F62 
 1712      6A656374 
 1713              	.LASF89:
 1714 00c0 45455F72 		.ascii	"EE_rq_pairs_next\000"
 1714      715F7061 
 1714      6972735F 
 1714      6E657874 
 1714      00
 1715              	.LASF22:
 1716 00d1 5461736B 		.ascii	"TaskType\000"
 1716      54797065 
 1716      00
 1717              	.LASF61:
 1718 00da 45455F54 		.ascii	"EE_TOS\000"
 1718      4F5300
 1719              	.LASF29:
 1720 00e1 6D617861 		.ascii	"maxallowedvalue\000"
 1720      6C6C6F77 
 1720      65647661 
 1720      6C756500 
 1721              	.LASF116:
 1722 00f1 45455F6F 		.ascii	"EE_oo_autostart_task_mode_OSDEFAULTAPPMODE\000"
 1722      6F5F6175 
 1722      746F7374 
 1722      6172745F 
 1722      7461736B 
 1723              	.LASF79:
 1724 011c 45455F41 		.ascii	"EE_ALARM_ID\000"
 1724      4C41524D 
 1724      5F494400 
 1725              	.LASF6:
 1726 0128 6C6F6E67 		.ascii	"long long int\000"
 1726      206C6F6E 
 1726      6720696E 
 1726      7400
 1727              	.LASF0:
 1728 0136 7369676E 		.ascii	"signed char\000"
 1728      65642063 
 1728      68617200 
 1729              	.LASF52:
 1730 0142 45455F6F 		.ascii	"EE_oo_action_kind_type\000"
 1730      6F5F6163 
 1730      74696F6E 
 1730      5F6B696E 
 1730      645F7479 
ARM GAS  C:\Users\aditi\AppData\Local\Temp\cc97kchY.s 			page 33


 1731              	.LASF23:
 1732 0159 4576656E 		.ascii	"EventMaskType\000"
 1732      744D6173 
 1732      6B547970 
 1732      6500
 1733              	.LASF76:
 1734 0167 45455F45 		.ascii	"EE_EVENT_NAME\000"
 1734      56454E54 
 1734      5F4E414D 
 1734      4500
 1735              	.LASF100:
 1736 0175 45455F61 		.ascii	"EE_alarm_ROM\000"
 1736      6C61726D 
 1736      5F524F4D 
 1736      00
 1737              	.LASF70:
 1738 0182 45455F63 		.ascii	"EE_cortex_mx_active_tos\000"
 1738      6F727465 
 1738      785F6D78 
 1738      5F616374 
 1738      6976655F 
 1739              	.LASF35:
 1740 019a 45455F6F 		.ascii	"EE_oo_counter_RAM_type\000"
 1740      6F5F636F 
 1740      756E7465 
 1740      725F5241 
 1740      4D5F7479 
 1741              	.LASF78:
 1742 01b1 45455F45 		.ascii	"EE_EVENT_ID\000"
 1742      56454E54 
 1742      5F494400 
 1743              	.LASF4:
 1744 01bd 6C6F6E67 		.ascii	"long int\000"
 1744      20696E74 
 1744      00
 1745              	.LASF87:
 1746 01c6 45455F72 		.ascii	"EE_rq_queues_head\000"
 1746      715F7175 
 1746      65756573 
 1746      5F686561 
 1746      6400
 1747              	.LASF104:
 1748 01d8 45455F6F 		.ascii	"EE_oo_IRQ_disable_count\000"
 1748      6F5F4952 
 1748      515F6469 
 1748      7361626C 
 1748      655F636F 
 1749              	.LASF107:
 1750 01f0 45455F73 		.ascii	"EE_std_endcycle_next_tid\000"
 1750      74645F65 
 1750      6E646379 
 1750      636C655F 
 1750      6E657874 
 1751              	.LASF31:
 1752 0209 6D696E63 		.ascii	"mincycle\000"
 1752      79636C65 
 1752      00
ARM GAS  C:\Users\aditi\AppData\Local\Temp\cc97kchY.s 			page 34


 1753              	.LASF20:
 1754 0212 45455F54 		.ascii	"EE_TID\000"
 1754      494400
 1755              	.LASF33:
 1756 0219 76616C75 		.ascii	"value\000"
 1756      6500
 1757              	.LASF8:
 1758 021f 756E7369 		.ascii	"unsigned int\000"
 1758      676E6564 
 1758      20696E74 
 1758      00
 1759              	.LASF16:
 1760 022c 45455F55 		.ascii	"EE_UREG\000"
 1760      52454700 
 1761              	.LASF60:
 1762 0234 45455F6F 		.ascii	"EE_oo_alarm_ROM_type\000"
 1762      6F5F616C 
 1762      61726D5F 
 1762      524F4D5F 
 1762      74797065 
 1763              	.LASF77:
 1764 0249 45455F41 		.ascii	"EE_ALARM_NAME\000"
 1764      4C41524D 
 1764      5F4E414D 
 1764      4500
 1765              	.LASF5:
 1766 0257 6C6F6E67 		.ascii	"long unsigned int\000"
 1766      20756E73 
 1766      69676E65 
 1766      6420696E 
 1766      7400
 1767              	.LASF95:
 1768 0269 45455F74 		.ascii	"EE_th_waswaiting\000"
 1768      685F7761 
 1768      73776169 
 1768      74696E67 
 1768      00
 1769              	.LASF62:
 1770 027a 45455F6F 		.ascii	"EE_oo_autostart_task_type\000"
 1770      6F5F6175 
 1770      746F7374 
 1770      6172745F 
 1770      7461736B 
 1771              	.LASF41:
 1772 0294 6B696E64 		.ascii	"kind\000"
 1772      00
 1773              	.LASF3:
 1774 0299 73686F72 		.ascii	"short unsigned int\000"
 1774      7420756E 
 1774      7369676E 
 1774      65642069 
 1774      6E7400
 1775              	.LASF115:
 1776 02ac 433A5C44 		.ascii	"C:\\Darmstadt\\SecondSem\\EAA\\Lab1\\GasPedal\\Elec"
 1776      61726D73 
 1776      74616474 
 1776      5C536563 
ARM GAS  C:\Users\aditi\AppData\Local\Temp\cc97kchY.s 			page 35


 1776      6F6E6453 
 1777 02d9 74726F6E 		.ascii	"tronicGasPedal.cydsn\000"
 1777      69634761 
 1777      73506564 
 1777      616C2E63 
 1777      7964736E 
 1778              	.LASF38:
 1779 02ee 45455F6F 		.ascii	"EE_oo_counter_object_kind_type\000"
 1779      6F5F636F 
 1779      756E7465 
 1779      725F6F62 
 1779      6A656374 
 1780              	.LASF80:
 1781 030d 45455F74 		.ascii	"EE_th_status\000"
 1781      685F7374 
 1781      61747573 
 1781      00
 1782              	.LASF39:
 1783 031a 436F756E 		.ascii	"CounterObjectKindType\000"
 1783      7465724F 
 1783      626A6563 
 1783      744B696E 
 1783      64547970 
 1784              	.LASF73:
 1785 0330 45455F74 		.ascii	"EE_th_dispatch_prio\000"
 1785      685F6469 
 1785      73706174 
 1785      63685F70 
 1785      72696F00 
 1786              	.LASF111:
 1787 0344 45455F63 		.ascii	"EE_cortex_mx_stack_4\000"
 1787      6F727465 
 1787      785F6D78 
 1787      5F737461 
 1787      636B5F34 
 1788              	.LASF112:
 1789 0359 45455F63 		.ascii	"EE_cortex_mx_stack_9\000"
 1789      6F727465 
 1789      785F6D78 
 1789      5F737461 
 1789      636B5F39 
 1790              	.LASF14:
 1791 036e 45455F56 		.ascii	"EE_VOID_CALLBACK\000"
 1791      4F49445F 
 1791      43414C4C 
 1791      4241434B 
 1791      00
 1792              	.LASF27:
 1793 037f 436F756E 		.ascii	"CounterType\000"
 1793      74657254 
 1793      79706500 
 1794              	.LASF98:
 1795 038b 45455F6F 		.ascii	"EE_oo_counter_object_ROM\000"
 1795      6F5F636F 
 1795      756E7465 
 1795      725F6F62 
 1795      6A656374 
ARM GAS  C:\Users\aditi\AppData\Local\Temp\cc97kchY.s 			page 36


 1796              	.LASF59:
 1797 03a4 61637469 		.ascii	"action_id\000"
 1797      6F6E5F69 
 1797      6400
 1798              	.LASF106:
 1799 03ae 45455F41 		.ascii	"EE_ApplicationMode\000"
 1799      70706C69 
 1799      63617469 
 1799      6F6E4D6F 
 1799      646500
 1800              	.LASF99:
 1801 03c1 45455F6F 		.ascii	"EE_oo_action_ROM\000"
 1801      6F5F6163 
 1801      74696F6E 
 1801      5F524F4D 
 1801      00
 1802              	.LASF21:
 1803 03d2 45455F54 		.ascii	"EE_TYPE_RQ_MASK\000"
 1803      5950455F 
 1803      52515F4D 
 1803      41534B00 
 1804              	.LASF64:
 1805 03e2 73697A65 		.ascii	"sizetype\000"
 1805      74797065 
 1805      00
 1806              	.LASF9:
 1807 03eb 6C6F6E67 		.ascii	"long double\000"
 1807      20646F75 
 1807      626C6500 
 1808              	.LASF105:
 1809 03f7 45455F6F 		.ascii	"EE_oo_IRQ_suspend_status\000"
 1809      6F5F4952 
 1809      515F7375 
 1809      7370656E 
 1809      645F7374 
 1810              	.LASF92:
 1811 0410 45455F72 		.ascii	"EE_rq_free\000"
 1811      715F6672 
 1811      656500
 1812              	.LASF86:
 1813 041b 45455F72 		.ascii	"EE_rq_link\000"
 1813      715F6C69 
 1813      6E6B00
 1814              	.LASF17:
 1815 0426 45455F53 		.ascii	"EE_SREG\000"
 1815      52454700 
 1816              	.LASF30:
 1817 042e 7469636B 		.ascii	"ticksperbase\000"
 1817      73706572 
 1817      62617365 
 1817      00
 1818              	.LASF43:
 1819 043b 75736564 		.ascii	"used\000"
 1819      00
 1820              	.LASF47:
 1821 0440 45455F6F 		.ascii	"EE_oo_counter_object_RAM_type\000"
 1821      6F5F636F 
ARM GAS  C:\Users\aditi\AppData\Local\Temp\cc97kchY.s 			page 37


 1821      756E7465 
 1821      725F6F62 
 1821      6A656374 
 1822              	.LASF97:
 1823 045e 45455F63 		.ascii	"EE_counter_ROM\000"
 1823      6F756E74 
 1823      65725F52 
 1823      4F4D00
 1824              	.LASF58:
 1825 046d 45455F6F 		.ascii	"EE_oo_action_ROM_type\000"
 1825      6F5F6163 
 1825      74696F6E 
 1825      5F524F4D 
 1825      5F747970 
 1826              	.LASF10:
 1827 0483 45455F55 		.ascii	"EE_UINT16\000"
 1827      494E5431 
 1827      3600
 1828              	.LASF37:
 1829 048d 45455F53 		.ascii	"EE_SCHEDULETABLE\000"
 1829      43484544 
 1829      554C4554 
 1829      41424C45 
 1829      00
 1830              	.LASF69:
 1831 049e 45455F63 		.ascii	"EE_cortex_mx_system_tos\000"
 1831      6F727465 
 1831      785F6D78 
 1831      5F737973 
 1831      74656D5F 
 1832              	.LASF1:
 1833 04b6 756E7369 		.ascii	"unsigned char\000"
 1833      676E6564 
 1833      20636861 
 1833      7200
 1834              	.LASF36:
 1835 04c4 45455F41 		.ascii	"EE_ALARM\000"
 1835      4C41524D 
 1835      00
 1836              	.LASF81:
 1837 04cd 45455F74 		.ascii	"EE_th_next\000"
 1837      685F6E65 
 1837      787400
 1838              	.LASF68:
 1839 04d8 45455F74 		.ascii	"EE_terminate_real_th_body\000"
 1839      65726D69 
 1839      6E617465 
 1839      5F726561 
 1839      6C5F7468 
 1840              	.LASF57:
 1841 04f2 696E6363 		.ascii	"inccount\000"
 1841      6F756E74 
 1841      00
 1842              	.LASF2:
 1843 04fb 73686F72 		.ascii	"short int\000"
 1843      7420696E 
 1843      7400
ARM GAS  C:\Users\aditi\AppData\Local\Temp\cc97kchY.s 			page 38


 1844              	.LASF94:
 1845 0505 45455F74 		.ascii	"EE_th_event_waitmask\000"
 1845      685F6576 
 1845      656E745F 
 1845      77616974 
 1845      6D61736B 
 1846              	.LASF110:
 1847 051a 45455F63 		.ascii	"EE_cortex_mx_stack_3\000"
 1847      6F727465 
 1847      785F6D78 
 1847      5F737461 
 1847      636B5F33 
 1848              	.LASF75:
 1849 052f 45455F54 		.ascii	"EE_TASK_NAME\000"
 1849      41534B5F 
 1849      4E414D45 
 1849      00
 1850              	.LASF32:
 1851 053c 45455F6F 		.ascii	"EE_oo_counter_ROM_type\000"
 1851      6F5F636F 
 1851      756E7465 
 1851      725F524F 
 1851      4D5F7479 
 1852              	.LASF113:
 1853 0553 474E5520 		.ascii	"GNU C11 5.4.1 20160609 (release) [ARM/embedded-5-br"
 1853      43313120 
 1853      352E342E 
 1853      31203230 
 1853      31363036 
 1854 0586 616E6368 		.ascii	"anch revision 237715] -mcpu=cortex-m3 -mthumb -g -O"
 1854      20726576 
 1854      6973696F 
 1854      6E203233 
 1854      37373135 
 1855 05b9 67202D66 		.ascii	"g -ffunction-sections -ffat-lto-objects\000"
 1855      66756E63 
 1855      74696F6E 
 1855      2D736563 
 1855      74696F6E 
 1856              	.LASF56:
 1857 05e1 61637469 		.ascii	"action_mask\000"
 1857      6F6E5F6D 
 1857      61736B00 
 1858              	.LASF15:
 1859 05ed 45455F54 		.ascii	"EE_THREAD_PTR\000"
 1859      48524541 
 1859      445F5054 
 1859      5200
 1860              	.LASF88:
 1861 05fb 45455F72 		.ascii	"EE_rq_queues_tail\000"
 1861      715F7175 
 1861      65756573 
 1861      5F746169 
 1861      6C00
 1862              	.LASF66:
 1863 060d 45455F73 		.ascii	"EE_std_thread_tos\000"
 1863      74645F74 
ARM GAS  C:\Users\aditi\AppData\Local\Temp\cc97kchY.s 			page 39


 1863      68726561 
 1863      645F746F 
 1863      7300
 1864              	.LASF51:
 1865 061f 45455F41 		.ascii	"EE_ACTION_CALLBACK\000"
 1865      4354494F 
 1865      4E5F4341 
 1865      4C4C4241 
 1865      434B00
 1866              	.LASF91:
 1867 0632 45455F72 		.ascii	"EE_rq_bitmask\000"
 1867      715F6269 
 1867      746D6173 
 1867      6B00
 1868              	.LASF34:
 1869 0640 66697273 		.ascii	"first\000"
 1869      7400
 1870              	.LASF25:
 1871 0646 436F756E 		.ascii	"CounterObjectType\000"
 1871      7465724F 
 1871      626A6563 
 1871      74547970 
 1871      6500
 1872              	.LASF74:
 1873 0658 63686172 		.ascii	"char\000"
 1873      00
 1874              	.LASF48:
 1875 065d 45455F41 		.ascii	"EE_ACTION_TASK\000"
 1875      4354494F 
 1875      4E5F5441 
 1875      534B00
 1876              	.LASF71:
 1877 066c 45455F74 		.ascii	"EE_th_rnact_max\000"
 1877      685F726E 
 1877      6163745F 
 1877      6D617800 
 1878              	.LASF50:
 1879 067c 45455F41 		.ascii	"EE_ACTION_COUNTER\000"
 1879      4354494F 
 1879      4E5F434F 
 1879      554E5445 
 1879      5200
 1880              	.LASF101:
 1881 068e 45455F63 		.ascii	"EE_counter_RAM\000"
 1881      6F756E74 
 1881      65725F52 
 1881      414D00
 1882              	.LASF40:
 1883 069d 73706563 		.ascii	"spec_id\000"
 1883      5F696400 
 1884              	.LASF49:
 1885 06a5 45455F41 		.ascii	"EE_ACTION_EVENT\000"
 1885      4354494F 
 1885      4E5F4556 
 1885      454E5400 
 1886              	.LASF65:
 1887 06b5 45455F68 		.ascii	"EE_hal_thread_body\000"
ARM GAS  C:\Users\aditi\AppData\Local\Temp\cc97kchY.s 			page 40


 1887      616C5F74 
 1887      68726561 
 1887      645F626F 
 1887      647900
 1888              	.LASF85:
 1889 06c8 45455F73 		.ascii	"EE_sys_ceiling\000"
 1889      79735F63 
 1889      65696C69 
 1889      6E6700
 1890              	.LASF54:
 1891 06d7 61637469 		.ascii	"action_kind\000"
 1891      6F6E5F6B 
 1891      696E6400 
 1892              	.LASF63:
 1893 06e3 7461736B 		.ascii	"task\000"
 1893      00
 1894              	.LASF102:
 1895 06e8 45455F6F 		.ascii	"EE_oo_counter_object_RAM\000"
 1895      6F5F636F 
 1895      756E7465 
 1895      725F6F62 
 1895      6A656374 
 1896              	.LASF53:
 1897 0701 41637469 		.ascii	"ActionKindType\000"
 1897      6F6E4B69 
 1897      6E645479 
 1897      706500
 1898              	.LASF72:
 1899 0710 45455F74 		.ascii	"EE_th_ready_prio\000"
 1899      685F7265 
 1899      6164795F 
 1899      7072696F 
 1899      00
 1900              	.LASF82:
 1901 0721 45455F74 		.ascii	"EE_th_rnact\000"
 1901      685F726E 
 1901      61637400 
 1902              	.LASF90:
 1903 072d 45455F72 		.ascii	"EE_rq_pairs_tid\000"
 1903      715F7061 
 1903      6972735F 
 1903      74696400 
 1904              	.LASF108:
 1905 073d 45455F49 		.ascii	"EE_IRQ_nesting_level\000"
 1905      52515F6E 
 1905      65737469 
 1905      6E675F6C 
 1905      6576656C 
 1906              	.LASF12:
 1907 0752 45455F55 		.ascii	"EE_UINT32\000"
 1907      494E5433 
 1907      3200
 1908              	.LASF11:
 1909 075c 45455F49 		.ascii	"EE_INT32\000"
 1909      4E543332 
 1909      00
 1910              	.LASF67:
ARM GAS  C:\Users\aditi\AppData\Local\Temp\cc97kchY.s 			page 41


 1911 0765 45455F74 		.ascii	"EE_terminate_data\000"
 1911      65726D69 
 1911      6E617465 
 1911      5F646174 
 1911      6100
 1912              	.LASF93:
 1913 0777 45455F74 		.ascii	"EE_th_event_active\000"
 1913      685F6576 
 1913      656E745F 
 1913      61637469 
 1913      766500
 1914              	.LASF44:
 1915 078a 636E7463 		.ascii	"cntcycle\000"
 1915      79636C65 
 1915      00
 1916              	.LASF28:
 1917 0793 5359535F 		.ascii	"SYS_tos\000"
 1917      746F7300 
 1918              	.LASF55:
 1919 079b 61637469 		.ascii	"action_task\000"
 1919      6F6E5F74 
 1919      61736B00 
 1920              	.LASF13:
 1921 07a7 45455F41 		.ascii	"EE_ADDR\000"
 1921      44445200 
 1922              	.LASF96:
 1923 07af 45455F74 		.ascii	"EE_th_is_extended\000"
 1923      685F6973 
 1923      5F657874 
 1923      656E6465 
 1923      6400
 1924              	.LASF18:
 1925 07c1 45455F46 		.ascii	"EE_FREG\000"
 1925      52454700 
 1926              	.LASF103:
 1927 07c9 45455F6F 		.ascii	"EE_oo_autostart_task_data\000"
 1927      6F5F6175 
 1927      746F7374 
 1927      6172745F 
 1927      7461736B 
 1928              		.ident	"GCC: (GNU Tools for ARM Embedded Processors) 5.4.1 20160609 (release) [ARM/embedded-5-bran
