ARM GAS  C:\Users\aditi\AppData\Local\Temp\cc5whUf2.s 			page 1


   1              		.syntax unified
   2              		.cpu cortex-m3
   3              		.fpu softvfp
   4              		.eabi_attribute 20, 1
   5              		.eabi_attribute 21, 1
   6              		.eabi_attribute 23, 3
   7              		.eabi_attribute 24, 1
   8              		.eabi_attribute 25, 1
   9              		.eabi_attribute 26, 1
  10              		.eabi_attribute 30, 1
  11              		.eabi_attribute 34, 1
  12              		.eabi_attribute 18, 4
  13              		.thumb
  14              		.syntax unified
  15              		.file	"pwm_rgb.c"
  16              		.text
  17              	.Ltext0:
  18              		.cfi_sections	.debug_frame
  19              		.section	.text.PWM_RGB_init,"ax",%progbits
  20              		.align	2
  21              		.global	PWM_RGB_init
  22              		.thumb
  23              		.thumb_func
  24              		.type	PWM_RGB_init, %function
  25              	PWM_RGB_init:
  26              	.LFB0:
  27              		.file 1 "source\\bsw\\pwm_rgb.c"
   1:source\bsw/pwm_rgb.c **** /**
   2:source\bsw/pwm_rgb.c **** * \file pwm_rgb.c
   3:source\bsw/pwm_rgb.c **** * \author Aditi Prakash
   4:source\bsw/pwm_rgb.c **** * \date 29-05-2021
   5:source\bsw/pwm_rgb.c **** *
   6:source\bsw/pwm_rgb.c **** * \brief Source file for PWM component
   7:source\bsw/pwm_rgb.c **** *
   8:source\bsw/pwm_rgb.c **** * \copyright Copyright ©2016
   9:source\bsw/pwm_rgb.c **** * Department of electrical engineering and information technology, Hochschule Darmstadt - Universit
  10:source\bsw/pwm_rgb.c **** * Permission to use, copy, modify, and distribute this software and its documentation for education
  11:source\bsw/pwm_rgb.c **** * (unless permitted by h_da) and official h_da projects, is hereby granted for enrolled students of
  12:source\bsw/pwm_rgb.c **** * this paragraph and the following paragraph appear in all copies, modifications, and distributions
  13:source\bsw/pwm_rgb.c **** * Contact Prof.Dr.-Ing. Peter Fromm, peter.fromm@h-da.de, Birkenweg 8 64295 Darmstadt - GERMANY for
  14:source\bsw/pwm_rgb.c **** *
  15:source\bsw/pwm_rgb.c **** * \warning This software is a PROTOTYPE version and is not designed or intended for use in producti
  16:source\bsw/pwm_rgb.c **** * The user represents and warrants that it will NOT use or redistribute the Software for such purpo
  17:source\bsw/pwm_rgb.c **** * This prototype is for research purposes only. This software is provided "AS IS," without a warran
  18:source\bsw/pwm_rgb.c **** */
  19:source\bsw/pwm_rgb.c **** 
  20:source\bsw/pwm_rgb.c **** /*****************************************************************************/
  21:source\bsw/pwm_rgb.c **** /* Include files                                                             */
  22:source\bsw/pwm_rgb.c **** /*****************************************************************************/
  23:source\bsw/pwm_rgb.c **** #include "pwm_rgb.h"
  24:source\bsw/pwm_rgb.c **** #include "PWM_Engine.h"
  25:source\bsw/pwm_rgb.c **** 
  26:source\bsw/pwm_rgb.c **** /*****************************************************************************/
  27:source\bsw/pwm_rgb.c **** /* Local pre-processor symbols/macros ('#define')                            */
  28:source\bsw/pwm_rgb.c **** /*****************************************************************************/
  29:source\bsw/pwm_rgb.c **** 
  30:source\bsw/pwm_rgb.c **** /*****************************************************************************/
ARM GAS  C:\Users\aditi\AppData\Local\Temp\cc5whUf2.s 			page 2


  31:source\bsw/pwm_rgb.c **** /* Global variable definitions (declared in header file with 'extern')       */
  32:source\bsw/pwm_rgb.c **** /*****************************************************************************/
  33:source\bsw/pwm_rgb.c **** 
  34:source\bsw/pwm_rgb.c **** /*****************************************************************************/
  35:source\bsw/pwm_rgb.c **** /* Local type definitions ('typedef')                                        */
  36:source\bsw/pwm_rgb.c **** /*****************************************************************************/
  37:source\bsw/pwm_rgb.c **** 
  38:source\bsw/pwm_rgb.c **** /*****************************************************************************/
  39:source\bsw/pwm_rgb.c **** /* Local variable definitions ('static')                                     */
  40:source\bsw/pwm_rgb.c **** /*****************************************************************************/
  41:source\bsw/pwm_rgb.c **** const static uint16_t LED__Pulse_Width[256] = {
  42:source\bsw/pwm_rgb.c **** 0, 1, 1, 1, 1, 1, 1, 1, 1, 2, 2, 2, 2, 2, 2, 2, 2, 2, 2, 2, 2, 3,
  43:source\bsw/pwm_rgb.c **** 3, 3, 3, 3, 3, 3, 4, 4, 4, 4, 4, 4, 5, 5, 5, 5, 5, 6, 6, 6, 6, 7,
  44:source\bsw/pwm_rgb.c **** 7, 7, 8, 8, 8, 9, 9, 10, 10, 10, 11, 11, 12, 12, 13, 13, 14, 15,
  45:source\bsw/pwm_rgb.c **** 15, 16, 17, 17, 18, 19, 20, 21, 22, 23, 24, 25, 26, 27, 28, 29,
  46:source\bsw/pwm_rgb.c **** 31, 32, 33, 35, 36, 38, 40, 41, 43, 45, 47, 49, 52, 54, 56, 59,
  47:source\bsw/pwm_rgb.c **** 61, 64, 67, 70, 73, 76, 79, 83, 87, 91, 95, 99, 103, 108, 112,
  48:source\bsw/pwm_rgb.c **** 117, 123, 128, 134, 140, 146, 152, 159, 166, 173, 181, 189, 197,
  49:source\bsw/pwm_rgb.c **** 206, 215, 225, 235, 245, 256, 267, 279, 292, 304, 318, 332, 347,
  50:source\bsw/pwm_rgb.c **** 362, 378, 395, 412, 431, 450, 470, 490, 512, 535, 558, 583, 609,
  51:source\bsw/pwm_rgb.c **** 636, 664, 693, 724, 756, 790, 825, 861, 899, 939, 981, 1024, 1069,
  52:source\bsw/pwm_rgb.c **** 1117, 1166, 1218, 1272, 1328, 1387, 1448, 1512, 1579, 1649, 1722,
  53:source\bsw/pwm_rgb.c **** 1798, 1878, 1961, 2048, 2139, 2233, 2332, 2435, 2543, 2656, 2773,
  54:source\bsw/pwm_rgb.c **** 2896, 3025, 3158, 3298, 3444, 3597, 3756, 3922, 4096, 4277, 4467,
  55:source\bsw/pwm_rgb.c **** 4664, 4871, 5087, 5312, 5547, 5793, 6049, 6317, 6596, 6889, 7194,
  56:source\bsw/pwm_rgb.c **** 7512, 7845, 8192, 8555, 8933, 9329, 9742, 10173, 10624, 11094,
  57:source\bsw/pwm_rgb.c **** 11585, 12098, 12634, 13193, 13777, 14387, 15024, 15689, 16384,
  58:source\bsw/pwm_rgb.c **** 17109, 17867, 18658, 19484, 20346, 21247, 22188, 23170, 24196,
  59:source\bsw/pwm_rgb.c **** 25267, 26386, 27554, 28774, 30048, 31378, 32768, 34218, 35733,
  60:source\bsw/pwm_rgb.c **** 37315, 38967, 40693, 42494, 44376, 46340, 48392, 50534, 52772,
  61:source\bsw/pwm_rgb.c **** 55108, 57548, 60096, 65535, 62757, 
  62:source\bsw/pwm_rgb.c **** };
  63:source\bsw/pwm_rgb.c **** 
  64:source\bsw/pwm_rgb.c **** 
  65:source\bsw/pwm_rgb.c **** /*****************************************************************************/
  66:source\bsw/pwm_rgb.c **** /* Local function prototypes ('static')                                      */
  67:source\bsw/pwm_rgb.c **** /*****************************************************************************/
  68:source\bsw/pwm_rgb.c **** 
  69:source\bsw/pwm_rgb.c **** 
  70:source\bsw/pwm_rgb.c **** /*****************************************************************************/
  71:source\bsw/pwm_rgb.c **** /* Function implementation - global ('extern') and local ('static')          */
  72:source\bsw/pwm_rgb.c **** /*****************************************************************************/
  73:source\bsw/pwm_rgb.c **** 
  74:source\bsw/pwm_rgb.c **** /**
  75:source\bsw/pwm_rgb.c ****  * \brief       : API to initialize the PWM component
  76:source\bsw/pwm_rgb.c ****  * \param       : NONE
  77:source\bsw/pwm_rgb.c ****  * \return      : RC_t Returns error code success or failure
  78:source\bsw/pwm_rgb.c ****  */
  79:source\bsw/pwm_rgb.c **** RC_t PWM_RGB_init()
  80:source\bsw/pwm_rgb.c **** {
  28              		.loc 1 80 0
  29              		.cfi_startproc
  30              		@ args = 0, pretend = 0, frame = 0
  31              		@ frame_needed = 0, uses_anonymous_args = 0
  32 0000 08B5     		push	{r3, lr}
  33              		.cfi_def_cfa_offset 8
  34              		.cfi_offset 3, -8
ARM GAS  C:\Users\aditi\AppData\Local\Temp\cc5whUf2.s 			page 3


  35              		.cfi_offset 14, -4
  81:source\bsw/pwm_rgb.c ****     PWM_Engine_Start();
  36              		.loc 1 81 0
  37 0002 FFF7FEFF 		bl	PWM_Engine_Start
  38              	.LVL0:
  82:source\bsw/pwm_rgb.c ****     PWM_Engine_WriteCompare(0);
  39              		.loc 1 82 0
  40 0006 0020     		movs	r0, #0
  41 0008 FFF7FEFF 		bl	PWM_Engine_WriteCompare
  42              	.LVL1:
  83:source\bsw/pwm_rgb.c **** }
  43              		.loc 1 83 0
  44 000c 08BD     		pop	{r3, pc}
  45              		.cfi_endproc
  46              	.LFE0:
  47              		.size	PWM_RGB_init, .-PWM_RGB_init
  48 000e 00BF     		.section	.text.PWM_Green_setIntensity,"ax",%progbits
  49              		.align	2
  50              		.global	PWM_Green_setIntensity
  51              		.thumb
  52              		.thumb_func
  53              		.type	PWM_Green_setIntensity, %function
  54              	PWM_Green_setIntensity:
  55              	.LFB1:
  84:source\bsw/pwm_rgb.c **** 
  85:source\bsw/pwm_rgb.c **** /**
  86:source\bsw/pwm_rgb.c ****  * \brief       : API to vary the intensity of the Green channel in RGB led
  87:source\bsw/pwm_rgb.c ****  * \param [IN]  : uint8_t engine_data - Engine speed
  88:source\bsw/pwm_rgb.c ****  * \return      : RC_t Returns error code success or failure
  89:source\bsw/pwm_rgb.c ****  */
  90:source\bsw/pwm_rgb.c **** RC_t PWM_Green_setIntensity(uint8_t engine_data)
  91:source\bsw/pwm_rgb.c **** {
  56              		.loc 1 91 0
  57              		.cfi_startproc
  58              		@ args = 0, pretend = 0, frame = 0
  59              		@ frame_needed = 0, uses_anonymous_args = 0
  60              	.LVL2:
  61 0000 08B5     		push	{r3, lr}
  62              		.cfi_def_cfa_offset 8
  63              		.cfi_offset 3, -8
  64              		.cfi_offset 14, -4
  92:source\bsw/pwm_rgb.c ****     PWM_Engine_WriteCompare(LED__Pulse_Width[engine_data]);
  65              		.loc 1 92 0
  66 0002 034B     		ldr	r3, .L5
  67 0004 13F81000 		ldrb	r0, [r3, r0, lsl #1]	@ zero_extendqisi2
  68              	.LVL3:
  69 0008 FFF7FEFF 		bl	PWM_Engine_WriteCompare
  70              	.LVL4:
  93:source\bsw/pwm_rgb.c **** }...
  71              		.loc 1 93 0
  72 000c 08BD     		pop	{r3, pc}
  73              	.L6:
  74 000e 00BF     		.align	2
  75              	.L5:
  76 0010 00000000 		.word	.LANCHOR0
  77              		.cfi_endproc
  78              	.LFE1:
ARM GAS  C:\Users\aditi\AppData\Local\Temp\cc5whUf2.s 			page 4


  79              		.size	PWM_Green_setIntensity, .-PWM_Green_setIntensity
  80              		.section	.rodata
  81              		.align	2
  82              		.set	.LANCHOR0,. + 0
  83              		.type	LED__Pulse_Width, %object
  84              		.size	LED__Pulse_Width, 512
  85              	LED__Pulse_Width:
  86 0000 0000     		.short	0
  87 0002 0100     		.short	1
  88 0004 0100     		.short	1
  89 0006 0100     		.short	1
  90 0008 0100     		.short	1
  91 000a 0100     		.short	1
  92 000c 0100     		.short	1
  93 000e 0100     		.short	1
  94 0010 0100     		.short	1
  95 0012 0200     		.short	2
  96 0014 0200     		.short	2
  97 0016 0200     		.short	2
  98 0018 0200     		.short	2
  99 001a 0200     		.short	2
 100 001c 0200     		.short	2
 101 001e 0200     		.short	2
 102 0020 0200     		.short	2
 103 0022 0200     		.short	2
 104 0024 0200     		.short	2
 105 0026 0200     		.short	2
 106 0028 0200     		.short	2
 107 002a 0300     		.short	3
 108 002c 0300     		.short	3
 109 002e 0300     		.short	3
 110 0030 0300     		.short	3
 111 0032 0300     		.short	3
 112 0034 0300     		.short	3
 113 0036 0300     		.short	3
 114 0038 0400     		.short	4
 115 003a 0400     		.short	4
 116 003c 0400     		.short	4
 117 003e 0400     		.short	4
 118 0040 0400     		.short	4
 119 0042 0400     		.short	4
 120 0044 0500     		.short	5
 121 0046 0500     		.short	5
 122 0048 0500     		.short	5
 123 004a 0500     		.short	5
 124 004c 0500     		.short	5
 125 004e 0600     		.short	6
 126 0050 0600     		.short	6
 127 0052 0600     		.short	6
 128 0054 0600     		.short	6
 129 0056 0700     		.short	7
 130 0058 0700     		.short	7
 131 005a 0700     		.short	7
 132 005c 0800     		.short	8
 133 005e 0800     		.short	8
 134 0060 0800     		.short	8
 135 0062 0900     		.short	9
ARM GAS  C:\Users\aditi\AppData\Local\Temp\cc5whUf2.s 			page 5


 136 0064 0900     		.short	9
 137 0066 0A00     		.short	10
 138 0068 0A00     		.short	10
 139 006a 0A00     		.short	10
 140 006c 0B00     		.short	11
 141 006e 0B00     		.short	11
 142 0070 0C00     		.short	12
 143 0072 0C00     		.short	12
 144 0074 0D00     		.short	13
 145 0076 0D00     		.short	13
 146 0078 0E00     		.short	14
 147 007a 0F00     		.short	15
 148 007c 0F00     		.short	15
 149 007e 1000     		.short	16
 150 0080 1100     		.short	17
 151 0082 1100     		.short	17
 152 0084 1200     		.short	18
 153 0086 1300     		.short	19
 154 0088 1400     		.short	20
 155 008a 1500     		.short	21
 156 008c 1600     		.short	22
 157 008e 1700     		.short	23
 158 0090 1800     		.short	24
 159 0092 1900     		.short	25
 160 0094 1A00     		.short	26
 161 0096 1B00     		.short	27
 162 0098 1C00     		.short	28
 163 009a 1D00     		.short	29
 164 009c 1F00     		.short	31
 165 009e 2000     		.short	32
 166 00a0 2100     		.short	33
 167 00a2 2300     		.short	35
 168 00a4 2400     		.short	36
 169 00a6 2600     		.short	38
 170 00a8 2800     		.short	40
 171 00aa 2900     		.short	41
 172 00ac 2B00     		.short	43
 173 00ae 2D00     		.short	45
 174 00b0 2F00     		.short	47
 175 00b2 3100     		.short	49
 176 00b4 3400     		.short	52
 177 00b6 3600     		.short	54
 178 00b8 3800     		.short	56
 179 00ba 3B00     		.short	59
 180 00bc 3D00     		.short	61
 181 00be 4000     		.short	64
 182 00c0 4300     		.short	67
 183 00c2 4600     		.short	70
 184 00c4 4900     		.short	73
 185 00c6 4C00     		.short	76
 186 00c8 4F00     		.short	79
 187 00ca 5300     		.short	83
 188 00cc 5700     		.short	87
 189 00ce 5B00     		.short	91
 190 00d0 5F00     		.short	95
 191 00d2 6300     		.short	99
 192 00d4 6700     		.short	103
ARM GAS  C:\Users\aditi\AppData\Local\Temp\cc5whUf2.s 			page 6


 193 00d6 6C00     		.short	108
 194 00d8 7000     		.short	112
 195 00da 7500     		.short	117
 196 00dc 7B00     		.short	123
 197 00de 8000     		.short	128
 198 00e0 8600     		.short	134
 199 00e2 8C00     		.short	140
 200 00e4 9200     		.short	146
 201 00e6 9800     		.short	152
 202 00e8 9F00     		.short	159
 203 00ea A600     		.short	166
 204 00ec AD00     		.short	173
 205 00ee B500     		.short	181
 206 00f0 BD00     		.short	189
 207 00f2 C500     		.short	197
 208 00f4 CE00     		.short	206
 209 00f6 D700     		.short	215
 210 00f8 E100     		.short	225
 211 00fa EB00     		.short	235
 212 00fc F500     		.short	245
 213 00fe 0001     		.short	256
 214 0100 0B01     		.short	267
 215 0102 1701     		.short	279
 216 0104 2401     		.short	292
 217 0106 3001     		.short	304
 218 0108 3E01     		.short	318
 219 010a 4C01     		.short	332
 220 010c 5B01     		.short	347
 221 010e 6A01     		.short	362
 222 0110 7A01     		.short	378
 223 0112 8B01     		.short	395
 224 0114 9C01     		.short	412
 225 0116 AF01     		.short	431
 226 0118 C201     		.short	450
 227 011a D601     		.short	470
 228 011c EA01     		.short	490
 229 011e 0002     		.short	512
 230 0120 1702     		.short	535
 231 0122 2E02     		.short	558
 232 0124 4702     		.short	583
 233 0126 6102     		.short	609
 234 0128 7C02     		.short	636
 235 012a 9802     		.short	664
 236 012c B502     		.short	693
 237 012e D402     		.short	724
 238 0130 F402     		.short	756
 239 0132 1603     		.short	790
 240 0134 3903     		.short	825
 241 0136 5D03     		.short	861
 242 0138 8303     		.short	899
 243 013a AB03     		.short	939
 244 013c D503     		.short	981
 245 013e 0004     		.short	1024
 246 0140 2D04     		.short	1069
 247 0142 5D04     		.short	1117
 248 0144 8E04     		.short	1166
 249 0146 C204     		.short	1218
ARM GAS  C:\Users\aditi\AppData\Local\Temp\cc5whUf2.s 			page 7


 250 0148 F804     		.short	1272
 251 014a 3005     		.short	1328
 252 014c 6B05     		.short	1387
 253 014e A805     		.short	1448
 254 0150 E805     		.short	1512
 255 0152 2B06     		.short	1579
 256 0154 7106     		.short	1649
 257 0156 BA06     		.short	1722
 258 0158 0607     		.short	1798
 259 015a 5607     		.short	1878
 260 015c A907     		.short	1961
 261 015e 0008     		.short	2048
 262 0160 5B08     		.short	2139
 263 0162 B908     		.short	2233
 264 0164 1C09     		.short	2332
 265 0166 8309     		.short	2435
 266 0168 EF09     		.short	2543
 267 016a 600A     		.short	2656
 268 016c D50A     		.short	2773
 269 016e 500B     		.short	2896
 270 0170 D10B     		.short	3025
 271 0172 560C     		.short	3158
 272 0174 E20C     		.short	3298
 273 0176 740D     		.short	3444
 274 0178 0D0E     		.short	3597
 275 017a AC0E     		.short	3756
 276 017c 520F     		.short	3922
 277 017e 0010     		.short	4096
 278 0180 B510     		.short	4277
 279 0182 7311     		.short	4467
 280 0184 3812     		.short	4664
 281 0186 0713     		.short	4871
 282 0188 DF13     		.short	5087
 283 018a C014     		.short	5312
 284 018c AB15     		.short	5547
 285 018e A116     		.short	5793
 286 0190 A117     		.short	6049
 287 0192 AD18     		.short	6317
 288 0194 C419     		.short	6596
 289 0196 E91A     		.short	6889
 290 0198 1A1C     		.short	7194
 291 019a 581D     		.short	7512
 292 019c A51E     		.short	7845
 293 019e 0020     		.short	8192
 294 01a0 6B21     		.short	8555
 295 01a2 E522     		.short	8933
 296 01a4 7124     		.short	9329
 297 01a6 0E26     		.short	9742
 298 01a8 BD27     		.short	10173
 299 01aa 8029     		.short	10624
 300 01ac 562B     		.short	11094
 301 01ae 412D     		.short	11585
 302 01b0 422F     		.short	12098
 303 01b2 5A31     		.short	12634
 304 01b4 8933     		.short	13193
 305 01b6 D135     		.short	13777
 306 01b8 3338     		.short	14387
ARM GAS  C:\Users\aditi\AppData\Local\Temp\cc5whUf2.s 			page 8


 307 01ba B03A     		.short	15024
 308 01bc 493D     		.short	15689
 309 01be 0040     		.short	16384
 310 01c0 D542     		.short	17109
 311 01c2 CB45     		.short	17867
 312 01c4 E248     		.short	18658
 313 01c6 1C4C     		.short	19484
 314 01c8 7A4F     		.short	20346
 315 01ca FF52     		.short	21247
 316 01cc AC56     		.short	22188
 317 01ce 825A     		.short	23170
 318 01d0 845E     		.short	24196
 319 01d2 B362     		.short	25267
 320 01d4 1267     		.short	26386
 321 01d6 A26B     		.short	27554
 322 01d8 6670     		.short	28774
 323 01da 6075     		.short	30048
 324 01dc 927A     		.short	31378
 325 01de 0080     		.short	-32768
 326 01e0 AA85     		.short	-31318
 327 01e2 958B     		.short	-29803
 328 01e4 C391     		.short	-28221
 329 01e6 3798     		.short	-26569
 330 01e8 F59E     		.short	-24843
 331 01ea FEA5     		.short	-23042
 332 01ec 58AD     		.short	-21160
 333 01ee 04B5     		.short	-19196
 334 01f0 08BD     		.short	-17144
 335 01f2 66C5     		.short	-15002
 336 01f4 24CE     		.short	-12764
 337 01f6 44D7     		.short	-10428
 338 01f8 CCE0     		.short	-7988
 339 01fa C0EA     		.short	-5440
 340 01fc FFFF     		.short	-1
 341 01fe 25F5     		.short	-2779
 342              		.text
 343              	.Letext0:
 344              		.file 2 "source\\bsw\\global.h"
 345              		.file 3 "Generated_Source\\PSoC5/PWM_Engine.h"
 346              		.section	.debug_info,"",%progbits
 347              	.Ldebug_info0:
 348 0000 FA010000 		.4byte	0x1fa
 349 0004 0400     		.2byte	0x4
 350 0006 00000000 		.4byte	.Ldebug_abbrev0
 351 000a 04       		.byte	0x4
 352 000b 01       		.uleb128 0x1
 353 000c FB000000 		.4byte	.LASF45
 354 0010 0C       		.byte	0xc
 355 0011 48030000 		.4byte	.LASF46
 356 0015 88030000 		.4byte	.LASF47
 357 0019 00000000 		.4byte	.Ldebug_ranges0+0
 358 001d 00000000 		.4byte	0
 359 0021 00000000 		.4byte	.Ldebug_line0
 360 0025 02       		.uleb128 0x2
 361 0026 01       		.byte	0x1
 362 0027 06       		.byte	0x6
 363 0028 5D030000 		.4byte	.LASF0
ARM GAS  C:\Users\aditi\AppData\Local\Temp\cc5whUf2.s 			page 9


 364 002c 03       		.uleb128 0x3
 365 002d AA020000 		.4byte	.LASF3
 366 0031 02       		.byte	0x2
 367 0032 91       		.byte	0x91
 368 0033 37000000 		.4byte	0x37
 369 0037 02       		.uleb128 0x2
 370 0038 01       		.byte	0x1
 371 0039 08       		.byte	0x8
 372 003a 6A020000 		.4byte	.LASF1
 373 003e 02       		.uleb128 0x2
 374 003f 02       		.byte	0x2
 375 0040 05       		.byte	0x5
 376 0041 0C030000 		.4byte	.LASF2
 377 0045 03       		.uleb128 0x3
 378 0046 2A030000 		.4byte	.LASF4
 379 004a 02       		.byte	0x2
 380 004b 93       		.byte	0x93
 381 004c 50000000 		.4byte	0x50
 382 0050 02       		.uleb128 0x2
 383 0051 02       		.byte	0x2
 384 0052 07       		.byte	0x7
 385 0053 B4010000 		.4byte	.LASF5
 386 0057 02       		.uleb128 0x2
 387 0058 04       		.byte	0x4
 388 0059 05       		.byte	0x5
 389 005a 33030000 		.4byte	.LASF6
 390 005e 02       		.uleb128 0x2
 391 005f 04       		.byte	0x4
 392 0060 07       		.byte	0x7
 393 0061 A2010000 		.4byte	.LASF7
 394 0065 02       		.uleb128 0x2
 395 0066 04       		.byte	0x4
 396 0067 04       		.byte	0x4
 397 0068 CA000000 		.4byte	.LASF8
 398 006c 02       		.uleb128 0x2
 399 006d 08       		.byte	0x8
 400 006e 04       		.byte	0x4
 401 006f 24020000 		.4byte	.LASF9
 402 0073 02       		.uleb128 0x2
 403 0074 08       		.byte	0x8
 404 0075 05       		.byte	0x5
 405 0076 E2020000 		.4byte	.LASF10
 406 007a 02       		.uleb128 0x2
 407 007b 08       		.byte	0x8
 408 007c 07       		.byte	0x7
 409 007d 93020000 		.4byte	.LASF11
 410 0081 02       		.uleb128 0x2
 411 0082 01       		.byte	0x1
 412 0083 08       		.byte	0x8
 413 0084 F0020000 		.4byte	.LASF12
 414 0088 04       		.uleb128 0x4
 415 0089 01       		.byte	0x1
 416 008a 25000000 		.4byte	0x25
 417 008e 02       		.byte	0x2
 418 008f CF       		.byte	0xcf
 419 0090 31010000 		.4byte	0x131
 420 0094 05       		.uleb128 0x5
ARM GAS  C:\Users\aditi\AppData\Local\Temp\cc5whUf2.s 			page 10


 421 0095 89010000 		.4byte	.LASF13
 422 0099 00       		.byte	0
 423 009a 06       		.uleb128 0x6
 424 009b 2A000000 		.4byte	.LASF14
 425 009f 7F       		.sleb128 -1
 426 00a0 06       		.uleb128 0x6
 427 00a1 92000000 		.4byte	.LASF15
 428 00a5 7E       		.sleb128 -2
 429 00a6 06       		.uleb128 0x6
 430 00a7 94010000 		.4byte	.LASF16
 431 00ab 7D       		.sleb128 -3
 432 00ac 06       		.uleb128 0x6
 433 00ad 3C020000 		.4byte	.LASF17
 434 00b1 7C       		.sleb128 -4
 435 00b2 06       		.uleb128 0x6
 436 00b3 CA030000 		.4byte	.LASF18
 437 00b7 7B       		.sleb128 -5
 438 00b8 06       		.uleb128 0x6
 439 00b9 2B020000 		.4byte	.LASF19
 440 00bd 7A       		.sleb128 -6
 441 00be 06       		.uleb128 0x6
 442 00bf 57000000 		.4byte	.LASF20
 443 00c3 79       		.sleb128 -7
 444 00c4 06       		.uleb128 0x6
 445 00c5 C4020000 		.4byte	.LASF21
 446 00c9 78       		.sleb128 -8
 447 00ca 06       		.uleb128 0x6
 448 00cb 00000000 		.4byte	.LASF22
 449 00cf 77       		.sleb128 -9
 450 00d0 06       		.uleb128 0x6
 451 00d1 85020000 		.4byte	.LASF23
 452 00d5 76       		.sleb128 -10
 453 00d6 06       		.uleb128 0x6
 454 00d7 C7010000 		.4byte	.LASF24
 455 00db 75       		.sleb128 -11
 456 00dc 06       		.uleb128 0x6
 457 00dd 7A030000 		.4byte	.LASF25
 458 00e1 74       		.sleb128 -12
 459 00e2 06       		.uleb128 0x6
 460 00e3 B2020000 		.4byte	.LASF26
 461 00e7 73       		.sleb128 -13
 462 00e8 06       		.uleb128 0x6
 463 00e9 D0000000 		.4byte	.LASF27
 464 00ed 72       		.sleb128 -14
 465 00ee 06       		.uleb128 0x6
 466 00ef 16030000 		.4byte	.LASF28
 467 00f3 71       		.sleb128 -15
 468 00f4 06       		.uleb128 0x6
 469 00f5 69030000 		.4byte	.LASF29
 470 00f9 70       		.sleb128 -16
 471 00fa 06       		.uleb128 0x6
 472 00fb 16000000 		.4byte	.LASF30
 473 00ff 6F       		.sleb128 -17
 474 0100 06       		.uleb128 0x6
 475 0101 EB010000 		.4byte	.LASF31
 476 0105 6E       		.sleb128 -18
 477 0106 06       		.uleb128 0x6
ARM GAS  C:\Users\aditi\AppData\Local\Temp\cc5whUf2.s 			page 11


 478 0107 11020000 		.4byte	.LASF32
 479 010b 6D       		.sleb128 -19
 480 010c 06       		.uleb128 0x6
 481 010d 7A000000 		.4byte	.LASF33
 482 0111 6C       		.sleb128 -20
 483 0112 06       		.uleb128 0x6
 484 0113 D9010000 		.4byte	.LASF34
 485 0117 6B       		.sleb128 -21
 486 0118 06       		.uleb128 0x6
 487 0119 58020000 		.4byte	.LASF35
 488 011d 6A       		.sleb128 -22
 489 011e 06       		.uleb128 0x6
 490 011f F5020000 		.4byte	.LASF36
 491 0123 69       		.sleb128 -23
 492 0124 06       		.uleb128 0x6
 493 0125 69000000 		.4byte	.LASF37
 494 0129 68       		.sleb128 -24
 495 012a 06       		.uleb128 0x6
 496 012b A0000000 		.4byte	.LASF38
 497 012f 67       		.sleb128 -25
 498 0130 00       		.byte	0
 499 0131 03       		.uleb128 0x3
 500 0132 8D000000 		.4byte	.LASF39
 501 0136 02       		.byte	0x2
 502 0137 EA       		.byte	0xea
 503 0138 88000000 		.4byte	0x88
 504 013c 07       		.uleb128 0x7
 505 013d 04       		.byte	0x4
 506 013e 05       		.byte	0x5
 507 013f 696E7400 		.ascii	"int\000"
 508 0143 02       		.uleb128 0x2
 509 0144 04       		.byte	0x4
 510 0145 07       		.byte	0x7
 511 0146 78020000 		.4byte	.LASF40
 512 014a 02       		.uleb128 0x2
 513 014b 08       		.byte	0x8
 514 014c 04       		.byte	0x4
 515 014d 3C030000 		.4byte	.LASF41
 516 0151 02       		.uleb128 0x2
 517 0152 04       		.byte	0x4
 518 0153 07       		.byte	0x7
 519 0154 D9020000 		.4byte	.LASF42
 520 0158 08       		.uleb128 0x8
 521 0159 4A000000 		.4byte	.LASF48
 522 015d 01       		.byte	0x1
 523 015e 4F       		.byte	0x4f
 524 015f 31010000 		.4byte	0x131
 525 0163 00000000 		.4byte	.LFB0
 526 0167 0E000000 		.4byte	.LFE0-.LFB0
 527 016b 01       		.uleb128 0x1
 528 016c 9C       		.byte	0x9c
 529 016d 8A010000 		.4byte	0x18a
 530 0171 09       		.uleb128 0x9
 531 0172 06000000 		.4byte	.LVL0
 532 0176 E7010000 		.4byte	0x1e7
 533 017a 0A       		.uleb128 0xa
 534 017b 0C000000 		.4byte	.LVL1
ARM GAS  C:\Users\aditi\AppData\Local\Temp\cc5whUf2.s 			page 12


 535 017f F2010000 		.4byte	0x1f2
 536 0183 0B       		.uleb128 0xb
 537 0184 01       		.uleb128 0x1
 538 0185 50       		.byte	0x50
 539 0186 01       		.uleb128 0x1
 540 0187 30       		.byte	0x30
 541 0188 00       		.byte	0
 542 0189 00       		.byte	0
 543 018a 0C       		.uleb128 0xc
 544 018b 33000000 		.4byte	.LASF49
 545 018f 01       		.byte	0x1
 546 0190 5A       		.byte	0x5a
 547 0191 31010000 		.4byte	0x131
 548 0195 00000000 		.4byte	.LFB1
 549 0199 14000000 		.4byte	.LFE1-.LFB1
 550 019d 01       		.uleb128 0x1
 551 019e 9C       		.byte	0x9c
 552 019f BC010000 		.4byte	0x1bc
 553 01a3 0D       		.uleb128 0xd
 554 01a4 4C020000 		.4byte	.LASF50
 555 01a8 01       		.byte	0x1
 556 01a9 5A       		.byte	0x5a
 557 01aa 2C000000 		.4byte	0x2c
 558 01ae 00000000 		.4byte	.LLST0
 559 01b2 09       		.uleb128 0x9
 560 01b3 0C000000 		.4byte	.LVL4
 561 01b7 F2010000 		.4byte	0x1f2
 562 01bb 00       		.byte	0
 563 01bc 0E       		.uleb128 0xe
 564 01bd CC010000 		.4byte	0x1cc
 565 01c1 CC010000 		.4byte	0x1cc
 566 01c5 0F       		.uleb128 0xf
 567 01c6 51010000 		.4byte	0x151
 568 01ca FF       		.byte	0xff
 569 01cb 00       		.byte	0
 570 01cc 10       		.uleb128 0x10
 571 01cd 45000000 		.4byte	0x45
 572 01d1 11       		.uleb128 0x11
 573 01d2 00020000 		.4byte	.LASF51
 574 01d6 01       		.byte	0x1
 575 01d7 29       		.byte	0x29
 576 01d8 E2010000 		.4byte	0x1e2
 577 01dc 05       		.uleb128 0x5
 578 01dd 03       		.byte	0x3
 579 01de 00000000 		.4byte	LED__Pulse_Width
 580 01e2 10       		.uleb128 0x10
 581 01e3 BC010000 		.4byte	0x1bc
 582 01e7 12       		.uleb128 0x12
 583 01e8 B9000000 		.4byte	.LASF43
 584 01ec B9000000 		.4byte	.LASF43
 585 01f0 03       		.byte	0x3
 586 01f1 92       		.byte	0x92
 587 01f2 12       		.uleb128 0x12
 588 01f3 E3000000 		.4byte	.LASF44
 589 01f7 E3000000 		.4byte	.LASF44
 590 01fb 03       		.byte	0x3
 591 01fc C3       		.byte	0xc3
ARM GAS  C:\Users\aditi\AppData\Local\Temp\cc5whUf2.s 			page 13


 592 01fd 00       		.byte	0
 593              		.section	.debug_abbrev,"",%progbits
 594              	.Ldebug_abbrev0:
 595 0000 01       		.uleb128 0x1
 596 0001 11       		.uleb128 0x11
 597 0002 01       		.byte	0x1
 598 0003 25       		.uleb128 0x25
 599 0004 0E       		.uleb128 0xe
 600 0005 13       		.uleb128 0x13
 601 0006 0B       		.uleb128 0xb
 602 0007 03       		.uleb128 0x3
 603 0008 0E       		.uleb128 0xe
 604 0009 1B       		.uleb128 0x1b
 605 000a 0E       		.uleb128 0xe
 606 000b 55       		.uleb128 0x55
 607 000c 17       		.uleb128 0x17
 608 000d 11       		.uleb128 0x11
 609 000e 01       		.uleb128 0x1
 610 000f 10       		.uleb128 0x10
 611 0010 17       		.uleb128 0x17
 612 0011 00       		.byte	0
 613 0012 00       		.byte	0
 614 0013 02       		.uleb128 0x2
 615 0014 24       		.uleb128 0x24
 616 0015 00       		.byte	0
 617 0016 0B       		.uleb128 0xb
 618 0017 0B       		.uleb128 0xb
 619 0018 3E       		.uleb128 0x3e
 620 0019 0B       		.uleb128 0xb
 621 001a 03       		.uleb128 0x3
 622 001b 0E       		.uleb128 0xe
 623 001c 00       		.byte	0
 624 001d 00       		.byte	0
 625 001e 03       		.uleb128 0x3
 626 001f 16       		.uleb128 0x16
 627 0020 00       		.byte	0
 628 0021 03       		.uleb128 0x3
 629 0022 0E       		.uleb128 0xe
 630 0023 3A       		.uleb128 0x3a
 631 0024 0B       		.uleb128 0xb
 632 0025 3B       		.uleb128 0x3b
 633 0026 0B       		.uleb128 0xb
 634 0027 49       		.uleb128 0x49
 635 0028 13       		.uleb128 0x13
 636 0029 00       		.byte	0
 637 002a 00       		.byte	0
 638 002b 04       		.uleb128 0x4
 639 002c 04       		.uleb128 0x4
 640 002d 01       		.byte	0x1
 641 002e 0B       		.uleb128 0xb
 642 002f 0B       		.uleb128 0xb
 643 0030 49       		.uleb128 0x49
 644 0031 13       		.uleb128 0x13
 645 0032 3A       		.uleb128 0x3a
 646 0033 0B       		.uleb128 0xb
 647 0034 3B       		.uleb128 0x3b
 648 0035 0B       		.uleb128 0xb
ARM GAS  C:\Users\aditi\AppData\Local\Temp\cc5whUf2.s 			page 14


 649 0036 01       		.uleb128 0x1
 650 0037 13       		.uleb128 0x13
 651 0038 00       		.byte	0
 652 0039 00       		.byte	0
 653 003a 05       		.uleb128 0x5
 654 003b 28       		.uleb128 0x28
 655 003c 00       		.byte	0
 656 003d 03       		.uleb128 0x3
 657 003e 0E       		.uleb128 0xe
 658 003f 1C       		.uleb128 0x1c
 659 0040 0B       		.uleb128 0xb
 660 0041 00       		.byte	0
 661 0042 00       		.byte	0
 662 0043 06       		.uleb128 0x6
 663 0044 28       		.uleb128 0x28
 664 0045 00       		.byte	0
 665 0046 03       		.uleb128 0x3
 666 0047 0E       		.uleb128 0xe
 667 0048 1C       		.uleb128 0x1c
 668 0049 0D       		.uleb128 0xd
 669 004a 00       		.byte	0
 670 004b 00       		.byte	0
 671 004c 07       		.uleb128 0x7
 672 004d 24       		.uleb128 0x24
 673 004e 00       		.byte	0
 674 004f 0B       		.uleb128 0xb
 675 0050 0B       		.uleb128 0xb
 676 0051 3E       		.uleb128 0x3e
 677 0052 0B       		.uleb128 0xb
 678 0053 03       		.uleb128 0x3
 679 0054 08       		.uleb128 0x8
 680 0055 00       		.byte	0
 681 0056 00       		.byte	0
 682 0057 08       		.uleb128 0x8
 683 0058 2E       		.uleb128 0x2e
 684 0059 01       		.byte	0x1
 685 005a 3F       		.uleb128 0x3f
 686 005b 19       		.uleb128 0x19
 687 005c 03       		.uleb128 0x3
 688 005d 0E       		.uleb128 0xe
 689 005e 3A       		.uleb128 0x3a
 690 005f 0B       		.uleb128 0xb
 691 0060 3B       		.uleb128 0x3b
 692 0061 0B       		.uleb128 0xb
 693 0062 49       		.uleb128 0x49
 694 0063 13       		.uleb128 0x13
 695 0064 11       		.uleb128 0x11
 696 0065 01       		.uleb128 0x1
 697 0066 12       		.uleb128 0x12
 698 0067 06       		.uleb128 0x6
 699 0068 40       		.uleb128 0x40
 700 0069 18       		.uleb128 0x18
 701 006a 9742     		.uleb128 0x2117
 702 006c 19       		.uleb128 0x19
 703 006d 01       		.uleb128 0x1
 704 006e 13       		.uleb128 0x13
 705 006f 00       		.byte	0
ARM GAS  C:\Users\aditi\AppData\Local\Temp\cc5whUf2.s 			page 15


 706 0070 00       		.byte	0
 707 0071 09       		.uleb128 0x9
 708 0072 898201   		.uleb128 0x4109
 709 0075 00       		.byte	0
 710 0076 11       		.uleb128 0x11
 711 0077 01       		.uleb128 0x1
 712 0078 31       		.uleb128 0x31
 713 0079 13       		.uleb128 0x13
 714 007a 00       		.byte	0
 715 007b 00       		.byte	0
 716 007c 0A       		.uleb128 0xa
 717 007d 898201   		.uleb128 0x4109
 718 0080 01       		.byte	0x1
 719 0081 11       		.uleb128 0x11
 720 0082 01       		.uleb128 0x1
 721 0083 31       		.uleb128 0x31
 722 0084 13       		.uleb128 0x13
 723 0085 00       		.byte	0
 724 0086 00       		.byte	0
 725 0087 0B       		.uleb128 0xb
 726 0088 8A8201   		.uleb128 0x410a
 727 008b 00       		.byte	0
 728 008c 02       		.uleb128 0x2
 729 008d 18       		.uleb128 0x18
 730 008e 9142     		.uleb128 0x2111
 731 0090 18       		.uleb128 0x18
 732 0091 00       		.byte	0
 733 0092 00       		.byte	0
 734 0093 0C       		.uleb128 0xc
 735 0094 2E       		.uleb128 0x2e
 736 0095 01       		.byte	0x1
 737 0096 3F       		.uleb128 0x3f
 738 0097 19       		.uleb128 0x19
 739 0098 03       		.uleb128 0x3
 740 0099 0E       		.uleb128 0xe
 741 009a 3A       		.uleb128 0x3a
 742 009b 0B       		.uleb128 0xb
 743 009c 3B       		.uleb128 0x3b
 744 009d 0B       		.uleb128 0xb
 745 009e 27       		.uleb128 0x27
 746 009f 19       		.uleb128 0x19
 747 00a0 49       		.uleb128 0x49
 748 00a1 13       		.uleb128 0x13
 749 00a2 11       		.uleb128 0x11
 750 00a3 01       		.uleb128 0x1
 751 00a4 12       		.uleb128 0x12
 752 00a5 06       		.uleb128 0x6
 753 00a6 40       		.uleb128 0x40
 754 00a7 18       		.uleb128 0x18
 755 00a8 9742     		.uleb128 0x2117
 756 00aa 19       		.uleb128 0x19
 757 00ab 01       		.uleb128 0x1
 758 00ac 13       		.uleb128 0x13
 759 00ad 00       		.byte	0
 760 00ae 00       		.byte	0
 761 00af 0D       		.uleb128 0xd
 762 00b0 05       		.uleb128 0x5
ARM GAS  C:\Users\aditi\AppData\Local\Temp\cc5whUf2.s 			page 16


 763 00b1 00       		.byte	0
 764 00b2 03       		.uleb128 0x3
 765 00b3 0E       		.uleb128 0xe
 766 00b4 3A       		.uleb128 0x3a
 767 00b5 0B       		.uleb128 0xb
 768 00b6 3B       		.uleb128 0x3b
 769 00b7 0B       		.uleb128 0xb
 770 00b8 49       		.uleb128 0x49
 771 00b9 13       		.uleb128 0x13
 772 00ba 02       		.uleb128 0x2
 773 00bb 17       		.uleb128 0x17
 774 00bc 00       		.byte	0
 775 00bd 00       		.byte	0
 776 00be 0E       		.uleb128 0xe
 777 00bf 01       		.uleb128 0x1
 778 00c0 01       		.byte	0x1
 779 00c1 49       		.uleb128 0x49
 780 00c2 13       		.uleb128 0x13
 781 00c3 01       		.uleb128 0x1
 782 00c4 13       		.uleb128 0x13
 783 00c5 00       		.byte	0
 784 00c6 00       		.byte	0
 785 00c7 0F       		.uleb128 0xf
 786 00c8 21       		.uleb128 0x21
 787 00c9 00       		.byte	0
 788 00ca 49       		.uleb128 0x49
 789 00cb 13       		.uleb128 0x13
 790 00cc 2F       		.uleb128 0x2f
 791 00cd 0B       		.uleb128 0xb
 792 00ce 00       		.byte	0
 793 00cf 00       		.byte	0
 794 00d0 10       		.uleb128 0x10
 795 00d1 26       		.uleb128 0x26
 796 00d2 00       		.byte	0
 797 00d3 49       		.uleb128 0x49
 798 00d4 13       		.uleb128 0x13
 799 00d5 00       		.byte	0
 800 00d6 00       		.byte	0
 801 00d7 11       		.uleb128 0x11
 802 00d8 34       		.uleb128 0x34
 803 00d9 00       		.byte	0
 804 00da 03       		.uleb128 0x3
 805 00db 0E       		.uleb128 0xe
 806 00dc 3A       		.uleb128 0x3a
 807 00dd 0B       		.uleb128 0xb
 808 00de 3B       		.uleb128 0x3b
 809 00df 0B       		.uleb128 0xb
 810 00e0 49       		.uleb128 0x49
 811 00e1 13       		.uleb128 0x13
 812 00e2 02       		.uleb128 0x2
 813 00e3 18       		.uleb128 0x18
 814 00e4 00       		.byte	0
 815 00e5 00       		.byte	0
 816 00e6 12       		.uleb128 0x12
 817 00e7 2E       		.uleb128 0x2e
 818 00e8 00       		.byte	0
 819 00e9 3F       		.uleb128 0x3f
ARM GAS  C:\Users\aditi\AppData\Local\Temp\cc5whUf2.s 			page 17


 820 00ea 19       		.uleb128 0x19
 821 00eb 3C       		.uleb128 0x3c
 822 00ec 19       		.uleb128 0x19
 823 00ed 6E       		.uleb128 0x6e
 824 00ee 0E       		.uleb128 0xe
 825 00ef 03       		.uleb128 0x3
 826 00f0 0E       		.uleb128 0xe
 827 00f1 3A       		.uleb128 0x3a
 828 00f2 0B       		.uleb128 0xb
 829 00f3 3B       		.uleb128 0x3b
 830 00f4 0B       		.uleb128 0xb
 831 00f5 00       		.byte	0
 832 00f6 00       		.byte	0
 833 00f7 00       		.byte	0
 834              		.section	.debug_loc,"",%progbits
 835              	.Ldebug_loc0:
 836              	.LLST0:
 837 0000 00000000 		.4byte	.LVL2
 838 0004 08000000 		.4byte	.LVL3
 839 0008 0100     		.2byte	0x1
 840 000a 50       		.byte	0x50
 841 000b 08000000 		.4byte	.LVL3
 842 000f 14000000 		.4byte	.LFE1
 843 0013 0400     		.2byte	0x4
 844 0015 F3       		.byte	0xf3
 845 0016 01       		.uleb128 0x1
 846 0017 50       		.byte	0x50
 847 0018 9F       		.byte	0x9f
 848 0019 00000000 		.4byte	0
 849 001d 00000000 		.4byte	0
 850              		.section	.debug_aranges,"",%progbits
 851 0000 24000000 		.4byte	0x24
 852 0004 0200     		.2byte	0x2
 853 0006 00000000 		.4byte	.Ldebug_info0
 854 000a 04       		.byte	0x4
 855 000b 00       		.byte	0
 856 000c 0000     		.2byte	0
 857 000e 0000     		.2byte	0
 858 0010 00000000 		.4byte	.LFB0
 859 0014 0E000000 		.4byte	.LFE0-.LFB0
 860 0018 00000000 		.4byte	.LFB1
 861 001c 14000000 		.4byte	.LFE1-.LFB1
 862 0020 00000000 		.4byte	0
 863 0024 00000000 		.4byte	0
 864              		.section	.debug_ranges,"",%progbits
 865              	.Ldebug_ranges0:
 866 0000 00000000 		.4byte	.LFB0
 867 0004 0E000000 		.4byte	.LFE0
 868 0008 00000000 		.4byte	.LFB1
 869 000c 14000000 		.4byte	.LFE1
 870 0010 00000000 		.4byte	0
 871 0014 00000000 		.4byte	0
 872              		.section	.debug_line,"",%progbits
 873              	.Ldebug_line0:
 874 0000 89000000 		.section	.debug_str,"MS",%progbits,1
 874      02005E00 
 874      00000201 
ARM GAS  C:\Users\aditi\AppData\Local\Temp\cc5whUf2.s 			page 18


 874      FB0E0D00 
 874      01010101 
 875              	.LASF22:
 876 0000 52435F45 		.ascii	"RC_ERROR_BUFFER_EMTPY\000"
 876      52524F52 
 876      5F425546 
 876      4645525F 
 876      454D5450 
 877              	.LASF30:
 878 0016 52435F45 		.ascii	"RC_ERROR_READ_FAILS\000"
 878      52524F52 
 878      5F524541 
 878      445F4641 
 878      494C5300 
 879              	.LASF14:
 880 002a 52435F45 		.ascii	"RC_ERROR\000"
 880      52524F52 
 880      00
 881              	.LASF49:
 882 0033 50574D5F 		.ascii	"PWM_Green_setIntensity\000"
 882      47726565 
 882      6E5F7365 
 882      74496E74 
 882      656E7369 
 883              	.LASF48:
 884 004a 50574D5F 		.ascii	"PWM_RGB_init\000"
 884      5247425F 
 884      696E6974 
 884      00
 885              	.LASF20:
 886 0057 52435F45 		.ascii	"RC_ERROR_UNDERRUN\000"
 886      52524F52 
 886      5F554E44 
 886      45525255 
 886      4E00
 887              	.LASF37:
 888 0069 52435F45 		.ascii	"RC_ERROR_UNKNOWN\000"
 888      52524F52 
 888      5F554E4B 
 888      4E4F574E 
 888      00
 889              	.LASF33:
 890 007a 52435F45 		.ascii	"RC_ERROR_BAD_PARAM\000"
 890      52524F52 
 890      5F424144 
 890      5F504152 
 890      414D00
 891              	.LASF39:
 892 008d 52435F74 		.ascii	"RC_t\000"
 892      00
 893              	.LASF15:
 894 0092 52435F45 		.ascii	"RC_ERROR_NULL\000"
 894      52524F52 
 894      5F4E554C 
 894      4C00
 895              	.LASF38:
 896 00a0 52435F45 		.ascii	"RC_ERROR_NOT_IMPLEMENTED\000"
ARM GAS  C:\Users\aditi\AppData\Local\Temp\cc5whUf2.s 			page 19


 896      52524F52 
 896      5F4E4F54 
 896      5F494D50 
 896      4C454D45 
 897              	.LASF43:
 898 00b9 50574D5F 		.ascii	"PWM_Engine_Start\000"
 898      456E6769 
 898      6E655F53 
 898      74617274 
 898      00
 899              	.LASF8:
 900 00ca 666C6F61 		.ascii	"float\000"
 900      7400
 901              	.LASF27:
 902 00d0 52435F45 		.ascii	"RC_ERROR_READ_ONLY\000"
 902      52524F52 
 902      5F524541 
 902      445F4F4E 
 902      4C5900
 903              	.LASF44:
 904 00e3 50574D5F 		.ascii	"PWM_Engine_WriteCompare\000"
 904      456E6769 
 904      6E655F57 
 904      72697465 
 904      436F6D70 
 905              	.LASF45:
 906 00fb 474E5520 		.ascii	"GNU C11 5.4.1 20160609 (release) [ARM/embedded-5-br"
 906      43313120 
 906      352E342E 
 906      31203230 
 906      31363036 
 907 012e 616E6368 		.ascii	"anch revision 237715] -mcpu=cortex-m3 -mthumb -g -O"
 907      20726576 
 907      6973696F 
 907      6E203233 
 907      37373135 
 908 0161 67202D66 		.ascii	"g -ffunction-sections -ffat-lto-objects\000"
 908      66756E63 
 908      74696F6E 
 908      2D736563 
 908      74696F6E 
 909              	.LASF13:
 910 0189 52435F53 		.ascii	"RC_SUCCESS\000"
 910      55434345 
 910      535300
 911              	.LASF16:
 912 0194 52435F45 		.ascii	"RC_ERROR_ZERO\000"
 912      52524F52 
 912      5F5A4552 
 912      4F00
 913              	.LASF7:
 914 01a2 6C6F6E67 		.ascii	"long unsigned int\000"
 914      20756E73 
 914      69676E65 
 914      6420696E 
 914      7400
 915              	.LASF5:
ARM GAS  C:\Users\aditi\AppData\Local\Temp\cc5whUf2.s 			page 20


 916 01b4 73686F72 		.ascii	"short unsigned int\000"
 916      7420756E 
 916      7369676E 
 916      65642069 
 916      6E7400
 917              	.LASF24:
 918 01c7 52435F45 		.ascii	"RC_ERROR_TIME_OUT\000"
 918      52524F52 
 918      5F54494D 
 918      455F4F55 
 918      5400
 919              	.LASF34:
 920 01d9 52435F45 		.ascii	"RC_ERROR_BAD_DATA\000"
 920      52524F52 
 920      5F424144 
 920      5F444154 
 920      4100
 921              	.LASF31:
 922 01eb 52435F45 		.ascii	"RC_ERROR_WRITE_FAILS\000"
 922      52524F52 
 922      5F575249 
 922      54455F46 
 922      41494C53 
 923              	.LASF51:
 924 0200 4C45445F 		.ascii	"LED__Pulse_Width\000"
 924      5F50756C 
 924      73655F57 
 924      69647468 
 924      00
 925              	.LASF32:
 926 0211 52435F45 		.ascii	"RC_ERROR_NOT_MATCH\000"
 926      52524F52 
 926      5F4E4F54 
 926      5F4D4154 
 926      434800
 927              	.LASF9:
 928 0224 646F7562 		.ascii	"double\000"
 928      6C6500
 929              	.LASF19:
 930 022b 52435F45 		.ascii	"RC_ERROR_OVERRUN\000"
 930      52524F52 
 930      5F4F5645 
 930      5252554E 
 930      00
 931              	.LASF17:
 932 023c 52435F45 		.ascii	"RC_ERROR_MEMORY\000"
 932      52524F52 
 932      5F4D454D 
 932      4F525900 
 933              	.LASF50:
 934 024c 656E6769 		.ascii	"engine_data\000"
 934      6E655F64 
 934      61746100 
 935              	.LASF35:
 936 0258 52435F45 		.ascii	"RC_ERROR_CANCELED\000"
 936      52524F52 
 936      5F43414E 
ARM GAS  C:\Users\aditi\AppData\Local\Temp\cc5whUf2.s 			page 21


 936      43454C45 
 936      4400
 937              	.LASF1:
 938 026a 756E7369 		.ascii	"unsigned char\000"
 938      676E6564 
 938      20636861 
 938      7200
 939              	.LASF40:
 940 0278 756E7369 		.ascii	"unsigned int\000"
 940      676E6564 
 940      20696E74 
 940      00
 941              	.LASF23:
 942 0285 52435F45 		.ascii	"RC_ERROR_BUSY\000"
 942      52524F52 
 942      5F425553 
 942      5900
 943              	.LASF11:
 944 0293 6C6F6E67 		.ascii	"long long unsigned int\000"
 944      206C6F6E 
 944      6720756E 
 944      7369676E 
 944      65642069 
 945              	.LASF3:
 946 02aa 75696E74 		.ascii	"uint8_t\000"
 946      385F7400 
 947              	.LASF26:
 948 02b2 52435F45 		.ascii	"RC_ERROR_CHECKSUM\000"
 948      52524F52 
 948      5F434845 
 948      434B5355 
 948      4D00
 949              	.LASF21:
 950 02c4 52435F45 		.ascii	"RC_ERROR_BUFFER_FULL\000"
 950      52524F52 
 950      5F425546 
 950      4645525F 
 950      46554C4C 
 951              	.LASF42:
 952 02d9 73697A65 		.ascii	"sizetype\000"
 952      74797065 
 952      00
 953              	.LASF10:
 954 02e2 6C6F6E67 		.ascii	"long long int\000"
 954      206C6F6E 
 954      6720696E 
 954      7400
 955              	.LASF12:
 956 02f0 63686172 		.ascii	"char\000"
 956      00
 957              	.LASF36:
 958 02f5 52435F45 		.ascii	"RC_ERROR_INVALID_STATE\000"
 958      52524F52 
 958      5F494E56 
 958      414C4944 
 958      5F535441 
 959              	.LASF2:
ARM GAS  C:\Users\aditi\AppData\Local\Temp\cc5whUf2.s 			page 22


 960 030c 73686F72 		.ascii	"short int\000"
 960      7420696E 
 960      7400
 961              	.LASF28:
 962 0316 52435F45 		.ascii	"RC_ERROR_WRITE_ONLY\000"
 962      52524F52 
 962      5F575249 
 962      54455F4F 
 962      4E4C5900 
 963              	.LASF4:
 964 032a 75696E74 		.ascii	"uint16_t\000"
 964      31365F74 
 964      00
 965              	.LASF6:
 966 0333 6C6F6E67 		.ascii	"long int\000"
 966      20696E74 
 966      00
 967              	.LASF41:
 968 033c 6C6F6E67 		.ascii	"long double\000"
 968      20646F75 
 968      626C6500 
 969              	.LASF46:
 970 0348 736F7572 		.ascii	"source\\bsw\\pwm_rgb.c\000"
 970      63655C62 
 970      73775C70 
 970      776D5F72 
 970      67622E63 
 971              	.LASF0:
 972 035d 7369676E 		.ascii	"signed char\000"
 972      65642063 
 972      68617200 
 973              	.LASF29:
 974 0369 52435F45 		.ascii	"RC_ERROR_INVALID\000"
 974      52524F52 
 974      5F494E56 
 974      414C4944 
 974      00
 975              	.LASF25:
 976 037a 52435F45 		.ascii	"RC_ERROR_OPEN\000"
 976      52524F52 
 976      5F4F5045 
 976      4E00
 977              	.LASF47:
 978 0388 433A5C44 		.ascii	"C:\\Darmstadt\\SecondSem\\EAA\\Lab1\\GasPedal\\Elec"
 978      61726D73 
 978      74616474 
 978      5C536563 
 978      6F6E6453 
 979 03b5 74726F6E 		.ascii	"tronicGasPedal.cydsn\000"
 979      69634761 
 979      73506564 
 979      616C2E63 
 979      7964736E 
 980              	.LASF18:
 981 03ca 52435F45 		.ascii	"RC_ERROR_RANGE\000"
 981      52524F52 
 981      5F52414E 
ARM GAS  C:\Users\aditi\AppData\Local\Temp\cc5whUf2.s 			page 23


 981      474500
 982              		.ident	"GCC: (GNU Tools for ARM Embedded Processors) 5.4.1 20160609 (release) [ARM/embedded-5-bran
