ARM GAS  C:\Users\aditi\AppData\Local\Temp\cc64g2e8.s 			page 1


   1              		.syntax unified
   2              		.cpu cortex-m3
   3              		.fpu softvfp
   4              		.eabi_attribute 20, 1
   5              		.eabi_attribute 21, 1
   6              		.eabi_attribute 23, 3
   7              		.eabi_attribute 24, 1
   8              		.eabi_attribute 25, 1
   9              		.eabi_attribute 26, 1
  10              		.eabi_attribute 30, 1
  11              		.eabi_attribute 34, 1
  12              		.eabi_attribute 18, 4
  13              		.thumb
  14              		.syntax unified
  15              		.file	"sc_adc_type.c"
  16              		.text
  17              	.Ltext0:
  18              		.cfi_sections	.debug_frame
  19              		.section	.text.SC_ADC_driverIn,"ax",%progbits
  20              		.align	2
  21              		.global	SC_ADC_driverIn
  22              		.thumb
  23              		.thumb_func
  24              		.type	SC_ADC_driverIn, %function
  25              	SC_ADC_driverIn:
  26              	.LFB110:
  27              		.file 1 "source\\rte\\sc_adc_type.c"
   1:source\rte/sc_adc_type.c **** 
   2:source\rte/sc_adc_type.c **** 
   3:source\rte/sc_adc_type.c **** /*
   4:source\rte/sc_adc_type.c ****  * Filename: sc_adc_type.c
   5:source\rte/sc_adc_type.c ****  *
   6:source\rte/sc_adc_type.c ****  * Author: Autogenerated by H-DA RTE Generator, (c) Prof. Fromm
   7:source\rte/sc_adc_type.c ****  */
   8:source\rte/sc_adc_type.c **** 
   9:source\rte/sc_adc_type.c **** #include "project.h"
  10:source\rte/sc_adc_type.c **** #include "global.h"
  11:source\rte/sc_adc_type.c **** #include "rte.h"
  12:source\rte/sc_adc_type.c **** #include "rte_types.h"
  13:source\rte/sc_adc_type.c **** #include "sc_adc_type.h"
  14:source\rte/sc_adc_type.c **** 
  15:source\rte/sc_adc_type.c **** 
  16:source\rte/sc_adc_type.c **** 
  17:source\rte/sc_adc_type.c **** /* USER CODE START SC_ADC_INCLUDE */
  18:source\rte/sc_adc_type.c **** #include "adc.h"
  19:source\rte/sc_adc_type.c **** #include "uart.h"
  20:source\rte/sc_adc_type.c **** /* USER CODE END SC_ADC_INCLUDE */
  21:source\rte/sc_adc_type.c **** 
  22:source\rte/sc_adc_type.c **** 
  23:source\rte/sc_adc_type.c **** /*
  24:source\rte/sc_adc_type.c **** * description: Joystick Representation
  25:source\rte/sc_adc_type.c **** * name: sc_adc
  26:source\rte/sc_adc_type.c **** * shortname: adc
  27:source\rte/sc_adc_type.c **** */
  28:source\rte/sc_adc_type.c **** 
  29:source\rte/sc_adc_type.c **** /* USER CODE START SC_ADC_USERDEFINITIONS */
  30:source\rte/sc_adc_type.c **** #define JOYSTICK_CALIBRATION_MAX        12
ARM GAS  C:\Users\aditi\AppData\Local\Temp\cc64g2e8.s 			page 2


  31:source\rte/sc_adc_type.c **** #define JOYSTICK_CALIBRATION_MIN       -12
  32:source\rte/sc_adc_type.c **** /* USER CODE END SC_ADC_USERDEFINITIONS */
  33:source\rte/sc_adc_type.c **** 
  34:source\rte/sc_adc_type.c **** 
  35:source\rte/sc_adc_type.c **** /*****************************************************************************************
  36:source\rte/sc_adc_type.c ****  *************** Port Wrapper Implementation for SC_ADC signal  ****************
  37:source\rte/sc_adc_type.c ****  *****************************************************************************************/
  38:source\rte/sc_adc_type.c ****  
  39:source\rte/sc_adc_type.c ****  
  40:source\rte/sc_adc_type.c **** 
  41:source\rte/sc_adc_type.c **** /**
  42:source\rte/sc_adc_type.c ****  * Default IN driver API
  43:source\rte/sc_adc_type.c ****  */
  44:source\rte/sc_adc_type.c **** inline RC_t SC_ADC_driverIn(SC_ADC_data_t *const data)
  45:source\rte/sc_adc_type.c **** {
  28              		.loc 1 45 0
  29              		.cfi_startproc
  30              		@ args = 0, pretend = 0, frame = 8
  31              		@ frame_needed = 0, uses_anonymous_args = 0
  32              	.LVL0:
  33 0000 10B5     		push	{r4, lr}
  34              		.cfi_def_cfa_offset 8
  35              		.cfi_offset 4, -8
  36              		.cfi_offset 14, -4
  37 0002 82B0     		sub	sp, sp, #8
  38              		.cfi_def_cfa_offset 16
  39 0004 0446     		mov	r4, r0
  46:source\rte/sc_adc_type.c **** 	/* USER CODE START driverInSC_ADC */
  47:source\rte/sc_adc_type.c **** 
  48:source\rte/sc_adc_type.c ****     //Temporary variable to correct the offset from Joystick
  49:source\rte/sc_adc_type.c ****     sint8_t adcOutput_t = 0;
  40              		.loc 1 49 0
  41 0006 02A8     		add	r0, sp, #8
  42              	.LVL1:
  43 0008 0023     		movs	r3, #0
  44 000a 00F8013D 		strb	r3, [r0, #-1]!
  50:source\rte/sc_adc_type.c ****     
  51:source\rte/sc_adc_type.c ****     //Read data from the MCAL driver
  52:source\rte/sc_adc_type.c ****     if(RC_SUCCESS == ADC_getValue(&adcOutput_t))
  45              		.loc 1 52 0
  46 000e FFF7FEFF 		bl	ADC_getValue
  47              	.LVL2:
  48 0012 58B9     		cbnz	r0, .L2
  53:source\rte/sc_adc_type.c ****     {
  54:source\rte/sc_adc_type.c ****     	//Scale it to the application type
  55:source\rte/sc_adc_type.c ****         //Software calibration for Joystick - discarding values between -12 and +12
  56:source\rte/sc_adc_type.c ****         if(adcOutput_t > JOYSTICK_CALIBRATION_MIN && adcOutput_t < JOYSTICK_CALIBRATION_MAX)
  49              		.loc 1 56 0
  50 0014 9DF90720 		ldrsb	r2, [sp, #7]
  51 0018 02F10B03 		add	r3, r2, #11
  52 001c DBB2     		uxtb	r3, r3
  53 001e 162B     		cmp	r3, #22
  54 0020 02D8     		bhi	.L3
  57:source\rte/sc_adc_type.c ****         {
  58:source\rte/sc_adc_type.c ****             data->adc_output = 0;
  55              		.loc 1 58 0
  56 0022 0023     		movs	r3, #0
ARM GAS  C:\Users\aditi\AppData\Local\Temp\cc64g2e8.s 			page 3


  57 0024 2370     		strb	r3, [r4]
  58 0026 04E0     		b	.L4
  59              	.L3:
  59:source\rte/sc_adc_type.c ****         }
  60:source\rte/sc_adc_type.c ****         else
  61:source\rte/sc_adc_type.c ****         {
  62:source\rte/sc_adc_type.c ****             data->adc_output = adcOutput_t;
  60              		.loc 1 62 0
  61 0028 2270     		strb	r2, [r4]
  62 002a 02E0     		b	.L4
  63              	.L2:
  63:source\rte/sc_adc_type.c ****         }
  64:source\rte/sc_adc_type.c ****     }
  65:source\rte/sc_adc_type.c ****     else
  66:source\rte/sc_adc_type.c ****     {
  67:source\rte/sc_adc_type.c ****         UART_Log_Tx("Unable to get ADC value from Driver");
  64              		.loc 1 67 0
  65 002c 0248     		ldr	r0, .L6
  66 002e FFF7FEFF 		bl	UART_Log_Tx
  67              	.LVL3:
  68              	.L4:
  68:source\rte/sc_adc_type.c ****     }
  69:source\rte/sc_adc_type.c ****     
  70:source\rte/sc_adc_type.c **** 	return RC_SUCCESS;
  71:source\rte/sc_adc_type.c **** 	/* USER CODE END driverInSC_ADC */
  72:source\rte/sc_adc_type.c **** }
  69              		.loc 1 72 0
  70 0032 0020     		movs	r0, #0
  71 0034 02B0     		add	sp, sp, #8
  72              		.cfi_def_cfa_offset 8
  73              		@ sp needed
  74 0036 10BD     		pop	{r4, pc}
  75              	.LVL4:
  76              	.L7:
  77              		.align	2
  78              	.L6:
  79 0038 00000000 		.word	.LC0
  80              		.cfi_endproc
  81              	.LFE110:
  82              		.size	SC_ADC_driverIn, .-SC_ADC_driverIn
  83              		.section	.rodata.str1.4,"aMS",%progbits,1
  84              		.align	2
  85              	.LC0:
  86 0000 556E6162 		.ascii	"Unable to get ADC value from Driver\000"
  86      6C652074 
  86      6F206765 
  86      74204144 
  86      43207661 
  87              		.text
  88              	.Letext0:
  89              		.file 2 "c:\\program files (x86)\\cypress\\psoc creator\\4.4\\psoc creator\\import\\gnu\\arm\\5.4.
  90              		.file 3 "c:\\program files (x86)\\cypress\\psoc creator\\4.4\\psoc creator\\import\\gnu\\arm\\5.4.
  91              		.file 4 "Generated_Source\\PSoC5/ErikaOS_common_ee_types.inc"
  92              		.file 5 "Generated_Source\\PSoC5/ErikaOS_cortex_mx_ee_cpu.inc"
  93              		.file 6 ".\\source\\bsw/global.h"
  94              		.file 7 "source\\rte\\sc_adc_type.h"
  95              		.file 8 "Generated_Source\\PSoC5/ErikaOS_ee_oo_intfunc.inc"
ARM GAS  C:\Users\aditi\AppData\Local\Temp\cc64g2e8.s 			page 4


  96              		.file 9 "Generated_Source\\PSoC5/ErikaOS_cortex_mx_ee_context.inc"
  97              		.file 10 "Generated_Source\\PSoC5/ErikaOS_common_ee_primitives.inc"
  98              		.file 11 "Generated_Source\\PSoC5/core_cm3.h"
  99              		.file 12 ".\\source\\bsw/adc.h"
 100              		.file 13 ".\\source\\bsw/uart.h"
 101              		.section	.debug_info,"",%progbits
 102              	.Ldebug_info0:
 103 0000 7E020000 		.4byte	0x27e
 104 0004 0400     		.2byte	0x4
 105 0006 00000000 		.4byte	.Ldebug_abbrev0
 106 000a 04       		.byte	0x4
 107 000b 01       		.uleb128 0x1
 108 000c D5020000 		.4byte	.LASF58
 109 0010 0C       		.byte	0xc
 110 0011 D4010000 		.4byte	.LASF59
 111 0015 38020000 		.4byte	.LASF60
 112 0019 00000000 		.4byte	.Ldebug_ranges0+0
 113 001d 00000000 		.4byte	0
 114 0021 00000000 		.4byte	.Ldebug_line0
 115 0025 02       		.uleb128 0x2
 116 0026 01       		.byte	0x1
 117 0027 06       		.byte	0x6
 118 0028 07020000 		.4byte	.LASF0
 119 002c 02       		.uleb128 0x2
 120 002d 01       		.byte	0x1
 121 002e 08       		.byte	0x8
 122 002f F9010000 		.4byte	.LASF1
 123 0033 02       		.uleb128 0x2
 124 0034 02       		.byte	0x2
 125 0035 05       		.byte	0x5
 126 0036 32000000 		.4byte	.LASF2
 127 003a 02       		.uleb128 0x2
 128 003b 02       		.byte	0x2
 129 003c 07       		.byte	0x7
 130 003d C2020000 		.4byte	.LASF3
 131 0041 03       		.uleb128 0x3
 132 0042 F3030000 		.4byte	.LASF9
 133 0046 02       		.byte	0x2
 134 0047 3F       		.byte	0x3f
 135 0048 4C000000 		.4byte	0x4c
 136 004c 02       		.uleb128 0x2
 137 004d 04       		.byte	0x4
 138 004e 05       		.byte	0x5
 139 004f 7D010000 		.4byte	.LASF4
 140 0053 02       		.uleb128 0x2
 141 0054 04       		.byte	0x4
 142 0055 07       		.byte	0x7
 143 0056 B0030000 		.4byte	.LASF5
 144 005a 02       		.uleb128 0x2
 145 005b 08       		.byte	0x8
 146 005c 05       		.byte	0x5
 147 005d 32010000 		.4byte	.LASF6
 148 0061 02       		.uleb128 0x2
 149 0062 08       		.byte	0x8
 150 0063 07       		.byte	0x7
 151 0064 21020000 		.4byte	.LASF7
 152 0068 04       		.uleb128 0x4
ARM GAS  C:\Users\aditi\AppData\Local\Temp\cc64g2e8.s 			page 5


 153 0069 04       		.byte	0x4
 154 006a 05       		.byte	0x5
 155 006b 696E7400 		.ascii	"int\000"
 156 006f 02       		.uleb128 0x2
 157 0070 04       		.byte	0x4
 158 0071 07       		.byte	0x7
 159 0072 7A020000 		.4byte	.LASF8
 160 0076 03       		.uleb128 0x3
 161 0077 7D030000 		.4byte	.LASF10
 162 007b 03       		.byte	0x3
 163 007c 2C       		.byte	0x2c
 164 007d 41000000 		.4byte	0x41
 165 0081 02       		.uleb128 0x2
 166 0082 04       		.byte	0x4
 167 0083 04       		.byte	0x4
 168 0084 13010000 		.4byte	.LASF11
 169 0088 02       		.uleb128 0x2
 170 0089 08       		.byte	0x8
 171 008a 04       		.byte	0x4
 172 008b C2030000 		.4byte	.LASF12
 173 008f 02       		.uleb128 0x2
 174 0090 01       		.byte	0x1
 175 0091 08       		.byte	0x8
 176 0092 63030000 		.4byte	.LASF13
 177 0096 02       		.uleb128 0x2
 178 0097 08       		.byte	0x8
 179 0098 04       		.byte	0x4
 180 0099 ED010000 		.4byte	.LASF14
 181 009d 03       		.uleb128 0x3
 182 009e B9020000 		.4byte	.LASF15
 183 00a2 04       		.byte	0x4
 184 00a3 53       		.byte	0x53
 185 00a4 68000000 		.4byte	0x68
 186 00a8 03       		.uleb128 0x3
 187 00a9 A2000000 		.4byte	.LASF16
 188 00ad 04       		.byte	0x4
 189 00ae 54       		.byte	0x54
 190 00af 6F000000 		.4byte	0x6f
 191 00b3 03       		.uleb128 0x3
 192 00b4 DB030000 		.4byte	.LASF17
 193 00b8 05       		.byte	0x5
 194 00b9 4D       		.byte	0x4d
 195 00ba A8000000 		.4byte	0xa8
 196 00be 03       		.uleb128 0x3
 197 00bf 86000000 		.4byte	.LASF18
 198 00c3 05       		.byte	0x5
 199 00c4 4F       		.byte	0x4f
 200 00c5 A8000000 		.4byte	0xa8
 201 00c9 03       		.uleb128 0x3
 202 00ca B8000000 		.4byte	.LASF19
 203 00ce 05       		.byte	0x5
 204 00cf 78       		.byte	0x78
 205 00d0 9D000000 		.4byte	0x9d
 206 00d4 02       		.uleb128 0x2
 207 00d5 04       		.byte	0x4
 208 00d6 07       		.byte	0x7
 209 00d7 62000000 		.4byte	.LASF20
ARM GAS  C:\Users\aditi\AppData\Local\Temp\cc64g2e8.s 			page 6


 210 00db 03       		.uleb128 0x3
 211 00dc 5E040000 		.4byte	.LASF21
 212 00e0 06       		.byte	0x6
 213 00e1 90       		.byte	0x90
 214 00e2 25000000 		.4byte	0x25
 215 00e6 05       		.uleb128 0x5
 216 00e7 01       		.byte	0x1
 217 00e8 25000000 		.4byte	0x25
 218 00ec 06       		.byte	0x6
 219 00ed CF       		.byte	0xcf
 220 00ee 8F010000 		.4byte	0x18f
 221 00f2 06       		.uleb128 0x6
 222 00f3 13000000 		.4byte	.LASF22
 223 00f7 00       		.byte	0
 224 00f8 07       		.uleb128 0x7
 225 00f9 28040000 		.4byte	.LASF23
 226 00fd 7F       		.sleb128 -1
 227 00fe 07       		.uleb128 0x7
 228 00ff 95020000 		.4byte	.LASF24
 229 0103 7E       		.sleb128 -2
 230 0104 07       		.uleb128 0x7
 231 0105 78000000 		.4byte	.LASF25
 232 0109 7D       		.sleb128 -3
 233 010a 07       		.uleb128 0x7
 234 010b 31040000 		.4byte	.LASF26
 235 010f 7C       		.sleb128 -4
 236 0110 07       		.uleb128 0x7
 237 0111 04010000 		.4byte	.LASF27
 238 0115 7B       		.sleb128 -5
 239 0116 07       		.uleb128 0x7
 240 0117 3C000000 		.4byte	.LASF28
 241 011b 7A       		.sleb128 -6
 242 011c 07       		.uleb128 0x7
 243 011d 86010000 		.4byte	.LASF29
 244 0121 79       		.sleb128 -7
 245 0122 07       		.uleb128 0x7
 246 0123 68030000 		.4byte	.LASF30
 247 0127 78       		.sleb128 -8
 248 0128 07       		.uleb128 0x7
 249 0129 A3020000 		.4byte	.LASF31
 250 012d 77       		.sleb128 -9
 251 012e 07       		.uleb128 0x7
 252 012f 98010000 		.4byte	.LASF32
 253 0133 76       		.sleb128 -10
 254 0134 07       		.uleb128 0x7
 255 0135 66040000 		.4byte	.LASF33
 256 0139 75       		.sleb128 -11
 257 013a 07       		.uleb128 0x7
 258 013b 87020000 		.4byte	.LASF34
 259 013f 74       		.sleb128 -12
 260 0140 07       		.uleb128 0x7
 261 0141 C9030000 		.4byte	.LASF35
 262 0145 73       		.sleb128 -13
 263 0146 07       		.uleb128 0x7
 264 0147 00000000 		.4byte	.LASF36
 265 014b 72       		.sleb128 -14
 266 014c 07       		.uleb128 0x7
ARM GAS  C:\Users\aditi\AppData\Local\Temp\cc64g2e8.s 			page 7


 267 014d 1E000000 		.4byte	.LASF37
 268 0151 71       		.sleb128 -15
 269 0152 07       		.uleb128 0x7
 270 0153 A6010000 		.4byte	.LASF38
 271 0157 70       		.sleb128 -16
 272 0158 07       		.uleb128 0x7
 273 0159 8E000000 		.4byte	.LASF39
 274 015d 6F       		.sleb128 -17
 275 015e 07       		.uleb128 0x7
 276 015f 4D000000 		.4byte	.LASF40
 277 0163 6E       		.sleb128 -18
 278 0164 07       		.uleb128 0x7
 279 0165 59010000 		.4byte	.LASF41
 280 0169 6D       		.sleb128 -19
 281 016a 07       		.uleb128 0x7
 282 016b 85030000 		.4byte	.LASF42
 283 016f 6C       		.sleb128 -20
 284 0170 07       		.uleb128 0x7
 285 0171 C2010000 		.4byte	.LASF43
 286 0175 6B       		.sleb128 -21
 287 0176 07       		.uleb128 0x7
 288 0177 FD030000 		.4byte	.LASF44
 289 017b 6A       		.sleb128 -22
 290 017c 07       		.uleb128 0x7
 291 017d BF000000 		.4byte	.LASF45
 292 0181 69       		.sleb128 -23
 293 0182 07       		.uleb128 0x7
 294 0183 6C010000 		.4byte	.LASF46
 295 0187 68       		.sleb128 -24
 296 0188 07       		.uleb128 0x7
 297 0189 19010000 		.4byte	.LASF47
 298 018d 67       		.sleb128 -25
 299 018e 00       		.byte	0
 300 018f 03       		.uleb128 0x3
 301 0190 59040000 		.4byte	.LASF48
 302 0194 06       		.byte	0x6
 303 0195 EA       		.byte	0xea
 304 0196 E6000000 		.4byte	0xe6
 305 019a 08       		.uleb128 0x8
 306 019b 01       		.byte	0x1
 307 019c 07       		.byte	0x7
 308 019d 1F       		.byte	0x1f
 309 019e AF010000 		.4byte	0x1af
 310 01a2 09       		.uleb128 0x9
 311 01a3 B7010000 		.4byte	.LASF61
 312 01a7 07       		.byte	0x7
 313 01a8 21       		.byte	0x21
 314 01a9 DB000000 		.4byte	0xdb
 315 01ad 00       		.byte	0
 316 01ae 00       		.byte	0
 317 01af 03       		.uleb128 0x3
 318 01b0 13020000 		.4byte	.LASF49
 319 01b4 07       		.byte	0x7
 320 01b5 24       		.byte	0x24
 321 01b6 9A010000 		.4byte	0x19a
 322 01ba 0A       		.uleb128 0xa
 323 01bb E3030000 		.4byte	.LASF62
ARM GAS  C:\Users\aditi\AppData\Local\Temp\cc64g2e8.s 			page 8


 324 01bf 01       		.byte	0x1
 325 01c0 2C       		.byte	0x2c
 326 01c1 8F010000 		.4byte	0x18f
 327 01c5 00000000 		.4byte	.LFB110
 328 01c9 3C000000 		.4byte	.LFE110-.LFB110
 329 01cd 01       		.uleb128 0x1
 330 01ce 9C       		.byte	0x9c
 331 01cf 18020000 		.4byte	0x218
 332 01d3 0B       		.uleb128 0xb
 333 01d4 98030000 		.4byte	.LASF63
 334 01d8 01       		.byte	0x1
 335 01d9 2C       		.byte	0x2c
 336 01da 1E020000 		.4byte	0x21e
 337 01de 00000000 		.4byte	.LLST0
 338 01e2 0C       		.uleb128 0xc
 339 01e3 AC000000 		.4byte	.LASF64
 340 01e7 01       		.byte	0x1
 341 01e8 31       		.byte	0x31
 342 01e9 DB000000 		.4byte	0xdb
 343 01ed 02       		.uleb128 0x2
 344 01ee 91       		.byte	0x91
 345 01ef 77       		.sleb128 -9
 346 01f0 0D       		.uleb128 0xd
 347 01f1 12000000 		.4byte	.LVL2
 348 01f5 6B020000 		.4byte	0x26b
 349 01f9 04020000 		.4byte	0x204
 350 01fd 0E       		.uleb128 0xe
 351 01fe 01       		.uleb128 0x1
 352 01ff 50       		.byte	0x50
 353 0200 02       		.uleb128 0x2
 354 0201 91       		.byte	0x91
 355 0202 77       		.sleb128 -9
 356 0203 00       		.byte	0
 357 0204 0F       		.uleb128 0xf
 358 0205 32000000 		.4byte	.LVL3
 359 0209 76020000 		.4byte	0x276
 360 020d 0E       		.uleb128 0xe
 361 020e 01       		.uleb128 0x1
 362 020f 50       		.byte	0x50
 363 0210 05       		.uleb128 0x5
 364 0211 03       		.byte	0x3
 365 0212 00000000 		.4byte	.LC0
 366 0216 00       		.byte	0
 367 0217 00       		.byte	0
 368 0218 10       		.uleb128 0x10
 369 0219 04       		.byte	0x4
 370 021a AF010000 		.4byte	0x1af
 371 021e 11       		.uleb128 0x11
 372 021f 18020000 		.4byte	0x218
 373 0223 12       		.uleb128 0x12
 374 0224 41040000 		.4byte	.LASF50
 375 0228 08       		.byte	0x8
 376 0229 40       		.byte	0x40
 377 022a B3000000 		.4byte	0xb3
 378 022e 12       		.uleb128 0x12
 379 022f 40010000 		.4byte	.LASF51
 380 0233 08       		.byte	0x8
ARM GAS  C:\Users\aditi\AppData\Local\Temp\cc64g2e8.s 			page 9


 381 0234 47       		.byte	0x47
 382 0235 BE000000 		.4byte	0xbe
 383 0239 12       		.uleb128 0x12
 384 023a 9D030000 		.4byte	.LASF52
 385 023e 08       		.byte	0x8
 386 023f 4A       		.byte	0x4a
 387 0240 B3000000 		.4byte	0xb3
 388 0244 12       		.uleb128 0x12
 389 0245 EB000000 		.4byte	.LASF53
 390 0249 09       		.byte	0x9
 391 024a 48       		.byte	0x48
 392 024b C9000000 		.4byte	0xc9
 393 024f 12       		.uleb128 0x12
 394 0250 D6000000 		.4byte	.LASF54
 395 0254 0A       		.byte	0xa
 396 0255 44       		.byte	0x44
 397 0256 B3000000 		.4byte	0xb3
 398 025a 13       		.uleb128 0x13
 399 025b 1B040000 		.4byte	.LASF55
 400 025f 0B       		.byte	0xb
 401 0260 1207     		.2byte	0x712
 402 0262 66020000 		.4byte	0x266
 403 0266 14       		.uleb128 0x14
 404 0267 76000000 		.4byte	0x76
 405 026b 15       		.uleb128 0x15
 406 026c 6B000000 		.4byte	.LASF56
 407 0270 6B000000 		.4byte	.LASF56
 408 0274 0C       		.byte	0xc
 409 0275 34       		.byte	0x34
 410 0276 15       		.uleb128 0x15
 411 0277 0F040000 		.4byte	.LASF57
 412 027b 0F040000 		.4byte	.LASF57
 413 027f 0D       		.byte	0xd
 414 0280 34       		.byte	0x34
 415 0281 00       		.byte	0
 416              		.section	.debug_abbrev,"",%progbits
 417              	.Ldebug_abbrev0:
 418 0000 01       		.uleb128 0x1
 419 0001 11       		.uleb128 0x11
 420 0002 01       		.byte	0x1
 421 0003 25       		.uleb128 0x25
 422 0004 0E       		.uleb128 0xe
 423 0005 13       		.uleb128 0x13
 424 0006 0B       		.uleb128 0xb
 425 0007 03       		.uleb128 0x3
 426 0008 0E       		.uleb128 0xe
 427 0009 1B       		.uleb128 0x1b
 428 000a 0E       		.uleb128 0xe
 429 000b 55       		.uleb128 0x55
 430 000c 17       		.uleb128 0x17
 431 000d 11       		.uleb128 0x11
 432 000e 01       		.uleb128 0x1
 433 000f 10       		.uleb128 0x10
 434 0010 17       		.uleb128 0x17
 435 0011 00       		.byte	0
 436 0012 00       		.byte	0
 437 0013 02       		.uleb128 0x2
ARM GAS  C:\Users\aditi\AppData\Local\Temp\cc64g2e8.s 			page 10


 438 0014 24       		.uleb128 0x24
 439 0015 00       		.byte	0
 440 0016 0B       		.uleb128 0xb
 441 0017 0B       		.uleb128 0xb
 442 0018 3E       		.uleb128 0x3e
 443 0019 0B       		.uleb128 0xb
 444 001a 03       		.uleb128 0x3
 445 001b 0E       		.uleb128 0xe
 446 001c 00       		.byte	0
 447 001d 00       		.byte	0
 448 001e 03       		.uleb128 0x3
 449 001f 16       		.uleb128 0x16
 450 0020 00       		.byte	0
 451 0021 03       		.uleb128 0x3
 452 0022 0E       		.uleb128 0xe
 453 0023 3A       		.uleb128 0x3a
 454 0024 0B       		.uleb128 0xb
 455 0025 3B       		.uleb128 0x3b
 456 0026 0B       		.uleb128 0xb
 457 0027 49       		.uleb128 0x49
 458 0028 13       		.uleb128 0x13
 459 0029 00       		.byte	0
 460 002a 00       		.byte	0
 461 002b 04       		.uleb128 0x4
 462 002c 24       		.uleb128 0x24
 463 002d 00       		.byte	0
 464 002e 0B       		.uleb128 0xb
 465 002f 0B       		.uleb128 0xb
 466 0030 3E       		.uleb128 0x3e
 467 0031 0B       		.uleb128 0xb
 468 0032 03       		.uleb128 0x3
 469 0033 08       		.uleb128 0x8
 470 0034 00       		.byte	0
 471 0035 00       		.byte	0
 472 0036 05       		.uleb128 0x5
 473 0037 04       		.uleb128 0x4
 474 0038 01       		.byte	0x1
 475 0039 0B       		.uleb128 0xb
 476 003a 0B       		.uleb128 0xb
 477 003b 49       		.uleb128 0x49
 478 003c 13       		.uleb128 0x13
 479 003d 3A       		.uleb128 0x3a
 480 003e 0B       		.uleb128 0xb
 481 003f 3B       		.uleb128 0x3b
 482 0040 0B       		.uleb128 0xb
 483 0041 01       		.uleb128 0x1
 484 0042 13       		.uleb128 0x13
 485 0043 00       		.byte	0
 486 0044 00       		.byte	0
 487 0045 06       		.uleb128 0x6
 488 0046 28       		.uleb128 0x28
 489 0047 00       		.byte	0
 490 0048 03       		.uleb128 0x3
 491 0049 0E       		.uleb128 0xe
 492 004a 1C       		.uleb128 0x1c
 493 004b 0B       		.uleb128 0xb
 494 004c 00       		.byte	0
ARM GAS  C:\Users\aditi\AppData\Local\Temp\cc64g2e8.s 			page 11


 495 004d 00       		.byte	0
 496 004e 07       		.uleb128 0x7
 497 004f 28       		.uleb128 0x28
 498 0050 00       		.byte	0
 499 0051 03       		.uleb128 0x3
 500 0052 0E       		.uleb128 0xe
 501 0053 1C       		.uleb128 0x1c
 502 0054 0D       		.uleb128 0xd
 503 0055 00       		.byte	0
 504 0056 00       		.byte	0
 505 0057 08       		.uleb128 0x8
 506 0058 13       		.uleb128 0x13
 507 0059 01       		.byte	0x1
 508 005a 0B       		.uleb128 0xb
 509 005b 0B       		.uleb128 0xb
 510 005c 3A       		.uleb128 0x3a
 511 005d 0B       		.uleb128 0xb
 512 005e 3B       		.uleb128 0x3b
 513 005f 0B       		.uleb128 0xb
 514 0060 01       		.uleb128 0x1
 515 0061 13       		.uleb128 0x13
 516 0062 00       		.byte	0
 517 0063 00       		.byte	0
 518 0064 09       		.uleb128 0x9
 519 0065 0D       		.uleb128 0xd
 520 0066 00       		.byte	0
 521 0067 03       		.uleb128 0x3
 522 0068 0E       		.uleb128 0xe
 523 0069 3A       		.uleb128 0x3a
 524 006a 0B       		.uleb128 0xb
 525 006b 3B       		.uleb128 0x3b
 526 006c 0B       		.uleb128 0xb
 527 006d 49       		.uleb128 0x49
 528 006e 13       		.uleb128 0x13
 529 006f 38       		.uleb128 0x38
 530 0070 0B       		.uleb128 0xb
 531 0071 00       		.byte	0
 532 0072 00       		.byte	0
 533 0073 0A       		.uleb128 0xa
 534 0074 2E       		.uleb128 0x2e
 535 0075 01       		.byte	0x1
 536 0076 3F       		.uleb128 0x3f
 537 0077 19       		.uleb128 0x19
 538 0078 03       		.uleb128 0x3
 539 0079 0E       		.uleb128 0xe
 540 007a 3A       		.uleb128 0x3a
 541 007b 0B       		.uleb128 0xb
 542 007c 3B       		.uleb128 0x3b
 543 007d 0B       		.uleb128 0xb
 544 007e 27       		.uleb128 0x27
 545 007f 19       		.uleb128 0x19
 546 0080 49       		.uleb128 0x49
 547 0081 13       		.uleb128 0x13
 548 0082 11       		.uleb128 0x11
 549 0083 01       		.uleb128 0x1
 550 0084 12       		.uleb128 0x12
 551 0085 06       		.uleb128 0x6
ARM GAS  C:\Users\aditi\AppData\Local\Temp\cc64g2e8.s 			page 12


 552 0086 40       		.uleb128 0x40
 553 0087 18       		.uleb128 0x18
 554 0088 9742     		.uleb128 0x2117
 555 008a 19       		.uleb128 0x19
 556 008b 01       		.uleb128 0x1
 557 008c 13       		.uleb128 0x13
 558 008d 00       		.byte	0
 559 008e 00       		.byte	0
 560 008f 0B       		.uleb128 0xb
 561 0090 05       		.uleb128 0x5
 562 0091 00       		.byte	0
 563 0092 03       		.uleb128 0x3
 564 0093 0E       		.uleb128 0xe
 565 0094 3A       		.uleb128 0x3a
 566 0095 0B       		.uleb128 0xb
 567 0096 3B       		.uleb128 0x3b
 568 0097 0B       		.uleb128 0xb
 569 0098 49       		.uleb128 0x49
 570 0099 13       		.uleb128 0x13
 571 009a 02       		.uleb128 0x2
 572 009b 17       		.uleb128 0x17
 573 009c 00       		.byte	0
 574 009d 00       		.byte	0
 575 009e 0C       		.uleb128 0xc
 576 009f 34       		.uleb128 0x34
 577 00a0 00       		.byte	0
 578 00a1 03       		.uleb128 0x3
 579 00a2 0E       		.uleb128 0xe
 580 00a3 3A       		.uleb128 0x3a
 581 00a4 0B       		.uleb128 0xb
 582 00a5 3B       		.uleb128 0x3b
 583 00a6 0B       		.uleb128 0xb
 584 00a7 49       		.uleb128 0x49
 585 00a8 13       		.uleb128 0x13
 586 00a9 02       		.uleb128 0x2
 587 00aa 18       		.uleb128 0x18
 588 00ab 00       		.byte	0
 589 00ac 00       		.byte	0
 590 00ad 0D       		.uleb128 0xd
 591 00ae 898201   		.uleb128 0x4109
 592 00b1 01       		.byte	0x1
 593 00b2 11       		.uleb128 0x11
 594 00b3 01       		.uleb128 0x1
 595 00b4 31       		.uleb128 0x31
 596 00b5 13       		.uleb128 0x13
 597 00b6 01       		.uleb128 0x1
 598 00b7 13       		.uleb128 0x13
 599 00b8 00       		.byte	0
 600 00b9 00       		.byte	0
 601 00ba 0E       		.uleb128 0xe
 602 00bb 8A8201   		.uleb128 0x410a
 603 00be 00       		.byte	0
 604 00bf 02       		.uleb128 0x2
 605 00c0 18       		.uleb128 0x18
 606 00c1 9142     		.uleb128 0x2111
 607 00c3 18       		.uleb128 0x18
 608 00c4 00       		.byte	0
ARM GAS  C:\Users\aditi\AppData\Local\Temp\cc64g2e8.s 			page 13


 609 00c5 00       		.byte	0
 610 00c6 0F       		.uleb128 0xf
 611 00c7 898201   		.uleb128 0x4109
 612 00ca 01       		.byte	0x1
 613 00cb 11       		.uleb128 0x11
 614 00cc 01       		.uleb128 0x1
 615 00cd 31       		.uleb128 0x31
 616 00ce 13       		.uleb128 0x13
 617 00cf 00       		.byte	0
 618 00d0 00       		.byte	0
 619 00d1 10       		.uleb128 0x10
 620 00d2 0F       		.uleb128 0xf
 621 00d3 00       		.byte	0
 622 00d4 0B       		.uleb128 0xb
 623 00d5 0B       		.uleb128 0xb
 624 00d6 49       		.uleb128 0x49
 625 00d7 13       		.uleb128 0x13
 626 00d8 00       		.byte	0
 627 00d9 00       		.byte	0
 628 00da 11       		.uleb128 0x11
 629 00db 26       		.uleb128 0x26
 630 00dc 00       		.byte	0
 631 00dd 49       		.uleb128 0x49
 632 00de 13       		.uleb128 0x13
 633 00df 00       		.byte	0
 634 00e0 00       		.byte	0
 635 00e1 12       		.uleb128 0x12
 636 00e2 34       		.uleb128 0x34
 637 00e3 00       		.byte	0
 638 00e4 03       		.uleb128 0x3
 639 00e5 0E       		.uleb128 0xe
 640 00e6 3A       		.uleb128 0x3a
 641 00e7 0B       		.uleb128 0xb
 642 00e8 3B       		.uleb128 0x3b
 643 00e9 0B       		.uleb128 0xb
 644 00ea 49       		.uleb128 0x49
 645 00eb 13       		.uleb128 0x13
 646 00ec 3F       		.uleb128 0x3f
 647 00ed 19       		.uleb128 0x19
 648 00ee 3C       		.uleb128 0x3c
 649 00ef 19       		.uleb128 0x19
 650 00f0 00       		.byte	0
 651 00f1 00       		.byte	0
 652 00f2 13       		.uleb128 0x13
 653 00f3 34       		.uleb128 0x34
 654 00f4 00       		.byte	0
 655 00f5 03       		.uleb128 0x3
 656 00f6 0E       		.uleb128 0xe
 657 00f7 3A       		.uleb128 0x3a
 658 00f8 0B       		.uleb128 0xb
 659 00f9 3B       		.uleb128 0x3b
 660 00fa 05       		.uleb128 0x5
 661 00fb 49       		.uleb128 0x49
 662 00fc 13       		.uleb128 0x13
 663 00fd 3F       		.uleb128 0x3f
 664 00fe 19       		.uleb128 0x19
 665 00ff 3C       		.uleb128 0x3c
ARM GAS  C:\Users\aditi\AppData\Local\Temp\cc64g2e8.s 			page 14


 666 0100 19       		.uleb128 0x19
 667 0101 00       		.byte	0
 668 0102 00       		.byte	0
 669 0103 14       		.uleb128 0x14
 670 0104 35       		.uleb128 0x35
 671 0105 00       		.byte	0
 672 0106 49       		.uleb128 0x49
 673 0107 13       		.uleb128 0x13
 674 0108 00       		.byte	0
 675 0109 00       		.byte	0
 676 010a 15       		.uleb128 0x15
 677 010b 2E       		.uleb128 0x2e
 678 010c 00       		.byte	0
 679 010d 3F       		.uleb128 0x3f
 680 010e 19       		.uleb128 0x19
 681 010f 3C       		.uleb128 0x3c
 682 0110 19       		.uleb128 0x19
 683 0111 6E       		.uleb128 0x6e
 684 0112 0E       		.uleb128 0xe
 685 0113 03       		.uleb128 0x3
 686 0114 0E       		.uleb128 0xe
 687 0115 3A       		.uleb128 0x3a
 688 0116 0B       		.uleb128 0xb
 689 0117 3B       		.uleb128 0x3b
 690 0118 0B       		.uleb128 0xb
 691 0119 00       		.byte	0
 692 011a 00       		.byte	0
 693 011b 00       		.byte	0
 694              		.section	.debug_loc,"",%progbits
 695              	.Ldebug_loc0:
 696              	.LLST0:
 697 0000 00000000 		.4byte	.LVL0
 698 0004 08000000 		.4byte	.LVL1
 699 0008 0100     		.2byte	0x1
 700 000a 50       		.byte	0x50
 701 000b 08000000 		.4byte	.LVL1
 702 000f 38000000 		.4byte	.LVL4
 703 0013 0100     		.2byte	0x1
 704 0015 54       		.byte	0x54
 705 0016 38000000 		.4byte	.LVL4
 706 001a 3C000000 		.4byte	.LFE110
 707 001e 0400     		.2byte	0x4
 708 0020 F3       		.byte	0xf3
 709 0021 01       		.uleb128 0x1
 710 0022 50       		.byte	0x50
 711 0023 9F       		.byte	0x9f
 712 0024 00000000 		.4byte	0
 713 0028 00000000 		.4byte	0
 714              		.section	.debug_aranges,"",%progbits
 715 0000 1C000000 		.4byte	0x1c
 716 0004 0200     		.2byte	0x2
 717 0006 00000000 		.4byte	.Ldebug_info0
 718 000a 04       		.byte	0x4
 719 000b 00       		.byte	0
 720 000c 0000     		.2byte	0
 721 000e 0000     		.2byte	0
 722 0010 00000000 		.4byte	.LFB110
ARM GAS  C:\Users\aditi\AppData\Local\Temp\cc64g2e8.s 			page 15


 723 0014 3C000000 		.4byte	.LFE110-.LFB110
 724 0018 00000000 		.4byte	0
 725 001c 00000000 		.4byte	0
 726              		.section	.debug_ranges,"",%progbits
 727              	.Ldebug_ranges0:
 728 0000 00000000 		.4byte	.LFB110
 729 0004 3C000000 		.4byte	.LFE110
 730 0008 00000000 		.4byte	0
 731 000c 00000000 		.4byte	0
 732              		.section	.debug_line,"",%progbits
 733              	.Ldebug_line0:
 734 0000 4E020000 		.section	.debug_str,"MS",%progbits,1
 734      02003202 
 734      00000201 
 734      FB0E0D00 
 734      01010101 
 735              	.LASF36:
 736 0000 52435F45 		.ascii	"RC_ERROR_READ_ONLY\000"
 736      52524F52 
 736      5F524541 
 736      445F4F4E 
 736      4C5900
 737              	.LASF22:
 738 0013 52435F53 		.ascii	"RC_SUCCESS\000"
 738      55434345 
 738      535300
 739              	.LASF37:
 740 001e 52435F45 		.ascii	"RC_ERROR_WRITE_ONLY\000"
 740      52524F52 
 740      5F575249 
 740      54455F4F 
 740      4E4C5900 
 741              	.LASF2:
 742 0032 73686F72 		.ascii	"short int\000"
 742      7420696E 
 742      7400
 743              	.LASF28:
 744 003c 52435F45 		.ascii	"RC_ERROR_OVERRUN\000"
 744      52524F52 
 744      5F4F5645 
 744      5252554E 
 744      00
 745              	.LASF40:
 746 004d 52435F45 		.ascii	"RC_ERROR_WRITE_FAILS\000"
 746      52524F52 
 746      5F575249 
 746      54455F46 
 746      41494C53 
 747              	.LASF20:
 748 0062 73697A65 		.ascii	"sizetype\000"
 748      74797065 
 748      00
 749              	.LASF56:
 750 006b 4144435F 		.ascii	"ADC_getValue\000"
 750      67657456 
 750      616C7565 
 750      00
ARM GAS  C:\Users\aditi\AppData\Local\Temp\cc64g2e8.s 			page 16


 751              	.LASF25:
 752 0078 52435F45 		.ascii	"RC_ERROR_ZERO\000"
 752      52524F52 
 752      5F5A4552 
 752      4F00
 753              	.LASF18:
 754 0086 45455F46 		.ascii	"EE_FREG\000"
 754      52454700 
 755              	.LASF39:
 756 008e 52435F45 		.ascii	"RC_ERROR_READ_FAILS\000"
 756      52524F52 
 756      5F524541 
 756      445F4641 
 756      494C5300 
 757              	.LASF16:
 758 00a2 45455F55 		.ascii	"EE_UINT32\000"
 758      494E5433 
 758      3200
 759              	.LASF64:
 760 00ac 6164634F 		.ascii	"adcOutput_t\000"
 760      75747075 
 760      745F7400 
 761              	.LASF19:
 762 00b8 45455F54 		.ascii	"EE_TID\000"
 762      494400
 763              	.LASF45:
 764 00bf 52435F45 		.ascii	"RC_ERROR_INVALID_STATE\000"
 764      52524F52 
 764      5F494E56 
 764      414C4944 
 764      5F535441 
 765              	.LASF54:
 766 00d6 45455F49 		.ascii	"EE_IRQ_nesting_level\000"
 766      52515F6E 
 766      65737469 
 766      6E675F6C 
 766      6576656C 
 767              	.LASF53:
 768 00eb 45455F73 		.ascii	"EE_std_endcycle_next_tid\000"
 768      74645F65 
 768      6E646379 
 768      636C655F 
 768      6E657874 
 769              	.LASF27:
 770 0104 52435F45 		.ascii	"RC_ERROR_RANGE\000"
 770      52524F52 
 770      5F52414E 
 770      474500
 771              	.LASF11:
 772 0113 666C6F61 		.ascii	"float\000"
 772      7400
 773              	.LASF47:
 774 0119 52435F45 		.ascii	"RC_ERROR_NOT_IMPLEMENTED\000"
 774      52524F52 
 774      5F4E4F54 
 774      5F494D50 
 774      4C454D45 
ARM GAS  C:\Users\aditi\AppData\Local\Temp\cc64g2e8.s 			page 17


 775              	.LASF6:
 776 0132 6C6F6E67 		.ascii	"long long int\000"
 776      206C6F6E 
 776      6720696E 
 776      7400
 777              	.LASF51:
 778 0140 45455F6F 		.ascii	"EE_oo_IRQ_suspend_status\000"
 778      6F5F4952 
 778      515F7375 
 778      7370656E 
 778      645F7374 
 779              	.LASF41:
 780 0159 52435F45 		.ascii	"RC_ERROR_NOT_MATCH\000"
 780      52524F52 
 780      5F4E4F54 
 780      5F4D4154 
 780      434800
 781              	.LASF46:
 782 016c 52435F45 		.ascii	"RC_ERROR_UNKNOWN\000"
 782      52524F52 
 782      5F554E4B 
 782      4E4F574E 
 782      00
 783              	.LASF4:
 784 017d 6C6F6E67 		.ascii	"long int\000"
 784      20696E74 
 784      00
 785              	.LASF29:
 786 0186 52435F45 		.ascii	"RC_ERROR_UNDERRUN\000"
 786      52524F52 
 786      5F554E44 
 786      45525255 
 786      4E00
 787              	.LASF32:
 788 0198 52435F45 		.ascii	"RC_ERROR_BUSY\000"
 788      52524F52 
 788      5F425553 
 788      5900
 789              	.LASF38:
 790 01a6 52435F45 		.ascii	"RC_ERROR_INVALID\000"
 790      52524F52 
 790      5F494E56 
 790      414C4944 
 790      00
 791              	.LASF61:
 792 01b7 6164635F 		.ascii	"adc_output\000"
 792      6F757470 
 792      757400
 793              	.LASF43:
 794 01c2 52435F45 		.ascii	"RC_ERROR_BAD_DATA\000"
 794      52524F52 
 794      5F424144 
 794      5F444154 
 794      4100
 795              	.LASF59:
 796 01d4 736F7572 		.ascii	"source\\rte\\sc_adc_type.c\000"
 796      63655C72 
ARM GAS  C:\Users\aditi\AppData\Local\Temp\cc64g2e8.s 			page 18


 796      74655C73 
 796      635F6164 
 796      635F7479 
 797              	.LASF14:
 798 01ed 6C6F6E67 		.ascii	"long double\000"
 798      20646F75 
 798      626C6500 
 799              	.LASF1:
 800 01f9 756E7369 		.ascii	"unsigned char\000"
 800      676E6564 
 800      20636861 
 800      7200
 801              	.LASF0:
 802 0207 7369676E 		.ascii	"signed char\000"
 802      65642063 
 802      68617200 
 803              	.LASF49:
 804 0213 53435F41 		.ascii	"SC_ADC_data_t\000"
 804      44435F64 
 804      6174615F 
 804      7400
 805              	.LASF7:
 806 0221 6C6F6E67 		.ascii	"long long unsigned int\000"
 806      206C6F6E 
 806      6720756E 
 806      7369676E 
 806      65642069 
 807              	.LASF60:
 808 0238 433A5C44 		.ascii	"C:\\Darmstadt\\SecondSem\\EAA\\Lab1\\GasPedal\\Elec"
 808      61726D73 
 808      74616474 
 808      5C536563 
 808      6F6E6453 
 809 0265 74726F6E 		.ascii	"tronicGasPedal.cydsn\000"
 809      69634761 
 809      73506564 
 809      616C2E63 
 809      7964736E 
 810              	.LASF8:
 811 027a 756E7369 		.ascii	"unsigned int\000"
 811      676E6564 
 811      20696E74 
 811      00
 812              	.LASF34:
 813 0287 52435F45 		.ascii	"RC_ERROR_OPEN\000"
 813      52524F52 
 813      5F4F5045 
 813      4E00
 814              	.LASF24:
 815 0295 52435F45 		.ascii	"RC_ERROR_NULL\000"
 815      52524F52 
 815      5F4E554C 
 815      4C00
 816              	.LASF31:
 817 02a3 52435F45 		.ascii	"RC_ERROR_BUFFER_EMTPY\000"
 817      52524F52 
 817      5F425546 
ARM GAS  C:\Users\aditi\AppData\Local\Temp\cc64g2e8.s 			page 19


 817      4645525F 
 817      454D5450 
 818              	.LASF15:
 819 02b9 45455F49 		.ascii	"EE_INT32\000"
 819      4E543332 
 819      00
 820              	.LASF3:
 821 02c2 73686F72 		.ascii	"short unsigned int\000"
 821      7420756E 
 821      7369676E 
 821      65642069 
 821      6E7400
 822              	.LASF58:
 823 02d5 474E5520 		.ascii	"GNU C11 5.4.1 20160609 (release) [ARM/embedded-5-br"
 823      43313120 
 823      352E342E 
 823      31203230 
 823      31363036 
 824 0308 616E6368 		.ascii	"anch revision 237715] -mcpu=cortex-m3 -mthumb -g -O"
 824      20726576 
 824      6973696F 
 824      6E203233 
 824      37373135 
 825 033b 67202D66 		.ascii	"g -ffunction-sections -ffat-lto-objects\000"
 825      66756E63 
 825      74696F6E 
 825      2D736563 
 825      74696F6E 
 826              	.LASF13:
 827 0363 63686172 		.ascii	"char\000"
 827      00
 828              	.LASF30:
 829 0368 52435F45 		.ascii	"RC_ERROR_BUFFER_FULL\000"
 829      52524F52 
 829      5F425546 
 829      4645525F 
 829      46554C4C 
 830              	.LASF10:
 831 037d 696E7433 		.ascii	"int32_t\000"
 831      325F7400 
 832              	.LASF42:
 833 0385 52435F45 		.ascii	"RC_ERROR_BAD_PARAM\000"
 833      52524F52 
 833      5F424144 
 833      5F504152 
 833      414D00
 834              	.LASF63:
 835 0398 64617461 		.ascii	"data\000"
 835      00
 836              	.LASF52:
 837 039d 45455F41 		.ascii	"EE_ApplicationMode\000"
 837      70706C69 
 837      63617469 
 837      6F6E4D6F 
 837      646500
 838              	.LASF5:
 839 03b0 6C6F6E67 		.ascii	"long unsigned int\000"
ARM GAS  C:\Users\aditi\AppData\Local\Temp\cc64g2e8.s 			page 20


 839      20756E73 
 839      69676E65 
 839      6420696E 
 839      7400
 840              	.LASF12:
 841 03c2 646F7562 		.ascii	"double\000"
 841      6C6500
 842              	.LASF35:
 843 03c9 52435F45 		.ascii	"RC_ERROR_CHECKSUM\000"
 843      52524F52 
 843      5F434845 
 843      434B5355 
 843      4D00
 844              	.LASF17:
 845 03db 45455F55 		.ascii	"EE_UREG\000"
 845      52454700 
 846              	.LASF62:
 847 03e3 53435F41 		.ascii	"SC_ADC_driverIn\000"
 847      44435F64 
 847      72697665 
 847      72496E00 
 848              	.LASF9:
 849 03f3 5F5F696E 		.ascii	"__int32_t\000"
 849      7433325F 
 849      7400
 850              	.LASF44:
 851 03fd 52435F45 		.ascii	"RC_ERROR_CANCELED\000"
 851      52524F52 
 851      5F43414E 
 851      43454C45 
 851      4400
 852              	.LASF57:
 853 040f 55415254 		.ascii	"UART_Log_Tx\000"
 853      5F4C6F67 
 853      5F547800 
 854              	.LASF55:
 855 041b 49544D5F 		.ascii	"ITM_RxBuffer\000"
 855      52784275 
 855      66666572 
 855      00
 856              	.LASF23:
 857 0428 52435F45 		.ascii	"RC_ERROR\000"
 857      52524F52 
 857      00
 858              	.LASF26:
 859 0431 52435F45 		.ascii	"RC_ERROR_MEMORY\000"
 859      52524F52 
 859      5F4D454D 
 859      4F525900 
 860              	.LASF50:
 861 0441 45455F6F 		.ascii	"EE_oo_IRQ_disable_count\000"
 861      6F5F4952 
 861      515F6469 
 861      7361626C 
 861      655F636F 
 862              	.LASF48:
 863 0459 52435F74 		.ascii	"RC_t\000"
ARM GAS  C:\Users\aditi\AppData\Local\Temp\cc64g2e8.s 			page 21


 863      00
 864              	.LASF21:
 865 045e 73696E74 		.ascii	"sint8_t\000"
 865      385F7400 
 866              	.LASF33:
 867 0466 52435F45 		.ascii	"RC_ERROR_TIME_OUT\000"
 867      52524F52 
 867      5F54494D 
 867      455F4F55 
 867      5400
 868              		.ident	"GCC: (GNU Tools for ARM Embedded Processors) 5.4.1 20160609 (release) [ARM/embedded-5-bran
