ARM GAS  C:\Users\aditi\AppData\Local\Temp\cc1J52ej.s 			page 1


   1              		.syntax unified
   2              		.cpu cortex-m3
   3              		.fpu softvfp
   4              		.eabi_attribute 20, 1
   5              		.eabi_attribute 21, 1
   6              		.eabi_attribute 23, 3
   7              		.eabi_attribute 24, 1
   8              		.eabi_attribute 25, 1
   9              		.eabi_attribute 26, 1
  10              		.eabi_attribute 30, 1
  11              		.eabi_attribute 34, 1
  12              		.eabi_attribute 18, 4
  13              		.thumb
  14              		.syntax unified
  15              		.file	"sc_gpio_type.c"
  16              		.text
  17              	.Ltext0:
  18              		.cfi_sections	.debug_frame
  19              		.section	.text.SC_GPIO_driverOut,"ax",%progbits
  20              		.align	2
  21              		.global	SC_GPIO_driverOut
  22              		.thumb
  23              		.thumb_func
  24              		.type	SC_GPIO_driverOut, %function
  25              	SC_GPIO_driverOut:
  26              	.LFB110:
  27              		.file 1 "source\\rte\\sc_gpio_type.c"
   1:source\rte/sc_gpio_type.c **** 
   2:source\rte/sc_gpio_type.c **** 
   3:source\rte/sc_gpio_type.c **** /*
   4:source\rte/sc_gpio_type.c ****  * Filename: sc_gpio_type.c
   5:source\rte/sc_gpio_type.c ****  *
   6:source\rte/sc_gpio_type.c ****  * Author: Autogenerated by H-DA RTE Generator, (c) Prof. Fromm
   7:source\rte/sc_gpio_type.c ****  */
   8:source\rte/sc_gpio_type.c **** 
   9:source\rte/sc_gpio_type.c **** #include "project.h"
  10:source\rte/sc_gpio_type.c **** #include "global.h"
  11:source\rte/sc_gpio_type.c **** #include "rte.h"
  12:source\rte/sc_gpio_type.c **** #include "rte_types.h"
  13:source\rte/sc_gpio_type.c **** #include "sc_gpio_type.h"
  14:source\rte/sc_gpio_type.c **** 
  15:source\rte/sc_gpio_type.c **** 
  16:source\rte/sc_gpio_type.c **** 
  17:source\rte/sc_gpio_type.c **** /* USER CODE START SC_GPIO_INCLUDE */
  18:source\rte/sc_gpio_type.c **** 
  19:source\rte/sc_gpio_type.c **** /* USER CODE END SC_GPIO_INCLUDE */
  20:source\rte/sc_gpio_type.c **** 
  21:source\rte/sc_gpio_type.c **** 
  22:source\rte/sc_gpio_type.c **** /*
  23:source\rte/sc_gpio_type.c **** * description: Brakelight datatype
  24:source\rte/sc_gpio_type.c **** * name: sc_gpio
  25:source\rte/sc_gpio_type.c **** * shortname: gpio
  26:source\rte/sc_gpio_type.c **** */
  27:source\rte/sc_gpio_type.c **** 
  28:source\rte/sc_gpio_type.c **** /* USER CODE START SC_GPIO_USERDEFINITIONS */
  29:source\rte/sc_gpio_type.c **** 
  30:source\rte/sc_gpio_type.c **** /* USER CODE END SC_GPIO_USERDEFINITIONS */
ARM GAS  C:\Users\aditi\AppData\Local\Temp\cc1J52ej.s 			page 2


  31:source\rte/sc_gpio_type.c **** 
  32:source\rte/sc_gpio_type.c **** 
  33:source\rte/sc_gpio_type.c **** /*****************************************************************************************
  34:source\rte/sc_gpio_type.c ****  *************** Port Wrapper Implementation for SC_GPIO signal  ****************
  35:source\rte/sc_gpio_type.c ****  *****************************************************************************************/
  36:source\rte/sc_gpio_type.c ****  
  37:source\rte/sc_gpio_type.c ****  
  38:source\rte/sc_gpio_type.c **** /**
  39:source\rte/sc_gpio_type.c ****  * Default OUT driver API
  40:source\rte/sc_gpio_type.c ****  */
  41:source\rte/sc_gpio_type.c **** inline RC_t SC_GPIO_driverOut(const SC_GPIO_data_t  *const data)
  42:source\rte/sc_gpio_type.c **** {
  28              		.loc 1 42 0
  29              		.cfi_startproc
  30              		@ args = 0, pretend = 0, frame = 0
  31              		@ frame_needed = 0, uses_anonymous_args = 0
  32              	.LVL0:
  33 0000 08B5     		push	{r3, lr}
  34              		.cfi_def_cfa_offset 8
  35              		.cfi_offset 3, -8
  36              		.cfi_offset 14, -4
  43:source\rte/sc_gpio_type.c **** 	/* USER CODE START driverOutSC_GPIO */
  44:source\rte/sc_gpio_type.c ****     Pin_RedLed_Write(data->brakeLight);
  37              		.loc 1 44 0
  38 0002 0078     		ldrb	r0, [r0]	@ zero_extendqisi2
  39              	.LVL1:
  40 0004 FFF7FEFF 		bl	Pin_RedLed_Write
  41              	.LVL2:
  45:source\rte/sc_gpio_type.c **** 
  46:source\rte/sc_gpio_type.c **** 	//Scale application data to drive format
  47:source\rte/sc_gpio_type.c **** 
  48:source\rte/sc_gpio_type.c **** 	//Write scaled data to driver
  49:source\rte/sc_gpio_type.c **** 
  50:source\rte/sc_gpio_type.c **** 	return RC_SUCCESS;
  51:source\rte/sc_gpio_type.c **** 	/* USER CODE END driverOutSC_GPIO */
  52:source\rte/sc_gpio_type.c **** }
  42              		.loc 1 52 0
  43 0008 0020     		movs	r0, #0
  44 000a 08BD     		pop	{r3, pc}
  45              		.cfi_endproc
  46              	.LFE110:
  47              		.size	SC_GPIO_driverOut, .-SC_GPIO_driverOut
  48              		.text
  49              	.Letext0:
  50              		.file 2 "c:\\program files (x86)\\cypress\\psoc creator\\4.4\\psoc creator\\import\\gnu\\arm\\5.4.
  51              		.file 3 "c:\\program files (x86)\\cypress\\psoc creator\\4.4\\psoc creator\\import\\gnu\\arm\\5.4.
  52              		.file 4 "Generated_Source\\PSoC5/ErikaOS_common_ee_types.inc"
  53              		.file 5 "Generated_Source\\PSoC5/ErikaOS_cortex_mx_ee_cpu.inc"
  54              		.file 6 ".\\source\\bsw/global.h"
  55              		.file 7 "source\\rte\\sc_gpio_type.h"
  56              		.file 8 "Generated_Source\\PSoC5/ErikaOS_ee_oo_intfunc.inc"
  57              		.file 9 "Generated_Source\\PSoC5/ErikaOS_cortex_mx_ee_context.inc"
  58              		.file 10 "Generated_Source\\PSoC5/ErikaOS_common_ee_primitives.inc"
  59              		.file 11 "Generated_Source\\PSoC5/core_cm3.h"
  60              		.file 12 "Generated_Source\\PSoC5/Pin_RedLed.h"
  61              		.section	.debug_info,"",%progbits
  62              	.Ldebug_info0:
ARM GAS  C:\Users\aditi\AppData\Local\Temp\cc1J52ej.s 			page 3


  63 0000 57020000 		.4byte	0x257
  64 0004 0400     		.2byte	0x4
  65 0006 00000000 		.4byte	.Ldebug_abbrev0
  66 000a 04       		.byte	0x4
  67 000b 01       		.uleb128 0x1
  68 000c B9020000 		.4byte	.LASF57
  69 0010 0C       		.byte	0xc
  70 0011 A0030000 		.4byte	.LASF58
  71 0015 11020000 		.4byte	.LASF59
  72 0019 00000000 		.4byte	.Ldebug_ranges0+0
  73 001d 00000000 		.4byte	0
  74 0021 00000000 		.4byte	.Ldebug_line0
  75 0025 02       		.uleb128 0x2
  76 0026 01       		.byte	0x1
  77 0027 06       		.byte	0x6
  78 0028 EE010000 		.4byte	.LASF0
  79 002c 03       		.uleb128 0x3
  80 002d A7010000 		.4byte	.LASF4
  81 0031 02       		.byte	0x2
  82 0032 1D       		.byte	0x1d
  83 0033 37000000 		.4byte	0x37
  84 0037 02       		.uleb128 0x2
  85 0038 01       		.byte	0x1
  86 0039 08       		.byte	0x8
  87 003a E0010000 		.4byte	.LASF1
  88 003e 02       		.uleb128 0x2
  89 003f 02       		.byte	0x2
  90 0040 05       		.byte	0x5
  91 0041 44000000 		.4byte	.LASF2
  92 0045 02       		.uleb128 0x2
  93 0046 02       		.byte	0x2
  94 0047 07       		.byte	0x7
  95 0048 A6020000 		.4byte	.LASF3
  96 004c 03       		.uleb128 0x3
  97 004d 00040000 		.4byte	.LASF5
  98 0051 02       		.byte	0x2
  99 0052 3F       		.byte	0x3f
 100 0053 57000000 		.4byte	0x57
 101 0057 02       		.uleb128 0x2
 102 0058 04       		.byte	0x4
 103 0059 05       		.byte	0x5
 104 005a 7E010000 		.4byte	.LASF6
 105 005e 02       		.uleb128 0x2
 106 005f 04       		.byte	0x4
 107 0060 07       		.byte	0x7
 108 0061 CD030000 		.4byte	.LASF7
 109 0065 02       		.uleb128 0x2
 110 0066 08       		.byte	0x8
 111 0067 05       		.byte	0x5
 112 0068 33010000 		.4byte	.LASF8
 113 006c 02       		.uleb128 0x2
 114 006d 08       		.byte	0x8
 115 006e 07       		.byte	0x7
 116 006f FA010000 		.4byte	.LASF9
 117 0073 04       		.uleb128 0x4
 118 0074 04       		.byte	0x4
 119 0075 05       		.byte	0x5
ARM GAS  C:\Users\aditi\AppData\Local\Temp\cc1J52ej.s 			page 4


 120 0076 696E7400 		.ascii	"int\000"
 121 007a 02       		.uleb128 0x2
 122 007b 04       		.byte	0x4
 123 007c 07       		.byte	0x7
 124 007d 53020000 		.4byte	.LASF10
 125 0081 03       		.uleb128 0x3
 126 0082 B8000000 		.4byte	.LASF11
 127 0086 03       		.byte	0x3
 128 0087 18       		.byte	0x18
 129 0088 2C000000 		.4byte	0x2c
 130 008c 03       		.uleb128 0x3
 131 008d 71030000 		.4byte	.LASF12
 132 0091 03       		.byte	0x3
 133 0092 2C       		.byte	0x2c
 134 0093 4C000000 		.4byte	0x4c
 135 0097 02       		.uleb128 0x2
 136 0098 04       		.byte	0x4
 137 0099 04       		.byte	0x4
 138 009a 14010000 		.4byte	.LASF13
 139 009e 02       		.uleb128 0x2
 140 009f 08       		.byte	0x8
 141 00a0 04       		.byte	0x4
 142 00a1 DF030000 		.4byte	.LASF14
 143 00a5 02       		.uleb128 0x2
 144 00a6 01       		.byte	0x1
 145 00a7 08       		.byte	0x8
 146 00a8 47030000 		.4byte	.LASF15
 147 00ac 02       		.uleb128 0x2
 148 00ad 08       		.byte	0x8
 149 00ae 04       		.byte	0x4
 150 00af D4010000 		.4byte	.LASF16
 151 00b3 03       		.uleb128 0x3
 152 00b4 9D020000 		.4byte	.LASF17
 153 00b8 04       		.byte	0x4
 154 00b9 53       		.byte	0x53
 155 00ba 73000000 		.4byte	0x73
 156 00be 03       		.uleb128 0x3
 157 00bf A7000000 		.4byte	.LASF18
 158 00c3 04       		.byte	0x4
 159 00c4 54       		.byte	0x54
 160 00c5 7A000000 		.4byte	0x7a
 161 00c9 03       		.uleb128 0x3
 162 00ca F8030000 		.4byte	.LASF19
 163 00ce 05       		.byte	0x5
 164 00cf 4D       		.byte	0x4d
 165 00d0 BE000000 		.4byte	0xbe
 166 00d4 03       		.uleb128 0x3
 167 00d5 8B000000 		.4byte	.LASF20
 168 00d9 05       		.byte	0x5
 169 00da 4F       		.byte	0x4f
 170 00db BE000000 		.4byte	0xbe
 171 00df 03       		.uleb128 0x3
 172 00e0 B1000000 		.4byte	.LASF21
 173 00e4 05       		.byte	0x5
 174 00e5 78       		.byte	0x78
 175 00e6 B3000000 		.4byte	0xb3
 176 00ea 02       		.uleb128 0x2
ARM GAS  C:\Users\aditi\AppData\Local\Temp\cc1J52ej.s 			page 5


 177 00eb 04       		.byte	0x4
 178 00ec 07       		.byte	0x7
 179 00ed 74000000 		.4byte	.LASF22
 180 00f1 05       		.uleb128 0x5
 181 00f2 01       		.byte	0x1
 182 00f3 25000000 		.4byte	0x25
 183 00f7 06       		.byte	0x6
 184 00f8 CF       		.byte	0xcf
 185 00f9 9A010000 		.4byte	0x19a
 186 00fd 06       		.uleb128 0x6
 187 00fe 25000000 		.4byte	.LASF23
 188 0102 00       		.byte	0
 189 0103 07       		.uleb128 0x7
 190 0104 29040000 		.4byte	.LASF24
 191 0108 7F       		.sleb128 -1
 192 0109 07       		.uleb128 0x7
 193 010a 79020000 		.4byte	.LASF25
 194 010e 7E       		.sleb128 -2
 195 010f 07       		.uleb128 0x7
 196 0110 7D000000 		.4byte	.LASF26
 197 0114 7D       		.sleb128 -3
 198 0115 07       		.uleb128 0x7
 199 0116 4C030000 		.4byte	.LASF27
 200 011a 7C       		.sleb128 -4
 201 011b 07       		.uleb128 0x7
 202 011c 05010000 		.4byte	.LASF28
 203 0120 7B       		.sleb128 -5
 204 0121 07       		.uleb128 0x7
 205 0122 4E000000 		.4byte	.LASF29
 206 0126 7A       		.sleb128 -6
 207 0127 07       		.uleb128 0x7
 208 0128 87010000 		.4byte	.LASF30
 209 012c 79       		.sleb128 -7
 210 012d 07       		.uleb128 0x7
 211 012e 5C030000 		.4byte	.LASF31
 212 0132 78       		.sleb128 -8
 213 0133 07       		.uleb128 0x7
 214 0134 87020000 		.4byte	.LASF32
 215 0138 77       		.sleb128 -9
 216 0139 07       		.uleb128 0x7
 217 013a 99010000 		.4byte	.LASF33
 218 013e 76       		.sleb128 -10
 219 013f 07       		.uleb128 0x7
 220 0140 60040000 		.4byte	.LASF34
 221 0144 75       		.sleb128 -11
 222 0145 07       		.uleb128 0x7
 223 0146 60020000 		.4byte	.LASF35
 224 014a 74       		.sleb128 -12
 225 014b 07       		.uleb128 0x7
 226 014c E6030000 		.4byte	.LASF36
 227 0150 73       		.sleb128 -13
 228 0151 07       		.uleb128 0x7
 229 0152 12000000 		.4byte	.LASF37
 230 0156 72       		.sleb128 -14
 231 0157 07       		.uleb128 0x7
 232 0158 30000000 		.4byte	.LASF38
 233 015c 71       		.sleb128 -15
ARM GAS  C:\Users\aditi\AppData\Local\Temp\cc1J52ej.s 			page 6


 234 015d 07       		.uleb128 0x7
 235 015e B1010000 		.4byte	.LASF39
 236 0162 70       		.sleb128 -16
 237 0163 07       		.uleb128 0x7
 238 0164 93000000 		.4byte	.LASF40
 239 0168 6F       		.sleb128 -17
 240 0169 07       		.uleb128 0x7
 241 016a 5F000000 		.4byte	.LASF41
 242 016e 6E       		.sleb128 -18
 243 016f 07       		.uleb128 0x7
 244 0170 5A010000 		.4byte	.LASF42
 245 0174 6D       		.sleb128 -19
 246 0175 07       		.uleb128 0x7
 247 0176 79030000 		.4byte	.LASF43
 248 017a 6C       		.sleb128 -20
 249 017b 07       		.uleb128 0x7
 250 017c C2010000 		.4byte	.LASF44
 251 0180 6B       		.sleb128 -21
 252 0181 07       		.uleb128 0x7
 253 0182 0A040000 		.4byte	.LASF45
 254 0186 6A       		.sleb128 -22
 255 0187 07       		.uleb128 0x7
 256 0188 C0000000 		.4byte	.LASF46
 257 018c 69       		.sleb128 -23
 258 018d 07       		.uleb128 0x7
 259 018e 6D010000 		.4byte	.LASF47
 260 0192 68       		.sleb128 -24
 261 0193 07       		.uleb128 0x7
 262 0194 1A010000 		.4byte	.LASF48
 263 0198 67       		.sleb128 -25
 264 0199 00       		.byte	0
 265 019a 03       		.uleb128 0x3
 266 019b 5B040000 		.4byte	.LASF49
 267 019f 06       		.byte	0x6
 268 01a0 EA       		.byte	0xea
 269 01a1 F1000000 		.4byte	0xf1
 270 01a5 08       		.uleb128 0x8
 271 01a6 01       		.byte	0x1
 272 01a7 07       		.byte	0x7
 273 01a8 1F       		.byte	0x1f
 274 01a9 BA010000 		.4byte	0x1ba
 275 01ad 09       		.uleb128 0x9
 276 01ae 6E020000 		.4byte	.LASF60
 277 01b2 07       		.byte	0x7
 278 01b3 21       		.byte	0x21
 279 01b4 81000000 		.4byte	0x81
 280 01b8 00       		.byte	0
 281 01b9 00       		.byte	0
 282 01ba 03       		.uleb128 0x3
 283 01bb 91030000 		.4byte	.LASF50
 284 01bf 07       		.byte	0x7
 285 01c0 24       		.byte	0x24
 286 01c1 A5010000 		.4byte	0x1a5
 287 01c5 0A       		.uleb128 0xa
 288 01c6 00000000 		.4byte	.LASF61
 289 01ca 01       		.byte	0x1
 290 01cb 29       		.byte	0x29
ARM GAS  C:\Users\aditi\AppData\Local\Temp\cc1J52ej.s 			page 7


 291 01cc 9A010000 		.4byte	0x19a
 292 01d0 00000000 		.4byte	.LFB110
 293 01d4 0C000000 		.4byte	.LFE110-.LFB110
 294 01d8 01       		.uleb128 0x1
 295 01d9 9C       		.byte	0x9c
 296 01da F7010000 		.4byte	0x1f7
 297 01de 0B       		.uleb128 0xb
 298 01df 8C030000 		.4byte	.LASF62
 299 01e3 01       		.byte	0x1
 300 01e4 29       		.byte	0x29
 301 01e5 02020000 		.4byte	0x202
 302 01e9 00000000 		.4byte	.LLST0
 303 01ed 0C       		.uleb128 0xc
 304 01ee 08000000 		.4byte	.LVL2
 305 01f2 4F020000 		.4byte	0x24f
 306 01f6 00       		.byte	0
 307 01f7 0D       		.uleb128 0xd
 308 01f8 04       		.byte	0x4
 309 01f9 FD010000 		.4byte	0x1fd
 310 01fd 0E       		.uleb128 0xe
 311 01fe BA010000 		.4byte	0x1ba
 312 0202 0E       		.uleb128 0xe
 313 0203 F7010000 		.4byte	0x1f7
 314 0207 0F       		.uleb128 0xf
 315 0208 43040000 		.4byte	.LASF51
 316 020c 08       		.byte	0x8
 317 020d 40       		.byte	0x40
 318 020e C9000000 		.4byte	0xc9
 319 0212 0F       		.uleb128 0xf
 320 0213 41010000 		.4byte	.LASF52
 321 0217 08       		.byte	0x8
 322 0218 47       		.byte	0x47
 323 0219 D4000000 		.4byte	0xd4
 324 021d 0F       		.uleb128 0xf
 325 021e BA030000 		.4byte	.LASF53
 326 0222 08       		.byte	0x8
 327 0223 4A       		.byte	0x4a
 328 0224 C9000000 		.4byte	0xc9
 329 0228 0F       		.uleb128 0xf
 330 0229 EC000000 		.4byte	.LASF54
 331 022d 09       		.byte	0x9
 332 022e 48       		.byte	0x48
 333 022f DF000000 		.4byte	0xdf
 334 0233 0F       		.uleb128 0xf
 335 0234 D7000000 		.4byte	.LASF55
 336 0238 0A       		.byte	0xa
 337 0239 44       		.byte	0x44
 338 023a C9000000 		.4byte	0xc9
 339 023e 10       		.uleb128 0x10
 340 023f 1C040000 		.4byte	.LASF56
 341 0243 0B       		.byte	0xb
 342 0244 1207     		.2byte	0x712
 343 0246 4A020000 		.4byte	0x24a
 344 024a 11       		.uleb128 0x11
 345 024b 8C000000 		.4byte	0x8c
 346 024f 12       		.uleb128 0x12
 347 0250 32040000 		.4byte	.LASF63
ARM GAS  C:\Users\aditi\AppData\Local\Temp\cc1J52ej.s 			page 8


 348 0254 32040000 		.4byte	.LASF63
 349 0258 0C       		.byte	0xc
 350 0259 26       		.byte	0x26
 351 025a 00       		.byte	0
 352              		.section	.debug_abbrev,"",%progbits
 353              	.Ldebug_abbrev0:
 354 0000 01       		.uleb128 0x1
 355 0001 11       		.uleb128 0x11
 356 0002 01       		.byte	0x1
 357 0003 25       		.uleb128 0x25
 358 0004 0E       		.uleb128 0xe
 359 0005 13       		.uleb128 0x13
 360 0006 0B       		.uleb128 0xb
 361 0007 03       		.uleb128 0x3
 362 0008 0E       		.uleb128 0xe
 363 0009 1B       		.uleb128 0x1b
 364 000a 0E       		.uleb128 0xe
 365 000b 55       		.uleb128 0x55
 366 000c 17       		.uleb128 0x17
 367 000d 11       		.uleb128 0x11
 368 000e 01       		.uleb128 0x1
 369 000f 10       		.uleb128 0x10
 370 0010 17       		.uleb128 0x17
 371 0011 00       		.byte	0
 372 0012 00       		.byte	0
 373 0013 02       		.uleb128 0x2
 374 0014 24       		.uleb128 0x24
 375 0015 00       		.byte	0
 376 0016 0B       		.uleb128 0xb
 377 0017 0B       		.uleb128 0xb
 378 0018 3E       		.uleb128 0x3e
 379 0019 0B       		.uleb128 0xb
 380 001a 03       		.uleb128 0x3
 381 001b 0E       		.uleb128 0xe
 382 001c 00       		.byte	0
 383 001d 00       		.byte	0
 384 001e 03       		.uleb128 0x3
 385 001f 16       		.uleb128 0x16
 386 0020 00       		.byte	0
 387 0021 03       		.uleb128 0x3
 388 0022 0E       		.uleb128 0xe
 389 0023 3A       		.uleb128 0x3a
 390 0024 0B       		.uleb128 0xb
 391 0025 3B       		.uleb128 0x3b
 392 0026 0B       		.uleb128 0xb
 393 0027 49       		.uleb128 0x49
 394 0028 13       		.uleb128 0x13
 395 0029 00       		.byte	0
 396 002a 00       		.byte	0
 397 002b 04       		.uleb128 0x4
 398 002c 24       		.uleb128 0x24
 399 002d 00       		.byte	0
 400 002e 0B       		.uleb128 0xb
 401 002f 0B       		.uleb128 0xb
 402 0030 3E       		.uleb128 0x3e
 403 0031 0B       		.uleb128 0xb
 404 0032 03       		.uleb128 0x3
ARM GAS  C:\Users\aditi\AppData\Local\Temp\cc1J52ej.s 			page 9


 405 0033 08       		.uleb128 0x8
 406 0034 00       		.byte	0
 407 0035 00       		.byte	0
 408 0036 05       		.uleb128 0x5
 409 0037 04       		.uleb128 0x4
 410 0038 01       		.byte	0x1
 411 0039 0B       		.uleb128 0xb
 412 003a 0B       		.uleb128 0xb
 413 003b 49       		.uleb128 0x49
 414 003c 13       		.uleb128 0x13
 415 003d 3A       		.uleb128 0x3a
 416 003e 0B       		.uleb128 0xb
 417 003f 3B       		.uleb128 0x3b
 418 0040 0B       		.uleb128 0xb
 419 0041 01       		.uleb128 0x1
 420 0042 13       		.uleb128 0x13
 421 0043 00       		.byte	0
 422 0044 00       		.byte	0
 423 0045 06       		.uleb128 0x6
 424 0046 28       		.uleb128 0x28
 425 0047 00       		.byte	0
 426 0048 03       		.uleb128 0x3
 427 0049 0E       		.uleb128 0xe
 428 004a 1C       		.uleb128 0x1c
 429 004b 0B       		.uleb128 0xb
 430 004c 00       		.byte	0
 431 004d 00       		.byte	0
 432 004e 07       		.uleb128 0x7
 433 004f 28       		.uleb128 0x28
 434 0050 00       		.byte	0
 435 0051 03       		.uleb128 0x3
 436 0052 0E       		.uleb128 0xe
 437 0053 1C       		.uleb128 0x1c
 438 0054 0D       		.uleb128 0xd
 439 0055 00       		.byte	0
 440 0056 00       		.byte	0
 441 0057 08       		.uleb128 0x8
 442 0058 13       		.uleb128 0x13
 443 0059 01       		.byte	0x1
 444 005a 0B       		.uleb128 0xb
 445 005b 0B       		.uleb128 0xb
 446 005c 3A       		.uleb128 0x3a
 447 005d 0B       		.uleb128 0xb
 448 005e 3B       		.uleb128 0x3b
 449 005f 0B       		.uleb128 0xb
 450 0060 01       		.uleb128 0x1
 451 0061 13       		.uleb128 0x13
 452 0062 00       		.byte	0
 453 0063 00       		.byte	0
 454 0064 09       		.uleb128 0x9
 455 0065 0D       		.uleb128 0xd
 456 0066 00       		.byte	0
 457 0067 03       		.uleb128 0x3
 458 0068 0E       		.uleb128 0xe
 459 0069 3A       		.uleb128 0x3a
 460 006a 0B       		.uleb128 0xb
 461 006b 3B       		.uleb128 0x3b
ARM GAS  C:\Users\aditi\AppData\Local\Temp\cc1J52ej.s 			page 10


 462 006c 0B       		.uleb128 0xb
 463 006d 49       		.uleb128 0x49
 464 006e 13       		.uleb128 0x13
 465 006f 38       		.uleb128 0x38
 466 0070 0B       		.uleb128 0xb
 467 0071 00       		.byte	0
 468 0072 00       		.byte	0
 469 0073 0A       		.uleb128 0xa
 470 0074 2E       		.uleb128 0x2e
 471 0075 01       		.byte	0x1
 472 0076 3F       		.uleb128 0x3f
 473 0077 19       		.uleb128 0x19
 474 0078 03       		.uleb128 0x3
 475 0079 0E       		.uleb128 0xe
 476 007a 3A       		.uleb128 0x3a
 477 007b 0B       		.uleb128 0xb
 478 007c 3B       		.uleb128 0x3b
 479 007d 0B       		.uleb128 0xb
 480 007e 27       		.uleb128 0x27
 481 007f 19       		.uleb128 0x19
 482 0080 49       		.uleb128 0x49
 483 0081 13       		.uleb128 0x13
 484 0082 11       		.uleb128 0x11
 485 0083 01       		.uleb128 0x1
 486 0084 12       		.uleb128 0x12
 487 0085 06       		.uleb128 0x6
 488 0086 40       		.uleb128 0x40
 489 0087 18       		.uleb128 0x18
 490 0088 9742     		.uleb128 0x2117
 491 008a 19       		.uleb128 0x19
 492 008b 01       		.uleb128 0x1
 493 008c 13       		.uleb128 0x13
 494 008d 00       		.byte	0
 495 008e 00       		.byte	0
 496 008f 0B       		.uleb128 0xb
 497 0090 05       		.uleb128 0x5
 498 0091 00       		.byte	0
 499 0092 03       		.uleb128 0x3
 500 0093 0E       		.uleb128 0xe
 501 0094 3A       		.uleb128 0x3a
 502 0095 0B       		.uleb128 0xb
 503 0096 3B       		.uleb128 0x3b
 504 0097 0B       		.uleb128 0xb
 505 0098 49       		.uleb128 0x49
 506 0099 13       		.uleb128 0x13
 507 009a 02       		.uleb128 0x2
 508 009b 17       		.uleb128 0x17
 509 009c 00       		.byte	0
 510 009d 00       		.byte	0
 511 009e 0C       		.uleb128 0xc
 512 009f 898201   		.uleb128 0x4109
 513 00a2 00       		.byte	0
 514 00a3 11       		.uleb128 0x11
 515 00a4 01       		.uleb128 0x1
 516 00a5 31       		.uleb128 0x31
 517 00a6 13       		.uleb128 0x13
 518 00a7 00       		.byte	0
ARM GAS  C:\Users\aditi\AppData\Local\Temp\cc1J52ej.s 			page 11


 519 00a8 00       		.byte	0
 520 00a9 0D       		.uleb128 0xd
 521 00aa 0F       		.uleb128 0xf
 522 00ab 00       		.byte	0
 523 00ac 0B       		.uleb128 0xb
 524 00ad 0B       		.uleb128 0xb
 525 00ae 49       		.uleb128 0x49
 526 00af 13       		.uleb128 0x13
 527 00b0 00       		.byte	0
 528 00b1 00       		.byte	0
 529 00b2 0E       		.uleb128 0xe
 530 00b3 26       		.uleb128 0x26
 531 00b4 00       		.byte	0
 532 00b5 49       		.uleb128 0x49
 533 00b6 13       		.uleb128 0x13
 534 00b7 00       		.byte	0
 535 00b8 00       		.byte	0
 536 00b9 0F       		.uleb128 0xf
 537 00ba 34       		.uleb128 0x34
 538 00bb 00       		.byte	0
 539 00bc 03       		.uleb128 0x3
 540 00bd 0E       		.uleb128 0xe
 541 00be 3A       		.uleb128 0x3a
 542 00bf 0B       		.uleb128 0xb
 543 00c0 3B       		.uleb128 0x3b
 544 00c1 0B       		.uleb128 0xb
 545 00c2 49       		.uleb128 0x49
 546 00c3 13       		.uleb128 0x13
 547 00c4 3F       		.uleb128 0x3f
 548 00c5 19       		.uleb128 0x19
 549 00c6 3C       		.uleb128 0x3c
 550 00c7 19       		.uleb128 0x19
 551 00c8 00       		.byte	0
 552 00c9 00       		.byte	0
 553 00ca 10       		.uleb128 0x10
 554 00cb 34       		.uleb128 0x34
 555 00cc 00       		.byte	0
 556 00cd 03       		.uleb128 0x3
 557 00ce 0E       		.uleb128 0xe
 558 00cf 3A       		.uleb128 0x3a
 559 00d0 0B       		.uleb128 0xb
 560 00d1 3B       		.uleb128 0x3b
 561 00d2 05       		.uleb128 0x5
 562 00d3 49       		.uleb128 0x49
 563 00d4 13       		.uleb128 0x13
 564 00d5 3F       		.uleb128 0x3f
 565 00d6 19       		.uleb128 0x19
 566 00d7 3C       		.uleb128 0x3c
 567 00d8 19       		.uleb128 0x19
 568 00d9 00       		.byte	0
 569 00da 00       		.byte	0
 570 00db 11       		.uleb128 0x11
 571 00dc 35       		.uleb128 0x35
 572 00dd 00       		.byte	0
 573 00de 49       		.uleb128 0x49
 574 00df 13       		.uleb128 0x13
 575 00e0 00       		.byte	0
ARM GAS  C:\Users\aditi\AppData\Local\Temp\cc1J52ej.s 			page 12


 576 00e1 00       		.byte	0
 577 00e2 12       		.uleb128 0x12
 578 00e3 2E       		.uleb128 0x2e
 579 00e4 00       		.byte	0
 580 00e5 3F       		.uleb128 0x3f
 581 00e6 19       		.uleb128 0x19
 582 00e7 3C       		.uleb128 0x3c
 583 00e8 19       		.uleb128 0x19
 584 00e9 6E       		.uleb128 0x6e
 585 00ea 0E       		.uleb128 0xe
 586 00eb 03       		.uleb128 0x3
 587 00ec 0E       		.uleb128 0xe
 588 00ed 3A       		.uleb128 0x3a
 589 00ee 0B       		.uleb128 0xb
 590 00ef 3B       		.uleb128 0x3b
 591 00f0 0B       		.uleb128 0xb
 592 00f1 00       		.byte	0
 593 00f2 00       		.byte	0
 594 00f3 00       		.byte	0
 595              		.section	.debug_loc,"",%progbits
 596              	.Ldebug_loc0:
 597              	.LLST0:
 598 0000 00000000 		.4byte	.LVL0
 599 0004 04000000 		.4byte	.LVL1
 600 0008 0100     		.2byte	0x1
 601 000a 50       		.byte	0x50
 602 000b 04000000 		.4byte	.LVL1
 603 000f 0C000000 		.4byte	.LFE110
 604 0013 0400     		.2byte	0x4
 605 0015 F3       		.byte	0xf3
 606 0016 01       		.uleb128 0x1
 607 0017 50       		.byte	0x50
 608 0018 9F       		.byte	0x9f
 609 0019 00000000 		.4byte	0
 610 001d 00000000 		.4byte	0
 611              		.section	.debug_aranges,"",%progbits
 612 0000 1C000000 		.4byte	0x1c
 613 0004 0200     		.2byte	0x2
 614 0006 00000000 		.4byte	.Ldebug_info0
 615 000a 04       		.byte	0x4
 616 000b 00       		.byte	0
 617 000c 0000     		.2byte	0
 618 000e 0000     		.2byte	0
 619 0010 00000000 		.4byte	.LFB110
 620 0014 0C000000 		.4byte	.LFE110-.LFB110
 621 0018 00000000 		.4byte	0
 622 001c 00000000 		.4byte	0
 623              		.section	.debug_ranges,"",%progbits
 624              	.Ldebug_ranges0:
 625 0000 00000000 		.4byte	.LFB110
 626 0004 0C000000 		.4byte	.LFE110
 627 0008 00000000 		.4byte	0
 628 000c 00000000 		.4byte	0
 629              		.section	.debug_line,"",%progbits
 630              	.Ldebug_line0:
 631 0000 48020000 		.section	.debug_str,"MS",%progbits,1
 631      02003102 
ARM GAS  C:\Users\aditi\AppData\Local\Temp\cc1J52ej.s 			page 13


 631      00000201 
 631      FB0E0D00 
 631      01010101 
 632              	.LASF61:
 633 0000 53435F47 		.ascii	"SC_GPIO_driverOut\000"
 633      50494F5F 
 633      64726976 
 633      65724F75 
 633      7400
 634              	.LASF37:
 635 0012 52435F45 		.ascii	"RC_ERROR_READ_ONLY\000"
 635      52524F52 
 635      5F524541 
 635      445F4F4E 
 635      4C5900
 636              	.LASF23:
 637 0025 52435F53 		.ascii	"RC_SUCCESS\000"
 637      55434345 
 637      535300
 638              	.LASF38:
 639 0030 52435F45 		.ascii	"RC_ERROR_WRITE_ONLY\000"
 639      52524F52 
 639      5F575249 
 639      54455F4F 
 639      4E4C5900 
 640              	.LASF2:
 641 0044 73686F72 		.ascii	"short int\000"
 641      7420696E 
 641      7400
 642              	.LASF29:
 643 004e 52435F45 		.ascii	"RC_ERROR_OVERRUN\000"
 643      52524F52 
 643      5F4F5645 
 643      5252554E 
 643      00
 644              	.LASF41:
 645 005f 52435F45 		.ascii	"RC_ERROR_WRITE_FAILS\000"
 645      52524F52 
 645      5F575249 
 645      54455F46 
 645      41494C53 
 646              	.LASF22:
 647 0074 73697A65 		.ascii	"sizetype\000"
 647      74797065 
 647      00
 648              	.LASF26:
 649 007d 52435F45 		.ascii	"RC_ERROR_ZERO\000"
 649      52524F52 
 649      5F5A4552 
 649      4F00
 650              	.LASF20:
 651 008b 45455F46 		.ascii	"EE_FREG\000"
 651      52454700 
 652              	.LASF40:
 653 0093 52435F45 		.ascii	"RC_ERROR_READ_FAILS\000"
 653      52524F52 
 653      5F524541 
ARM GAS  C:\Users\aditi\AppData\Local\Temp\cc1J52ej.s 			page 14


 653      445F4641 
 653      494C5300 
 654              	.LASF18:
 655 00a7 45455F55 		.ascii	"EE_UINT32\000"
 655      494E5433 
 655      3200
 656              	.LASF21:
 657 00b1 45455F54 		.ascii	"EE_TID\000"
 657      494400
 658              	.LASF11:
 659 00b8 75696E74 		.ascii	"uint8_t\000"
 659      385F7400 
 660              	.LASF46:
 661 00c0 52435F45 		.ascii	"RC_ERROR_INVALID_STATE\000"
 661      52524F52 
 661      5F494E56 
 661      414C4944 
 661      5F535441 
 662              	.LASF55:
 663 00d7 45455F49 		.ascii	"EE_IRQ_nesting_level\000"
 663      52515F6E 
 663      65737469 
 663      6E675F6C 
 663      6576656C 
 664              	.LASF54:
 665 00ec 45455F73 		.ascii	"EE_std_endcycle_next_tid\000"
 665      74645F65 
 665      6E646379 
 665      636C655F 
 665      6E657874 
 666              	.LASF28:
 667 0105 52435F45 		.ascii	"RC_ERROR_RANGE\000"
 667      52524F52 
 667      5F52414E 
 667      474500
 668              	.LASF13:
 669 0114 666C6F61 		.ascii	"float\000"
 669      7400
 670              	.LASF48:
 671 011a 52435F45 		.ascii	"RC_ERROR_NOT_IMPLEMENTED\000"
 671      52524F52 
 671      5F4E4F54 
 671      5F494D50 
 671      4C454D45 
 672              	.LASF8:
 673 0133 6C6F6E67 		.ascii	"long long int\000"
 673      206C6F6E 
 673      6720696E 
 673      7400
 674              	.LASF52:
 675 0141 45455F6F 		.ascii	"EE_oo_IRQ_suspend_status\000"
 675      6F5F4952 
 675      515F7375 
 675      7370656E 
 675      645F7374 
 676              	.LASF42:
 677 015a 52435F45 		.ascii	"RC_ERROR_NOT_MATCH\000"
ARM GAS  C:\Users\aditi\AppData\Local\Temp\cc1J52ej.s 			page 15


 677      52524F52 
 677      5F4E4F54 
 677      5F4D4154 
 677      434800
 678              	.LASF47:
 679 016d 52435F45 		.ascii	"RC_ERROR_UNKNOWN\000"
 679      52524F52 
 679      5F554E4B 
 679      4E4F574E 
 679      00
 680              	.LASF6:
 681 017e 6C6F6E67 		.ascii	"long int\000"
 681      20696E74 
 681      00
 682              	.LASF30:
 683 0187 52435F45 		.ascii	"RC_ERROR_UNDERRUN\000"
 683      52524F52 
 683      5F554E44 
 683      45525255 
 683      4E00
 684              	.LASF33:
 685 0199 52435F45 		.ascii	"RC_ERROR_BUSY\000"
 685      52524F52 
 685      5F425553 
 685      5900
 686              	.LASF4:
 687 01a7 5F5F7569 		.ascii	"__uint8_t\000"
 687      6E74385F 
 687      7400
 688              	.LASF39:
 689 01b1 52435F45 		.ascii	"RC_ERROR_INVALID\000"
 689      52524F52 
 689      5F494E56 
 689      414C4944 
 689      00
 690              	.LASF44:
 691 01c2 52435F45 		.ascii	"RC_ERROR_BAD_DATA\000"
 691      52524F52 
 691      5F424144 
 691      5F444154 
 691      4100
 692              	.LASF16:
 693 01d4 6C6F6E67 		.ascii	"long double\000"
 693      20646F75 
 693      626C6500 
 694              	.LASF1:
 695 01e0 756E7369 		.ascii	"unsigned char\000"
 695      676E6564 
 695      20636861 
 695      7200
 696              	.LASF0:
 697 01ee 7369676E 		.ascii	"signed char\000"
 697      65642063 
 697      68617200 
 698              	.LASF9:
 699 01fa 6C6F6E67 		.ascii	"long long unsigned int\000"
 699      206C6F6E 
ARM GAS  C:\Users\aditi\AppData\Local\Temp\cc1J52ej.s 			page 16


 699      6720756E 
 699      7369676E 
 699      65642069 
 700              	.LASF59:
 701 0211 433A5C44 		.ascii	"C:\\Darmstadt\\SecondSem\\EAA\\Lab1\\GasPedal\\Elec"
 701      61726D73 
 701      74616474 
 701      5C536563 
 701      6F6E6453 
 702 023e 74726F6E 		.ascii	"tronicGasPedal.cydsn\000"
 702      69634761 
 702      73506564 
 702      616C2E63 
 702      7964736E 
 703              	.LASF10:
 704 0253 756E7369 		.ascii	"unsigned int\000"
 704      676E6564 
 704      20696E74 
 704      00
 705              	.LASF35:
 706 0260 52435F45 		.ascii	"RC_ERROR_OPEN\000"
 706      52524F52 
 706      5F4F5045 
 706      4E00
 707              	.LASF60:
 708 026e 6272616B 		.ascii	"brakeLight\000"
 708      654C6967 
 708      687400
 709              	.LASF25:
 710 0279 52435F45 		.ascii	"RC_ERROR_NULL\000"
 710      52524F52 
 710      5F4E554C 
 710      4C00
 711              	.LASF32:
 712 0287 52435F45 		.ascii	"RC_ERROR_BUFFER_EMTPY\000"
 712      52524F52 
 712      5F425546 
 712      4645525F 
 712      454D5450 
 713              	.LASF17:
 714 029d 45455F49 		.ascii	"EE_INT32\000"
 714      4E543332 
 714      00
 715              	.LASF3:
 716 02a6 73686F72 		.ascii	"short unsigned int\000"
 716      7420756E 
 716      7369676E 
 716      65642069 
 716      6E7400
 717              	.LASF57:
 718 02b9 474E5520 		.ascii	"GNU C11 5.4.1 20160609 (release) [ARM/embedded-5-br"
 718      43313120 
 718      352E342E 
 718      31203230 
 718      31363036 
 719 02ec 616E6368 		.ascii	"anch revision 237715] -mcpu=cortex-m3 -mthumb -g -O"
 719      20726576 
ARM GAS  C:\Users\aditi\AppData\Local\Temp\cc1J52ej.s 			page 17


 719      6973696F 
 719      6E203233 
 719      37373135 
 720 031f 67202D66 		.ascii	"g -ffunction-sections -ffat-lto-objects\000"
 720      66756E63 
 720      74696F6E 
 720      2D736563 
 720      74696F6E 
 721              	.LASF15:
 722 0347 63686172 		.ascii	"char\000"
 722      00
 723              	.LASF27:
 724 034c 52435F45 		.ascii	"RC_ERROR_MEMORY\000"
 724      52524F52 
 724      5F4D454D 
 724      4F525900 
 725              	.LASF31:
 726 035c 52435F45 		.ascii	"RC_ERROR_BUFFER_FULL\000"
 726      52524F52 
 726      5F425546 
 726      4645525F 
 726      46554C4C 
 727              	.LASF12:
 728 0371 696E7433 		.ascii	"int32_t\000"
 728      325F7400 
 729              	.LASF43:
 730 0379 52435F45 		.ascii	"RC_ERROR_BAD_PARAM\000"
 730      52524F52 
 730      5F424144 
 730      5F504152 
 730      414D00
 731              	.LASF62:
 732 038c 64617461 		.ascii	"data\000"
 732      00
 733              	.LASF50:
 734 0391 53435F47 		.ascii	"SC_GPIO_data_t\000"
 734      50494F5F 
 734      64617461 
 734      5F7400
 735              	.LASF58:
 736 03a0 736F7572 		.ascii	"source\\rte\\sc_gpio_type.c\000"
 736      63655C72 
 736      74655C73 
 736      635F6770 
 736      696F5F74 
 737              	.LASF53:
 738 03ba 45455F41 		.ascii	"EE_ApplicationMode\000"
 738      70706C69 
 738      63617469 
 738      6F6E4D6F 
 738      646500
 739              	.LASF7:
 740 03cd 6C6F6E67 		.ascii	"long unsigned int\000"
 740      20756E73 
 740      69676E65 
 740      6420696E 
 740      7400
ARM GAS  C:\Users\aditi\AppData\Local\Temp\cc1J52ej.s 			page 18


 741              	.LASF14:
 742 03df 646F7562 		.ascii	"double\000"
 742      6C6500
 743              	.LASF36:
 744 03e6 52435F45 		.ascii	"RC_ERROR_CHECKSUM\000"
 744      52524F52 
 744      5F434845 
 744      434B5355 
 744      4D00
 745              	.LASF19:
 746 03f8 45455F55 		.ascii	"EE_UREG\000"
 746      52454700 
 747              	.LASF5:
 748 0400 5F5F696E 		.ascii	"__int32_t\000"
 748      7433325F 
 748      7400
 749              	.LASF45:
 750 040a 52435F45 		.ascii	"RC_ERROR_CANCELED\000"
 750      52524F52 
 750      5F43414E 
 750      43454C45 
 750      4400
 751              	.LASF56:
 752 041c 49544D5F 		.ascii	"ITM_RxBuffer\000"
 752      52784275 
 752      66666572 
 752      00
 753              	.LASF24:
 754 0429 52435F45 		.ascii	"RC_ERROR\000"
 754      52524F52 
 754      00
 755              	.LASF63:
 756 0432 50696E5F 		.ascii	"Pin_RedLed_Write\000"
 756      5265644C 
 756      65645F57 
 756      72697465 
 756      00
 757              	.LASF51:
 758 0443 45455F6F 		.ascii	"EE_oo_IRQ_disable_count\000"
 758      6F5F4952 
 758      515F6469 
 758      7361626C 
 758      655F636F 
 759              	.LASF49:
 760 045b 52435F74 		.ascii	"RC_t\000"
 760      00
 761              	.LASF34:
 762 0460 52435F45 		.ascii	"RC_ERROR_TIME_OUT\000"
 762      52524F52 
 762      5F54494D 
 762      455F4F55 
 762      5400
 763              		.ident	"GCC: (GNU Tools for ARM Embedded Processors) 5.4.1 20160609 (release) [ARM/embedded-5-bran
