ARM GAS  C:\Users\aditi\AppData\Local\Temp\ccvR9l9x.s 			page 1


   1              		.syntax unified
   2              		.cpu cortex-m3
   3              		.fpu softvfp
   4              		.eabi_attribute 20, 1
   5              		.eabi_attribute 21, 1
   6              		.eabi_attribute 23, 3
   7              		.eabi_attribute 24, 1
   8              		.eabi_attribute 25, 1
   9              		.eabi_attribute 26, 1
  10              		.eabi_attribute 30, 1
  11              		.eabi_attribute 34, 1
  12              		.eabi_attribute 18, 4
  13              		.thumb
  14              		.syntax unified
  15              		.file	"sc_pwm_type.c"
  16              		.text
  17              	.Ltext0:
  18              		.cfi_sections	.debug_frame
  19              		.section	.text.SC_PWM_driverOut,"ax",%progbits
  20              		.align	2
  21              		.global	SC_PWM_driverOut
  22              		.thumb
  23              		.thumb_func
  24              		.type	SC_PWM_driverOut, %function
  25              	SC_PWM_driverOut:
  26              	.LFB150:
  27              		.file 1 "source\\rte\\sc_pwm_type.c"
   1:source\rte/sc_pwm_type.c **** 
   2:source\rte/sc_pwm_type.c **** 
   3:source\rte/sc_pwm_type.c **** /*
   4:source\rte/sc_pwm_type.c ****  * Filename: sc_pwm_type.c
   5:source\rte/sc_pwm_type.c ****  *
   6:source\rte/sc_pwm_type.c ****  * Author: Autogenerated by H-DA RTE Generator, (c) Prof. Fromm
   7:source\rte/sc_pwm_type.c ****  */
   8:source\rte/sc_pwm_type.c **** 
   9:source\rte/sc_pwm_type.c **** #include "project.h"
  10:source\rte/sc_pwm_type.c **** #include "global.h"
  11:source\rte/sc_pwm_type.c **** #include "rte.h"
  12:source\rte/sc_pwm_type.c **** #include "rte_types.h"
  13:source\rte/sc_pwm_type.c **** #include "sc_pwm_type.h"
  14:source\rte/sc_pwm_type.c **** #include "sp_common.h"
  15:source\rte/sc_pwm_type.c **** 
  16:source\rte/sc_pwm_type.c **** 
  17:source\rte/sc_pwm_type.c **** /* USER CODE START SC_PWM_INCLUDE */
  18:source\rte/sc_pwm_type.c **** #include "pwm_rgb.h"
  19:source\rte/sc_pwm_type.c **** /* USER CODE END SC_PWM_INCLUDE */
  20:source\rte/sc_pwm_type.c **** 
  21:source\rte/sc_pwm_type.c **** 
  22:source\rte/sc_pwm_type.c **** /*
  23:source\rte/sc_pwm_type.c **** * description: Engine data type
  24:source\rte/sc_pwm_type.c **** * name: sc_pwm
  25:source\rte/sc_pwm_type.c **** * shortname: pwm
  26:source\rte/sc_pwm_type.c **** */
  27:source\rte/sc_pwm_type.c **** 
  28:source\rte/sc_pwm_type.c **** /* USER CODE START SC_PWM_USERDEFINITIONS */
  29:source\rte/sc_pwm_type.c **** 
  30:source\rte/sc_pwm_type.c **** /* USER CODE END SC_PWM_USERDEFINITIONS */
ARM GAS  C:\Users\aditi\AppData\Local\Temp\ccvR9l9x.s 			page 2


  31:source\rte/sc_pwm_type.c **** 
  32:source\rte/sc_pwm_type.c **** 
  33:source\rte/sc_pwm_type.c **** /*****************************************************************************************
  34:source\rte/sc_pwm_type.c ****  *************** Port Wrapper Implementation for SC_PWM signal  ****************
  35:source\rte/sc_pwm_type.c ****  *****************************************************************************************/
  36:source\rte/sc_pwm_type.c ****  
  37:source\rte/sc_pwm_type.c ****  
  38:source\rte/sc_pwm_type.c **** /**
  39:source\rte/sc_pwm_type.c ****  * Default OUT driver API
  40:source\rte/sc_pwm_type.c ****  */
  41:source\rte/sc_pwm_type.c **** inline RC_t SC_PWM_driverOut(const SC_PWM_data_t  *const data)
  42:source\rte/sc_pwm_type.c **** {
  28              		.loc 1 42 0
  29              		.cfi_startproc
  30              		@ args = 0, pretend = 0, frame = 0
  31              		@ frame_needed = 0, uses_anonymous_args = 0
  32              	.LVL0:
  33 0000 08B5     		push	{r3, lr}
  34              		.cfi_def_cfa_offset 8
  35              		.cfi_offset 3, -8
  36              		.cfi_offset 14, -4
  43:source\rte/sc_pwm_type.c **** 	/* USER CODE START driverOutSC_PWM */
  44:source\rte/sc_pwm_type.c ****     PWM_Green_setIntensity(data->pwm_engine);
  37              		.loc 1 44 0
  38 0002 0078     		ldrb	r0, [r0]	@ zero_extendqisi2
  39              	.LVL1:
  40 0004 FFF7FEFF 		bl	PWM_Green_setIntensity
  41              	.LVL2:
  45:source\rte/sc_pwm_type.c ****     //PWM_Engine_WriteCompare(LED__Pulse_Width[data->pwm_engine]);
  46:source\rte/sc_pwm_type.c **** 	
  47:source\rte/sc_pwm_type.c ****     //Scale application data to drive format
  48:source\rte/sc_pwm_type.c **** 
  49:source\rte/sc_pwm_type.c **** 	//Write scaled data to driver
  50:source\rte/sc_pwm_type.c **** 
  51:source\rte/sc_pwm_type.c **** 	return RC_SUCCESS;
  52:source\rte/sc_pwm_type.c **** 	/* USER CODE END driverOutSC_PWM */
  53:source\rte/sc_pwm_type.c **** }
  42              		.loc 1 53 0
  43 0008 0020     		movs	r0, #0
  44 000a 08BD     		pop	{r3, pc}
  45              		.cfi_endproc
  46              	.LFE150:
  47              		.size	SC_PWM_driverOut, .-SC_PWM_driverOut
  48              		.text
  49              	.Letext0:
  50              		.file 2 "c:\\program files (x86)\\cypress\\psoc creator\\4.4\\psoc creator\\import\\gnu\\arm\\5.4.
  51              		.file 3 "c:\\program files (x86)\\cypress\\psoc creator\\4.4\\psoc creator\\import\\gnu\\arm\\5.4.
  52              		.file 4 "Generated_Source\\PSoC5/ErikaOS_common_ee_types.inc"
  53              		.file 5 "Generated_Source\\PSoC5/ErikaOS_cortex_mx_ee_cpu.inc"
  54              		.file 6 ".\\source\\bsw/global.h"
  55              		.file 7 "source\\rte\\sc_pwm_type.h"
  56              		.file 8 "Generated_Source\\PSoC5/ErikaOS_ee_oo_intfunc.inc"
  57              		.file 9 "Generated_Source\\PSoC5/ErikaOS_cortex_mx_ee_context.inc"
  58              		.file 10 "Generated_Source\\PSoC5/ErikaOS_common_ee_primitives.inc"
  59              		.file 11 "Generated_Source\\PSoC5/core_cm3.h"
  60              		.file 12 ".\\source\\bsw/pwm_rgb.h"
  61              		.section	.debug_info,"",%progbits
ARM GAS  C:\Users\aditi\AppData\Local\Temp\ccvR9l9x.s 			page 3


  62              	.Ldebug_info0:
  63 0000 57020000 		.4byte	0x257
  64 0004 0400     		.2byte	0x4
  65 0006 00000000 		.4byte	.Ldebug_abbrev0
  66 000a 04       		.byte	0x4
  67 000b 01       		.uleb128 0x1
  68 000c D7020000 		.4byte	.LASF57
  69 0010 0C       		.byte	0xc
  70 0011 7E020000 		.4byte	.LASF58
  71 0015 21020000 		.4byte	.LASF59
  72 0019 00000000 		.4byte	.Ldebug_ranges0+0
  73 001d 00000000 		.4byte	0
  74 0021 00000000 		.4byte	.Ldebug_line0
  75 0025 02       		.uleb128 0x2
  76 0026 01       		.byte	0x1
  77 0027 06       		.byte	0x6
  78 0028 FE010000 		.4byte	.LASF0
  79 002c 03       		.uleb128 0x3
  80 002d B7010000 		.4byte	.LASF4
  81 0031 02       		.byte	0x2
  82 0032 1D       		.byte	0x1d
  83 0033 37000000 		.4byte	0x37
  84 0037 02       		.uleb128 0x2
  85 0038 01       		.byte	0x1
  86 0039 08       		.byte	0x8
  87 003a F0010000 		.4byte	.LASF1
  88 003e 02       		.uleb128 0x2
  89 003f 02       		.byte	0x2
  90 0040 05       		.byte	0x5
  91 0041 32000000 		.4byte	.LASF2
  92 0045 02       		.uleb128 0x2
  93 0046 02       		.byte	0x2
  94 0047 07       		.byte	0x7
  95 0048 C4020000 		.4byte	.LASF3
  96 004c 03       		.uleb128 0x3
  97 004d 04040000 		.4byte	.LASF5
  98 0051 02       		.byte	0x2
  99 0052 3F       		.byte	0x3f
 100 0053 57000000 		.4byte	0x57
 101 0057 02       		.uleb128 0x2
 102 0058 04       		.byte	0x4
 103 0059 05       		.byte	0x5
 104 005a 77010000 		.4byte	.LASF6
 105 005e 02       		.uleb128 0x2
 106 005f 04       		.byte	0x4
 107 0060 07       		.byte	0x7
 108 0061 C0030000 		.4byte	.LASF7
 109 0065 02       		.uleb128 0x2
 110 0066 08       		.byte	0x8
 111 0067 05       		.byte	0x5
 112 0068 2C010000 		.4byte	.LASF8
 113 006c 02       		.uleb128 0x2
 114 006d 08       		.byte	0x8
 115 006e 07       		.byte	0x7
 116 006f 0A020000 		.4byte	.LASF9
 117 0073 04       		.uleb128 0x4
 118 0074 04       		.byte	0x4
ARM GAS  C:\Users\aditi\AppData\Local\Temp\ccvR9l9x.s 			page 4


 119 0075 05       		.byte	0x5
 120 0076 696E7400 		.ascii	"int\000"
 121 007a 02       		.uleb128 0x2
 122 007b 04       		.byte	0x4
 123 007c 07       		.byte	0x7
 124 007d 63020000 		.4byte	.LASF10
 125 0081 03       		.uleb128 0x3
 126 0082 B1000000 		.4byte	.LASF11
 127 0086 03       		.byte	0x3
 128 0087 18       		.byte	0x18
 129 0088 2C000000 		.4byte	0x2c
 130 008c 03       		.uleb128 0x3
 131 008d 7F030000 		.4byte	.LASF12
 132 0091 03       		.byte	0x3
 133 0092 2C       		.byte	0x2c
 134 0093 4C000000 		.4byte	0x4c
 135 0097 02       		.uleb128 0x2
 136 0098 04       		.byte	0x4
 137 0099 04       		.byte	0x4
 138 009a 0D010000 		.4byte	.LASF13
 139 009e 02       		.uleb128 0x2
 140 009f 08       		.byte	0x8
 141 00a0 04       		.byte	0x4
 142 00a1 D2030000 		.4byte	.LASF14
 143 00a5 02       		.uleb128 0x2
 144 00a6 01       		.byte	0x1
 145 00a7 08       		.byte	0x8
 146 00a8 65030000 		.4byte	.LASF15
 147 00ac 02       		.uleb128 0x2
 148 00ad 08       		.byte	0x8
 149 00ae 04       		.byte	0x4
 150 00af E4010000 		.4byte	.LASF16
 151 00b3 03       		.uleb128 0x3
 152 00b4 BB020000 		.4byte	.LASF17
 153 00b8 04       		.byte	0x4
 154 00b9 53       		.byte	0x53
 155 00ba 73000000 		.4byte	0x73
 156 00be 03       		.uleb128 0x3
 157 00bf 95000000 		.4byte	.LASF18
 158 00c3 04       		.byte	0x4
 159 00c4 54       		.byte	0x54
 160 00c5 7A000000 		.4byte	0x7a
 161 00c9 03       		.uleb128 0x3
 162 00ca EB030000 		.4byte	.LASF19
 163 00ce 05       		.byte	0x5
 164 00cf 4D       		.byte	0x4d
 165 00d0 BE000000 		.4byte	0xbe
 166 00d4 03       		.uleb128 0x3
 167 00d5 79000000 		.4byte	.LASF20
 168 00d9 05       		.byte	0x5
 169 00da 4F       		.byte	0x4f
 170 00db BE000000 		.4byte	0xbe
 171 00df 03       		.uleb128 0x3
 172 00e0 AA000000 		.4byte	.LASF21
 173 00e4 05       		.byte	0x5
 174 00e5 78       		.byte	0x78
 175 00e6 B3000000 		.4byte	0xb3
ARM GAS  C:\Users\aditi\AppData\Local\Temp\ccvR9l9x.s 			page 5


 176 00ea 02       		.uleb128 0x2
 177 00eb 04       		.byte	0x4
 178 00ec 07       		.byte	0x7
 179 00ed 62000000 		.4byte	.LASF22
 180 00f1 05       		.uleb128 0x5
 181 00f2 01       		.byte	0x1
 182 00f3 25000000 		.4byte	0x25
 183 00f7 06       		.byte	0x6
 184 00f8 CF       		.byte	0xcf
 185 00f9 9A010000 		.4byte	0x19a
 186 00fd 06       		.uleb128 0x6
 187 00fe 13000000 		.4byte	.LASF23
 188 0102 00       		.byte	0
 189 0103 07       		.uleb128 0x7
 190 0104 2D040000 		.4byte	.LASF24
 191 0108 7F       		.sleb128 -1
 192 0109 07       		.uleb128 0x7
 193 010a 97020000 		.4byte	.LASF25
 194 010e 7E       		.sleb128 -2
 195 010f 07       		.uleb128 0x7
 196 0110 6B000000 		.4byte	.LASF26
 197 0114 7D       		.sleb128 -3
 198 0115 07       		.uleb128 0x7
 199 0116 36040000 		.4byte	.LASF27
 200 011a 7C       		.sleb128 -4
 201 011b 07       		.uleb128 0x7
 202 011c FE000000 		.4byte	.LASF28
 203 0120 7B       		.sleb128 -5
 204 0121 07       		.uleb128 0x7
 205 0122 3C000000 		.4byte	.LASF29
 206 0126 7A       		.sleb128 -6
 207 0127 07       		.uleb128 0x7
 208 0128 80010000 		.4byte	.LASF30
 209 012c 79       		.sleb128 -7
 210 012d 07       		.uleb128 0x7
 211 012e 6A030000 		.4byte	.LASF31
 212 0132 78       		.sleb128 -8
 213 0133 07       		.uleb128 0x7
 214 0134 A5020000 		.4byte	.LASF32
 215 0138 77       		.sleb128 -9
 216 0139 07       		.uleb128 0x7
 217 013a 92010000 		.4byte	.LASF33
 218 013e 76       		.sleb128 -10
 219 013f 07       		.uleb128 0x7
 220 0140 63040000 		.4byte	.LASF34
 221 0144 75       		.sleb128 -11
 222 0145 07       		.uleb128 0x7
 223 0146 70020000 		.4byte	.LASF35
 224 014a 74       		.sleb128 -12
 225 014b 07       		.uleb128 0x7
 226 014c D9030000 		.4byte	.LASF36
 227 0150 73       		.sleb128 -13
 228 0151 07       		.uleb128 0x7
 229 0152 00000000 		.4byte	.LASF37
 230 0156 72       		.sleb128 -14
 231 0157 07       		.uleb128 0x7
 232 0158 1E000000 		.4byte	.LASF38
ARM GAS  C:\Users\aditi\AppData\Local\Temp\ccvR9l9x.s 			page 6


 233 015c 71       		.sleb128 -15
 234 015d 07       		.uleb128 0x7
 235 015e C1010000 		.4byte	.LASF39
 236 0162 70       		.sleb128 -16
 237 0163 07       		.uleb128 0x7
 238 0164 81000000 		.4byte	.LASF40
 239 0168 6F       		.sleb128 -17
 240 0169 07       		.uleb128 0x7
 241 016a 4D000000 		.4byte	.LASF41
 242 016e 6E       		.sleb128 -18
 243 016f 07       		.uleb128 0x7
 244 0170 53010000 		.4byte	.LASF42
 245 0174 6D       		.sleb128 -19
 246 0175 07       		.uleb128 0x7
 247 0176 95030000 		.4byte	.LASF43
 248 017a 6C       		.sleb128 -20
 249 017b 07       		.uleb128 0x7
 250 017c D2010000 		.4byte	.LASF44
 251 0180 6B       		.sleb128 -21
 252 0181 07       		.uleb128 0x7
 253 0182 0E040000 		.4byte	.LASF45
 254 0186 6A       		.sleb128 -22
 255 0187 07       		.uleb128 0x7
 256 0188 B9000000 		.4byte	.LASF46
 257 018c 69       		.sleb128 -23
 258 018d 07       		.uleb128 0x7
 259 018e 66010000 		.4byte	.LASF47
 260 0192 68       		.sleb128 -24
 261 0193 07       		.uleb128 0x7
 262 0194 13010000 		.4byte	.LASF48
 263 0198 67       		.sleb128 -25
 264 0199 00       		.byte	0
 265 019a 03       		.uleb128 0x3
 266 019b 5E040000 		.4byte	.LASF49
 267 019f 06       		.byte	0x6
 268 01a0 EA       		.byte	0xea
 269 01a1 F1000000 		.4byte	0xf1
 270 01a5 08       		.uleb128 0x8
 271 01a6 01       		.byte	0x1
 272 01a7 07       		.byte	0x7
 273 01a8 1F       		.byte	0x1f
 274 01a9 BA010000 		.4byte	0x1ba
 275 01ad 09       		.uleb128 0x9
 276 01ae 9F000000 		.4byte	.LASF60
 277 01b2 07       		.byte	0x7
 278 01b3 21       		.byte	0x21
 279 01b4 81000000 		.4byte	0x81
 280 01b8 00       		.byte	0
 281 01b9 00       		.byte	0
 282 01ba 03       		.uleb128 0x3
 283 01bb 87030000 		.4byte	.LASF50
 284 01bf 07       		.byte	0x7
 285 01c0 24       		.byte	0x24
 286 01c1 A5010000 		.4byte	0x1a5
 287 01c5 0A       		.uleb128 0xa
 288 01c6 04       		.byte	0x4
 289 01c7 CB010000 		.4byte	0x1cb
ARM GAS  C:\Users\aditi\AppData\Local\Temp\ccvR9l9x.s 			page 7


 290 01cb 0B       		.uleb128 0xb
 291 01cc BA010000 		.4byte	0x1ba
 292 01d0 0B       		.uleb128 0xb
 293 01d1 C5010000 		.4byte	0x1c5
 294 01d5 0C       		.uleb128 0xc
 295 01d6 F3030000 		.4byte	.LASF61
 296 01da 01       		.byte	0x1
 297 01db 29       		.byte	0x29
 298 01dc 9A010000 		.4byte	0x19a
 299 01e0 00000000 		.4byte	.LFB150
 300 01e4 0C000000 		.4byte	.LFE150-.LFB150
 301 01e8 01       		.uleb128 0x1
 302 01e9 9C       		.byte	0x9c
 303 01ea 07020000 		.4byte	0x207
 304 01ee 0D       		.uleb128 0xd
 305 01ef A8030000 		.4byte	.LASF62
 306 01f3 01       		.byte	0x1
 307 01f4 29       		.byte	0x29
 308 01f5 D0010000 		.4byte	0x1d0
 309 01f9 00000000 		.4byte	.LLST0
 310 01fd 0E       		.uleb128 0xe
 311 01fe 08000000 		.4byte	.LVL2
 312 0202 4F020000 		.4byte	0x24f
 313 0206 00       		.byte	0
 314 0207 0F       		.uleb128 0xf
 315 0208 46040000 		.4byte	.LASF51
 316 020c 08       		.byte	0x8
 317 020d 40       		.byte	0x40
 318 020e C9000000 		.4byte	0xc9
 319 0212 0F       		.uleb128 0xf
 320 0213 3A010000 		.4byte	.LASF52
 321 0217 08       		.byte	0x8
 322 0218 47       		.byte	0x47
 323 0219 D4000000 		.4byte	0xd4
 324 021d 0F       		.uleb128 0xf
 325 021e AD030000 		.4byte	.LASF53
 326 0222 08       		.byte	0x8
 327 0223 4A       		.byte	0x4a
 328 0224 C9000000 		.4byte	0xc9
 329 0228 0F       		.uleb128 0xf
 330 0229 E5000000 		.4byte	.LASF54
 331 022d 09       		.byte	0x9
 332 022e 48       		.byte	0x48
 333 022f DF000000 		.4byte	0xdf
 334 0233 0F       		.uleb128 0xf
 335 0234 D0000000 		.4byte	.LASF55
 336 0238 0A       		.byte	0xa
 337 0239 44       		.byte	0x44
 338 023a C9000000 		.4byte	0xc9
 339 023e 10       		.uleb128 0x10
 340 023f 20040000 		.4byte	.LASF56
 341 0243 0B       		.byte	0xb
 342 0244 1207     		.2byte	0x712
 343 0246 4A020000 		.4byte	0x24a
 344 024a 11       		.uleb128 0x11
 345 024b 8C000000 		.4byte	0x8c
 346 024f 12       		.uleb128 0x12
ARM GAS  C:\Users\aditi\AppData\Local\Temp\ccvR9l9x.s 			page 8


 347 0250 A0010000 		.4byte	.LASF63
 348 0254 A0010000 		.4byte	.LASF63
 349 0258 0C       		.byte	0xc
 350 0259 35       		.byte	0x35
 351 025a 00       		.byte	0
 352              		.section	.debug_abbrev,"",%progbits
 353              	.Ldebug_abbrev0:
 354 0000 01       		.uleb128 0x1
 355 0001 11       		.uleb128 0x11
 356 0002 01       		.byte	0x1
 357 0003 25       		.uleb128 0x25
 358 0004 0E       		.uleb128 0xe
 359 0005 13       		.uleb128 0x13
 360 0006 0B       		.uleb128 0xb
 361 0007 03       		.uleb128 0x3
 362 0008 0E       		.uleb128 0xe
 363 0009 1B       		.uleb128 0x1b
 364 000a 0E       		.uleb128 0xe
 365 000b 55       		.uleb128 0x55
 366 000c 17       		.uleb128 0x17
 367 000d 11       		.uleb128 0x11
 368 000e 01       		.uleb128 0x1
 369 000f 10       		.uleb128 0x10
 370 0010 17       		.uleb128 0x17
 371 0011 00       		.byte	0
 372 0012 00       		.byte	0
 373 0013 02       		.uleb128 0x2
 374 0014 24       		.uleb128 0x24
 375 0015 00       		.byte	0
 376 0016 0B       		.uleb128 0xb
 377 0017 0B       		.uleb128 0xb
 378 0018 3E       		.uleb128 0x3e
 379 0019 0B       		.uleb128 0xb
 380 001a 03       		.uleb128 0x3
 381 001b 0E       		.uleb128 0xe
 382 001c 00       		.byte	0
 383 001d 00       		.byte	0
 384 001e 03       		.uleb128 0x3
 385 001f 16       		.uleb128 0x16
 386 0020 00       		.byte	0
 387 0021 03       		.uleb128 0x3
 388 0022 0E       		.uleb128 0xe
 389 0023 3A       		.uleb128 0x3a
 390 0024 0B       		.uleb128 0xb
 391 0025 3B       		.uleb128 0x3b
 392 0026 0B       		.uleb128 0xb
 393 0027 49       		.uleb128 0x49
 394 0028 13       		.uleb128 0x13
 395 0029 00       		.byte	0
 396 002a 00       		.byte	0
 397 002b 04       		.uleb128 0x4
 398 002c 24       		.uleb128 0x24
 399 002d 00       		.byte	0
 400 002e 0B       		.uleb128 0xb
 401 002f 0B       		.uleb128 0xb
 402 0030 3E       		.uleb128 0x3e
 403 0031 0B       		.uleb128 0xb
ARM GAS  C:\Users\aditi\AppData\Local\Temp\ccvR9l9x.s 			page 9


 404 0032 03       		.uleb128 0x3
 405 0033 08       		.uleb128 0x8
 406 0034 00       		.byte	0
 407 0035 00       		.byte	0
 408 0036 05       		.uleb128 0x5
 409 0037 04       		.uleb128 0x4
 410 0038 01       		.byte	0x1
 411 0039 0B       		.uleb128 0xb
 412 003a 0B       		.uleb128 0xb
 413 003b 49       		.uleb128 0x49
 414 003c 13       		.uleb128 0x13
 415 003d 3A       		.uleb128 0x3a
 416 003e 0B       		.uleb128 0xb
 417 003f 3B       		.uleb128 0x3b
 418 0040 0B       		.uleb128 0xb
 419 0041 01       		.uleb128 0x1
 420 0042 13       		.uleb128 0x13
 421 0043 00       		.byte	0
 422 0044 00       		.byte	0
 423 0045 06       		.uleb128 0x6
 424 0046 28       		.uleb128 0x28
 425 0047 00       		.byte	0
 426 0048 03       		.uleb128 0x3
 427 0049 0E       		.uleb128 0xe
 428 004a 1C       		.uleb128 0x1c
 429 004b 0B       		.uleb128 0xb
 430 004c 00       		.byte	0
 431 004d 00       		.byte	0
 432 004e 07       		.uleb128 0x7
 433 004f 28       		.uleb128 0x28
 434 0050 00       		.byte	0
 435 0051 03       		.uleb128 0x3
 436 0052 0E       		.uleb128 0xe
 437 0053 1C       		.uleb128 0x1c
 438 0054 0D       		.uleb128 0xd
 439 0055 00       		.byte	0
 440 0056 00       		.byte	0
 441 0057 08       		.uleb128 0x8
 442 0058 13       		.uleb128 0x13
 443 0059 01       		.byte	0x1
 444 005a 0B       		.uleb128 0xb
 445 005b 0B       		.uleb128 0xb
 446 005c 3A       		.uleb128 0x3a
 447 005d 0B       		.uleb128 0xb
 448 005e 3B       		.uleb128 0x3b
 449 005f 0B       		.uleb128 0xb
 450 0060 01       		.uleb128 0x1
 451 0061 13       		.uleb128 0x13
 452 0062 00       		.byte	0
 453 0063 00       		.byte	0
 454 0064 09       		.uleb128 0x9
 455 0065 0D       		.uleb128 0xd
 456 0066 00       		.byte	0
 457 0067 03       		.uleb128 0x3
 458 0068 0E       		.uleb128 0xe
 459 0069 3A       		.uleb128 0x3a
 460 006a 0B       		.uleb128 0xb
ARM GAS  C:\Users\aditi\AppData\Local\Temp\ccvR9l9x.s 			page 10


 461 006b 3B       		.uleb128 0x3b
 462 006c 0B       		.uleb128 0xb
 463 006d 49       		.uleb128 0x49
 464 006e 13       		.uleb128 0x13
 465 006f 38       		.uleb128 0x38
 466 0070 0B       		.uleb128 0xb
 467 0071 00       		.byte	0
 468 0072 00       		.byte	0
 469 0073 0A       		.uleb128 0xa
 470 0074 0F       		.uleb128 0xf
 471 0075 00       		.byte	0
 472 0076 0B       		.uleb128 0xb
 473 0077 0B       		.uleb128 0xb
 474 0078 49       		.uleb128 0x49
 475 0079 13       		.uleb128 0x13
 476 007a 00       		.byte	0
 477 007b 00       		.byte	0
 478 007c 0B       		.uleb128 0xb
 479 007d 26       		.uleb128 0x26
 480 007e 00       		.byte	0
 481 007f 49       		.uleb128 0x49
 482 0080 13       		.uleb128 0x13
 483 0081 00       		.byte	0
 484 0082 00       		.byte	0
 485 0083 0C       		.uleb128 0xc
 486 0084 2E       		.uleb128 0x2e
 487 0085 01       		.byte	0x1
 488 0086 3F       		.uleb128 0x3f
 489 0087 19       		.uleb128 0x19
 490 0088 03       		.uleb128 0x3
 491 0089 0E       		.uleb128 0xe
 492 008a 3A       		.uleb128 0x3a
 493 008b 0B       		.uleb128 0xb
 494 008c 3B       		.uleb128 0x3b
 495 008d 0B       		.uleb128 0xb
 496 008e 27       		.uleb128 0x27
 497 008f 19       		.uleb128 0x19
 498 0090 49       		.uleb128 0x49
 499 0091 13       		.uleb128 0x13
 500 0092 11       		.uleb128 0x11
 501 0093 01       		.uleb128 0x1
 502 0094 12       		.uleb128 0x12
 503 0095 06       		.uleb128 0x6
 504 0096 40       		.uleb128 0x40
 505 0097 18       		.uleb128 0x18
 506 0098 9742     		.uleb128 0x2117
 507 009a 19       		.uleb128 0x19
 508 009b 01       		.uleb128 0x1
 509 009c 13       		.uleb128 0x13
 510 009d 00       		.byte	0
 511 009e 00       		.byte	0
 512 009f 0D       		.uleb128 0xd
 513 00a0 05       		.uleb128 0x5
 514 00a1 00       		.byte	0
 515 00a2 03       		.uleb128 0x3
 516 00a3 0E       		.uleb128 0xe
 517 00a4 3A       		.uleb128 0x3a
ARM GAS  C:\Users\aditi\AppData\Local\Temp\ccvR9l9x.s 			page 11


 518 00a5 0B       		.uleb128 0xb
 519 00a6 3B       		.uleb128 0x3b
 520 00a7 0B       		.uleb128 0xb
 521 00a8 49       		.uleb128 0x49
 522 00a9 13       		.uleb128 0x13
 523 00aa 02       		.uleb128 0x2
 524 00ab 17       		.uleb128 0x17
 525 00ac 00       		.byte	0
 526 00ad 00       		.byte	0
 527 00ae 0E       		.uleb128 0xe
 528 00af 898201   		.uleb128 0x4109
 529 00b2 00       		.byte	0
 530 00b3 11       		.uleb128 0x11
 531 00b4 01       		.uleb128 0x1
 532 00b5 31       		.uleb128 0x31
 533 00b6 13       		.uleb128 0x13
 534 00b7 00       		.byte	0
 535 00b8 00       		.byte	0
 536 00b9 0F       		.uleb128 0xf
 537 00ba 34       		.uleb128 0x34
 538 00bb 00       		.byte	0
 539 00bc 03       		.uleb128 0x3
 540 00bd 0E       		.uleb128 0xe
 541 00be 3A       		.uleb128 0x3a
 542 00bf 0B       		.uleb128 0xb
 543 00c0 3B       		.uleb128 0x3b
 544 00c1 0B       		.uleb128 0xb
 545 00c2 49       		.uleb128 0x49
 546 00c3 13       		.uleb128 0x13
 547 00c4 3F       		.uleb128 0x3f
 548 00c5 19       		.uleb128 0x19
 549 00c6 3C       		.uleb128 0x3c
 550 00c7 19       		.uleb128 0x19
 551 00c8 00       		.byte	0
 552 00c9 00       		.byte	0
 553 00ca 10       		.uleb128 0x10
 554 00cb 34       		.uleb128 0x34
 555 00cc 00       		.byte	0
 556 00cd 03       		.uleb128 0x3
 557 00ce 0E       		.uleb128 0xe
 558 00cf 3A       		.uleb128 0x3a
 559 00d0 0B       		.uleb128 0xb
 560 00d1 3B       		.uleb128 0x3b
 561 00d2 05       		.uleb128 0x5
 562 00d3 49       		.uleb128 0x49
 563 00d4 13       		.uleb128 0x13
 564 00d5 3F       		.uleb128 0x3f
 565 00d6 19       		.uleb128 0x19
 566 00d7 3C       		.uleb128 0x3c
 567 00d8 19       		.uleb128 0x19
 568 00d9 00       		.byte	0
 569 00da 00       		.byte	0
 570 00db 11       		.uleb128 0x11
 571 00dc 35       		.uleb128 0x35
 572 00dd 00       		.byte	0
 573 00de 49       		.uleb128 0x49
 574 00df 13       		.uleb128 0x13
ARM GAS  C:\Users\aditi\AppData\Local\Temp\ccvR9l9x.s 			page 12


 575 00e0 00       		.byte	0
 576 00e1 00       		.byte	0
 577 00e2 12       		.uleb128 0x12
 578 00e3 2E       		.uleb128 0x2e
 579 00e4 00       		.byte	0
 580 00e5 3F       		.uleb128 0x3f
 581 00e6 19       		.uleb128 0x19
 582 00e7 3C       		.uleb128 0x3c
 583 00e8 19       		.uleb128 0x19
 584 00e9 6E       		.uleb128 0x6e
 585 00ea 0E       		.uleb128 0xe
 586 00eb 03       		.uleb128 0x3
 587 00ec 0E       		.uleb128 0xe
 588 00ed 3A       		.uleb128 0x3a
 589 00ee 0B       		.uleb128 0xb
 590 00ef 3B       		.uleb128 0x3b
 591 00f0 0B       		.uleb128 0xb
 592 00f1 00       		.byte	0
 593 00f2 00       		.byte	0
 594 00f3 00       		.byte	0
 595              		.section	.debug_loc,"",%progbits
 596              	.Ldebug_loc0:
 597              	.LLST0:
 598 0000 00000000 		.4byte	.LVL0
 599 0004 04000000 		.4byte	.LVL1
 600 0008 0100     		.2byte	0x1
 601 000a 50       		.byte	0x50
 602 000b 04000000 		.4byte	.LVL1
 603 000f 0C000000 		.4byte	.LFE150
 604 0013 0400     		.2byte	0x4
 605 0015 F3       		.byte	0xf3
 606 0016 01       		.uleb128 0x1
 607 0017 50       		.byte	0x50
 608 0018 9F       		.byte	0x9f
 609 0019 00000000 		.4byte	0
 610 001d 00000000 		.4byte	0
 611              		.section	.debug_aranges,"",%progbits
 612 0000 1C000000 		.4byte	0x1c
 613 0004 0200     		.2byte	0x2
 614 0006 00000000 		.4byte	.Ldebug_info0
 615 000a 04       		.byte	0x4
 616 000b 00       		.byte	0
 617 000c 0000     		.2byte	0
 618 000e 0000     		.2byte	0
 619 0010 00000000 		.4byte	.LFB150
 620 0014 0C000000 		.4byte	.LFE150-.LFB150
 621 0018 00000000 		.4byte	0
 622 001c 00000000 		.4byte	0
 623              		.section	.debug_ranges,"",%progbits
 624              	.Ldebug_ranges0:
 625 0000 00000000 		.4byte	.LFB150
 626 0004 0C000000 		.4byte	.LFE150
 627 0008 00000000 		.4byte	0
 628 000c 00000000 		.4byte	0
 629              		.section	.debug_line,"",%progbits
 630              	.Ldebug_line0:
 631 0000 45020000 		.section	.debug_str,"MS",%progbits,1
ARM GAS  C:\Users\aditi\AppData\Local\Temp\ccvR9l9x.s 			page 13


 631      02002C02 
 631      00000201 
 631      FB0E0D00 
 631      01010101 
 632              	.LASF37:
 633 0000 52435F45 		.ascii	"RC_ERROR_READ_ONLY\000"
 633      52524F52 
 633      5F524541 
 633      445F4F4E 
 633      4C5900
 634              	.LASF23:
 635 0013 52435F53 		.ascii	"RC_SUCCESS\000"
 635      55434345 
 635      535300
 636              	.LASF38:
 637 001e 52435F45 		.ascii	"RC_ERROR_WRITE_ONLY\000"
 637      52524F52 
 637      5F575249 
 637      54455F4F 
 637      4E4C5900 
 638              	.LASF2:
 639 0032 73686F72 		.ascii	"short int\000"
 639      7420696E 
 639      7400
 640              	.LASF29:
 641 003c 52435F45 		.ascii	"RC_ERROR_OVERRUN\000"
 641      52524F52 
 641      5F4F5645 
 641      5252554E 
 641      00
 642              	.LASF41:
 643 004d 52435F45 		.ascii	"RC_ERROR_WRITE_FAILS\000"
 643      52524F52 
 643      5F575249 
 643      54455F46 
 643      41494C53 
 644              	.LASF22:
 645 0062 73697A65 		.ascii	"sizetype\000"
 645      74797065 
 645      00
 646              	.LASF26:
 647 006b 52435F45 		.ascii	"RC_ERROR_ZERO\000"
 647      52524F52 
 647      5F5A4552 
 647      4F00
 648              	.LASF20:
 649 0079 45455F46 		.ascii	"EE_FREG\000"
 649      52454700 
 650              	.LASF40:
 651 0081 52435F45 		.ascii	"RC_ERROR_READ_FAILS\000"
 651      52524F52 
 651      5F524541 
 651      445F4641 
 651      494C5300 
 652              	.LASF18:
 653 0095 45455F55 		.ascii	"EE_UINT32\000"
 653      494E5433 
ARM GAS  C:\Users\aditi\AppData\Local\Temp\ccvR9l9x.s 			page 14


 653      3200
 654              	.LASF60:
 655 009f 70776D5F 		.ascii	"pwm_engine\000"
 655      656E6769 
 655      6E6500
 656              	.LASF21:
 657 00aa 45455F54 		.ascii	"EE_TID\000"
 657      494400
 658              	.LASF11:
 659 00b1 75696E74 		.ascii	"uint8_t\000"
 659      385F7400 
 660              	.LASF46:
 661 00b9 52435F45 		.ascii	"RC_ERROR_INVALID_STATE\000"
 661      52524F52 
 661      5F494E56 
 661      414C4944 
 661      5F535441 
 662              	.LASF55:
 663 00d0 45455F49 		.ascii	"EE_IRQ_nesting_level\000"
 663      52515F6E 
 663      65737469 
 663      6E675F6C 
 663      6576656C 
 664              	.LASF54:
 665 00e5 45455F73 		.ascii	"EE_std_endcycle_next_tid\000"
 665      74645F65 
 665      6E646379 
 665      636C655F 
 665      6E657874 
 666              	.LASF28:
 667 00fe 52435F45 		.ascii	"RC_ERROR_RANGE\000"
 667      52524F52 
 667      5F52414E 
 667      474500
 668              	.LASF13:
 669 010d 666C6F61 		.ascii	"float\000"
 669      7400
 670              	.LASF48:
 671 0113 52435F45 		.ascii	"RC_ERROR_NOT_IMPLEMENTED\000"
 671      52524F52 
 671      5F4E4F54 
 671      5F494D50 
 671      4C454D45 
 672              	.LASF8:
 673 012c 6C6F6E67 		.ascii	"long long int\000"
 673      206C6F6E 
 673      6720696E 
 673      7400
 674              	.LASF52:
 675 013a 45455F6F 		.ascii	"EE_oo_IRQ_suspend_status\000"
 675      6F5F4952 
 675      515F7375 
 675      7370656E 
 675      645F7374 
 676              	.LASF42:
 677 0153 52435F45 		.ascii	"RC_ERROR_NOT_MATCH\000"
 677      52524F52 
ARM GAS  C:\Users\aditi\AppData\Local\Temp\ccvR9l9x.s 			page 15


 677      5F4E4F54 
 677      5F4D4154 
 677      434800
 678              	.LASF47:
 679 0166 52435F45 		.ascii	"RC_ERROR_UNKNOWN\000"
 679      52524F52 
 679      5F554E4B 
 679      4E4F574E 
 679      00
 680              	.LASF6:
 681 0177 6C6F6E67 		.ascii	"long int\000"
 681      20696E74 
 681      00
 682              	.LASF30:
 683 0180 52435F45 		.ascii	"RC_ERROR_UNDERRUN\000"
 683      52524F52 
 683      5F554E44 
 683      45525255 
 683      4E00
 684              	.LASF33:
 685 0192 52435F45 		.ascii	"RC_ERROR_BUSY\000"
 685      52524F52 
 685      5F425553 
 685      5900
 686              	.LASF63:
 687 01a0 50574D5F 		.ascii	"PWM_Green_setIntensity\000"
 687      47726565 
 687      6E5F7365 
 687      74496E74 
 687      656E7369 
 688              	.LASF4:
 689 01b7 5F5F7569 		.ascii	"__uint8_t\000"
 689      6E74385F 
 689      7400
 690              	.LASF39:
 691 01c1 52435F45 		.ascii	"RC_ERROR_INVALID\000"
 691      52524F52 
 691      5F494E56 
 691      414C4944 
 691      00
 692              	.LASF44:
 693 01d2 52435F45 		.ascii	"RC_ERROR_BAD_DATA\000"
 693      52524F52 
 693      5F424144 
 693      5F444154 
 693      4100
 694              	.LASF16:
 695 01e4 6C6F6E67 		.ascii	"long double\000"
 695      20646F75 
 695      626C6500 
 696              	.LASF1:
 697 01f0 756E7369 		.ascii	"unsigned char\000"
 697      676E6564 
 697      20636861 
 697      7200
 698              	.LASF0:
 699 01fe 7369676E 		.ascii	"signed char\000"
ARM GAS  C:\Users\aditi\AppData\Local\Temp\ccvR9l9x.s 			page 16


 699      65642063 
 699      68617200 
 700              	.LASF9:
 701 020a 6C6F6E67 		.ascii	"long long unsigned int\000"
 701      206C6F6E 
 701      6720756E 
 701      7369676E 
 701      65642069 
 702              	.LASF59:
 703 0221 433A5C44 		.ascii	"C:\\Darmstadt\\SecondSem\\EAA\\Lab1\\GasPedal\\Elec"
 703      61726D73 
 703      74616474 
 703      5C536563 
 703      6F6E6453 
 704 024e 74726F6E 		.ascii	"tronicGasPedal.cydsn\000"
 704      69634761 
 704      73506564 
 704      616C2E63 
 704      7964736E 
 705              	.LASF10:
 706 0263 756E7369 		.ascii	"unsigned int\000"
 706      676E6564 
 706      20696E74 
 706      00
 707              	.LASF35:
 708 0270 52435F45 		.ascii	"RC_ERROR_OPEN\000"
 708      52524F52 
 708      5F4F5045 
 708      4E00
 709              	.LASF58:
 710 027e 736F7572 		.ascii	"source\\rte\\sc_pwm_type.c\000"
 710      63655C72 
 710      74655C73 
 710      635F7077 
 710      6D5F7479 
 711              	.LASF25:
 712 0297 52435F45 		.ascii	"RC_ERROR_NULL\000"
 712      52524F52 
 712      5F4E554C 
 712      4C00
 713              	.LASF32:
 714 02a5 52435F45 		.ascii	"RC_ERROR_BUFFER_EMTPY\000"
 714      52524F52 
 714      5F425546 
 714      4645525F 
 714      454D5450 
 715              	.LASF17:
 716 02bb 45455F49 		.ascii	"EE_INT32\000"
 716      4E543332 
 716      00
 717              	.LASF3:
 718 02c4 73686F72 		.ascii	"short unsigned int\000"
 718      7420756E 
 718      7369676E 
 718      65642069 
 718      6E7400
 719              	.LASF57:
ARM GAS  C:\Users\aditi\AppData\Local\Temp\ccvR9l9x.s 			page 17


 720 02d7 474E5520 		.ascii	"GNU C11 5.4.1 20160609 (release) [ARM/embedded-5-br"
 720      43313120 
 720      352E342E 
 720      31203230 
 720      31363036 
 721 030a 616E6368 		.ascii	"anch revision 237715] -mcpu=cortex-m3 -mthumb -g -O"
 721      20726576 
 721      6973696F 
 721      6E203233 
 721      37373135 
 722 033d 67202D66 		.ascii	"g -ffunction-sections -ffat-lto-objects\000"
 722      66756E63 
 722      74696F6E 
 722      2D736563 
 722      74696F6E 
 723              	.LASF15:
 724 0365 63686172 		.ascii	"char\000"
 724      00
 725              	.LASF31:
 726 036a 52435F45 		.ascii	"RC_ERROR_BUFFER_FULL\000"
 726      52524F52 
 726      5F425546 
 726      4645525F 
 726      46554C4C 
 727              	.LASF12:
 728 037f 696E7433 		.ascii	"int32_t\000"
 728      325F7400 
 729              	.LASF50:
 730 0387 53435F50 		.ascii	"SC_PWM_data_t\000"
 730      574D5F64 
 730      6174615F 
 730      7400
 731              	.LASF43:
 732 0395 52435F45 		.ascii	"RC_ERROR_BAD_PARAM\000"
 732      52524F52 
 732      5F424144 
 732      5F504152 
 732      414D00
 733              	.LASF62:
 734 03a8 64617461 		.ascii	"data\000"
 734      00
 735              	.LASF53:
 736 03ad 45455F41 		.ascii	"EE_ApplicationMode\000"
 736      70706C69 
 736      63617469 
 736      6F6E4D6F 
 736      646500
 737              	.LASF7:
 738 03c0 6C6F6E67 		.ascii	"long unsigned int\000"
 738      20756E73 
 738      69676E65 
 738      6420696E 
 738      7400
 739              	.LASF14:
 740 03d2 646F7562 		.ascii	"double\000"
 740      6C6500
 741              	.LASF36:
ARM GAS  C:\Users\aditi\AppData\Local\Temp\ccvR9l9x.s 			page 18


 742 03d9 52435F45 		.ascii	"RC_ERROR_CHECKSUM\000"
 742      52524F52 
 742      5F434845 
 742      434B5355 
 742      4D00
 743              	.LASF19:
 744 03eb 45455F55 		.ascii	"EE_UREG\000"
 744      52454700 
 745              	.LASF61:
 746 03f3 53435F50 		.ascii	"SC_PWM_driverOut\000"
 746      574D5F64 
 746      72697665 
 746      724F7574 
 746      00
 747              	.LASF5:
 748 0404 5F5F696E 		.ascii	"__int32_t\000"
 748      7433325F 
 748      7400
 749              	.LASF45:
 750 040e 52435F45 		.ascii	"RC_ERROR_CANCELED\000"
 750      52524F52 
 750      5F43414E 
 750      43454C45 
 750      4400
 751              	.LASF56:
 752 0420 49544D5F 		.ascii	"ITM_RxBuffer\000"
 752      52784275 
 752      66666572 
 752      00
 753              	.LASF24:
 754 042d 52435F45 		.ascii	"RC_ERROR\000"
 754      52524F52 
 754      00
 755              	.LASF27:
 756 0436 52435F45 		.ascii	"RC_ERROR_MEMORY\000"
 756      52524F52 
 756      5F4D454D 
 756      4F525900 
 757              	.LASF51:
 758 0446 45455F6F 		.ascii	"EE_oo_IRQ_disable_count\000"
 758      6F5F4952 
 758      515F6469 
 758      7361626C 
 758      655F636F 
 759              	.LASF49:
 760 045e 52435F74 		.ascii	"RC_t\000"
 760      00
 761              	.LASF34:
 762 0463 52435F45 		.ascii	"RC_ERROR_TIME_OUT\000"
 762      52524F52 
 762      5F54494D 
 762      455F4F55 
 762      5400
 763              		.ident	"GCC: (GNU Tools for ARM Embedded Processors) 5.4.1 20160609 (release) [ARM/embedded-5-bran
