ARM GAS  C:\Users\aditi\AppData\Local\Temp\ccPisEZM.s 			page 1


   1              		.syntax unified
   2              		.cpu cortex-m3
   3              		.fpu softvfp
   4              		.eabi_attribute 20, 1
   5              		.eabi_attribute 21, 1
   6              		.eabi_attribute 23, 3
   7              		.eabi_attribute 24, 1
   8              		.eabi_attribute 25, 1
   9              		.eabi_attribute 26, 1
  10              		.eabi_attribute 30, 1
  11              		.eabi_attribute 34, 1
  12              		.eabi_attribute 18, 4
  13              		.thumb
  14              		.syntax unified
  15              		.file	"tsk_system.c"
  16              		.text
  17              	.Ltext0:
  18              		.cfi_sections	.debug_frame
  19              		.section	.text.Functsk_system,"ax",%progbits
  20              		.align	2
  21              		.global	Functsk_system
  22              		.thumb
  23              		.thumb_func
  24              		.type	Functsk_system, %function
  25              	Functsk_system:
  26              	.LFB150:
  27              		.file 1 "source\\asw\\tsk_system.c"
   1:source\asw/tsk_system.c **** 
   2:source\asw/tsk_system.c **** 
   3:source\asw/tsk_system.c **** /*
   4:source\asw/tsk_system.c ****  * Filename: tsk_system.c
   5:source\asw/tsk_system.c ****  *
   6:source\asw/tsk_system.c ****  * Author: Autogenerated by H-DA RTE Generator, (c) Prof. Fromm
   7:source\asw/tsk_system.c ****  */
   8:source\asw/tsk_system.c **** 
   9:source\asw/tsk_system.c **** #include "project.h"
  10:source\asw/tsk_system.c **** #include "global.h"
  11:source\asw/tsk_system.c **** #include "rte.h"
  12:source\asw/tsk_system.c **** #include "rte_types.h"
  13:source\asw/tsk_system.c **** #include "tsk_system.h"
  14:source\asw/tsk_system.c **** 
  15:source\asw/tsk_system.c **** 
  16:source\asw/tsk_system.c **** 
  17:source\asw/tsk_system.c **** /* USER CODE START TSK_SYSTEM_INCLUDE */
  18:source\asw/tsk_system.c **** #include "sp_common.h"
  19:source\asw/tsk_system.c **** /* USER CODE END TSK_SYSTEM_INCLUDE */
  20:source\asw/tsk_system.c **** 
  21:source\asw/tsk_system.c **** 
  22:source\asw/tsk_system.c **** /* USER CODE START TSK_SYSTEM_USERDEFINITIONS */
  23:source\asw/tsk_system.c **** 
  24:source\asw/tsk_system.c **** /* USER CODE END TSK_SYSTEM_USERDEFINITIONS */
  25:source\asw/tsk_system.c **** 
  26:source\asw/tsk_system.c **** /*******************************************************************************
  27:source\asw/tsk_system.c ****  * Runnable Tables from Activation Engine
  28:source\asw/tsk_system.c ****  *******************************************************************************/
  29:source\asw/tsk_system.c **** 
  30:source\asw/tsk_system.c **** 
ARM GAS  C:\Users\aditi\AppData\Local\Temp\ccPisEZM.s 			page 2


  31:source\asw/tsk_system.c **** /*******************************************************************************
  32:source\asw/tsk_system.c ****  * Task Body
  33:source\asw/tsk_system.c ****  *******************************************************************************/
  34:source\asw/tsk_system.c **** 
  35:source\asw/tsk_system.c **** 
  36:source\asw/tsk_system.c **** /*
  37:source\asw/tsk_system.c **** * description: Task to update the age of the signals
  38:source\asw/tsk_system.c **** * events: 
  39:source\asw/tsk_system.c **** * mode: System
  40:source\asw/tsk_system.c **** * name: tsk_system
  41:source\asw/tsk_system.c **** * shortname: system
  42:source\asw/tsk_system.c **** * signalpoolsRO: sp_common
  43:source\asw/tsk_system.c **** * signalpoolsRW: sp_common
  44:source\asw/tsk_system.c **** * tickEvent: 0
  45:source\asw/tsk_system.c **** * timertickperiod: 1
  46:source\asw/tsk_system.c **** */
  47:source\asw/tsk_system.c **** TASK(tsk_system)
  48:source\asw/tsk_system.c **** {
  28              		.loc 1 48 0
  29              		.cfi_startproc
  30              		@ args = 0, pretend = 0, frame = 0
  31              		@ frame_needed = 0, uses_anonymous_args = 0
  32 0000 08B5     		push	{r3, lr}
  33              		.cfi_def_cfa_offset 8
  34              		.cfi_offset 3, -8
  35              		.cfi_offset 14, -4
  49:source\asw/tsk_system.c **** 	//Increment the age of all signals
  50:source\asw/tsk_system.c **** 	//Ticktime of the task: 1 ms
  51:source\asw/tsk_system.c ****     
  52:source\asw/tsk_system.c **** 	/* USER CODE START TSK_SYSTEM_TASKBOBY_PRE */
  53:source\asw/tsk_system.c **** 
  54:source\asw/tsk_system.c **** 	/* USER CODE END TSK_SYSTEM_TASKBODY_PRE */
  55:source\asw/tsk_system.c **** 	
  56:source\asw/tsk_system.c ****     // tick for signalpool sp_common
  57:source\asw/tsk_system.c ****     RTE_timertick_sp_common_tick(1);
  36              		.loc 1 57 0
  37 0002 0120     		movs	r0, #1
  38 0004 FFF7FEFF 		bl	RTE_timertick_sp_common_tick
  39              	.LVL0:
  58:source\asw/tsk_system.c ****     
  59:source\asw/tsk_system.c ****     /* USER CODE START TSK_SYSTEM_TASKBODY_POST */
  60:source\asw/tsk_system.c **** 
  61:source\asw/tsk_system.c ****     /* USER CODE END TSK_SYSTEM_TASKBODY_POST */
  62:source\asw/tsk_system.c ****     TerminateTask();
  40              		.loc 1 62 0
  41 0008 FFF7FEFF 		bl	EE_oo_TerminateTask
  42              	.LVL1:
  43 000c 08BD     		pop	{r3, pc}
  44              		.cfi_endproc
  45              	.LFE150:
  46              		.size	Functsk_system, .-Functsk_system
  47 000e 00BF     		.text
  48              	.Letext0:
  49              		.file 2 "c:\\program files (x86)\\cypress\\psoc creator\\4.4\\psoc creator\\import\\gnu\\arm\\5.4.
  50              		.file 3 "c:\\program files (x86)\\cypress\\psoc creator\\4.4\\psoc creator\\import\\gnu\\arm\\5.4.
  51              		.file 4 "Generated_Source\\PSoC5/ErikaOS_common_ee_types.inc"
  52              		.file 5 "Generated_Source\\PSoC5/ErikaOS_cortex_mx_ee_cpu.inc"
ARM GAS  C:\Users\aditi\AppData\Local\Temp\ccPisEZM.s 			page 3


  53              		.file 6 "Generated_Source\\PSoC5/ErikaOS_ee_oo_intfunc.inc"
  54              		.file 7 "Generated_Source\\PSoC5/ErikaOS_cortex_mx_ee_context.inc"
  55              		.file 8 "Generated_Source\\PSoC5/ErikaOS_common_ee_primitives.inc"
  56              		.file 9 "Generated_Source\\PSoC5/core_cm3.h"
  57              		.file 10 ".\\source\\rte/sp_common.h"
  58              		.file 11 "Generated_Source\\PSoC5/ErikaOS_ee_oo_kernel.inc"
  59              		.section	.debug_info,"",%progbits
  60              	.Ldebug_info0:
  61 0000 68010000 		.4byte	0x168
  62 0004 0400     		.2byte	0x4
  63 0006 00000000 		.4byte	.Ldebug_abbrev0
  64 000a 04       		.byte	0x4
  65 000b 01       		.uleb128 0x1
  66 000c 5C000000 		.4byte	.LASF29
  67 0010 0C       		.byte	0xc
  68 0011 F5010000 		.4byte	.LASF30
  69 0015 4C020000 		.4byte	.LASF31
  70 0019 00000000 		.4byte	.Ldebug_ranges0+0
  71 001d 00000000 		.4byte	0
  72 0021 00000000 		.4byte	.Ldebug_line0
  73 0025 02       		.uleb128 0x2
  74 0026 01       		.byte	0x1
  75 0027 06       		.byte	0x6
  76 0028 2C020000 		.4byte	.LASF0
  77 002c 02       		.uleb128 0x2
  78 002d 01       		.byte	0x1
  79 002e 08       		.byte	0x8
  80 002f 3D010000 		.4byte	.LASF1
  81 0033 02       		.uleb128 0x2
  82 0034 02       		.byte	0x2
  83 0035 05       		.byte	0x5
  84 0036 0D020000 		.4byte	.LASF2
  85 003a 02       		.uleb128 0x2
  86 003b 02       		.byte	0x2
  87 003c 07       		.byte	0x7
  88 003d 05010000 		.4byte	.LASF3
  89 0041 03       		.uleb128 0x3
  90 0042 00000000 		.4byte	.LASF9
  91 0046 02       		.byte	0x2
  92 0047 3F       		.byte	0x3f
  93 0048 4C000000 		.4byte	0x4c
  94 004c 02       		.uleb128 0x2
  95 004d 04       		.byte	0x4
  96 004e 05       		.byte	0x5
  97 004f 17020000 		.4byte	.LASF4
  98 0053 02       		.uleb128 0x2
  99 0054 04       		.byte	0x4
 100 0055 07       		.byte	0x7
 101 0056 F3000000 		.4byte	.LASF5
 102 005a 02       		.uleb128 0x2
 103 005b 08       		.byte	0x8
 104 005c 05       		.byte	0x5
 105 005d C5010000 		.4byte	.LASF6
 106 0061 02       		.uleb128 0x2
 107 0062 08       		.byte	0x8
 108 0063 07       		.byte	0x7
 109 0064 8A010000 		.4byte	.LASF7
ARM GAS  C:\Users\aditi\AppData\Local\Temp\ccPisEZM.s 			page 4


 110 0068 04       		.uleb128 0x4
 111 0069 04       		.byte	0x4
 112 006a 05       		.byte	0x5
 113 006b 696E7400 		.ascii	"int\000"
 114 006f 02       		.uleb128 0x2
 115 0070 04       		.byte	0x4
 116 0071 07       		.byte	0x7
 117 0072 6B010000 		.4byte	.LASF8
 118 0076 03       		.uleb128 0x3
 119 0077 B4010000 		.4byte	.LASF10
 120 007b 03       		.byte	0x3
 121 007c 2C       		.byte	0x2c
 122 007d 41000000 		.4byte	0x41
 123 0081 02       		.uleb128 0x2
 124 0082 04       		.byte	0x4
 125 0083 04       		.byte	0x4
 126 0084 47000000 		.4byte	.LASF11
 127 0088 02       		.uleb128 0x2
 128 0089 08       		.byte	0x8
 129 008a 04       		.byte	0x4
 130 008b 4B010000 		.4byte	.LASF12
 131 008f 02       		.uleb128 0x2
 132 0090 01       		.byte	0x1
 133 0091 08       		.byte	0x8
 134 0092 D3010000 		.4byte	.LASF13
 135 0096 02       		.uleb128 0x2
 136 0097 08       		.byte	0x8
 137 0098 04       		.byte	0x4
 138 0099 20020000 		.4byte	.LASF14
 139 009d 03       		.uleb128 0x3
 140 009e EA000000 		.4byte	.LASF15
 141 00a2 04       		.byte	0x4
 142 00a3 53       		.byte	0x53
 143 00a4 68000000 		.4byte	0x68
 144 00a8 03       		.uleb128 0x3
 145 00a9 80010000 		.4byte	.LASF16
 146 00ad 04       		.byte	0x4
 147 00ae 54       		.byte	0x54
 148 00af 6F000000 		.4byte	0x6f
 149 00b3 03       		.uleb128 0x3
 150 00b4 D8010000 		.4byte	.LASF17
 151 00b8 05       		.byte	0x5
 152 00b9 4D       		.byte	0x4d
 153 00ba A8000000 		.4byte	0xa8
 154 00be 03       		.uleb128 0x3
 155 00bf 78010000 		.4byte	.LASF18
 156 00c3 05       		.byte	0x5
 157 00c4 4F       		.byte	0x4f
 158 00c5 A8000000 		.4byte	0xa8
 159 00c9 03       		.uleb128 0x3
 160 00ca 23000000 		.4byte	.LASF19
 161 00ce 05       		.byte	0x5
 162 00cf 78       		.byte	0x78
 163 00d0 9D000000 		.4byte	0x9d
 164 00d4 02       		.uleb128 0x2
 165 00d5 04       		.byte	0x4
 166 00d6 07       		.byte	0x7
ARM GAS  C:\Users\aditi\AppData\Local\Temp\ccPisEZM.s 			page 5


 167 00d7 BC010000 		.4byte	.LASF20
 168 00db 05       		.uleb128 0x5
 169 00dc 4D000000 		.4byte	.LASF32
 170 00e0 01       		.byte	0x1
 171 00e1 2F       		.byte	0x2f
 172 00e2 00000000 		.4byte	.LFB150
 173 00e6 0E000000 		.4byte	.LFE150-.LFB150
 174 00ea 01       		.uleb128 0x1
 175 00eb 9C       		.byte	0x9c
 176 00ec 0D010000 		.4byte	0x10d
 177 00f0 06       		.uleb128 0x6
 178 00f1 08000000 		.4byte	.LVL0
 179 00f5 55010000 		.4byte	0x155
 180 00f9 03010000 		.4byte	0x103
 181 00fd 07       		.uleb128 0x7
 182 00fe 01       		.uleb128 0x1
 183 00ff 50       		.byte	0x50
 184 0100 01       		.uleb128 0x1
 185 0101 31       		.byte	0x31
 186 0102 00       		.byte	0
 187 0103 08       		.uleb128 0x8
 188 0104 0C000000 		.4byte	.LVL1
 189 0108 60010000 		.4byte	0x160
 190 010c 00       		.byte	0
 191 010d 09       		.uleb128 0x9
 192 010e 18010000 		.4byte	.LASF21
 193 0112 06       		.byte	0x6
 194 0113 40       		.byte	0x40
 195 0114 B3000000 		.4byte	0xb3
 196 0118 09       		.uleb128 0x9
 197 0119 0A000000 		.4byte	.LASF22
 198 011d 06       		.byte	0x6
 199 011e 47       		.byte	0x47
 200 011f BE000000 		.4byte	0xbe
 201 0123 09       		.uleb128 0x9
 202 0124 A1010000 		.4byte	.LASF23
 203 0128 06       		.byte	0x6
 204 0129 4A       		.byte	0x4a
 205 012a B3000000 		.4byte	0xb3
 206 012e 09       		.uleb128 0x9
 207 012f 52010000 		.4byte	.LASF24
 208 0133 07       		.byte	0x7
 209 0134 48       		.byte	0x48
 210 0135 C9000000 		.4byte	0xc9
 211 0139 09       		.uleb128 0x9
 212 013a E0010000 		.4byte	.LASF25
 213 013e 08       		.byte	0x8
 214 013f 44       		.byte	0x44
 215 0140 B3000000 		.4byte	0xb3
 216 0144 0A       		.uleb128 0xa
 217 0145 30010000 		.4byte	.LASF26
 218 0149 09       		.byte	0x9
 219 014a 1207     		.2byte	0x712
 220 014c 50010000 		.4byte	0x150
 221 0150 0B       		.uleb128 0xb
 222 0151 76000000 		.4byte	0x76
 223 0155 0C       		.uleb128 0xc
ARM GAS  C:\Users\aditi\AppData\Local\Temp\ccPisEZM.s 			page 6


 224 0156 2A000000 		.4byte	.LASF27
 225 015a 2A000000 		.4byte	.LASF27
 226 015e 0A       		.byte	0xa
 227 015f 5C       		.byte	0x5c
 228 0160 0C       		.uleb128 0xc
 229 0161 38020000 		.4byte	.LASF28
 230 0165 38020000 		.4byte	.LASF28
 231 0169 0B       		.byte	0xb
 232 016a 9F       		.byte	0x9f
 233 016b 00       		.byte	0
 234              		.section	.debug_abbrev,"",%progbits
 235              	.Ldebug_abbrev0:
 236 0000 01       		.uleb128 0x1
 237 0001 11       		.uleb128 0x11
 238 0002 01       		.byte	0x1
 239 0003 25       		.uleb128 0x25
 240 0004 0E       		.uleb128 0xe
 241 0005 13       		.uleb128 0x13
 242 0006 0B       		.uleb128 0xb
 243 0007 03       		.uleb128 0x3
 244 0008 0E       		.uleb128 0xe
 245 0009 1B       		.uleb128 0x1b
 246 000a 0E       		.uleb128 0xe
 247 000b 55       		.uleb128 0x55
 248 000c 17       		.uleb128 0x17
 249 000d 11       		.uleb128 0x11
 250 000e 01       		.uleb128 0x1
 251 000f 10       		.uleb128 0x10
 252 0010 17       		.uleb128 0x17
 253 0011 00       		.byte	0
 254 0012 00       		.byte	0
 255 0013 02       		.uleb128 0x2
 256 0014 24       		.uleb128 0x24
 257 0015 00       		.byte	0
 258 0016 0B       		.uleb128 0xb
 259 0017 0B       		.uleb128 0xb
 260 0018 3E       		.uleb128 0x3e
 261 0019 0B       		.uleb128 0xb
 262 001a 03       		.uleb128 0x3
 263 001b 0E       		.uleb128 0xe
 264 001c 00       		.byte	0
 265 001d 00       		.byte	0
 266 001e 03       		.uleb128 0x3
 267 001f 16       		.uleb128 0x16
 268 0020 00       		.byte	0
 269 0021 03       		.uleb128 0x3
 270 0022 0E       		.uleb128 0xe
 271 0023 3A       		.uleb128 0x3a
 272 0024 0B       		.uleb128 0xb
 273 0025 3B       		.uleb128 0x3b
 274 0026 0B       		.uleb128 0xb
 275 0027 49       		.uleb128 0x49
 276 0028 13       		.uleb128 0x13
 277 0029 00       		.byte	0
 278 002a 00       		.byte	0
 279 002b 04       		.uleb128 0x4
 280 002c 24       		.uleb128 0x24
ARM GAS  C:\Users\aditi\AppData\Local\Temp\ccPisEZM.s 			page 7


 281 002d 00       		.byte	0
 282 002e 0B       		.uleb128 0xb
 283 002f 0B       		.uleb128 0xb
 284 0030 3E       		.uleb128 0x3e
 285 0031 0B       		.uleb128 0xb
 286 0032 03       		.uleb128 0x3
 287 0033 08       		.uleb128 0x8
 288 0034 00       		.byte	0
 289 0035 00       		.byte	0
 290 0036 05       		.uleb128 0x5
 291 0037 2E       		.uleb128 0x2e
 292 0038 01       		.byte	0x1
 293 0039 3F       		.uleb128 0x3f
 294 003a 19       		.uleb128 0x19
 295 003b 03       		.uleb128 0x3
 296 003c 0E       		.uleb128 0xe
 297 003d 3A       		.uleb128 0x3a
 298 003e 0B       		.uleb128 0xb
 299 003f 3B       		.uleb128 0x3b
 300 0040 0B       		.uleb128 0xb
 301 0041 27       		.uleb128 0x27
 302 0042 19       		.uleb128 0x19
 303 0043 11       		.uleb128 0x11
 304 0044 01       		.uleb128 0x1
 305 0045 12       		.uleb128 0x12
 306 0046 06       		.uleb128 0x6
 307 0047 40       		.uleb128 0x40
 308 0048 18       		.uleb128 0x18
 309 0049 9742     		.uleb128 0x2117
 310 004b 19       		.uleb128 0x19
 311 004c 01       		.uleb128 0x1
 312 004d 13       		.uleb128 0x13
 313 004e 00       		.byte	0
 314 004f 00       		.byte	0
 315 0050 06       		.uleb128 0x6
 316 0051 898201   		.uleb128 0x4109
 317 0054 01       		.byte	0x1
 318 0055 11       		.uleb128 0x11
 319 0056 01       		.uleb128 0x1
 320 0057 31       		.uleb128 0x31
 321 0058 13       		.uleb128 0x13
 322 0059 01       		.uleb128 0x1
 323 005a 13       		.uleb128 0x13
 324 005b 00       		.byte	0
 325 005c 00       		.byte	0
 326 005d 07       		.uleb128 0x7
 327 005e 8A8201   		.uleb128 0x410a
 328 0061 00       		.byte	0
 329 0062 02       		.uleb128 0x2
 330 0063 18       		.uleb128 0x18
 331 0064 9142     		.uleb128 0x2111
 332 0066 18       		.uleb128 0x18
 333 0067 00       		.byte	0
 334 0068 00       		.byte	0
 335 0069 08       		.uleb128 0x8
 336 006a 898201   		.uleb128 0x4109
 337 006d 00       		.byte	0
ARM GAS  C:\Users\aditi\AppData\Local\Temp\ccPisEZM.s 			page 8


 338 006e 11       		.uleb128 0x11
 339 006f 01       		.uleb128 0x1
 340 0070 31       		.uleb128 0x31
 341 0071 13       		.uleb128 0x13
 342 0072 00       		.byte	0
 343 0073 00       		.byte	0
 344 0074 09       		.uleb128 0x9
 345 0075 34       		.uleb128 0x34
 346 0076 00       		.byte	0
 347 0077 03       		.uleb128 0x3
 348 0078 0E       		.uleb128 0xe
 349 0079 3A       		.uleb128 0x3a
 350 007a 0B       		.uleb128 0xb
 351 007b 3B       		.uleb128 0x3b
 352 007c 0B       		.uleb128 0xb
 353 007d 49       		.uleb128 0x49
 354 007e 13       		.uleb128 0x13
 355 007f 3F       		.uleb128 0x3f
 356 0080 19       		.uleb128 0x19
 357 0081 3C       		.uleb128 0x3c
 358 0082 19       		.uleb128 0x19
 359 0083 00       		.byte	0
 360 0084 00       		.byte	0
 361 0085 0A       		.uleb128 0xa
 362 0086 34       		.uleb128 0x34
 363 0087 00       		.byte	0
 364 0088 03       		.uleb128 0x3
 365 0089 0E       		.uleb128 0xe
 366 008a 3A       		.uleb128 0x3a
 367 008b 0B       		.uleb128 0xb
 368 008c 3B       		.uleb128 0x3b
 369 008d 05       		.uleb128 0x5
 370 008e 49       		.uleb128 0x49
 371 008f 13       		.uleb128 0x13
 372 0090 3F       		.uleb128 0x3f
 373 0091 19       		.uleb128 0x19
 374 0092 3C       		.uleb128 0x3c
 375 0093 19       		.uleb128 0x19
 376 0094 00       		.byte	0
 377 0095 00       		.byte	0
 378 0096 0B       		.uleb128 0xb
 379 0097 35       		.uleb128 0x35
 380 0098 00       		.byte	0
 381 0099 49       		.uleb128 0x49
 382 009a 13       		.uleb128 0x13
 383 009b 00       		.byte	0
 384 009c 00       		.byte	0
 385 009d 0C       		.uleb128 0xc
 386 009e 2E       		.uleb128 0x2e
 387 009f 00       		.byte	0
 388 00a0 3F       		.uleb128 0x3f
 389 00a1 19       		.uleb128 0x19
 390 00a2 3C       		.uleb128 0x3c
 391 00a3 19       		.uleb128 0x19
 392 00a4 6E       		.uleb128 0x6e
 393 00a5 0E       		.uleb128 0xe
 394 00a6 03       		.uleb128 0x3
ARM GAS  C:\Users\aditi\AppData\Local\Temp\ccPisEZM.s 			page 9


 395 00a7 0E       		.uleb128 0xe
 396 00a8 3A       		.uleb128 0x3a
 397 00a9 0B       		.uleb128 0xb
 398 00aa 3B       		.uleb128 0x3b
 399 00ab 0B       		.uleb128 0xb
 400 00ac 00       		.byte	0
 401 00ad 00       		.byte	0
 402 00ae 00       		.byte	0
 403              		.section	.debug_aranges,"",%progbits
 404 0000 1C000000 		.4byte	0x1c
 405 0004 0200     		.2byte	0x2
 406 0006 00000000 		.4byte	.Ldebug_info0
 407 000a 04       		.byte	0x4
 408 000b 00       		.byte	0
 409 000c 0000     		.2byte	0
 410 000e 0000     		.2byte	0
 411 0010 00000000 		.4byte	.LFB150
 412 0014 0E000000 		.4byte	.LFE150-.LFB150
 413 0018 00000000 		.4byte	0
 414 001c 00000000 		.4byte	0
 415              		.section	.debug_ranges,"",%progbits
 416              	.Ldebug_ranges0:
 417 0000 00000000 		.4byte	.LFB150
 418 0004 0E000000 		.4byte	.LFE150
 419 0008 00000000 		.4byte	0
 420 000c 00000000 		.4byte	0
 421              		.section	.debug_line,"",%progbits
 422              	.Ldebug_line0:
 423 0000 45020000 		.section	.debug_str,"MS",%progbits,1
 423      02002C02 
 423      00000201 
 423      FB0E0D00 
 423      01010101 
 424              	.LASF9:
 425 0000 5F5F696E 		.ascii	"__int32_t\000"
 425      7433325F 
 425      7400
 426              	.LASF22:
 427 000a 45455F6F 		.ascii	"EE_oo_IRQ_suspend_status\000"
 427      6F5F4952 
 427      515F7375 
 427      7370656E 
 427      645F7374 
 428              	.LASF19:
 429 0023 45455F54 		.ascii	"EE_TID\000"
 429      494400
 430              	.LASF27:
 431 002a 5254455F 		.ascii	"RTE_timertick_sp_common_tick\000"
 431      74696D65 
 431      72746963 
 431      6B5F7370 
 431      5F636F6D 
 432              	.LASF11:
 433 0047 666C6F61 		.ascii	"float\000"
 433      7400
 434              	.LASF32:
 435 004d 46756E63 		.ascii	"Functsk_system\000"
ARM GAS  C:\Users\aditi\AppData\Local\Temp\ccPisEZM.s 			page 10


 435      74736B5F 
 435      73797374 
 435      656D00
 436              	.LASF29:
 437 005c 474E5520 		.ascii	"GNU C11 5.4.1 20160609 (release) [ARM/embedded-5-br"
 437      43313120 
 437      352E342E 
 437      31203230 
 437      31363036 
 438 008f 616E6368 		.ascii	"anch revision 237715] -mcpu=cortex-m3 -mthumb -g -O"
 438      20726576 
 438      6973696F 
 438      6E203233 
 438      37373135 
 439 00c2 67202D66 		.ascii	"g -ffunction-sections -ffat-lto-objects\000"
 439      66756E63 
 439      74696F6E 
 439      2D736563 
 439      74696F6E 
 440              	.LASF15:
 441 00ea 45455F49 		.ascii	"EE_INT32\000"
 441      4E543332 
 441      00
 442              	.LASF5:
 443 00f3 6C6F6E67 		.ascii	"long unsigned int\000"
 443      20756E73 
 443      69676E65 
 443      6420696E 
 443      7400
 444              	.LASF3:
 445 0105 73686F72 		.ascii	"short unsigned int\000"
 445      7420756E 
 445      7369676E 
 445      65642069 
 445      6E7400
 446              	.LASF21:
 447 0118 45455F6F 		.ascii	"EE_oo_IRQ_disable_count\000"
 447      6F5F4952 
 447      515F6469 
 447      7361626C 
 447      655F636F 
 448              	.LASF26:
 449 0130 49544D5F 		.ascii	"ITM_RxBuffer\000"
 449      52784275 
 449      66666572 
 449      00
 450              	.LASF1:
 451 013d 756E7369 		.ascii	"unsigned char\000"
 451      676E6564 
 451      20636861 
 451      7200
 452              	.LASF12:
 453 014b 646F7562 		.ascii	"double\000"
 453      6C6500
 454              	.LASF24:
 455 0152 45455F73 		.ascii	"EE_std_endcycle_next_tid\000"
 455      74645F65 
ARM GAS  C:\Users\aditi\AppData\Local\Temp\ccPisEZM.s 			page 11


 455      6E646379 
 455      636C655F 
 455      6E657874 
 456              	.LASF8:
 457 016b 756E7369 		.ascii	"unsigned int\000"
 457      676E6564 
 457      20696E74 
 457      00
 458              	.LASF18:
 459 0178 45455F46 		.ascii	"EE_FREG\000"
 459      52454700 
 460              	.LASF16:
 461 0180 45455F55 		.ascii	"EE_UINT32\000"
 461      494E5433 
 461      3200
 462              	.LASF7:
 463 018a 6C6F6E67 		.ascii	"long long unsigned int\000"
 463      206C6F6E 
 463      6720756E 
 463      7369676E 
 463      65642069 
 464              	.LASF23:
 465 01a1 45455F41 		.ascii	"EE_ApplicationMode\000"
 465      70706C69 
 465      63617469 
 465      6F6E4D6F 
 465      646500
 466              	.LASF10:
 467 01b4 696E7433 		.ascii	"int32_t\000"
 467      325F7400 
 468              	.LASF20:
 469 01bc 73697A65 		.ascii	"sizetype\000"
 469      74797065 
 469      00
 470              	.LASF6:
 471 01c5 6C6F6E67 		.ascii	"long long int\000"
 471      206C6F6E 
 471      6720696E 
 471      7400
 472              	.LASF13:
 473 01d3 63686172 		.ascii	"char\000"
 473      00
 474              	.LASF17:
 475 01d8 45455F55 		.ascii	"EE_UREG\000"
 475      52454700 
 476              	.LASF25:
 477 01e0 45455F49 		.ascii	"EE_IRQ_nesting_level\000"
 477      52515F6E 
 477      65737469 
 477      6E675F6C 
 477      6576656C 
 478              	.LASF30:
 479 01f5 736F7572 		.ascii	"source\\asw\\tsk_system.c\000"
 479      63655C61 
 479      73775C74 
 479      736B5F73 
 479      79737465 
ARM GAS  C:\Users\aditi\AppData\Local\Temp\ccPisEZM.s 			page 12


 480              	.LASF2:
 481 020d 73686F72 		.ascii	"short int\000"
 481      7420696E 
 481      7400
 482              	.LASF4:
 483 0217 6C6F6E67 		.ascii	"long int\000"
 483      20696E74 
 483      00
 484              	.LASF14:
 485 0220 6C6F6E67 		.ascii	"long double\000"
 485      20646F75 
 485      626C6500 
 486              	.LASF0:
 487 022c 7369676E 		.ascii	"signed char\000"
 487      65642063 
 487      68617200 
 488              	.LASF28:
 489 0238 45455F6F 		.ascii	"EE_oo_TerminateTask\000"
 489      6F5F5465 
 489      726D696E 
 489      61746554 
 489      61736B00 
 490              	.LASF31:
 491 024c 433A5C44 		.ascii	"C:\\Darmstadt\\SecondSem\\EAA\\Lab1\\GasPedal\\Elec"
 491      61726D73 
 491      74616474 
 491      5C536563 
 491      6F6E6453 
 492 0279 74726F6E 		.ascii	"tronicGasPedal.cydsn\000"
 492      69634761 
 492      73506564 
 492      616C2E63 
 492      7964736E 
 493              		.ident	"GCC: (GNU Tools for ARM Embedded Processors) 5.4.1 20160609 (release) [ARM/embedded-5-bran
