ARM GAS  C:\Users\aditi\AppData\Local\Temp\ccnOAoqe.s 			page 1


   1              		.syntax unified
   2              		.cpu cortex-m3
   3              		.fpu softvfp
   4              		.eabi_attribute 20, 1
   5              		.eabi_attribute 21, 1
   6              		.eabi_attribute 23, 3
   7              		.eabi_attribute 24, 1
   8              		.eabi_attribute 25, 1
   9              		.eabi_attribute 26, 1
  10              		.eabi_attribute 30, 1
  11              		.eabi_attribute 34, 1
  12              		.eabi_attribute 18, 4
  13              		.thumb
  14              		.syntax unified
  15              		.file	"uart.c"
  16              		.text
  17              	.Ltext0:
  18              		.cfi_sections	.debug_frame
  19              		.section	.text.UART_init,"ax",%progbits
  20              		.align	2
  21              		.global	UART_init
  22              		.thumb
  23              		.thumb_func
  24              		.type	UART_init, %function
  25              	UART_init:
  26              	.LFB0:
  27              		.file 1 "source\\bsw\\uart.c"
   1:source\bsw/uart.c **** /**
   2:source\bsw/uart.c **** * \file uart.c
   3:source\bsw/uart.c **** * \author Aditi Prakash
   4:source\bsw/uart.c **** * \date 29-05-2021
   5:source\bsw/uart.c **** *
   6:source\bsw/uart.c **** * \brief Source file for BSW UART component
   7:source\bsw/uart.c **** *
   8:source\bsw/uart.c **** * \copyright Copyright ©2016
   9:source\bsw/uart.c **** * Department of electrical engineering and information technology, Hochschule Darmstadt - Universit
  10:source\bsw/uart.c **** * Permission to use, copy, modify, and distribute this software and its documentation for education
  11:source\bsw/uart.c **** * (unless permitted by h_da) and official h_da projects, is hereby granted for enrolled students of
  12:source\bsw/uart.c **** * this paragraph and the following paragraph appear in all copies, modifications, and distributions
  13:source\bsw/uart.c **** * Contact Prof.Dr.-Ing. Peter Fromm, peter.fromm@h-da.de, Birkenweg 8 64295 Darmstadt - GERMANY for
  14:source\bsw/uart.c **** *
  15:source\bsw/uart.c **** * \warning This software is a PROTOTYPE version and is not designed or intended for use in producti
  16:source\bsw/uart.c **** * The user represents and warrants that it will NOT use or redistribute the Software for such purpo
  17:source\bsw/uart.c **** * This prototype is for research purposes only. This software is provided "AS IS," without a warran
  18:source\bsw/uart.c **** */
  19:source\bsw/uart.c **** 
  20:source\bsw/uart.c **** /*****************************************************************************/
  21:source\bsw/uart.c **** /* Include files                                                             */
  22:source\bsw/uart.c **** /*****************************************************************************/
  23:source\bsw/uart.c **** #include "uart.h"
  24:source\bsw/uart.c **** 
  25:source\bsw/uart.c **** /*****************************************************************************/
  26:source\bsw/uart.c **** /* Local pre-processor symbols/macros ('#define')                            */
  27:source\bsw/uart.c **** /*****************************************************************************/
  28:source\bsw/uart.c **** 
  29:source\bsw/uart.c **** /*****************************************************************************/
  30:source\bsw/uart.c **** /* Global variable definitions (declared in header file with 'extern')       */
ARM GAS  C:\Users\aditi\AppData\Local\Temp\ccnOAoqe.s 			page 2


  31:source\bsw/uart.c **** /*****************************************************************************/
  32:source\bsw/uart.c **** 
  33:source\bsw/uart.c **** /*****************************************************************************/
  34:source\bsw/uart.c **** /* Local type definitions ('typedef')                                        */
  35:source\bsw/uart.c **** /*****************************************************************************/
  36:source\bsw/uart.c **** 
  37:source\bsw/uart.c **** /*****************************************************************************/
  38:source\bsw/uart.c **** /* Local variable definitions ('static')                                     */
  39:source\bsw/uart.c **** /*****************************************************************************/
  40:source\bsw/uart.c **** 
  41:source\bsw/uart.c **** 
  42:source\bsw/uart.c **** 
  43:source\bsw/uart.c **** /*****************************************************************************/
  44:source\bsw/uart.c **** /* Local function prototypes ('static')                                      */
  45:source\bsw/uart.c **** /*****************************************************************************/
  46:source\bsw/uart.c **** 
  47:source\bsw/uart.c **** 
  48:source\bsw/uart.c **** /*****************************************************************************/
  49:source\bsw/uart.c **** /* Function implementation - global ('extern') and local ('static')          */
  50:source\bsw/uart.c **** /*****************************************************************************/
  51:source\bsw/uart.c **** 
  52:source\bsw/uart.c **** /**
  53:source\bsw/uart.c ****  * @brief: API to initialize the UART component
  54:source\bsw/uart.c ****  * @param [OUT]: int8_t *const adc_value - Digital converted value of the input to the ADC
  55:source\bsw/uart.c ****  * @return RC_t Returns error code success or failure
  56:source\bsw/uart.c ****  */
  57:source\bsw/uart.c **** RC_t UART_init ()
  58:source\bsw/uart.c **** {
  28              		.loc 1 58 0
  29              		.cfi_startproc
  30              		@ args = 0, pretend = 0, frame = 0
  31              		@ frame_needed = 0, uses_anonymous_args = 0
  32 0000 08B5     		push	{r3, lr}
  33              		.cfi_def_cfa_offset 8
  34              		.cfi_offset 3, -8
  35              		.cfi_offset 14, -4
  59:source\bsw/uart.c ****     UART_Joystick_Start();
  36              		.loc 1 59 0
  37 0002 FFF7FEFF 		bl	UART_Joystick_Start
  38              	.LVL0:
  60:source\bsw/uart.c ****     return RC_SUCCESS;
  61:source\bsw/uart.c **** }
  39              		.loc 1 61 0
  40 0006 0020     		movs	r0, #0
  41 0008 08BD     		pop	{r3, pc}
  42              		.cfi_endproc
  43              	.LFE0:
  44              		.size	UART_init, .-UART_init
  45 000a 00BF     		.section	.text.UART_Log_Tx,"ax",%progbits
  46              		.align	2
  47              		.global	UART_Log_Tx
  48              		.thumb
  49              		.thumb_func
  50              		.type	UART_Log_Tx, %function
  51              	UART_Log_Tx:
  52              	.LFB1:
  62:source\bsw/uart.c **** 
ARM GAS  C:\Users\aditi\AppData\Local\Temp\ccnOAoqe.s 			page 3


  63:source\bsw/uart.c **** /**
  64:source\bsw/uart.c ****  * @brief       : API to get converted values from ADC
  65:source\bsw/uart.c ****  * @param [IN]  : const char - String input to be printed on the terminal
  66:source\bsw/uart.c ****  * @return      : RC_t Returns error code success or failure
  67:source\bsw/uart.c ****  */
  68:source\bsw/uart.c **** RC_t UART_Log_Tx(const char* logString)
  69:source\bsw/uart.c **** {
  53              		.loc 1 69 0
  54              		.cfi_startproc
  55              		@ args = 0, pretend = 0, frame = 0
  56              		@ frame_needed = 0, uses_anonymous_args = 0
  57              	.LVL1:
  58 0000 08B5     		push	{r3, lr}
  59              		.cfi_def_cfa_offset 8
  60              		.cfi_offset 3, -8
  61              		.cfi_offset 14, -4
  70:source\bsw/uart.c ****     UART_Joystick_PutString(logString);
  62              		.loc 1 70 0
  63 0002 FFF7FEFF 		bl	UART_Joystick_PutString
  64              	.LVL2:
  71:source\bsw/uart.c ****     UART_Joystick_PutString("\r\n");
  65              		.loc 1 71 0
  66 0006 0448     		ldr	r0, .L5
  67 0008 FFF7FEFF 		bl	UART_Joystick_PutString
  68              	.LVL3:
  72:source\bsw/uart.c ****     
  73:source\bsw/uart.c ****     CyDelay(200);
  69              		.loc 1 73 0
  70 000c C820     		movs	r0, #200
  71 000e FFF7FEFF 		bl	CyDelay
  72              	.LVL4:
  74:source\bsw/uart.c ****     
  75:source\bsw/uart.c ****     return RC_SUCCESS;
  76:source\bsw/uart.c **** }
  73              		.loc 1 76 0
  74 0012 0020     		movs	r0, #0
  75 0014 08BD     		pop	{r3, pc}
  76              	.L6:
  77 0016 00BF     		.align	2
  78              	.L5:
  79 0018 00000000 		.word	.LC0
  80              		.cfi_endproc
  81              	.LFE1:
  82              		.size	UART_Log_Tx, .-UART_Log_Tx
  83              		.section	.rodata.str1.4,"aMS",%progbits,1
  84              		.align	2
  85              	.LC0:
  86 0000 0D0A00   		.ascii	"\015\012\000"
  87              		.text
  88              	.Letext0:
  89              		.file 2 "Generated_Source\\PSoC5/UART_Joystick.h"
  90              		.file 3 "Generated_Source\\PSoC5/CyLib.h"
  91              		.file 4 "source\\bsw\\global.h"
  92              		.section	.debug_info,"",%progbits
  93              	.Ldebug_info0:
  94 0000 F3010000 		.4byte	0x1f3
  95 0004 0400     		.2byte	0x4
ARM GAS  C:\Users\aditi\AppData\Local\Temp\ccnOAoqe.s 			page 4


  96 0006 00000000 		.4byte	.Ldebug_abbrev0
  97 000a 04       		.byte	0x4
  98 000b 01       		.uleb128 0x1
  99 000c D3000000 		.4byte	.LASF43
 100 0010 0C       		.byte	0xc
 101 0011 94000000 		.4byte	.LASF44
 102 0015 56030000 		.4byte	.LASF45
 103 0019 00000000 		.4byte	.Ldebug_ranges0+0
 104 001d 00000000 		.4byte	0
 105 0021 00000000 		.4byte	.Ldebug_line0
 106 0025 02       		.uleb128 0x2
 107 0026 01       		.byte	0x1
 108 0027 06       		.byte	0x6
 109 0028 2B030000 		.4byte	.LASF0
 110 002c 02       		.uleb128 0x2
 111 002d 01       		.byte	0x1
 112 002e 08       		.byte	0x8
 113 002f C5000000 		.4byte	.LASF1
 114 0033 02       		.uleb128 0x2
 115 0034 02       		.byte	0x2
 116 0035 05       		.byte	0x5
 117 0036 CC020000 		.4byte	.LASF2
 118 003a 02       		.uleb128 0x2
 119 003b 02       		.byte	0x2
 120 003c 07       		.byte	0x7
 121 003d 8C010000 		.4byte	.LASF3
 122 0041 02       		.uleb128 0x2
 123 0042 04       		.byte	0x4
 124 0043 05       		.byte	0x5
 125 0044 FE020000 		.4byte	.LASF4
 126 0048 02       		.uleb128 0x2
 127 0049 04       		.byte	0x4
 128 004a 07       		.byte	0x7
 129 004b 7A010000 		.4byte	.LASF5
 130 004f 02       		.uleb128 0x2
 131 0050 04       		.byte	0x4
 132 0051 04       		.byte	0x4
 133 0052 BF000000 		.4byte	.LASF6
 134 0056 02       		.uleb128 0x2
 135 0057 08       		.byte	0x8
 136 0058 04       		.byte	0x4
 137 0059 EB010000 		.4byte	.LASF7
 138 005d 02       		.uleb128 0x2
 139 005e 08       		.byte	0x8
 140 005f 05       		.byte	0x5
 141 0060 9D020000 		.4byte	.LASF8
 142 0064 02       		.uleb128 0x2
 143 0065 08       		.byte	0x8
 144 0066 07       		.byte	0x7
 145 0067 4C020000 		.4byte	.LASF9
 146 006b 02       		.uleb128 0x2
 147 006c 01       		.byte	0x1
 148 006d 08       		.byte	0x8
 149 006e 07030000 		.4byte	.LASF10
 150 0072 03       		.uleb128 0x3
 151 0073 04       		.byte	0x4
 152 0074 78000000 		.4byte	0x78
ARM GAS  C:\Users\aditi\AppData\Local\Temp\ccnOAoqe.s 			page 5


 153 0078 04       		.uleb128 0x4
 154 0079 6B000000 		.4byte	0x6b
 155 007d 05       		.uleb128 0x5
 156 007e 01       		.byte	0x1
 157 007f 25000000 		.4byte	0x25
 158 0083 04       		.byte	0x4
 159 0084 CF       		.byte	0xcf
 160 0085 26010000 		.4byte	0x126
 161 0089 06       		.uleb128 0x6
 162 008a 61010000 		.4byte	.LASF11
 163 008e 00       		.byte	0
 164 008f 07       		.uleb128 0x7
 165 0090 2A000000 		.4byte	.LASF12
 166 0094 7F       		.sleb128 -1
 167 0095 07       		.uleb128 0x7
 168 0096 86000000 		.4byte	.LASF13
 169 009a 7E       		.sleb128 -2
 170 009b 07       		.uleb128 0x7
 171 009c 6C010000 		.4byte	.LASF14
 172 00a0 7D       		.sleb128 -3
 173 00a1 07       		.uleb128 0x7
 174 00a2 0F020000 		.4byte	.LASF15
 175 00a6 7C       		.sleb128 -4
 176 00a7 07       		.uleb128 0x7
 177 00a8 A0030000 		.4byte	.LASF16
 178 00ac 7B       		.sleb128 -5
 179 00ad 07       		.uleb128 0x7
 180 00ae FE010000 		.4byte	.LASF17
 181 00b2 7A       		.sleb128 -6
 182 00b3 07       		.uleb128 0x7
 183 00b4 4B000000 		.4byte	.LASF18
 184 00b8 79       		.sleb128 -7
 185 00b9 07       		.uleb128 0x7
 186 00ba 75020000 		.4byte	.LASF19
 187 00be 78       		.sleb128 -8
 188 00bf 07       		.uleb128 0x7
 189 00c0 00000000 		.4byte	.LASF20
 190 00c4 77       		.sleb128 -9
 191 00c5 07       		.uleb128 0x7
 192 00c6 3E020000 		.4byte	.LASF21
 193 00ca 76       		.sleb128 -10
 194 00cb 07       		.uleb128 0x7
 195 00cc 9F010000 		.4byte	.LASF22
 196 00d0 75       		.sleb128 -11
 197 00d1 07       		.uleb128 0x7
 198 00d2 48030000 		.4byte	.LASF23
 199 00d6 74       		.sleb128 -12
 200 00d7 07       		.uleb128 0x7
 201 00d8 63020000 		.4byte	.LASF24
 202 00dc 73       		.sleb128 -13
 203 00dd 07       		.uleb128 0x7
 204 00de 18030000 		.4byte	.LASF25
 205 00e2 72       		.sleb128 -14
 206 00e3 07       		.uleb128 0x7
 207 00e4 D6020000 		.4byte	.LASF26
 208 00e8 71       		.sleb128 -15
 209 00e9 07       		.uleb128 0x7
ARM GAS  C:\Users\aditi\AppData\Local\Temp\ccnOAoqe.s 			page 6


 210 00ea 37030000 		.4byte	.LASF27
 211 00ee 70       		.sleb128 -16
 212 00ef 07       		.uleb128 0x7
 213 00f0 16000000 		.4byte	.LASF28
 214 00f4 6F       		.sleb128 -17
 215 00f5 07       		.uleb128 0x7
 216 00f6 C3010000 		.4byte	.LASF29
 217 00fa 6E       		.sleb128 -18
 218 00fb 07       		.uleb128 0x7
 219 00fc D8010000 		.4byte	.LASF30
 220 0100 6D       		.sleb128 -19
 221 0101 07       		.uleb128 0x7
 222 0102 6E000000 		.4byte	.LASF31
 223 0106 6C       		.sleb128 -20
 224 0107 07       		.uleb128 0x7
 225 0108 B1010000 		.4byte	.LASF32
 226 010c 6B       		.sleb128 -21
 227 010d 07       		.uleb128 0x7
 228 010e 1F020000 		.4byte	.LASF33
 229 0112 6A       		.sleb128 -22
 230 0113 07       		.uleb128 0x7
 231 0114 B5020000 		.4byte	.LASF34
 232 0118 69       		.sleb128 -23
 233 0119 07       		.uleb128 0x7
 234 011a 5D000000 		.4byte	.LASF35
 235 011e 68       		.sleb128 -24
 236 011f 07       		.uleb128 0x7
 237 0120 A6000000 		.4byte	.LASF36
 238 0124 67       		.sleb128 -25
 239 0125 00       		.byte	0
 240 0126 08       		.uleb128 0x8
 241 0127 81000000 		.4byte	.LASF46
 242 012b 04       		.byte	0x4
 243 012c EA       		.byte	0xea
 244 012d 7D000000 		.4byte	0x7d
 245 0131 09       		.uleb128 0x9
 246 0132 04       		.byte	0x4
 247 0133 05       		.byte	0x5
 248 0134 696E7400 		.ascii	"int\000"
 249 0138 02       		.uleb128 0x2
 250 0139 04       		.byte	0x4
 251 013a 07       		.byte	0x7
 252 013b 31020000 		.4byte	.LASF37
 253 013f 02       		.uleb128 0x2
 254 0140 08       		.byte	0x8
 255 0141 04       		.byte	0x4
 256 0142 0C030000 		.4byte	.LASF38
 257 0146 02       		.uleb128 0x2
 258 0147 04       		.byte	0x4
 259 0148 07       		.byte	0x7
 260 0149 8A020000 		.4byte	.LASF39
 261 014d 0A       		.uleb128 0xa
 262 014e 93020000 		.4byte	.LASF47
 263 0152 01       		.byte	0x1
 264 0153 39       		.byte	0x39
 265 0154 26010000 		.4byte	0x126
 266 0158 00000000 		.4byte	.LFB0
ARM GAS  C:\Users\aditi\AppData\Local\Temp\ccnOAoqe.s 			page 7


 267 015c 0A000000 		.4byte	.LFE0-.LFB0
 268 0160 01       		.uleb128 0x1
 269 0161 9C       		.byte	0x9c
 270 0162 70010000 		.4byte	0x170
 271 0166 0B       		.uleb128 0xb
 272 0167 06000000 		.4byte	.LVL0
 273 016b D5010000 		.4byte	0x1d5
 274 016f 00       		.byte	0
 275 0170 0C       		.uleb128 0xc
 276 0171 F2010000 		.4byte	.LASF48
 277 0175 01       		.byte	0x1
 278 0176 44       		.byte	0x44
 279 0177 26010000 		.4byte	0x126
 280 017b 00000000 		.4byte	.LFB1
 281 017f 1C000000 		.4byte	.LFE1-.LFB1
 282 0183 01       		.uleb128 0x1
 283 0184 9C       		.byte	0x9c
 284 0185 D5010000 		.4byte	0x1d5
 285 0189 0D       		.uleb128 0xd
 286 018a AB020000 		.4byte	.LASF49
 287 018e 01       		.byte	0x1
 288 018f 44       		.byte	0x44
 289 0190 72000000 		.4byte	0x72
 290 0194 00000000 		.4byte	.LLST0
 291 0198 0E       		.uleb128 0xe
 292 0199 06000000 		.4byte	.LVL2
 293 019d E0010000 		.4byte	0x1e0
 294 01a1 AD010000 		.4byte	0x1ad
 295 01a5 0F       		.uleb128 0xf
 296 01a6 01       		.uleb128 0x1
 297 01a7 50       		.byte	0x50
 298 01a8 03       		.uleb128 0x3
 299 01a9 F3       		.byte	0xf3
 300 01aa 01       		.uleb128 0x1
 301 01ab 50       		.byte	0x50
 302 01ac 00       		.byte	0
 303 01ad 0E       		.uleb128 0xe
 304 01ae 0C000000 		.4byte	.LVL3
 305 01b2 E0010000 		.4byte	0x1e0
 306 01b6 C4010000 		.4byte	0x1c4
 307 01ba 0F       		.uleb128 0xf
 308 01bb 01       		.uleb128 0x1
 309 01bc 50       		.byte	0x50
 310 01bd 05       		.uleb128 0x5
 311 01be 03       		.byte	0x3
 312 01bf 00000000 		.4byte	.LC0
 313 01c3 00       		.byte	0
 314 01c4 10       		.uleb128 0x10
 315 01c5 12000000 		.4byte	.LVL4
 316 01c9 EB010000 		.4byte	0x1eb
 317 01cd 0F       		.uleb128 0xf
 318 01ce 01       		.uleb128 0x1
 319 01cf 50       		.byte	0x50
 320 01d0 02       		.uleb128 0x2
 321 01d1 08       		.byte	0x8
 322 01d2 C8       		.byte	0xc8
 323 01d3 00       		.byte	0
ARM GAS  C:\Users\aditi\AppData\Local\Temp\ccnOAoqe.s 			page 8


 324 01d4 00       		.byte	0
 325 01d5 11       		.uleb128 0x11
 326 01d6 EA020000 		.4byte	.LASF40
 327 01da EA020000 		.4byte	.LASF40
 328 01de 02       		.byte	0x2
 329 01df 54       		.byte	0x54
 330 01e0 11       		.uleb128 0x11
 331 01e1 33000000 		.4byte	.LASF41
 332 01e5 33000000 		.4byte	.LASF41
 333 01e9 02       		.byte	0x2
 334 01ea 8B       		.byte	0x8b
 335 01eb 11       		.uleb128 0x11
 336 01ec 98030000 		.4byte	.LASF42
 337 01f0 98030000 		.4byte	.LASF42
 338 01f4 03       		.byte	0x3
 339 01f5 76       		.byte	0x76
 340 01f6 00       		.byte	0
 341              		.section	.debug_abbrev,"",%progbits
 342              	.Ldebug_abbrev0:
 343 0000 01       		.uleb128 0x1
 344 0001 11       		.uleb128 0x11
 345 0002 01       		.byte	0x1
 346 0003 25       		.uleb128 0x25
 347 0004 0E       		.uleb128 0xe
 348 0005 13       		.uleb128 0x13
 349 0006 0B       		.uleb128 0xb
 350 0007 03       		.uleb128 0x3
 351 0008 0E       		.uleb128 0xe
 352 0009 1B       		.uleb128 0x1b
 353 000a 0E       		.uleb128 0xe
 354 000b 55       		.uleb128 0x55
 355 000c 17       		.uleb128 0x17
 356 000d 11       		.uleb128 0x11
 357 000e 01       		.uleb128 0x1
 358 000f 10       		.uleb128 0x10
 359 0010 17       		.uleb128 0x17
 360 0011 00       		.byte	0
 361 0012 00       		.byte	0
 362 0013 02       		.uleb128 0x2
 363 0014 24       		.uleb128 0x24
 364 0015 00       		.byte	0
 365 0016 0B       		.uleb128 0xb
 366 0017 0B       		.uleb128 0xb
 367 0018 3E       		.uleb128 0x3e
 368 0019 0B       		.uleb128 0xb
 369 001a 03       		.uleb128 0x3
 370 001b 0E       		.uleb128 0xe
 371 001c 00       		.byte	0
 372 001d 00       		.byte	0
 373 001e 03       		.uleb128 0x3
 374 001f 0F       		.uleb128 0xf
 375 0020 00       		.byte	0
 376 0021 0B       		.uleb128 0xb
 377 0022 0B       		.uleb128 0xb
 378 0023 49       		.uleb128 0x49
 379 0024 13       		.uleb128 0x13
 380 0025 00       		.byte	0
ARM GAS  C:\Users\aditi\AppData\Local\Temp\ccnOAoqe.s 			page 9


 381 0026 00       		.byte	0
 382 0027 04       		.uleb128 0x4
 383 0028 26       		.uleb128 0x26
 384 0029 00       		.byte	0
 385 002a 49       		.uleb128 0x49
 386 002b 13       		.uleb128 0x13
 387 002c 00       		.byte	0
 388 002d 00       		.byte	0
 389 002e 05       		.uleb128 0x5
 390 002f 04       		.uleb128 0x4
 391 0030 01       		.byte	0x1
 392 0031 0B       		.uleb128 0xb
 393 0032 0B       		.uleb128 0xb
 394 0033 49       		.uleb128 0x49
 395 0034 13       		.uleb128 0x13
 396 0035 3A       		.uleb128 0x3a
 397 0036 0B       		.uleb128 0xb
 398 0037 3B       		.uleb128 0x3b
 399 0038 0B       		.uleb128 0xb
 400 0039 01       		.uleb128 0x1
 401 003a 13       		.uleb128 0x13
 402 003b 00       		.byte	0
 403 003c 00       		.byte	0
 404 003d 06       		.uleb128 0x6
 405 003e 28       		.uleb128 0x28
 406 003f 00       		.byte	0
 407 0040 03       		.uleb128 0x3
 408 0041 0E       		.uleb128 0xe
 409 0042 1C       		.uleb128 0x1c
 410 0043 0B       		.uleb128 0xb
 411 0044 00       		.byte	0
 412 0045 00       		.byte	0
 413 0046 07       		.uleb128 0x7
 414 0047 28       		.uleb128 0x28
 415 0048 00       		.byte	0
 416 0049 03       		.uleb128 0x3
 417 004a 0E       		.uleb128 0xe
 418 004b 1C       		.uleb128 0x1c
 419 004c 0D       		.uleb128 0xd
 420 004d 00       		.byte	0
 421 004e 00       		.byte	0
 422 004f 08       		.uleb128 0x8
 423 0050 16       		.uleb128 0x16
 424 0051 00       		.byte	0
 425 0052 03       		.uleb128 0x3
 426 0053 0E       		.uleb128 0xe
 427 0054 3A       		.uleb128 0x3a
 428 0055 0B       		.uleb128 0xb
 429 0056 3B       		.uleb128 0x3b
 430 0057 0B       		.uleb128 0xb
 431 0058 49       		.uleb128 0x49
 432 0059 13       		.uleb128 0x13
 433 005a 00       		.byte	0
 434 005b 00       		.byte	0
 435 005c 09       		.uleb128 0x9
 436 005d 24       		.uleb128 0x24
 437 005e 00       		.byte	0
ARM GAS  C:\Users\aditi\AppData\Local\Temp\ccnOAoqe.s 			page 10


 438 005f 0B       		.uleb128 0xb
 439 0060 0B       		.uleb128 0xb
 440 0061 3E       		.uleb128 0x3e
 441 0062 0B       		.uleb128 0xb
 442 0063 03       		.uleb128 0x3
 443 0064 08       		.uleb128 0x8
 444 0065 00       		.byte	0
 445 0066 00       		.byte	0
 446 0067 0A       		.uleb128 0xa
 447 0068 2E       		.uleb128 0x2e
 448 0069 01       		.byte	0x1
 449 006a 3F       		.uleb128 0x3f
 450 006b 19       		.uleb128 0x19
 451 006c 03       		.uleb128 0x3
 452 006d 0E       		.uleb128 0xe
 453 006e 3A       		.uleb128 0x3a
 454 006f 0B       		.uleb128 0xb
 455 0070 3B       		.uleb128 0x3b
 456 0071 0B       		.uleb128 0xb
 457 0072 49       		.uleb128 0x49
 458 0073 13       		.uleb128 0x13
 459 0074 11       		.uleb128 0x11
 460 0075 01       		.uleb128 0x1
 461 0076 12       		.uleb128 0x12
 462 0077 06       		.uleb128 0x6
 463 0078 40       		.uleb128 0x40
 464 0079 18       		.uleb128 0x18
 465 007a 9742     		.uleb128 0x2117
 466 007c 19       		.uleb128 0x19
 467 007d 01       		.uleb128 0x1
 468 007e 13       		.uleb128 0x13
 469 007f 00       		.byte	0
 470 0080 00       		.byte	0
 471 0081 0B       		.uleb128 0xb
 472 0082 898201   		.uleb128 0x4109
 473 0085 00       		.byte	0
 474 0086 11       		.uleb128 0x11
 475 0087 01       		.uleb128 0x1
 476 0088 31       		.uleb128 0x31
 477 0089 13       		.uleb128 0x13
 478 008a 00       		.byte	0
 479 008b 00       		.byte	0
 480 008c 0C       		.uleb128 0xc
 481 008d 2E       		.uleb128 0x2e
 482 008e 01       		.byte	0x1
 483 008f 3F       		.uleb128 0x3f
 484 0090 19       		.uleb128 0x19
 485 0091 03       		.uleb128 0x3
 486 0092 0E       		.uleb128 0xe
 487 0093 3A       		.uleb128 0x3a
 488 0094 0B       		.uleb128 0xb
 489 0095 3B       		.uleb128 0x3b
 490 0096 0B       		.uleb128 0xb
 491 0097 27       		.uleb128 0x27
 492 0098 19       		.uleb128 0x19
 493 0099 49       		.uleb128 0x49
 494 009a 13       		.uleb128 0x13
ARM GAS  C:\Users\aditi\AppData\Local\Temp\ccnOAoqe.s 			page 11


 495 009b 11       		.uleb128 0x11
 496 009c 01       		.uleb128 0x1
 497 009d 12       		.uleb128 0x12
 498 009e 06       		.uleb128 0x6
 499 009f 40       		.uleb128 0x40
 500 00a0 18       		.uleb128 0x18
 501 00a1 9742     		.uleb128 0x2117
 502 00a3 19       		.uleb128 0x19
 503 00a4 01       		.uleb128 0x1
 504 00a5 13       		.uleb128 0x13
 505 00a6 00       		.byte	0
 506 00a7 00       		.byte	0
 507 00a8 0D       		.uleb128 0xd
 508 00a9 05       		.uleb128 0x5
 509 00aa 00       		.byte	0
 510 00ab 03       		.uleb128 0x3
 511 00ac 0E       		.uleb128 0xe
 512 00ad 3A       		.uleb128 0x3a
 513 00ae 0B       		.uleb128 0xb
 514 00af 3B       		.uleb128 0x3b
 515 00b0 0B       		.uleb128 0xb
 516 00b1 49       		.uleb128 0x49
 517 00b2 13       		.uleb128 0x13
 518 00b3 02       		.uleb128 0x2
 519 00b4 17       		.uleb128 0x17
 520 00b5 00       		.byte	0
 521 00b6 00       		.byte	0
 522 00b7 0E       		.uleb128 0xe
 523 00b8 898201   		.uleb128 0x4109
 524 00bb 01       		.byte	0x1
 525 00bc 11       		.uleb128 0x11
 526 00bd 01       		.uleb128 0x1
 527 00be 31       		.uleb128 0x31
 528 00bf 13       		.uleb128 0x13
 529 00c0 01       		.uleb128 0x1
 530 00c1 13       		.uleb128 0x13
 531 00c2 00       		.byte	0
 532 00c3 00       		.byte	0
 533 00c4 0F       		.uleb128 0xf
 534 00c5 8A8201   		.uleb128 0x410a
 535 00c8 00       		.byte	0
 536 00c9 02       		.uleb128 0x2
 537 00ca 18       		.uleb128 0x18
 538 00cb 9142     		.uleb128 0x2111
 539 00cd 18       		.uleb128 0x18
 540 00ce 00       		.byte	0
 541 00cf 00       		.byte	0
 542 00d0 10       		.uleb128 0x10
 543 00d1 898201   		.uleb128 0x4109
 544 00d4 01       		.byte	0x1
 545 00d5 11       		.uleb128 0x11
 546 00d6 01       		.uleb128 0x1
 547 00d7 31       		.uleb128 0x31
 548 00d8 13       		.uleb128 0x13
 549 00d9 00       		.byte	0
 550 00da 00       		.byte	0
 551 00db 11       		.uleb128 0x11
ARM GAS  C:\Users\aditi\AppData\Local\Temp\ccnOAoqe.s 			page 12


 552 00dc 2E       		.uleb128 0x2e
 553 00dd 00       		.byte	0
 554 00de 3F       		.uleb128 0x3f
 555 00df 19       		.uleb128 0x19
 556 00e0 3C       		.uleb128 0x3c
 557 00e1 19       		.uleb128 0x19
 558 00e2 6E       		.uleb128 0x6e
 559 00e3 0E       		.uleb128 0xe
 560 00e4 03       		.uleb128 0x3
 561 00e5 0E       		.uleb128 0xe
 562 00e6 3A       		.uleb128 0x3a
 563 00e7 0B       		.uleb128 0xb
 564 00e8 3B       		.uleb128 0x3b
 565 00e9 0B       		.uleb128 0xb
 566 00ea 00       		.byte	0
 567 00eb 00       		.byte	0
 568 00ec 00       		.byte	0
 569              		.section	.debug_loc,"",%progbits
 570              	.Ldebug_loc0:
 571              	.LLST0:
 572 0000 00000000 		.4byte	.LVL1
 573 0004 05000000 		.4byte	.LVL2-1
 574 0008 0100     		.2byte	0x1
 575 000a 50       		.byte	0x50
 576 000b 05000000 		.4byte	.LVL2-1
 577 000f 1C000000 		.4byte	.LFE1
 578 0013 0400     		.2byte	0x4
 579 0015 F3       		.byte	0xf3
 580 0016 01       		.uleb128 0x1
 581 0017 50       		.byte	0x50
 582 0018 9F       		.byte	0x9f
 583 0019 00000000 		.4byte	0
 584 001d 00000000 		.4byte	0
 585              		.section	.debug_aranges,"",%progbits
 586 0000 24000000 		.4byte	0x24
 587 0004 0200     		.2byte	0x2
 588 0006 00000000 		.4byte	.Ldebug_info0
 589 000a 04       		.byte	0x4
 590 000b 00       		.byte	0
 591 000c 0000     		.2byte	0
 592 000e 0000     		.2byte	0
 593 0010 00000000 		.4byte	.LFB0
 594 0014 0A000000 		.4byte	.LFE0-.LFB0
 595 0018 00000000 		.4byte	.LFB1
 596 001c 1C000000 		.4byte	.LFE1-.LFB1
 597 0020 00000000 		.4byte	0
 598 0024 00000000 		.4byte	0
 599              		.section	.debug_ranges,"",%progbits
 600              	.Ldebug_ranges0:
 601 0000 00000000 		.4byte	.LFB0
 602 0004 0A000000 		.4byte	.LFE0
 603 0008 00000000 		.4byte	.LFB1
 604 000c 1C000000 		.4byte	.LFE1
 605 0010 00000000 		.4byte	0
 606 0014 00000000 		.4byte	0
 607              		.section	.debug_line,"",%progbits
 608              	.Ldebug_line0:
ARM GAS  C:\Users\aditi\AppData\Local\Temp\ccnOAoqe.s 			page 13


 609 0000 94000000 		.section	.debug_str,"MS",%progbits,1
 609      02006900 
 609      00000201 
 609      FB0E0D00 
 609      01010101 
 610              	.LASF20:
 611 0000 52435F45 		.ascii	"RC_ERROR_BUFFER_EMTPY\000"
 611      52524F52 
 611      5F425546 
 611      4645525F 
 611      454D5450 
 612              	.LASF28:
 613 0016 52435F45 		.ascii	"RC_ERROR_READ_FAILS\000"
 613      52524F52 
 613      5F524541 
 613      445F4641 
 613      494C5300 
 614              	.LASF12:
 615 002a 52435F45 		.ascii	"RC_ERROR\000"
 615      52524F52 
 615      00
 616              	.LASF41:
 617 0033 55415254 		.ascii	"UART_Joystick_PutString\000"
 617      5F4A6F79 
 617      73746963 
 617      6B5F5075 
 617      74537472 
 618              	.LASF18:
 619 004b 52435F45 		.ascii	"RC_ERROR_UNDERRUN\000"
 619      52524F52 
 619      5F554E44 
 619      45525255 
 619      4E00
 620              	.LASF35:
 621 005d 52435F45 		.ascii	"RC_ERROR_UNKNOWN\000"
 621      52524F52 
 621      5F554E4B 
 621      4E4F574E 
 621      00
 622              	.LASF31:
 623 006e 52435F45 		.ascii	"RC_ERROR_BAD_PARAM\000"
 623      52524F52 
 623      5F424144 
 623      5F504152 
 623      414D00
 624              	.LASF46:
 625 0081 52435F74 		.ascii	"RC_t\000"
 625      00
 626              	.LASF13:
 627 0086 52435F45 		.ascii	"RC_ERROR_NULL\000"
 627      52524F52 
 627      5F4E554C 
 627      4C00
 628              	.LASF44:
 629 0094 736F7572 		.ascii	"source\\bsw\\uart.c\000"
 629      63655C62 
 629      73775C75 
ARM GAS  C:\Users\aditi\AppData\Local\Temp\ccnOAoqe.s 			page 14


 629      6172742E 
 629      6300
 630              	.LASF36:
 631 00a6 52435F45 		.ascii	"RC_ERROR_NOT_IMPLEMENTED\000"
 631      52524F52 
 631      5F4E4F54 
 631      5F494D50 
 631      4C454D45 
 632              	.LASF6:
 633 00bf 666C6F61 		.ascii	"float\000"
 633      7400
 634              	.LASF1:
 635 00c5 756E7369 		.ascii	"unsigned char\000"
 635      676E6564 
 635      20636861 
 635      7200
 636              	.LASF43:
 637 00d3 474E5520 		.ascii	"GNU C11 5.4.1 20160609 (release) [ARM/embedded-5-br"
 637      43313120 
 637      352E342E 
 637      31203230 
 637      31363036 
 638 0106 616E6368 		.ascii	"anch revision 237715] -mcpu=cortex-m3 -mthumb -g -O"
 638      20726576 
 638      6973696F 
 638      6E203233 
 638      37373135 
 639 0139 67202D66 		.ascii	"g -ffunction-sections -ffat-lto-objects\000"
 639      66756E63 
 639      74696F6E 
 639      2D736563 
 639      74696F6E 
 640              	.LASF11:
 641 0161 52435F53 		.ascii	"RC_SUCCESS\000"
 641      55434345 
 641      535300
 642              	.LASF14:
 643 016c 52435F45 		.ascii	"RC_ERROR_ZERO\000"
 643      52524F52 
 643      5F5A4552 
 643      4F00
 644              	.LASF5:
 645 017a 6C6F6E67 		.ascii	"long unsigned int\000"
 645      20756E73 
 645      69676E65 
 645      6420696E 
 645      7400
 646              	.LASF3:
 647 018c 73686F72 		.ascii	"short unsigned int\000"
 647      7420756E 
 647      7369676E 
 647      65642069 
 647      6E7400
 648              	.LASF22:
 649 019f 52435F45 		.ascii	"RC_ERROR_TIME_OUT\000"
 649      52524F52 
 649      5F54494D 
ARM GAS  C:\Users\aditi\AppData\Local\Temp\ccnOAoqe.s 			page 15


 649      455F4F55 
 649      5400
 650              	.LASF32:
 651 01b1 52435F45 		.ascii	"RC_ERROR_BAD_DATA\000"
 651      52524F52 
 651      5F424144 
 651      5F444154 
 651      4100
 652              	.LASF29:
 653 01c3 52435F45 		.ascii	"RC_ERROR_WRITE_FAILS\000"
 653      52524F52 
 653      5F575249 
 653      54455F46 
 653      41494C53 
 654              	.LASF30:
 655 01d8 52435F45 		.ascii	"RC_ERROR_NOT_MATCH\000"
 655      52524F52 
 655      5F4E4F54 
 655      5F4D4154 
 655      434800
 656              	.LASF7:
 657 01eb 646F7562 		.ascii	"double\000"
 657      6C6500
 658              	.LASF48:
 659 01f2 55415254 		.ascii	"UART_Log_Tx\000"
 659      5F4C6F67 
 659      5F547800 
 660              	.LASF17:
 661 01fe 52435F45 		.ascii	"RC_ERROR_OVERRUN\000"
 661      52524F52 
 661      5F4F5645 
 661      5252554E 
 661      00
 662              	.LASF15:
 663 020f 52435F45 		.ascii	"RC_ERROR_MEMORY\000"
 663      52524F52 
 663      5F4D454D 
 663      4F525900 
 664              	.LASF33:
 665 021f 52435F45 		.ascii	"RC_ERROR_CANCELED\000"
 665      52524F52 
 665      5F43414E 
 665      43454C45 
 665      4400
 666              	.LASF37:
 667 0231 756E7369 		.ascii	"unsigned int\000"
 667      676E6564 
 667      20696E74 
 667      00
 668              	.LASF21:
 669 023e 52435F45 		.ascii	"RC_ERROR_BUSY\000"
 669      52524F52 
 669      5F425553 
 669      5900
 670              	.LASF9:
 671 024c 6C6F6E67 		.ascii	"long long unsigned int\000"
 671      206C6F6E 
ARM GAS  C:\Users\aditi\AppData\Local\Temp\ccnOAoqe.s 			page 16


 671      6720756E 
 671      7369676E 
 671      65642069 
 672              	.LASF24:
 673 0263 52435F45 		.ascii	"RC_ERROR_CHECKSUM\000"
 673      52524F52 
 673      5F434845 
 673      434B5355 
 673      4D00
 674              	.LASF19:
 675 0275 52435F45 		.ascii	"RC_ERROR_BUFFER_FULL\000"
 675      52524F52 
 675      5F425546 
 675      4645525F 
 675      46554C4C 
 676              	.LASF39:
 677 028a 73697A65 		.ascii	"sizetype\000"
 677      74797065 
 677      00
 678              	.LASF47:
 679 0293 55415254 		.ascii	"UART_init\000"
 679      5F696E69 
 679      7400
 680              	.LASF8:
 681 029d 6C6F6E67 		.ascii	"long long int\000"
 681      206C6F6E 
 681      6720696E 
 681      7400
 682              	.LASF49:
 683 02ab 6C6F6753 		.ascii	"logString\000"
 683      7472696E 
 683      6700
 684              	.LASF34:
 685 02b5 52435F45 		.ascii	"RC_ERROR_INVALID_STATE\000"
 685      52524F52 
 685      5F494E56 
 685      414C4944 
 685      5F535441 
 686              	.LASF2:
 687 02cc 73686F72 		.ascii	"short int\000"
 687      7420696E 
 687      7400
 688              	.LASF26:
 689 02d6 52435F45 		.ascii	"RC_ERROR_WRITE_ONLY\000"
 689      52524F52 
 689      5F575249 
 689      54455F4F 
 689      4E4C5900 
 690              	.LASF40:
 691 02ea 55415254 		.ascii	"UART_Joystick_Start\000"
 691      5F4A6F79 
 691      73746963 
 691      6B5F5374 
 691      61727400 
 692              	.LASF4:
 693 02fe 6C6F6E67 		.ascii	"long int\000"
 693      20696E74 
ARM GAS  C:\Users\aditi\AppData\Local\Temp\ccnOAoqe.s 			page 17


 693      00
 694              	.LASF10:
 695 0307 63686172 		.ascii	"char\000"
 695      00
 696              	.LASF38:
 697 030c 6C6F6E67 		.ascii	"long double\000"
 697      20646F75 
 697      626C6500 
 698              	.LASF25:
 699 0318 52435F45 		.ascii	"RC_ERROR_READ_ONLY\000"
 699      52524F52 
 699      5F524541 
 699      445F4F4E 
 699      4C5900
 700              	.LASF0:
 701 032b 7369676E 		.ascii	"signed char\000"
 701      65642063 
 701      68617200 
 702              	.LASF27:
 703 0337 52435F45 		.ascii	"RC_ERROR_INVALID\000"
 703      52524F52 
 703      5F494E56 
 703      414C4944 
 703      00
 704              	.LASF23:
 705 0348 52435F45 		.ascii	"RC_ERROR_OPEN\000"
 705      52524F52 
 705      5F4F5045 
 705      4E00
 706              	.LASF45:
 707 0356 433A5C44 		.ascii	"C:\\Darmstadt\\SecondSem\\EAA\\Lab1\\GasPedal\\Elec"
 707      61726D73 
 707      74616474 
 707      5C536563 
 707      6F6E6453 
 708 0383 74726F6E 		.ascii	"tronicGasPedal.cydsn\000"
 708      69634761 
 708      73506564 
 708      616C2E63 
 708      7964736E 
 709              	.LASF42:
 710 0398 43794465 		.ascii	"CyDelay\000"
 710      6C617900 
 711              	.LASF16:
 712 03a0 52435F45 		.ascii	"RC_ERROR_RANGE\000"
 712      52524F52 
 712      5F52414E 
 712      474500
 713              		.ident	"GCC: (GNU Tools for ARM Embedded Processors) 5.4.1 20160609 (release) [ARM/embedded-5-bran
