--------------- Build Started: 05/24/2021 22:48:49 Project: ElectronicGasPedal, Configuration: ARM GCC 5.4-2016-q2-update Debug ---------------
The code generation step is up to date.
arm-none-eabi-gcc.exe -mcpu=cortex-m3 -mthumb -I.\source\asw -I.\source\bsw -I.\source\rte -I. -IGenerated_Source\PSoC5 -Wa,-alh=.\CortexM3\ARM_GCC_541\Debug/swc_joystick.lst -g -D DEBUG -D CY_CORE_ID=0 -Wall -ffunction-sections -ffat-lto-objects -Og -c source\asw\swc_joystick.c -o .\CortexM3\ARM_GCC_541\Debug\swc_joystick.o
In file included from .\source\rte/rte.h:82:0,
                 from source\asw\swc_joystick.c:11:
.\source\rte/rte_types.h:46:0: warning: "GetResource" redefined
     #define GetResource(A)
 ^
In file included from Generated_Source\PSoC5/ErikaOS_1_ee_api.inc:73:0,
                 from Generated_Source\PSoC5/ErikaOS_1_ee.h:129,
                 from Generated_Source\PSoC5/project.h:22,
                 from source\asw\swc_joystick.c:9:
Generated_Source\PSoC5/ErikaOS_1_ee_oo_api.inc:136:0: note: this is the location of the previous definition
 #define GetResource               EE_oo_GetResource
 ^
In file included from .\source\rte/rte.h:82:0,
                 from source\asw\swc_joystick.c:11:
.\source\rte/rte_types.h:47:0: warning: "ReleaseResource" redefined
     #define ReleaseResource(A)
 ^
In file included from Generated_Source\PSoC5/ErikaOS_1_ee_api.inc:73:0,
                 from Generated_Source\PSoC5/ErikaOS_1_ee.h:129,
                 from Generated_Source\PSoC5/project.h:22,
                 from source\asw\swc_joystick.c:9:
Generated_Source\PSoC5/ErikaOS_1_ee_oo_api.inc:140:0: note: this is the location of the previous definition
 #define ReleaseResource           EE_oo_ReleaseResource
 ^
In file included from .\source\rte/sp_common.h:21:0,
                 from source\asw\swc_joystick.c:22:
.\source\rte/sc_adc.h: In function 'RTE_SC_ADC_setStatus':
.\source\rte/sc_adc.h:211:11: warning: comparison between pointer and integer
   if (NULL!=signal->pSigCfg->evOnError && NULL != pTaskArray){
           ^
.\source\rte/sc_adc.h: In function 'RTE_SC_ADC_set':
.\source\rte/sc_adc.h:313:12: warning: comparison between pointer and integer
    if (NULL!=signal->pSigCfg->evOnUpdate && NULL != pTaskArray){
            ^
In file included from .\source\rte/sp_common.h:22:0,
                 from source\asw\swc_joystick.c:22:
.\source\rte/sc_speed.h: In function 'RTE_SC_SPEED_setStatus':
.\source\rte/sc_speed.h:211:11: warning: comparison between pointer and integer
   if (NULL!=signal->pSigCfg->evOnError && NULL != pTaskArray){
           ^
.\source\rte/sc_speed.h: In function 'RTE_SC_SPEED_set':
.\source\rte/sc_speed.h:313:12: warning: comparison between pointer and integer
    if (NULL!=signal->pSigCfg->evOnUpdate && NULL != pTaskArray){
            ^
In file included from .\source\rte/sp_common.h:23:0,
                 from source\asw\swc_joystick.c:22:
.\source\rte/sc_pwm.h: In function 'RTE_SC_PWM_setStatus':
.\source\rte/sc_pwm.h:211:11: warning: comparison between pointer and integer
   if (NULL!=signal->pSigCfg->evOnError && NULL != pTaskArray){
           ^
.\source\rte/sc_pwm.h: In function 'RTE_SC_PWM_set':
.\source\rte/sc_pwm.h:313:12: warning: comparison between pointer and integer
    if (NULL!=signal->pSigCfg->evOnUpdate && NULL != pTaskArray){
            ^
In file included from .\source\rte/sp_common.h:24:0,
                 from source\asw\swc_joystick.c:22:
.\source\rte/sc_gpio.h: In function 'RTE_SC_GPIO_setStatus':
.\source\rte/sc_gpio.h:211:11: warning: comparison between pointer and integer
   if (NULL!=signal->pSigCfg->evOnError && NULL != pTaskArray){
           ^
.\source\rte/sc_gpio.h: In function 'RTE_SC_GPIO_set':
.\source\rte/sc_gpio.h:313:12: warning: comparison between pointer and integer
    if (NULL!=signal->pSigCfg->evOnUpdate && NULL != pTaskArray){
            ^
source\asw\swc_joystick.c: At top level:
source\asw\swc_joystick.c:26:16: warning: 'so_joystick' defined but not used [-Wunused-variable]
 static sint8_t so_joystick = 0;
                ^
arm-none-eabi-ar.exe -rs .\CortexM3\ARM_GCC_541\Debug\ElectronicGasPedal.a .\CortexM3\ARM_GCC_541\Debug\ErikaOS_1_ee_activate.o .\CortexM3\ARM_GCC_541\Debug\ErikaOS_1_ee_alcancel.o .\CortexM3\ARM_GCC_541\Debug\ErikaOS_1_ee_alget.o .\CortexM3\ARM_GCC_541\Debug\ErikaOS_1_ee_algetbase.o .\CortexM3\ARM_GCC_541\Debug\ErikaOS_1_ee_alsetabs.o .\CortexM3\ARM_GCC_541\Debug\ErikaOS_1_ee_alsetrel.o .\CortexM3\ARM_GCC_541\Debug\ErikaOS_1_ee_altick.o .\CortexM3\ARM_GCC_541\Debug\ErikaOS_1_ee_chaintas.o .\CortexM3\ARM_GCC_541\Debug\ErikaOS_1_ee_evclear.o .\CortexM3\ARM_GCC_541\Debug\ErikaOS_1_ee_evget.o .\CortexM3\ARM_GCC_541\Debug\ErikaOS_1_ee_evset.o .\CortexM3\ARM_GCC_541\Debug\ErikaOS_1_ee_evwait.o .\CortexM3\ARM_GCC_541\Debug\ErikaOS_1_ee_force_schedule.o .\CortexM3\ARM_GCC_541\Debug\ErikaOS_1_ee_getcountervalue.o .\CortexM3\ARM_GCC_541\Debug\ErikaOS_1_ee_getelapsedvalue.o .\CortexM3\ARM_GCC_541\Debug\ErikaOS_1_ee_gettaskid.o .\CortexM3\ARM_GCC_541\Debug\ErikaOS_1_ee_gettaskstate.o .\CortexM3\ARM_GCC_541\Debug\ErikaOS_1_ee_iparam.o .\CortexM3\ARM_GCC_541\Debug\ErikaOS_1_ee_irqendin.o .\CortexM3\ARM_GCC_541\Debug\ErikaOS_1_ee_lockres.o .\CortexM3\ARM_GCC_541\Debug\ErikaOS_1_ee_lookup.o .\CortexM3\ARM_GCC_541\Debug\ErikaOS_1_ee_rq_exchg.o .\CortexM3\ARM_GCC_541\Debug\ErikaOS_1_ee_rq_first.o .\CortexM3\ARM_GCC_541\Debug\ErikaOS_1_ee_rq_inser.o .\CortexM3\ARM_GCC_541\Debug\ErikaOS_1_ee_schedule.o .\CortexM3\ARM_GCC_541\Debug\ErikaOS_1_ee_semgetvalue.o .\CortexM3\ARM_GCC_541\Debug\ErikaOS_1_ee_sempost.o .\CortexM3\ARM_GCC_541\Debug\ErikaOS_1_ee_semtrywait.o .\CortexM3\ARM_GCC_541\Debug\ErikaOS_1_ee_semwait.o .\CortexM3\ARM_GCC_541\Debug\ErikaOS_1_ee_shtdown.o .\CortexM3\ARM_GCC_541\Debug\ErikaOS_1_ee_startos.o .\CortexM3\ARM_GCC_541\Debug\ErikaOS_1_ee_terminat.o .\CortexM3\ARM_GCC_541\Debug\ErikaOS_1_ee_thendin.o .\CortexM3\ARM_GCC_541\Debug\ErikaOS_1_ee_tnterm.o .\CortexM3\ARM_GCC_541\Debug\ErikaOS_1_ee_tstub.o .\CortexM3\ARM_GCC_541\Debug\ErikaOS_1_ee_ulockallres.o .\CortexM3\ARM_GCC_541\Debug\ErikaOS_1_ee_ulockres.o .\CortexM3\ARM_GCC_541\Debug\ErikaOS_1_cortex_mx_ee_context.o .\CortexM3\ARM_GCC_541\Debug\ErikaOS_1_cortex_mx_ee_system_timer.o .\CortexM3\ARM_GCC_541\Debug\ErikaOS_1_cortex_mx_ee_utils.o .\CortexM3\ARM_GCC_541\Debug\ErikaOS_1_common_ee_hal_structs.o .\CortexM3\ARM_GCC_541\Debug\ErikaOS_1_eecfg.o .\CortexM3\ARM_GCC_541\Debug\CyDmac.o .\CortexM3\ARM_GCC_541\Debug\CyFlash.o .\CortexM3\ARM_GCC_541\Debug\CyLib.o .\CortexM3\ARM_GCC_541\Debug\cyPm.o .\CortexM3\ARM_GCC_541\Debug\CySpc.o .\CortexM3\ARM_GCC_541\Debug\cyutils.o .\CortexM3\ARM_GCC_541\Debug\cy_em_eeprom.o .\CortexM3\ARM_GCC_541\Debug\ADC_JoyStick_x.o .\CortexM3\ARM_GCC_541\Debug\ADC_JoyStick_x_INT.o .\CortexM3\ARM_GCC_541\Debug\ADC_JoyStick_x_PM.o .\CortexM3\ARM_GCC_541\Debug\ADC_JoyStick_x_IRQ.o .\CortexM3\ARM_GCC_541\Debug\ADC_JoyStick_x_theACLK.o .\CortexM3\ARM_GCC_541\Debug\ADC_JoyStick_x_Bypass.o .\CortexM3\ARM_GCC_541\Debug\Joystick_Pin_x.o .\CortexM3\ARM_GCC_541\Debug\Joystick_Pin_y.o .\CortexM3\ARM_GCC_541\Debug\ADC_JoyStick_y.o .\CortexM3\ARM_GCC_541\Debug\ADC_JoyStick_y_INT.o .\CortexM3\ARM_GCC_541\Debug\ADC_JoyStick_y_PM.o .\CortexM3\ARM_GCC_541\Debug\ADC_JoyStick_y_IRQ.o .\CortexM3\ARM_GCC_541\Debug\ADC_JoyStick_y_theACLK.o .\CortexM3\ARM_GCC_541\Debug\UART_Joystick.o .\CortexM3\ARM_GCC_541\Debug\UART_Joystick_PM.o .\CortexM3\ARM_GCC_541\Debug\UART_Joystick_INT.o .\CortexM3\ARM_GCC_541\Debug\UART_Joystick_BOOT.o .\CortexM3\ARM_GCC_541\Debug\UART_Joystick_IntClock.o .\CortexM3\ARM_GCC_541\Debug\PWM_Engine.o .\CortexM3\ARM_GCC_541\Debug\PWM_Engine_PM.o .\CortexM3\ARM_GCC_541\Debug\Clock_PWM_Engine.o .\CortexM3\ARM_GCC_541\Debug\Pin_RGB_Green.o .\CortexM3\ARM_GCC_541\Debug\ErikaOS_1_ee_gnu_change_context_isr.o .\CortexM3\ARM_GCC_541\Debug\ErikaOS_1_ee_gnu_irq_stack.o .\CortexM3\ARM_GCC_541\Debug\ErikaOS_1_ee_gnu_multi_context.o .\CortexM3\ARM_GCC_541\Debug\ErikaOS_1_ee_gnu_oo.o .\CortexM3\ARM_GCC_541\Debug\CyBootAsmGnu.o
arm-none-eabi-ar.exe: creating .\CortexM3\ARM_GCC_541\Debug\ElectronicGasPedal.a
arm-none-eabi-gcc.exe -Wl,--start-group -o C:\Darmstadt\SecondSem\EAA\Lab1\GasPedal\ElectronicGasPedal.cydsn\CortexM3\ARM_GCC_541\Debug\ElectronicGasPedal.elf .\CortexM3\ARM_GCC_541\Debug\main.o .\CortexM3\ARM_GCC_541\Debug\swc_brakelight.o .\CortexM3\ARM_GCC_541\Debug\swc_control.o .\CortexM3\ARM_GCC_541\Debug\swc_engine.o .\CortexM3\ARM_GCC_541\Debug\swc_joystick.o .\CortexM3\ARM_GCC_541\Debug\tsk_control.o .\CortexM3\ARM_GCC_541\Debug\tsk_io.o .\CortexM3\ARM_GCC_541\Debug\rte.o .\CortexM3\ARM_GCC_541\Debug\sc_adc.o .\CortexM3\ARM_GCC_541\Debug\sc_adc_type.o .\CortexM3\ARM_GCC_541\Debug\sc_gpio.o .\CortexM3\ARM_GCC_541\Debug\sc_gpio_type.o .\CortexM3\ARM_GCC_541\Debug\sc_pwm.o .\CortexM3\ARM_GCC_541\Debug\sc_pwm_type.o .\CortexM3\ARM_GCC_541\Debug\sc_speed.o .\CortexM3\ARM_GCC_541\Debug\sp_common.o .\CortexM3\ARM_GCC_541\Debug\cyfitter_cfg.o .\CortexM3\ARM_GCC_541\Debug\cymetadata.o .\CortexM3\ARM_GCC_541\Debug\Cm3Start.o .\CortexM3\ARM_GCC_541\Debug\ElectronicGasPedal.a "C:\Program Files (x86)\Cypress\PSoC Creator\4.4\PSoC Creator\psoc\content\cycomponentlibrary\CyComponentLibrary.cylib\CortexM3\ARM_GCC_541\Debug\CyComponentLibrary.a" -mcpu=cortex-m3 -mthumb -L Generated_Source\PSoC5 -Wl,-Map,.\CortexM3\ARM_GCC_541\Debug/ElectronicGasPedal.map -T Generated_Source\PSoC5\cm3gcc.ld -specs=nano.specs -Wl,--gc-sections -g -ffunction-sections -Og -ffat-lto-objects -Wl,--end-group
cyelftool.exe -C C:\Darmstadt\SecondSem\EAA\Lab1\GasPedal\ElectronicGasPedal.cydsn\CortexM3\ARM_GCC_541\Debug\ElectronicGasPedal.elf --flash_row_size 256 --flash_size 262144 --flash_offset 0x00000000
No ELF section .cychecksum found, creating one
Application checksum calculated and stored in ELF section .cychecksum
Checksum calculated and stored in ELF section .cymeta
cyelftool.exe -S C:\Darmstadt\SecondSem\EAA\Lab1\GasPedal\ElectronicGasPedal.cydsn\CortexM3\ARM_GCC_541\Debug\ElectronicGasPedal.elf
Flash used: 9928 of 262144 bytes (3.8%).
SRAM used: 5585 of 65536 bytes (8.5%). Stack: 2048 bytes. Heap: 128 bytes.
--------------- Build Succeeded: 05/24/2021 22:48:51 ---------------
